Log file open, 04/04/19 13:21:57
LogWindows: Failed to load 'aqProf.dll' (GetLastError=126)
LogWindows: File 'aqProf.dll' does not exist
LogWindows: Failed to load 'VtuneApi.dll' (GetLastError=126)
LogWindows: File 'VtuneApi.dll' does not exist
LogWindows: Failed to load 'VtuneApi32e.dll' (GetLastError=126)
LogWindows: File 'VtuneApi32e.dll' does not exist
LogInit: Display: Running engine for game: KV6002
LogPlatformFile: Not using cached read wrapper
LogTaskGraph: Started task graph with 5 named threads and 23 total threads with 3 sets of task threads.
LogStats: Stats thread started at 2.782657
LogD3D11RHI: Loaded GFSDK_Aftermath_Lib.x64.dll
LogICUInternationalization: Display: ICU TimeZone Detection - Raw Offset: +0:00, Platform Override: ''
LogPluginManager: Mounting plugin Paper2D
LogPluginManager: Mounting plugin AISupport
LogPluginManager: Mounting plugin LightPropagationVolume
LogPluginManager: Mounting plugin CLionSourceCodeAccess
LogPluginManager: Mounting plugin CodeLiteSourceCodeAccess
LogPluginManager: Mounting plugin GitSourceControl
LogPluginManager: Mounting plugin KDevelopSourceCodeAccess
LogPluginManager: Mounting plugin NullSourceCodeAccess
LogPluginManager: Mounting plugin PerforceSourceControl
LogPluginManager: Mounting plugin SubversionSourceControl
LogPluginManager: Mounting plugin UObjectPlugin
LogPluginManager: Mounting plugin VisualStudioCodeSourceCodeAccess
LogPluginManager: Mounting plugin VisualStudioSourceCodeAccess
LogPluginManager: Mounting plugin XCodeSourceCodeAccess
LogPluginManager: Mounting plugin AssetManagerEditor
LogPluginManager: Mounting plugin CryptoKeys
LogPluginManager: Mounting plugin DataValidation
LogPluginManager: Mounting plugin FacialAnimation
LogPluginManager: Mounting plugin GameplayTagsEditor
LogPluginManager: Mounting plugin MacGraphicsSwitching
LogPluginManager: Mounting plugin MeshEditor
LogPluginManager: Mounting plugin MobileLauncherProfileWizard
LogPluginManager: Mounting plugin PluginBrowser
LogPluginManager: Mounting plugin SpeedTreeImporter
LogPluginManager: Mounting plugin DatasmithContent
LogPluginManager: Mounting plugin AlembicImporter
LogPluginManager: Mounting plugin AppleImageUtils
LogPluginManager: Mounting plugin AppleVision
LogPluginManager: Mounting plugin BackChannel
LogPluginManager: Mounting plugin CharacterAI
LogPluginManager: Mounting plugin GeometryCache
LogPluginManager: Mounting plugin HTML5Networking
LogPluginManager: Mounting plugin ProxyLODPlugin
LogPluginManager: Mounting plugin MagicLeap
LogPluginManager: Mounting plugin MagicLeapEmulator
LogPluginManager: Mounting plugin MagicLeapMedia
LogPluginManager: Mounting plugin AndroidMedia
LogPluginManager: Mounting plugin AvfMedia
LogPluginManager: Mounting plugin ImgMedia
LogPluginManager: Mounting plugin LinearTimecode
LogPluginManager: Mounting plugin MediaCompositing
LogPluginManager: Mounting plugin MediaPlayerEditor
LogPluginManager: Mounting plugin WmfMedia
LogPluginManager: Mounting plugin TcpMessaging
LogPluginManager: Mounting plugin UdpMessaging
LogPluginManager: Mounting plugin ActorSequence
LogPluginManager: Mounting plugin LevelSequenceEditor
LogPluginManager: Mounting plugin MatineeToLevelSequence
LogPluginManager: Mounting plugin NetcodeUnitTest
LogPluginManager: Mounting plugin NUTUnrealEngine4
LogPluginManager: Mounting plugin OnlineSubsystemGooglePlay
LogPluginManager: Mounting plugin OnlineSubsystemIOS
LogPluginManager: Mounting plugin OnlineSubsystem
LogPluginManager: Mounting plugin OnlineSubsystemNull
LogPluginManager: Mounting plugin OnlineSubsystemUtils
LogPluginManager: Mounting plugin LauncherChunkInstaller
LogPluginManager: Mounting plugin AndroidDeviceProfileSelector
LogPluginManager: Mounting plugin AndroidMoviePlayer
LogPluginManager: Mounting plugin AndroidPermission
LogPluginManager: Mounting plugin AppleMoviePlayer
LogPluginManager: Mounting plugin ArchVisCharacter
LogPluginManager: Mounting plugin AudioCapture
LogPluginManager: Mounting plugin CableComponent
LogPluginManager: Mounting plugin CustomMeshComponent
LogPluginManager: Mounting plugin EditableMesh
LogPluginManager: Mounting plugin ExampleDeviceProfileSelector
LogPluginManager: Mounting plugin GoogleCloudMessaging
LogPluginManager: Mounting plugin ImmediatePhysics
LogPluginManager: Mounting plugin IOSDeviceProfileSelector
LogPluginManager: Mounting plugin LinuxDeviceProfileSelector
LogPluginManager: Mounting plugin LocationServicesBPLibrary
LogPluginManager: Mounting plugin MobilePatchingUtils
LogPluginManager: Mounting plugin OculusVR
LogPluginManager: Plugin shader directory ../../../Engine/Plugins/Runtime/Oculus/OculusVR/Shaders found
LogPluginManager: Mapping shader source directory ../../../Engine/Plugins/Runtime/Oculus/OculusVR/Shaders to virtual directory /Plugin/OculusVR
LogPluginManager: Mounting plugin PhysXVehicles
LogPluginManager: Mounting plugin ProceduralMeshComponent
LogPluginManager: Mounting plugin RuntimePhysXCooking
LogPluginManager: Mounting plugin SteamVR
LogPluginManager: Mounting plugin WindowsMoviePlayer
LogStreaming: Display: Took  0.221s to configure plugins.
LogInit: Using libcurl 7.55.1-DEV
LogInit:  - built for x86_64-pc-win32
LogInit:  - supports SSL with OpenSSL/1.0.2h
LogInit:  - supports HTTP deflate (compression) using libz 1.2.8
LogInit:  - other features:
LogInit:      CURL_VERSION_SSL
LogInit:      CURL_VERSION_LIBZ
LogInit:      CURL_VERSION_IPV6
LogInit:      CURL_VERSION_ASYNCHDNS
LogInit:      CURL_VERSION_LARGEFILE
LogInit:      CURL_VERSION_IDN
LogInit:  CurlRequestOptions (configurable via config and command line):
LogInit:  - bVerifyPeer = false  - Libcurl will NOT verify peer certificate
LogInit:  - bUseHttpProxy = false  - Libcurl will NOT use HTTP proxy
LogInit:  - bDontReuseConnections = false  - Libcurl will reuse connections
LogInit:  - CertBundlePath = nullptr  - Libcurl will use whatever was configured at build time.
LogInit:  - MaxHostConnections = 16  - Libcurl will limit the number of connections to a host
LogInit:  - LocalHostAddr = Default
LogInit:  - BufferSize = 65536
LogInit: WinSock: version 1.1 (2.2), MaxSocks=32767, MaxUdp=65467
LogInit: Build: ++UE4+Release-4.20-CL-4233996
LogInit: Engine Version: 4.20.1-4233996+++UE4+Release-4.20
LogInit: Compatible Engine Version: 4.20.0-4212847+++UE4+Release-4.20
LogInit: Net CL: 4212847
LogInit: OS: Windows 10 (), CPU: Intel(R) Core(TM) i7-7700K CPU @ 4.20GHz, GPU: NVIDIA GeForce GTX 1080
LogInit: Compiled (64-bit): Jul 26 2018 10:07:30
LogInit: Compiled with Visual C++: 19.13.26129.00
LogInit: Build Configuration: Development
LogInit: Branch Name: ++UE4+Release-4.20
LogInit: Command Line:  
LogInit: Base Directory: D:/EpicGames/UE_4.20/Engine/Binaries/Win64/
LogInit: Installed Engine Build: 1
LogDevObjectVersion: Number of dev versions registered: 20
LogDevObjectVersion:   Dev-Blueprints (B0D832E4-1F89-4F0D-ACCF-7EB736FD4AA2): 10
LogDevObjectVersion:   Dev-Build (E1C64328-A22C-4D53-A36C-8E866417BD8C): 0
LogDevObjectVersion:   Dev-Core (375EC13C-06E4-48FB-B500-84F0262A717E): 2
LogDevObjectVersion:   Dev-Editor (E4B068ED-F494-42E9-A231-DA0B2E46BB41): 24
LogDevObjectVersion:   Dev-Framework (CFFC743F-43B0-4480-9391-14DF171D2073): 34
LogDevObjectVersion:   Dev-Mobile (B02B49B5-BB20-44E9-A304-32B752E40360): 2
LogDevObjectVersion:   Dev-Networking (A4E4105C-59A1-49B5-A7C5-40C4547EDFEE): 0
LogDevObjectVersion:   Dev-Online (39C831C9-5AE6-47DC-9A44-9C173E1C8E7C): 0
LogDevObjectVersion:   Dev-Physics (78F01B33-EBEA-4F98-B9B4-84EACCB95AA2): 0
LogDevObjectVersion:   Dev-Platform (6631380F-2D4D-43E0-8009-CF276956A95A): 0
LogDevObjectVersion:   Dev-Rendering (12F88B9F-8875-4AFC-A67C-D90C383ABD29): 26
LogDevObjectVersion:   Dev-Sequencer (7B5AE74C-D270-4C10-A958-57980B212A5A): 9
LogDevObjectVersion:   Dev-VR (D7296918-1DD6-4BDD-9DE2-64A83CC13884): 2
LogDevObjectVersion:   Dev-LoadTimes (C2A15278-BFE7-4AFE-6C17-90FF531DF755): 1
LogDevObjectVersion:   Private-Geometry (6EACA3D4-40EC-4CC1-B786-8BED09428FC5): 3
LogDevObjectVersion:   Dev-AnimPhys (29E575DD-E0A3-4627-9D10-D276232CDCEA): 17
LogDevObjectVersion:   Dev-ReflectionCapture (6B266CEC-1EC7-4B8F-A30B-E4D90942FC07): 1
LogDevObjectVersion:   Dev-Automation (0DF73D61-A23F-47EA-B727-89E90C41499A): 1
LogDevObjectVersion:   FortniteMain (601D1886-AC64-4F84-AA16-D3DE0DEAC7D6): 12
LogDevObjectVersion:   Dev-Enterprise (9DFFBCD6-494F-0158-E221-12823C92A888): 1
LogStreaming: Display: Took  0.004s to delete old logs.
LogInit: Presizing for max 8388607 objects, including 0 objects not considered by GC, pre-allocating 0 bytes for permanent pool.
LogInit: Object subsystem initialized
[2019.04.04-12.21.59:256][  0]LogInit: Selected Device Profile: [Windows]
[2019.04.04-12.21.59:256][  0]LogInit: Applying CVar settings loaded from the selected device profile: [Windows]
[2019.04.04-12.21.59:312][  0]LogHAL: Display: Platform has ~ 16 GB [17130676224 / 17179869184 / 16], which maps to Larger [LargestMinGB=32, LargerMinGB=12, DefaultMinGB=8, SmallerMinGB=6, SmallestMinGB=0)
[2019.04.04-12.21.59:315][  0]LogInit: Setting Device Profile CVar: [[r.Vulkan.UseRealUBs:1]]
[2019.04.04-12.21.59:316][  0]LogInit: Going up to parent DeviceProfile []
[2019.04.04-12.21.59:361][  0]LogInit: Computer: DESKTOP-5BMDBC3
[2019.04.04-12.21.59:361][  0]LogInit: User: User
[2019.04.04-12.21.59:361][  0]LogInit: CPU Page size=4096, Cores=4
[2019.04.04-12.21.59:361][  0]LogInit: High frequency timer resolution =4.101560 MHz
[2019.04.04-12.21.59:362][  0]LogMemory: Memory total: Physical=16.0GB (16GB approx)
[2019.04.04-12.21.59:362][  0]LogMemory: Platform Memory Stats for Windows
[2019.04.04-12.21.59:362][  0]LogMemory: Process Physical Memory: 100.62 MB used, 100.62 MB peak
[2019.04.04-12.21.59:362][  0]LogMemory: Process Virtual Memory: 89.42 MB used, 89.42 MB peak
[2019.04.04-12.21.59:362][  0]LogMemory: Physical Memory: 6018.43 MB used,  10318.66 MB free, 16337.09 MB total
[2019.04.04-12.21.59:362][  0]LogMemory: Virtual Memory: 4643.85 MB used,  10318.66 MB free, 134217728.00 MB total
[2019.04.04-12.21.59:976][  0]LogInit: Using OS detected language (en-GB).
[2019.04.04-12.21.59:976][  0]LogInit: Using OS detected locale (en-GB).
[2019.04.04-12.21.59:988][  0]LogTextLocalizationManager: No specific localization for 'en-GB' exists, so the 'en' localization will be used.
[2019.04.04-12.22.00:683][  0]LogStreaming: Display: Took  0.689s to InitEngineTextLocalization.
[2019.04.04-12.22.00:694][  0]LogInit: Setting process to per monitor DPI aware
[2019.04.04-12.22.01:284][  0]LogSlate: New Slate User Created.  User Index 0, Is Virtual User: 0
[2019.04.04-12.22.01:284][  0]LogSlate: Slate User Registered.  User Index 0, Is Virtual User: 0
[2019.04.04-12.22.01:870][  0]LogHMD: Failed to initialize OpenVR with code 110
[2019.04.04-12.22.01:870][  0]LogD3D11RHI: D3D11 adapters:
[2019.04.04-12.22.01:959][  0]LogD3D11RHI:    0. 'NVIDIA GeForce GTX 1080' (Feature Level 11_0)
[2019.04.04-12.22.01:959][  0]LogD3D11RHI:       8079/0/8168 MB DedicatedVideo/DedicatedSystem/SharedSystem, Outputs:2, VendorId:0x10de
[2019.04.04-12.22.01:963][  0]LogD3D11RHI:    1. 'Microsoft Basic Render Driver' (Feature Level 11_0)
[2019.04.04-12.22.01:963][  0]LogD3D11RHI:       0/0/8168 MB DedicatedVideo/DedicatedSystem/SharedSystem, Outputs:0, VendorId:0x1414
[2019.04.04-12.22.01:963][  0]LogD3D11RHI: Chosen D3D11 Adapter: 0
[2019.04.04-12.22.01:971][  0]LogD3D11RHI: Creating new Direct3DDevice
[2019.04.04-12.22.01:971][  0]LogD3D11RHI:     GPU DeviceId: 0x1b80 (for the marketing name, search the web for "GPU Device Id")
[2019.04.04-12.22.01:982][  0]LogWindows: EnumDisplayDevices:
[2019.04.04-12.22.01:982][  0]LogWindows:    0. 'NVIDIA GeForce GTX 1080' (P:0 D:1)
[2019.04.04-12.22.01:983][  0]LogWindows:    1. 'NVIDIA GeForce GTX 1080' (P:1 D:1)
[2019.04.04-12.22.01:983][  0]LogWindows:    2. 'NVIDIA GeForce GTX 1080' (P:0 D:0)
[2019.04.04-12.22.01:983][  0]LogWindows:    3. 'NVIDIA GeForce GTX 1080' (P:0 D:0)
[2019.04.04-12.22.01:983][  0]LogWindows: DebugString: FoundDriverCount:4 
[2019.04.04-12.22.01:983][  0]LogD3D11RHI:     Adapter Name: NVIDIA GeForce GTX 1080
[2019.04.04-12.22.01:983][  0]LogD3D11RHI:   Driver Version: 399.07 (internal:24.21.13.9907, unified:399.07)
[2019.04.04-12.22.01:983][  0]LogD3D11RHI:      Driver Date: 8-21-2018
[2019.04.04-12.22.01:983][  0]LogRHI: Texture pool is 5655 MB (70% of 8079 MB)
[2019.04.04-12.22.02:021][  0]LogD3D11RHI: Async texture creation enabled
[2019.04.04-12.22.02:239][  0]LogD3D11RHI: GPU Timing Frequency: 1000.000000 (Debug: 2 2)
[2019.04.04-12.22.02:397][  0]LogShaderCompilers: Guid format shader working directory is -13 characters bigger than the processId version (C:/Users/User/Documents/GitHub/KV6002-Team-Project/KV6002/Intermediate/Shaders/WorkingDirectory/18616/).
[2019.04.04-12.22.02:397][  0]LogShaderCompilers: Cleaned the shader compiler working directory 'C:/Users/User/AppData/Local/Temp/UnrealShaderWorkingDir/3A2BBBBA4EAC99A482BE77A743814F28/'.
[2019.04.04-12.22.03:630][  0]LogTemp: Display: Loaded TP AllDesktopTargetPlatform
[2019.04.04-12.22.03:689][  0]LogTemp: Display: Loaded TP MacClientTargetPlatform
[2019.04.04-12.22.03:720][  0]LogTemp: Display: Loaded TP MacNoEditorTargetPlatform
[2019.04.04-12.22.03:741][  0]LogTemp: Display: Loaded TP MacServerTargetPlatform
[2019.04.04-12.22.03:822][  0]LogTemp: Display: Loaded TP MacTargetPlatform
[2019.04.04-12.22.03:900][  0]LogTemp: Display: Loaded TP WindowsClientTargetPlatform
[2019.04.04-12.22.03:953][  0]LogTemp: Display: Loaded TP WindowsNoEditorTargetPlatform
[2019.04.04-12.22.04:013][  0]LogTemp: Display: Loaded TP WindowsServerTargetPlatform
[2019.04.04-12.22.04:056][  0]LogTemp: Display: Loaded TP WindowsTargetPlatform
[2019.04.04-12.22.04:189][  0]LogTemp: Display: Loaded TP AndroidTargetPlatform
[2019.04.04-12.22.04:189][  0]LogTemp: Display: Loaded TP AndroidTargetPlatform
[2019.04.04-12.22.04:189][  0]LogTemp: Display: Loaded TP AndroidTargetPlatform
[2019.04.04-12.22.04:189][  0]LogTemp: Display: Loaded TP AndroidTargetPlatform
[2019.04.04-12.22.04:189][  0]LogTemp: Display: Loaded TP AndroidTargetPlatform
[2019.04.04-12.22.04:189][  0]LogTemp: Display: Loaded TP AndroidTargetPlatform
[2019.04.04-12.22.04:189][  0]LogTemp: Display: Loaded TP AndroidTargetPlatform
[2019.04.04-12.22.04:189][  0]LogTemp: Display: Loaded TP AndroidTargetPlatform
[2019.04.04-12.22.04:189][  0]LogTemp: Display: Loaded TP AndroidTargetPlatform
[2019.04.04-12.22.04:189][  0]LogTemp: Display: Loaded TP AndroidTargetPlatform
[2019.04.04-12.22.04:189][  0]LogTemp: Display: Loaded TP AndroidTargetPlatform
[2019.04.04-12.22.04:189][  0]LogTemp: Display: Loaded TP AndroidTargetPlatform
[2019.04.04-12.22.04:189][  0]LogTemp: Display: Loaded TP AndroidTargetPlatform
[2019.04.04-12.22.04:189][  0]LogTemp: Display: Loaded TP AndroidTargetPlatform
[2019.04.04-12.22.04:189][  0]LogTemp: Display: Loaded TP AndroidTargetPlatform
[2019.04.04-12.22.04:189][  0]LogTemp: Display: Loaded TP AndroidTargetPlatform
[2019.04.04-12.22.04:189][  0]LogTemp: Display: Loaded TP AndroidTargetPlatform
[2019.04.04-12.22.04:189][  0]LogTemp: Display: Loaded TP AndroidTargetPlatform
[2019.04.04-12.22.04:209][  0]LogTemp: Display: Loaded TP HTML5TargetPlatform
[2019.04.04-12.22.04:346][  0]LogTemp: Display: Loaded TP IOSTargetPlatform
[2019.04.04-12.22.04:346][  0]LogTemp: Display: Loaded TP IOSTargetPlatform
[2019.04.04-12.22.04:416][  0]LogTemp: Display: Loaded TP TVOSTargetPlatform
[2019.04.04-12.22.04:416][  0]LogTemp: Display: Loaded TP TVOSTargetPlatform
[2019.04.04-12.22.04:467][  0]LogTemp: Display: Loaded TP LinuxClientTargetPlatform
[2019.04.04-12.22.04:509][  0]LogTemp: Display: Loaded TP LinuxNoEditorTargetPlatform
[2019.04.04-12.22.04:549][  0]LogTemp: Display: Loaded TP LinuxServerTargetPlatform
[2019.04.04-12.22.04:598][  0]LogTemp: Display: Loaded TP LinuxTargetPlatform
[2019.04.04-12.22.04:640][  0]LogTemp: Display: Loaded TP LuminTargetPlatform
[2019.04.04-12.22.04:640][  0]LogTargetPlatformManager: Display: Building Assets For Windows
[2019.04.04-12.22.05:515][  0]LogXGEController: Cleaning working directory: C:/Users/User/AppData/Local/Temp/UnrealXGEWorkingDir/
[2019.04.04-12.22.05:516][  0]LogXGEController: Cannot use XGE Controller as Incredibuild is not installed on this machine.
[2019.04.04-12.22.05:516][  0]LogShaderCompilers: Cannot use XGE Shader Compiler as Incredibuild is not installed on this machine.
[2019.04.04-12.22.05:516][  0]LogShaderCompilers: Display: Using Local Shader Compiler.
[2019.04.04-12.22.07:115][  0]LogDerivedDataCache: Display: Max Cache Size: 512 MB
[2019.04.04-12.22.07:369][  0]LogDerivedDataCache: Loaded boot cache 0.25s 71MB C:/Users/User/AppData/Local/UnrealEngine/4.20/DerivedDataCache/Boot.ddc.
[2019.04.04-12.22.07:369][  0]LogDerivedDataCache: Display: Loaded Boot cache: C:/Users/User/AppData/Local/UnrealEngine/4.20/DerivedDataCache/Boot.ddc
[2019.04.04-12.22.07:369][  0]LogDerivedDataCache: FDerivedDataBackendGraph:  Pak pak cache file C:/Users/User/Documents/GitHub/KV6002-Team-Project/KV6002/DerivedDataCache/DDC.ddp not found, will not use a pak cache.
[2019.04.04-12.22.07:369][  0]LogDerivedDataCache: Unable to find inner node Pak for hierarchical cache Hierarchy.
[2019.04.04-12.22.07:369][  0]LogDerivedDataCache: FDerivedDataBackendGraph:  CompressedPak pak cache file C:/Users/User/Documents/GitHub/KV6002-Team-Project/KV6002/DerivedDataCache/Compressed.ddp not found, will not use a pak cache.
[2019.04.04-12.22.07:369][  0]LogDerivedDataCache: Unable to find inner node CompressedPak for hierarchical cache Hierarchy.
[2019.04.04-12.22.07:436][  0]LogDerivedDataCache: Display: Pak cache opened for reading ../../../Engine/DerivedDataCache/Compressed.ddp.
[2019.04.04-12.22.07:449][  0]LogDerivedDataCache: Using Local data cache path C:/Users/User/AppData/Local/UnrealEngine/Common/DerivedDataCache: Writable
[2019.04.04-12.22.07:449][  0]LogDerivedDataCache: Shared data cache path not found in *engine.ini, will not use an Shared cache.
[2019.04.04-12.22.07:449][  0]LogDerivedDataCache: Unable to find inner node Shared for hierarchical cache Hierarchy.
[2019.04.04-12.22.07:493][  0]LogMaterial: Verifying Global Shaders for PCD3D_SM5
[2019.04.04-12.22.07:532][  0]LogSlate: Using FreeType 2.6.0
[2019.04.04-12.22.07:615][  0]LogSlate: SlateFontServices - WITH_FREETYPE: 1, WITH_HARFBUZZ: 1
[2019.04.04-12.22.08:200][  0]LogAssetRegistry: FAssetRegistry took 0.0571 seconds to start up
[2019.04.04-12.22.11:803][  0]LogInit: Selected Device Profile: [Windows]
[2019.04.04-12.22.15:782][  0]LogSimplygon: Simplygon DLL not present - disabling.
[2019.04.04-12.22.16:281][  0]LogMeshReduction: Using SimplygonSwarm for distributed automatic mesh merging
[2019.04.04-12.22.16:282][  0]LogMeshReduction: Using ProxyLODMeshReduction for automatic mesh merging
[2019.04.04-12.22.16:282][  0]LogMeshReduction: Using QuadricMeshReduction for automatic static mesh reduction
[2019.04.04-12.22.16:282][  0]LogMeshReduction: No automatic skeletal mesh reduction module available
[2019.04.04-12.22.17:300][  0]LogNetVersion: KV6002 1.0.0, NetCL: 4212847, EngineNetVer: 5, GameNetVer: 0 (Checksum: 2502700519)
[2019.04.04-12.22.26:241][  0]LogPackageLocalizationCache: Processed 11 localized package path(s) for 2 prioritized culture(s) in 0.186743 seconds
[2019.04.04-12.22.26:315][  0]LogUObjectArray: 38425 objects as part of root set at end of initial load.
[2019.04.04-12.22.26:315][  0]LogUObjectAllocator: 6690872 out of 0 bytes used by permanent object pool.
[2019.04.04-12.22.26:315][  0]LogUObjectArray: CloseDisregardForGC: 0/0 objects in disregard for GC pool
[2019.04.04-12.23.00:406][  0]LogTcpMessaging: Initializing TcpMessaging bridge
[2019.04.04-12.23.00:451][  0]LogUdpMessaging: Initializing bridge on interface 0.0.0.0:0 to multicast group 230.0.0.1:6666.
[2019.04.04-12.23.01:701][  0]SourceControl: Source control is disabled
[2019.04.04-12.23.01:701][  0]SourceControl: Source control is disabled
[2019.04.04-12.23.01:781][  0]SourceControl: Source control is disabled
[2019.04.04-12.23.01:812][  0]SourceControl: Source control is disabled
[2019.04.04-12.23.03:215][  0]LogAndroidPermission: UAndroidPermissionCallbackProxy::GetInstance
[2019.04.04-12.23.03:513][  0]LogOcInput: OculusInput pre-init called
[2019.04.04-12.23.04:098][  0]LogEngine: Initializing Engine...
[2019.04.04-12.23.04:121][  0]LogHMD: Failed to initialize OpenVR with code 110
[2019.04.04-12.23.04:148][  0]LogStats: UGameplayTagsManager::ConstructGameplayTagTree: ImportINI prefixes -  0.000 s
[2019.04.04-12.23.04:149][  0]LogStats: UGameplayTagsManager::ConstructGameplayTagTree: Construct from data asset -  0.000 s
[2019.04.04-12.23.04:149][  0]LogStats: UGameplayTagsManager::ConstructGameplayTagTree: ImportINI -  0.000 s
[2019.04.04-12.23.04:149][  0]LogStats: UGameplayTagsManager::ConstructGameplayTagTree: GameplayTagTreeChangedEvent.Broadcast -  0.000 s
[2019.04.04-12.23.04:469][  0]LogInit: Initializing FReadOnlyCVARCache
[2019.04.04-12.23.04:873][  0]LogAIModule: Creating AISystem for world Untitled
[2019.04.04-12.23.05:080][  0]LogInit: XAudio2 using 'Speakers (2- USB Audio Device)' : 2 channels at 48 kHz using 16 bits per sample (channel mask 0x3)
[2019.04.04-12.23.05:108][  0]LogInit: FAudioDevice initialized.
[2019.04.04-12.23.05:108][  0]LogNetVersion: Set ProjectVersion to 1.0.0.0. Version Checksum will be recalculated on next use.
[2019.04.04-12.23.05:191][  0]LogDerivedDataCache: Saved boot cache 0.08s 71MB C:/Users/User/AppData/Local/UnrealEngine/4.20/DerivedDataCache/Boot.ddc.
[2019.04.04-12.23.05:192][  0]LogInit: Texture streaming: Enabled
[2019.04.04-12.23.05:377][  0]LogEngineSessionManager: EngineSessionManager initialized
[2019.04.04-12.23.05:487][  0]LogInit: Transaction tracking system initialized
[2019.04.04-12.23.05:921][  0]BlueprintLog: New page: Editor Load
[2019.04.04-12.23.07:406][  0]LocalizationService: Localization service is disabled
[2019.04.04-12.23.09:250][  0]LogFileCache: Scanning file cache for directory 'C:/Users/User/Documents/GitHub/KV6002-Team-Project/KV6002/Content/' took 0.03s
[2019.04.04-12.23.09:251][  0]LogCook: Display: Max memory allowance for cook 16384mb min free memory 0mb
[2019.04.04-12.23.09:258][  0]LogCook: Display: Mobile HDR setting 1
[2019.04.04-12.23.09:273][  0]LogGameplayTags: Display: UGameplayTagsManager::DoneAddingNativeTags. DelegateIsBound: 0
[2019.04.04-12.23.09:274][  0]LogStats: UGameplayTagsManager::ConstructGameplayTagTree: ImportINI prefixes -  0.000 s
[2019.04.04-12.23.09:274][  0]LogStats: UGameplayTagsManager::ConstructGameplayTagTree: Construct from data asset -  0.000 s
[2019.04.04-12.23.09:274][  0]LogStats: UGameplayTagsManager::ConstructGameplayTagTree: ImportINI -  0.000 s
[2019.04.04-12.23.09:274][  0]LogStats: UGameplayTagsManager::ConstructGameplayTagTree: GameplayTagTreeChangedEvent.Broadcast -  0.000 s
[2019.04.04-12.23.11:387][  0]SourceControl: Source control is disabled
[2019.04.04-12.23.11:428][  0]Cmd: MAP LOAD FILE="C:/Users/User/Documents/GitHub/KV6002-Team-Project/KV6002/Content/FirstPersonBP/Maps/FirstPersonExampleMap.umap" TEMPLATE=0 SHOWPROGRESS=1 FEATURELEVEL=3
[2019.04.04-12.23.11:437][  0]LightingResults: New page: Lighting Build
[2019.04.04-12.23.11:607][  0]MapCheck: New page: Map Check
[2019.04.04-12.23.11:607][  0]LightingResults: New page: Lighting Build
[2019.04.04-12.23.14:552][  0]LogAIModule: Creating AISystem for world FirstPersonExampleMap
[2019.04.04-12.23.15:302][  0]LogEditorServer: Finished looking for orphan Actors (0.000 secs)
[2019.04.04-12.23.15:567][  0]Cmd: MAP CHECKDEP NOCLEARLOG
[2019.04.04-12.23.15:687][  0]MapCheck: Map check complete: 0 Error(s), 0 Warning(s), took 119.165ms to complete.
[2019.04.04-12.23.15:687][  0]LogFileHelpers: Loading map 'FirstPersonExampleMap' took 4.282
[2019.04.04-12.23.17:180][  0]LogSlate: Updating window title bar state: overlay mode, drag disabled, window buttons hidden, title bar hidden
[2019.04.04-12.23.17:223][  0]LogSlate: Updating window title bar state: overlay mode, drag disabled, window buttons hidden, title bar hidden
[2019.04.04-12.23.17:248][  0]LogSlate: Updating window title bar state: overlay mode, drag disabled, window buttons hidden, title bar hidden
[2019.04.04-12.23.17:268][  0]LogSlate: Updating window title bar state: overlay mode, drag disabled, window buttons hidden, title bar hidden
[2019.04.04-12.23.17:401][  0]LogCollectionManager: Loaded 0 collections in 0.002053 seconds
[2019.04.04-12.23.17:543][  0]LogFileCache: Scanning file cache for directory 'C:/Users/User/Documents/GitHub/KV6002-Team-Project/KV6002/Saved/Collections/' took 0.01s
[2019.04.04-12.23.17:543][  0]LogFileCache: Scanning file cache for directory 'C:/Users/User/Documents/GitHub/KV6002-Team-Project/KV6002/Content/Developers/User/Collections/' took 0.01s
[2019.04.04-12.23.17:543][  0]LogFileCache: Scanning file cache for directory 'C:/Users/User/Documents/GitHub/KV6002-Team-Project/KV6002/Content/Collections/' took 0.01s
[2019.04.04-12.23.17:543][  0]LogCollectionManager: Rebuilt the GUID cache for 0 collections in 0.000001 seconds
[2019.04.04-12.23.17:575][  0]LogContentBrowser: Native class hierarchy populated in 0.0283 seconds. Added 2572 classes and 603 folders.
[2019.04.04-12.23.17:602][  0]LogContentBrowser: Native class hierarchy updated for 'WidgetCarousel' in 0.0005 seconds. Added 0 classes and 0 folders.
[2019.04.04-12.23.18:969][  0]LogContentBrowser: Native class hierarchy updated for 'AddContentDialog' in 0.0008 seconds. Added 0 classes and 0 folders.
[2019.04.04-12.23.19:046][  0]LogContentBrowser: Native class hierarchy updated for 'SceneOutliner' in 0.0004 seconds. Added 1 classes and 2 folders.
[2019.04.04-12.23.19:548][  0]LogSlate: Took 0.029390 seconds to synchronously load lazily loaded font '../../../Engine/Content/Slate/Fonts/Roboto-Regular.ttf' (155K)
[2019.04.04-12.23.19:635][  0]LogSlate: Took 0.050346 seconds to synchronously load lazily loaded font '../../../Engine/Content/Slate/Fonts/Roboto-Bold.ttf' (160K)
[2019.04.04-12.23.19:736][  0]LogSlate: Took 0.037537 seconds to synchronously load lazily loaded font '../../../Engine/Content/Editor/Slate/Fonts/FontAwesome.ttf' (139K)
[2019.04.04-12.23.20:183][  0]LogRenderer: Reallocating scene render targets to support 1252x632 Format 10 NumSamples 1 (Frame:1).
[2019.04.04-12.23.20:859][  0]LogContentBrowser: Native class hierarchy updated for 'HierarchicalLODOutliner' in 0.0007 seconds. Added 0 classes and 0 folders.
[2019.04.04-12.23.20:859][  0]LogLoad: (Engine Initialization) Total time: 91.48 seconds
[2019.04.04-12.23.20:859][  0]LogLoad: (Engine Initialization) Total Blueprint compile time: 0.00 seconds
[2019.04.04-12.23.20:893][  0]LogWindowsTextInputMethodSystem: Display: IME system now deactivated.
[2019.04.04-12.23.21:045][  0]LogContentStreaming: Texture pool size now 3000 MB
[2019.04.04-12.23.21:230][  0]LogSlate: Took 0.019979 seconds to synchronously load lazily loaded font '../../../Engine/Content/Slate/Fonts/Roboto-Light.ttf' (167K)
[2019.04.04-12.23.21:316][  1]LogFileCache: Retrieving MD5 hashes for directory 'C:/Users/User/Documents/GitHub/KV6002-Team-Project/KV6002/Content/' took 0.40s
[2019.04.04-12.23.21:578][  3]LogAssetRegistry: Asset discovery search completed in 73.4007 seconds
[2019.04.04-12.23.21:580][  3]LogCollectionManager: Rebuilt the object cache for 0 collections in 0.000000 seconds (found 0 objects)
[2019.04.04-12.23.21:580][  3]LogCollectionManager: Fixed up redirectors for 0 collections in 0.000079 seconds (updated 0 objects)
[2019.04.04-12.23.35:271][631]LogSlate: FSceneViewport::OnFocusLost() reason 0
[2019.04.04-12.23.35:299][635]LogTemp: Repeating last play command: Standalone Game
[2019.04.04-12.24.49:090][252]LogSlate: Took 0.000194 seconds to synchronously load lazily loaded font '../../../Engine/Content/Slate/Fonts/Roboto-Light.ttf' (167K)
[2019.04.04-12.24.49:094][252]LogAssetEditorManager: Opening Asset editor for Blueprint /Game/FirstPersonBP/Blueprints/FirstPersonHUD.FirstPersonHUD
[2019.04.04-12.24.49:724][252]LogContentBrowser: Native class hierarchy updated for 'BlueprintGraph' in 0.0006 seconds. Added 116 classes and 0 folders.
[2019.04.04-12.24.51:063][252]LogSlate: Took 0.036016 seconds to synchronously load lazily loaded font '../../../Engine/Content/Slate/Fonts/Roboto-BoldCondensed.ttf' (158K)
[2019.04.04-12.24.53:719][502]LogSlate: Took 0.027655 seconds to synchronously load lazily loaded font '../../../Engine/Content/Slate/Fonts/Roboto-Italic.ttf' (157K)
[2019.04.04-12.25.06:753][ 52]LogAssetEditorManager: Opening Asset editor for WidgetBlueprint /Game/FirstPersonBP/Blueprints/Radial.Radial
[2019.04.04-12.26.14:021][311]BlueprintLog: New page: Compile FirstPersonHUD
[2019.04.04-12.26.15:160][393]LogSavePackage: Moving 'C:/Users/User/Documents/GitHub/KV6002-Team-Project/KV6002/Saved/FirstPersonHUDF9B86B9A4421CFE30DFDF2B4BEA1C6BC.tmp' to 'C:/Users/User/Documents/GitHub/KV6002-Team-Project/KV6002/Content/FirstPersonBP/Blueprints/FirstPersonHUD.uasset'
[2019.04.04-12.26.32:724][479]LogRenderer: Reallocating scene render targets to support 1252x712 Format 10 NumSamples 1 (Frame:1).
[2019.04.04-12.31.13:062][819]Cmd: OBJ SAVEPACKAGE PACKAGE="/Game/FirstPersonBP/Blueprints/Radial" FILE="C:/Users/User/Documents/GitHub/KV6002-Team-Project/KV6002/Content/FirstPersonBP/Blueprints/Radial.uasset" SILENT=true
[2019.04.04-12.31.13:572][819]LogSavePackage: Moving 'C:/Users/User/Documents/GitHub/KV6002-Team-Project/KV6002/Saved/Radial655EEBF1456BEB2A56D675AF6BF6B244.tmp' to 'C:/Users/User/Documents/GitHub/KV6002-Team-Project/KV6002/Content/FirstPersonBP/Blueprints/Radial.uasset'
[2019.04.04-12.31.15:746][962]LogTemp: Repeating last play command: Standalone Game
[2019.04.04-12.32.22:407][765]LogAssetEditorManager: Opening Asset editor for WidgetBlueprint /Game/FirstPersonBP/Blueprints/PauseMenu.PauseMenu
[2019.04.04-12.39.17:554][442]LogSlate: Took 0.340570 seconds to synchronously load lazily loaded font '../../../Engine/Content/Slate/Fonts/DroidSansFallback.ttf' (3848K)
[2019.04.04-12.39.42:661][ 62]LogEditorTransaction: Undo Move Widget
[2019.04.04-12.40.14:955][452]BlueprintLog: New page: Compile PauseMenu
[2019.04.04-12.40.15:283][473]BlueprintLog: New page: Compile PauseMenu
[2019.04.04-12.40.16:081][538]Cmd: OBJ SAVEPACKAGE PACKAGE="/Game/FirstPersonBP/Blueprints/PauseMenu" FILE="C:/Users/User/Documents/GitHub/KV6002-Team-Project/KV6002/Content/FirstPersonBP/Blueprints/PauseMenu.uasset" SILENT=true
[2019.04.04-12.40.16:150][538]LogSavePackage: Moving 'C:/Users/User/Documents/GitHub/KV6002-Team-Project/KV6002/Saved/PauseMenu5AC9A2674AA6F89B8D141A9BE68D0053.tmp' to 'C:/Users/User/Documents/GitHub/KV6002-Team-Project/KV6002/Content/FirstPersonBP/Blueprints/PauseMenu.uasset'
[2019.04.04-13.02.05:941][229]AssetReimport: New page: Outstanding source content changes 15:02:05
[2019.04.04-13.02.06:195][229]LogFactory: FactoryCreateFile: Texture with ReimportTextureFactory (0 0 C:/Users/User/Documents/GitHub/KV6002-Team-Project/KV6002/Content/Images/Crosshair/CrosshairRightFire.png)
[2019.04.04-13.02.06:288][230]LogFactory: FactoryCreateFile: Texture with ReimportTextureFactory (0 0 C:/Users/User/Documents/GitHub/KV6002-Team-Project/KV6002/Content/Images/Crosshair/CrosshairRightElectricity.png)
[2019.04.04-13.02.06:303][230]LogFactory: FactoryCreateFile: Texture with ReimportTextureFactory (0 0 C:/Users/User/Documents/GitHub/KV6002-Team-Project/KV6002/Content/Images/Crosshair/CrosshairRightAir.png)
[2019.04.04-13.02.06:349][231]LogFactory: FactoryCreateFile: Texture with ReimportTextureFactory (0 0 C:/Users/User/Documents/GitHub/KV6002-Team-Project/KV6002/Content/Images/Crosshair/CrosshairLeftWater.png)
[2019.04.04-13.02.06:359][231]LogFactory: FactoryCreateFile: Texture with ReimportTextureFactory (0 0 C:/Users/User/Documents/GitHub/KV6002-Team-Project/KV6002/Content/Images/Crosshair/CrosshairLeftFire.png)
[2019.04.04-13.02.06:392][232]LogFactory: FactoryCreateFile: Texture with ReimportTextureFactory (0 0 C:/Users/User/Documents/GitHub/KV6002-Team-Project/KV6002/Content/Images/Crosshair/CrosshairLeftElectricity.png)
[2019.04.04-13.02.06:401][232]LogFactory: FactoryCreateFile: Texture with ReimportTextureFactory (0 0 C:/Users/User/Documents/GitHub/KV6002-Team-Project/KV6002/Content/Images/Crosshair/CrosshairLeftAir.png)
[2019.04.04-13.02.06:429][233]LogFactory: FactoryCreateFile: Texture with ReimportTextureFactory (0 0 C:/Users/User/Documents/GitHub/KV6002-Team-Project/KV6002/Content/Images/Crosshair/CrosshairRightWater.png)
[2019.04.04-13.02.06:456][233]Cmd: OBJ SAVEPACKAGE PACKAGE="/Game/Images/Crosshair/CrosshairRightFire" FILE="C:/Users/User/Documents/GitHub/KV6002-Team-Project/KV6002/Content/Images/Crosshair/CrosshairRightFire.uasset" SILENT=true
[2019.04.04-13.02.06:487][233]LogSavePackage: Moving 'C:/Users/User/Documents/GitHub/KV6002-Team-Project/KV6002/Saved/CrosshairRightFireC8CA0FAD4AE13F71734DBCAB7FF206B2.tmp' to 'C:/Users/User/Documents/GitHub/KV6002-Team-Project/KV6002/Content/Images/Crosshair/CrosshairRightFire.uasset'
[2019.04.04-13.02.06:501][233]LogSavePackage: Moving 'C:/Users/User/Documents/GitHub/KV6002-Team-Project/KV6002/Saved/CrosshairRightElectricityDA69374B453DD278851087A08E6A2045.tmp' to 'C:/Users/User/Documents/GitHub/KV6002-Team-Project/KV6002/Content/Images/Crosshair/CrosshairRightElectricity.uasset'
[2019.04.04-13.02.06:508][233]Cmd: OBJ SAVEPACKAGE PACKAGE="/Game/Images/Crosshair/CrosshairRightAir" FILE="C:/Users/User/Documents/GitHub/KV6002-Team-Project/KV6002/Content/Images/Crosshair/CrosshairRightAir.uasset" SILENT=true
[2019.04.04-13.02.06:512][233]LogSavePackage: Moving 'C:/Users/User/Documents/GitHub/KV6002-Team-Project/KV6002/Saved/CrosshairRightAir02588D3A41CA0648C79F3DBD5314C6C4.tmp' to 'C:/Users/User/Documents/GitHub/KV6002-Team-Project/KV6002/Content/Images/Crosshair/CrosshairRightAir.uasset'
[2019.04.04-13.02.06:519][233]Cmd: OBJ SAVEPACKAGE PACKAGE="/Game/Images/Crosshair/CrosshairLeftWater" FILE="C:/Users/User/Documents/GitHub/KV6002-Team-Project/KV6002/Content/Images/Crosshair/CrosshairLeftWater.uasset" SILENT=true
[2019.04.04-13.02.06:523][233]LogSavePackage: Moving 'C:/Users/User/Documents/GitHub/KV6002-Team-Project/KV6002/Saved/CrosshairLeftWater57593AD04B50BBBA21F95F853934B93B.tmp' to 'C:/Users/User/Documents/GitHub/KV6002-Team-Project/KV6002/Content/Images/Crosshair/CrosshairLeftWater.uasset'
[2019.04.04-13.02.06:530][233]Cmd: OBJ SAVEPACKAGE PACKAGE="/Game/Images/Crosshair/CrosshairLeftFire" FILE="C:/Users/User/Documents/GitHub/KV6002-Team-Project/KV6002/Content/Images/Crosshair/CrosshairLeftFire.uasset" SILENT=true
[2019.04.04-13.02.06:533][233]LogSavePackage: Moving 'C:/Users/User/Documents/GitHub/KV6002-Team-Project/KV6002/Saved/CrosshairLeftFire53DB375A4F25478B36AE96A304751B6B.tmp' to 'C:/Users/User/Documents/GitHub/KV6002-Team-Project/KV6002/Content/Images/Crosshair/CrosshairLeftFire.uasset'
[2019.04.04-13.02.06:543][233]LogSavePackage: Moving 'C:/Users/User/Documents/GitHub/KV6002-Team-Project/KV6002/Saved/CrosshairLeftElectricity695AF1984B540328B1FE6B9C45133D6C.tmp' to 'C:/Users/User/Documents/GitHub/KV6002-Team-Project/KV6002/Content/Images/Crosshair/CrosshairLeftElectricity.uasset'
[2019.04.04-13.02.06:548][233]Cmd: OBJ SAVEPACKAGE PACKAGE="/Game/Images/Crosshair/CrosshairLeftAir" FILE="C:/Users/User/Documents/GitHub/KV6002-Team-Project/KV6002/Content/Images/Crosshair/CrosshairLeftAir.uasset" SILENT=true
[2019.04.04-13.02.06:552][233]LogSavePackage: Moving 'C:/Users/User/Documents/GitHub/KV6002-Team-Project/KV6002/Saved/CrosshairLeftAir74AD51774019968771EF1B8961C2CDA5.tmp' to 'C:/Users/User/Documents/GitHub/KV6002-Team-Project/KV6002/Content/Images/Crosshair/CrosshairLeftAir.uasset'
[2019.04.04-13.02.06:558][233]Cmd: OBJ SAVEPACKAGE PACKAGE="/Game/Images/Crosshair/CrosshairRightWater" FILE="C:/Users/User/Documents/GitHub/KV6002-Team-Project/KV6002/Content/Images/Crosshair/CrosshairRightWater.uasset" SILENT=true
[2019.04.04-13.02.06:562][233]LogSavePackage: Moving 'C:/Users/User/Documents/GitHub/KV6002-Team-Project/KV6002/Saved/CrosshairRightWater8029E7EC44C58A3DF6A53B9ACA272D0C.tmp' to 'C:/Users/User/Documents/GitHub/KV6002-Team-Project/KV6002/Content/Images/Crosshair/CrosshairRightWater.uasset'
[2019.04.04-13.02.09:574][590]AssetReimport: Importing new asset /Game/Images/Crosshair/CrosshairRightFire.
[2019.04.04-13.02.09:574][590]AssetReimport: Importing new asset /Game/Images/Crosshair/CrosshairRightElectricity.
[2019.04.04-13.02.09:574][590]AssetReimport: Importing new asset /Game/Images/Crosshair/CrosshairRightAir.
[2019.04.04-13.02.09:574][590]AssetReimport: Importing new asset /Game/Images/Crosshair/CrosshairLeftWater.
[2019.04.04-13.02.09:574][590]AssetReimport: Importing new asset /Game/Images/Crosshair/CrosshairLeftFire.
[2019.04.04-13.02.09:574][590]AssetReimport: Importing new asset /Game/Images/Crosshair/CrosshairLeftElectricity.
[2019.04.04-13.02.09:574][590]AssetReimport: Importing new asset /Game/Images/Crosshair/CrosshairLeftAir.
[2019.04.04-13.02.09:574][590]AssetReimport: Importing new asset /Game/Images/Crosshair/CrosshairRightWater.
[2019.04.04-13.08.26:823][513]BlueprintLog: New page: Compile FirstPersonHUD
[2019.04.04-13.08.27:364][553]LogSavePackage: Moving 'C:/Users/User/Documents/GitHub/KV6002-Team-Project/KV6002/Saved/FirstPersonHUDD9FC80EB4313CBDF3E4390A518D4F8DB.tmp' to 'C:/Users/User/Documents/GitHub/KV6002-Team-Project/KV6002/Content/FirstPersonBP/Blueprints/FirstPersonHUD.uasset'
[2019.04.04-13.08.29:369][780]LogTemp: Repeating last play command: Standalone Game
[2019.04.04-13.08.50:431][ 61]BlueprintLog: New page: Compile FirstPersonHUD
[2019.04.04-13.08.50:951][ 96]LogSavePackage: Moving 'C:/Users/User/Documents/GitHub/KV6002-Team-Project/KV6002/Saved/FirstPersonHUD19787B6E49EE2CB9615D84A6C006A71B.tmp' to 'C:/Users/User/Documents/GitHub/KV6002-Team-Project/KV6002/Content/FirstPersonBP/Blueprints/FirstPersonHUD.uasset'
[2019.04.04-13.08.52:486][277]LogTemp: Repeating last play command: Standalone Game
[2019.04.04-13.10.31:832][155]BlueprintLog: New page: Compile FirstPersonHUD
[2019.04.04-13.10.32:306][188]LogSavePackage: Moving 'C:/Users/User/Documents/GitHub/KV6002-Team-Project/KV6002/Saved/FirstPersonHUD081B65E8454B717392C66ABE978CC818.tmp' to 'C:/Users/User/Documents/GitHub/KV6002-Team-Project/KV6002/Content/FirstPersonBP/Blueprints/FirstPersonHUD.uasset'
[2019.04.04-13.10.33:450][323]LogTemp: Repeating last play command: Standalone Game
[2019.04.04-13.11.46:490][ 61]LogFileHelpers: Editor autosave (incl. sublevels) for '/Game/FirstPersonBP/Maps/FirstPersonExampleMap' took 0.029
[2019.04.04-13.11.46:491][ 61]OBJ SavePackage: Generating thumbnails for [0] asset(s) in package [/Game/FirstPersonBP/Blueprints/FirstPersonHUD] ([1] browsable assets)...
[2019.04.04-13.11.46:491][ 61]OBJ SavePackage: Finished generating thumbnails for package [/Game/FirstPersonBP/Blueprints/FirstPersonHUD]
[2019.04.04-13.11.46:512][ 61]LogSavePackage: Moving 'C:/Users/User/Documents/GitHub/KV6002-Team-Project/KV6002/Saved/FirstPersonHUD_Auto1B105981143BC302FAFF8F8925D977B7D.tmp' to 'C:/Users/User/Documents/GitHub/KV6002-Team-Project/KV6002/Saved/Autosaves/Game/FirstPersonBP/Blueprints/FirstPersonHUD_Auto1.uasset'
[2019.04.04-13.11.46:513][ 61]LogFileHelpers: Auto-saving content packages took 0.022
[2019.04.04-13.23.48:914][ 74]LogSlate: Took 0.128623 seconds to synchronously load lazily loaded font '../../../Engine/Content/Slate/Fonts/Roboto-BoldCondensedItalic.ttf' (160K)
[2019.04.04-13.24.37:487][170]LogFileHelpers: Editor autosave (incl. sublevels) for '/Game/FirstPersonBP/Maps/FirstPersonExampleMap' took 0.045
[2019.04.04-13.24.37:488][170]OBJ SavePackage: Generating thumbnails for [0] asset(s) in package [/Game/FirstPersonBP/Blueprints/FirstPersonHUD] ([1] browsable assets)...
[2019.04.04-13.24.37:488][170]OBJ SavePackage: Finished generating thumbnails for package [/Game/FirstPersonBP/Blueprints/FirstPersonHUD]
[2019.04.04-13.24.37:511][170]LogSavePackage: Moving 'C:/Users/User/Documents/GitHub/KV6002-Team-Project/KV6002/Saved/FirstPersonHUD_Auto2B391AE8C48B2DF0350493CB634EBB2C4.tmp' to 'C:/Users/User/Documents/GitHub/KV6002-Team-Project/KV6002/Saved/Autosaves/Game/FirstPersonBP/Blueprints/FirstPersonHUD_Auto2.uasset'
[2019.04.04-13.24.37:513][170]LogFileHelpers: Auto-saving content packages took 0.025
[2019.04.04-13.29.42:809][662]LogSlate: Window 'Delete Variable' being destroyed
[2019.04.04-13.30.39:120][793]AssetReimport: New page: Outstanding source content changes 15:30:39
[2019.04.04-13.30.39:121][793]LogFactory: FactoryCreateFile: Texture with ReimportTextureFactory (0 0 C:/Users/User/Documents/GitHub/KV6002-Team-Project/KV6002/Content/Images/Crosshair/CrosshairWaterFire.png)
[2019.04.04-13.30.39:145][793]Cmd: OBJ SAVEPACKAGE PACKAGE="/Game/Images/Crosshair/CrosshairWaterFire" FILE="C:/Users/User/Documents/GitHub/KV6002-Team-Project/KV6002/Content/Images/Crosshair/CrosshairWaterFire.uasset" SILENT=true
[2019.04.04-13.30.39:149][793]LogSavePackage: Moving 'C:/Users/User/Documents/GitHub/KV6002-Team-Project/KV6002/Saved/CrosshairWaterFireCACCE08B456029843ED3DA9070A08FE9.tmp' to 'C:/Users/User/Documents/GitHub/KV6002-Team-Project/KV6002/Content/Images/Crosshair/CrosshairWaterFire.uasset'
[2019.04.04-13.30.42:155][143]AssetReimport: Importing new asset /Game/Images/Crosshair/CrosshairWaterFire.
[2019.04.04-13.30.47:772][805]BlueprintLog: New page: Compile FirstPersonHUD
[2019.04.04-13.30.48:386][856]LogSavePackage: Moving 'C:/Users/User/Documents/GitHub/KV6002-Team-Project/KV6002/Saved/FirstPersonHUD671A79A84215D1CB4FC8FA8CC4A4A757.tmp' to 'C:/Users/User/Documents/GitHub/KV6002-Team-Project/KV6002/Content/FirstPersonBP/Blueprints/FirstPersonHUD.uasset'
[2019.04.04-13.30.50:443][102]LogTemp: Repeating last play command: Standalone Game
[2019.04.04-13.31.07:262][923]BlueprintLog: New page: Compile FirstPersonHUD
[2019.04.04-13.31.07:726][957]LogSavePackage: Moving 'C:/Users/User/Documents/GitHub/KV6002-Team-Project/KV6002/Saved/FirstPersonHUD3A5076E949E81B2D46E91E8BC6988027.tmp' to 'C:/Users/User/Documents/GitHub/KV6002-Team-Project/KV6002/Content/FirstPersonBP/Blueprints/FirstPersonHUD.uasset'
[2019.04.04-13.32.03:078][469]AssetReimport: New page: Outstanding source content changes 15:32:03
[2019.04.04-13.32.03:079][469]LogFactory: FactoryCreateFile: Texture with ReimportTextureFactory (0 0 C:/Users/User/Documents/GitHub/KV6002-Team-Project/KV6002/Content/Images/Crosshair/CrosshairWaterFire150px.png)
[2019.04.04-13.32.03:105][469]LogSavePackage: Moving 'C:/Users/User/Documents/GitHub/KV6002-Team-Project/KV6002/Saved/CrosshairWaterFire150px01BD80A445F157B6F240CA8A3AA3888C.tmp' to 'C:/Users/User/Documents/GitHub/KV6002-Team-Project/KV6002/Content/Images/Crosshair/CrosshairWaterFire150px.uasset'
[2019.04.04-13.32.06:115][819]AssetReimport: Importing new asset /Game/Images/Crosshair/CrosshairWaterFire150px.
[2019.04.04-13.32.08:825][138]LogTemp: Repeating last play command: Standalone Game
[2019.04.04-13.32.09:876][138]LogSlate: Window 'Save Content' being destroyed
[2019.04.04-13.32.09:910][138]LogSavePackage: Moving 'C:/Users/User/Documents/GitHub/KV6002-Team-Project/KV6002/Saved/FirstPersonHUDA237FDA242A65EB06AB5108B104E60A2.tmp' to 'C:/Users/User/Documents/GitHub/KV6002-Team-Project/KV6002/Content/FirstPersonBP/Blueprints/FirstPersonHUD.uasset'
[2019.04.04-13.32.32:329][779]BlueprintLog: New page: Compile FirstPersonHUD
[2019.04.04-13.32.32:729][805]LogSavePackage: Moving 'C:/Users/User/Documents/GitHub/KV6002-Team-Project/KV6002/Saved/FirstPersonHUD7A7D561A41B27639D39CF49FD568B77D.tmp' to 'C:/Users/User/Documents/GitHub/KV6002-Team-Project/KV6002/Content/FirstPersonBP/Blueprints/FirstPersonHUD.uasset'
[2019.04.04-13.32.34:693][ 40]LogTemp: Repeating last play command: Standalone Game
[2019.04.04-13.38.39:034][105]AssetReimport: New page: Detailed File System Changes from 14:38:39
[2019.04.04-13.38.39:045][105]AssetReimport: 'C:/Users/User/Documents/GitHub/KV6002-Team-Project/KV6002/Content/Images/Crosshair/CrosshairWaterElectricity.png' has been created.
[2019.04.04-13.38.39:045][105]AssetReimport: 'C:/Users/User/Documents/GitHub/KV6002-Team-Project/KV6002/Content/Images/Crosshair/CrosshairWaterElectricity150px.png' has been created.
[2019.04.04-13.38.39:045][105]AssetReimport: 'C:/Users/User/Documents/GitHub/KV6002-Team-Project/KV6002/Content/Images/Crosshair/CrosshairWaterFire150px.png' has been modified.
[2019.04.04-13.38.42:203][469]AssetReimport: New page: Outstanding source content changes 15:38:42
[2019.04.04-13.38.42:205][469]LogFactory: FactoryCreateFile: Texture with ReimportTextureFactory (0 0 C:/Users/User/Documents/GitHub/KV6002-Team-Project/KV6002/Content/Images/Crosshair/CrosshairWaterElectricity.png)
[2019.04.04-13.38.42:214][469]LogFactory: FactoryCreateFile: Texture with ReimportTextureFactory (0 0 C:/Users/User/Documents/GitHub/KV6002-Team-Project/KV6002/Content/Images/Crosshair/CrosshairWaterElectricity150px.png)
[2019.04.04-13.38.42:486][470]LogEditorFactories: Performing atomic reimport of [C:/Users/User/Documents/GitHub/KV6002-Team-Project/KV6002/Content/Images/Crosshair/CrosshairWaterFire150px.png]
[2019.04.04-13.38.42:487][470]LogFactory: FactoryCreateFile: Texture2D with ReimportTextureFactory (0 0 C:/Users/User/Documents/GitHub/KV6002-Team-Project/KV6002/Content/Images/Crosshair/CrosshairWaterFire150px.png)
[2019.04.04-13.38.42:502][470]LogEditorFactories: -- imported successfully
[2019.04.04-13.38.42:586][471]LogSavePackage: Moving 'C:/Users/User/Documents/GitHub/KV6002-Team-Project/KV6002/Saved/CrosshairWaterElectricity1FD937F646AEA724A36C26B9CF6FFE60.tmp' to 'C:/Users/User/Documents/GitHub/KV6002-Team-Project/KV6002/Content/Images/Crosshair/CrosshairWaterElectricity.uasset'
[2019.04.04-13.38.42:622][471]LogSavePackage: Moving 'C:/Users/User/Documents/GitHub/KV6002-Team-Project/KV6002/Saved/CrosshairWaterElectricity150px78789E3248B0A6878A1341AE35F0CD7D.tmp' to 'C:/Users/User/Documents/GitHub/KV6002-Team-Project/KV6002/Content/Images/Crosshair/CrosshairWaterElectricity150px.uasset'
[2019.04.04-13.38.42:662][471]LogSavePackage: Moving 'C:/Users/User/Documents/GitHub/KV6002-Team-Project/KV6002/Saved/CrosshairWaterFire150pxF12C55CC47EB373F89A70BB86AE8090D.tmp' to 'C:/Users/User/Documents/GitHub/KV6002-Team-Project/KV6002/Content/Images/Crosshair/CrosshairWaterFire150px.uasset'
[2019.04.04-13.38.45:675][815]AssetReimport: Importing new asset /Game/Images/Crosshair/CrosshairWaterElectricity.
[2019.04.04-13.38.45:675][815]AssetReimport: Importing new asset /Game/Images/Crosshair/CrosshairWaterElectricity150px.
[2019.04.04-13.38.45:675][815]AssetReimport: Reimported asset CrosshairWaterFire150px from C:/Users/User/Documents/GitHub/KV6002-Team-Project/KV6002/Content/Images/Crosshair/CrosshairWaterFire150px.png.
[2019.04.04-13.39.32:970][345]BlueprintLog: New page: Compile FirstPersonHUD
[2019.04.04-13.39.33:663][404]LogSavePackage: Moving 'C:/Users/User/Documents/GitHub/KV6002-Team-Project/KV6002/Saved/FirstPersonHUDE68BAE03433F01DFCFED39819AE0F5E9.tmp' to 'C:/Users/User/Documents/GitHub/KV6002-Team-Project/KV6002/Content/FirstPersonBP/Blueprints/FirstPersonHUD.uasset'
[2019.04.04-13.40.43:285][699]BlueprintLog: New page: Compile FirstPersonHUD
[2019.04.04-13.40.43:815][738]LogSavePackage: Moving 'C:/Users/User/Documents/GitHub/KV6002-Team-Project/KV6002/Saved/FirstPersonHUD7B0ED2524E735D093978B8AB3D8A538E.tmp' to 'C:/Users/User/Documents/GitHub/KV6002-Team-Project/KV6002/Content/FirstPersonBP/Blueprints/FirstPersonHUD.uasset'
[2019.04.04-13.41.13:263][156]BlueprintLog: New page: Compile FirstPersonHUD
[2019.04.04-13.41.13:718][189]LogSavePackage: Moving 'C:/Users/User/Documents/GitHub/KV6002-Team-Project/KV6002/Saved/FirstPersonHUDA08C8A7F4DDEAF487255848165A986CC.tmp' to 'C:/Users/User/Documents/GitHub/KV6002-Team-Project/KV6002/Content/FirstPersonBP/Blueprints/FirstPersonHUD.uasset'
[2019.04.04-13.41.48:135][221]BlueprintLog: New page: Compile FirstPersonHUD
[2019.04.04-13.41.48:704][267]LogSavePackage: Moving 'C:/Users/User/Documents/GitHub/KV6002-Team-Project/KV6002/Saved/FirstPersonHUD37ECF8464BAF45A7E90AF1A8447FDD4A.tmp' to 'C:/Users/User/Documents/GitHub/KV6002-Team-Project/KV6002/Content/FirstPersonBP/Blueprints/FirstPersonHUD.uasset'
[2019.04.04-13.41.53:240][800]LogSavePackage: Moving 'C:/Users/User/Documents/GitHub/KV6002-Team-Project/KV6002/Saved/FirstPersonHUD5A3D0CD64626DE190FB20B9A2197EEAE.tmp' to 'C:/Users/User/Documents/GitHub/KV6002-Team-Project/KV6002/Content/FirstPersonBP/Blueprints/FirstPersonHUD.uasset'
[2019.04.04-13.42.09:448][708]LogTemp: Repeating last play command: Standalone Game
[2019.04.04-13.42.32:164][390]BlueprintLog: New page: Compile FirstPersonHUD
[2019.04.04-13.42.32:596][418]LogSavePackage: Moving 'C:/Users/User/Documents/GitHub/KV6002-Team-Project/KV6002/Saved/FirstPersonHUD72967A1640837A1D6E24C0A185A18885.tmp' to 'C:/Users/User/Documents/GitHub/KV6002-Team-Project/KV6002/Content/FirstPersonBP/Blueprints/FirstPersonHUD.uasset'
[2019.04.04-13.42.34:249][614]LogTemp: Repeating last play command: Standalone Game
[2019.04.04-13.43.01:084][385]BlueprintLog: New page: Compile FirstPersonHUD
[2019.04.04-13.43.01:555][414]LogSavePackage: Moving 'C:/Users/User/Documents/GitHub/KV6002-Team-Project/KV6002/Saved/FirstPersonHUDD6DC244B4D25B268E17269999F3DB411.tmp' to 'C:/Users/User/Documents/GitHub/KV6002-Team-Project/KV6002/Content/FirstPersonBP/Blueprints/FirstPersonHUD.uasset'
[2019.04.04-13.43.03:521][648]LogTemp: Repeating last play command: Standalone Game
[2019.04.04-13.44.25:965][544]BlueprintLog: New page: Compile Radial
[2019.04.04-13.44.26:442][587]Cmd: OBJ SAVEPACKAGE PACKAGE="/Game/FirstPersonBP/Blueprints/Radial" FILE="C:/Users/User/Documents/GitHub/KV6002-Team-Project/KV6002/Content/FirstPersonBP/Blueprints/Radial.uasset" SILENT=true
[2019.04.04-13.44.26:541][587]LogSavePackage: Moving 'C:/Users/User/Documents/GitHub/KV6002-Team-Project/KV6002/Saved/RadialA84EC18E4BDB03981164CD958B30FB97.tmp' to 'C:/Users/User/Documents/GitHub/KV6002-Team-Project/KV6002/Content/FirstPersonBP/Blueprints/Radial.uasset'
[2019.04.04-13.44.29:726][967]LogAssetEditorManager: Opening Asset editor for Blueprint /Game/FirstPersonBP/Blueprints/FirstPersonCharacter.FirstPersonCharacter
[2019.04.04-13.46.15:972][278]BlueprintLog: New page: Compile Radial
[2019.04.04-13.46.16:036][278]LogBlueprint: Error: [Compiler Radial] This blueprint (self) is not a FirstPersonHUD_C, therefore ' Target ' must have a connection.
[2019.04.04-13.46.16:095][278]LogBlueprint: Warning: [Compiler Radial] [5066.71] Compile of Radial failed. 1 Fatal Issue(s) 0 Warning(s) [in 123 ms] (/Game/FirstPersonBP/Blueprints/Radial.Radial)
[2019.04.04-13.46.16:465][319]Cmd: OBJ SAVEPACKAGE PACKAGE="/Game/FirstPersonBP/Blueprints/Radial" FILE="C:/Users/User/Documents/GitHub/KV6002-Team-Project/KV6002/Content/FirstPersonBP/Blueprints/Radial.uasset" SILENT=true
[2019.04.04-13.46.16:565][319]LogSavePackage: Moving 'C:/Users/User/Documents/GitHub/KV6002-Team-Project/KV6002/Saved/Radial224CCEA7482FC25E0DD01B804A80AACD.tmp' to 'C:/Users/User/Documents/GitHub/KV6002-Team-Project/KV6002/Content/FirstPersonBP/Blueprints/Radial.uasset'
[2019.04.04-13.46.46:037][987]LogSavePackage: Moving 'C:/Users/User/Documents/GitHub/KV6002-Team-Project/KV6002/Saved/FirstPersonExampleMap_Auto335D52C164C0E920C74829792D8387ED9.tmp' to 'C:/Users/User/Documents/GitHub/KV6002-Team-Project/KV6002/Saved/Autosaves/Game/FirstPersonBP/Maps/FirstPersonExampleMap_Auto3.umap'
[2019.04.04-13.46.46:041][987]LogFileHelpers: Editor autosave (incl. sublevels) for '/Game/FirstPersonBP/Maps/FirstPersonExampleMap' took 0.237
[2019.04.04-13.46.46:041][987]LogFileHelpers: Editor autosave (incl. sublevels) for all levels took 0.237
[2019.04.04-13.48.02:050][768]LogSlate: Window 'Change Variable Type' being destroyed
[2019.04.04-13.48.05:869][145]LogSlate: Window 'Find in Blueprints' being destroyed
[2019.04.04-13.48.05:872][145]LogSlate: Window 'Find in Blueprints' being destroyed
[2019.04.04-13.48.13:387][  4]BlueprintLog: New page: Compile FirstPersonCharacter
[2019.04.04-13.48.13:946][ 22]LogSavePackage: Moving 'C:/Users/User/Documents/GitHub/KV6002-Team-Project/KV6002/Saved/FirstPersonCharacterA513ED6F47A0964625EBD3896E84FEE3.tmp' to 'C:/Users/User/Documents/GitHub/KV6002-Team-Project/KV6002/Content/FirstPersonBP/Blueprints/FirstPersonCharacter.uasset'
[2019.04.04-13.49.04:748][497]BlueprintLog: New page: Compile Radial
[2019.04.04-13.49.05:317][548]Cmd: OBJ SAVEPACKAGE PACKAGE="/Game/FirstPersonBP/Blueprints/Radial" FILE="C:/Users/User/Documents/GitHub/KV6002-Team-Project/KV6002/Content/FirstPersonBP/Blueprints/Radial.uasset" SILENT=true
[2019.04.04-13.49.05:418][548]LogSavePackage: Moving 'C:/Users/User/Documents/GitHub/KV6002-Team-Project/KV6002/Saved/RadialFB2546B94388354C3FC4428F2945F1CA.tmp' to 'C:/Users/User/Documents/GitHub/KV6002-Team-Project/KV6002/Content/FirstPersonBP/Blueprints/Radial.uasset'
[2019.04.04-13.50.06:345][217]LogSlate: Window 'Change Variable Type' being destroyed
[2019.04.04-13.50.08:860][500]LogSlate: Window 'Find in Blueprints' being destroyed
[2019.04.04-13.50.08:864][500]LogSlate: Window 'Find in Blueprints' being destroyed
[2019.04.04-13.50.15:871][304]BlueprintLog: New page: Compile FirstPersonCharacter
[2019.04.04-13.50.15:953][304]LogProperty: Warning: Serialized Class /Script/Engine.BlueprintGeneratedClass for a property of BlueprintGeneratedClass /Game/FirstPersonBP/Blueprints/FirstPersonHUD.FirstPersonHUD_C. Reference will be nullptred.
    Property = ObjectProperty /Game/FirstPersonBP/Blueprints/FirstPersonCharacter.FirstPersonCharacter_C:FPHUD
    Item = BlueprintGeneratedClass /Game/FirstPersonBP/Blueprints/FirstPersonHUD.FirstPersonHUD_C
[2019.04.04-13.50.15:954][304]LogProperty: Warning: Serialized Class /Script/Engine.BlueprintGeneratedClass for a property of BlueprintGeneratedClass /Game/FirstPersonBP/Blueprints/FirstPersonHUD.FirstPersonHUD_C. Reference will be nullptred.
    Property = ObjectProperty /Game/FirstPersonBP/Blueprints/FirstPersonCharacter.FirstPersonCharacter_C:FPHUD
    Item = BlueprintGeneratedClass /Game/FirstPersonBP/Blueprints/FirstPersonHUD.FirstPersonHUD_C
[2019.04.04-13.50.15:954][304]LogProperty: Warning: Serialized Class /Script/Engine.BlueprintGeneratedClass for a property of BlueprintGeneratedClass /Game/FirstPersonBP/Blueprints/FirstPersonHUD.FirstPersonHUD_C. Reference will be nullptred.
    Property = ObjectProperty /Game/FirstPersonBP/Blueprints/FirstPersonCharacter.FirstPersonCharacter_C:FPHUD
    Item = BlueprintGeneratedClass /Game/FirstPersonBP/Blueprints/FirstPersonHUD.FirstPersonHUD_C
[2019.04.04-13.50.16:723][358]LogSavePackage: Moving 'C:/Users/User/Documents/GitHub/KV6002-Team-Project/KV6002/Saved/FirstPersonCharacter33FAAD124C919A839D018CA678910CA8.tmp' to 'C:/Users/User/Documents/GitHub/KV6002-Team-Project/KV6002/Content/FirstPersonBP/Blueprints/FirstPersonCharacter.uasset'
[2019.04.04-13.50.37:440][468]LogSavePackage: Moving 'C:/Users/User/Documents/GitHub/KV6002-Team-Project/KV6002/Saved/FirstPersonCharacter950773B54E27BDBEC4E0DC97A269B4D1.tmp' to 'C:/Users/User/Documents/GitHub/KV6002-Team-Project/KV6002/Content/FirstPersonBP/Blueprints/FirstPersonCharacter.uasset'
[2019.04.04-13.50.44:719][167]LogSavePackage: Moving 'C:/Users/User/Documents/GitHub/KV6002-Team-Project/KV6002/Saved/FirstPersonCharacter5F81DAED4ECABAB3C69407AEDDA3079E.tmp' to 'C:/Users/User/Documents/GitHub/KV6002-Team-Project/KV6002/Content/FirstPersonBP/Blueprints/FirstPersonCharacter.uasset'
[2019.04.04-13.50.45:368][243]BlueprintLog: New page: Compile FirstPersonCharacter
[2019.04.04-13.54.40:047][735]BlueprintLog: New page: Compile FirstPersonHUD
[2019.04.04-13.54.40:505][767]LogSavePackage: Moving 'C:/Users/User/Documents/GitHub/KV6002-Team-Project/KV6002/Saved/FirstPersonHUD5E5B284F44F0CBAD4F03899D0C89C90C.tmp' to 'C:/Users/User/Documents/GitHub/KV6002-Team-Project/KV6002/Content/FirstPersonBP/Blueprints/FirstPersonHUD.uasset'
[2019.04.04-13.54.44:203][ 48]LogSlate: Window 'Message Log' being destroyed
[2019.04.04-13.54.44:206][ 48]LogSlate: Window 'Message Log' being destroyed
[2019.04.04-13.54.47:330][389]LogSavePackage: Moving 'C:/Users/User/Documents/GitHub/KV6002-Team-Project/KV6002/Saved/FirstPersonExampleMapC48662FB448589081500DD911706924E.tmp' to 'C:/Users/User/Documents/GitHub/KV6002-Team-Project/KV6002/Content/FirstPersonBP/Maps/FirstPersonExampleMap.umap'
[2019.04.04-13.54.48:575][389]LogSavePackage: Moving 'C:/Users/User/Documents/GitHub/KV6002-Team-Project/KV6002/Saved/FirstPersonExampleMap_BuiltDataCD0B4AB94042F65FE1560EBE43FB39F9.tmp' to 'C:/Users/User/Documents/GitHub/KV6002-Team-Project/KV6002/Content/FirstPersonBP/Maps/FirstPersonExampleMap_BuiltData.uasset'
[2019.04.04-13.59.41:785][145]BlueprintLog: New page: Compile Radial
[2019.04.04-13.59.42:233][182]Cmd: OBJ SAVEPACKAGE PACKAGE="/Game/FirstPersonBP/Blueprints/Radial" FILE="C:/Users/User/Documents/GitHub/KV6002-Team-Project/KV6002/Content/FirstPersonBP/Blueprints/Radial.uasset" SILENT=true
[2019.04.04-13.59.42:338][182]LogSavePackage: Moving 'C:/Users/User/Documents/GitHub/KV6002-Team-Project/KV6002/Saved/RadialADEB39C44DA9F0A3241A5B92BBD4AB9F.tmp' to 'C:/Users/User/Documents/GitHub/KV6002-Team-Project/KV6002/Content/FirstPersonBP/Blueprints/Radial.uasset'
[2019.04.04-13.59.49:274][ 12]LogTemp: Repeating last play command: Standalone Game
[2019.04.04-13.59.50:339][ 12]LogSlate: Window 'Save Content' being destroyed
[2019.04.04-13.59.50:671][ 12]LogSavePackage: Moving 'C:/Users/User/Documents/GitHub/KV6002-Team-Project/KV6002/Saved/FirstPersonExampleMapAC4959BD488C14B9CBF536BAFE875A5B.tmp' to 'C:/Users/User/Documents/GitHub/KV6002-Team-Project/KV6002/Content/FirstPersonBP/Maps/FirstPersonExampleMap.umap'
[2019.04.04-13.59.50:688][ 12]LogFileHelpers: Saving map 'FirstPersonExampleMap' took 0.334
[2019.04.04-14.00.55:957][839]BlueprintLog: New page: Compile FirstPersonHUD
[2019.04.04-14.00.56:533][883]LogSavePackage: Moving 'C:/Users/User/Documents/GitHub/KV6002-Team-Project/KV6002/Saved/FirstPersonHUD129CDCAA4524FC9B16D8969895A31703.tmp' to 'C:/Users/User/Documents/GitHub/KV6002-Team-Project/KV6002/Content/FirstPersonBP/Blueprints/FirstPersonHUD.uasset'
[2019.04.04-14.00.58:562][126]LogTemp: Repeating last play command: Standalone Game
[2019.04.04-14.01.20:495][903]BlueprintLog: New page: Compile FirstPersonHUD
[2019.04.04-14.01.21:014][944]LogSavePackage: Moving 'C:/Users/User/Documents/GitHub/KV6002-Team-Project/KV6002/Saved/FirstPersonHUDB84CCAF34BC13B5FFD5FE0B50E53F345.tmp' to 'C:/Users/User/Documents/GitHub/KV6002-Team-Project/KV6002/Content/FirstPersonBP/Blueprints/FirstPersonHUD.uasset'
[2019.04.04-14.01.47:391][ 40]BlueprintLog: New page: Compile Radial
[2019.04.04-14.01.48:049][103]Cmd: OBJ SAVEPACKAGE PACKAGE="/Game/FirstPersonBP/Blueprints/Radial" FILE="C:/Users/User/Documents/GitHub/KV6002-Team-Project/KV6002/Content/FirstPersonBP/Blueprints/Radial.uasset" SILENT=true
[2019.04.04-14.01.48:147][103]LogSavePackage: Moving 'C:/Users/User/Documents/GitHub/KV6002-Team-Project/KV6002/Saved/RadialB328DBC8490A626C4739D08A554269A5.tmp' to 'C:/Users/User/Documents/GitHub/KV6002-Team-Project/KV6002/Content/FirstPersonBP/Blueprints/Radial.uasset'
[2019.04.04-14.01.50:460][380]LogTemp: Repeating last play command: Standalone Game
[2019.04.04-14.01.51:449][380]LogSlate: Window 'Save Content' being destroyed
[2019.04.04-14.01.51:772][380]LogSavePackage: Moving 'C:/Users/User/Documents/GitHub/KV6002-Team-Project/KV6002/Saved/FirstPersonExampleMap829E39A14652D14B4759A4B645A8E479.tmp' to 'C:/Users/User/Documents/GitHub/KV6002-Team-Project/KV6002/Content/FirstPersonBP/Maps/FirstPersonExampleMap.umap'
[2019.04.04-14.01.51:797][380]LogFileHelpers: Saving map 'FirstPersonExampleMap' took 0.335
[2019.04.04-14.02.31:010][114]LogSlate: Window 'Color Picker' being destroyed
[2019.04.04-14.02.51:493][850]BlueprintLog: New page: Compile FirstPersonHUD
[2019.04.04-14.02.53:068][ 11]LogSavePackage: Moving 'C:/Users/User/Documents/GitHub/KV6002-Team-Project/KV6002/Saved/FirstPersonHUDC1CBCB65457B3685F98FF49778542658.tmp' to 'C:/Users/User/Documents/GitHub/KV6002-Team-Project/KV6002/Content/FirstPersonBP/Blueprints/FirstPersonHUD.uasset'
[2019.04.04-14.03.09:492][941]BlueprintLog: New page: Compile FirstPersonHUD
[2019.04.04-14.03.11:230][128]LogTemp: Repeating last play command: Standalone Game
[2019.04.04-14.03.12:222][128]LogSlate: Window 'Save Content' being destroyed
[2019.04.04-14.03.12:261][128]LogSavePackage: Moving 'C:/Users/User/Documents/GitHub/KV6002-Team-Project/KV6002/Saved/FirstPersonHUD4E3577D7465DB170A89222BCB8E1C484.tmp' to 'C:/Users/User/Documents/GitHub/KV6002-Team-Project/KV6002/Content/FirstPersonBP/Blueprints/FirstPersonHUD.uasset'
[2019.04.04-14.03.32:365][275]BlueprintLog: New page: Compile FirstPersonHUD
[2019.04.04-14.03.32:896][312]LogSavePackage: Moving 'C:/Users/User/Documents/GitHub/KV6002-Team-Project/KV6002/Saved/FirstPersonHUD03A1968746639D4DE5CF0686556554A1.tmp' to 'C:/Users/User/Documents/GitHub/KV6002-Team-Project/KV6002/Content/FirstPersonBP/Blueprints/FirstPersonHUD.uasset'
[2019.04.04-14.06.01:815][291]BlueprintLog: New page: Compile Radial
[2019.04.04-14.06.02:506][350]Cmd: OBJ SAVEPACKAGE PACKAGE="/Game/FirstPersonBP/Blueprints/Radial" FILE="C:/Users/User/Documents/GitHub/KV6002-Team-Project/KV6002/Content/FirstPersonBP/Blueprints/Radial.uasset" SILENT=true
[2019.04.04-14.06.02:609][350]LogSavePackage: Moving 'C:/Users/User/Documents/GitHub/KV6002-Team-Project/KV6002/Saved/RadialCB8B8536476BC26A02999C9B172104CA.tmp' to 'C:/Users/User/Documents/GitHub/KV6002-Team-Project/KV6002/Content/FirstPersonBP/Blueprints/Radial.uasset'
[2019.04.04-14.06.04:807][613]LogTemp: Repeating last play command: Standalone Game
[2019.04.04-14.06.05:854][613]LogSlate: Window 'Save Content' being destroyed
[2019.04.04-14.06.06:118][613]LogSavePackage: Moving 'C:/Users/User/Documents/GitHub/KV6002-Team-Project/KV6002/Saved/FirstPersonExampleMap96D4380243FD0F868FDBF0B648DF4628.tmp' to 'C:/Users/User/Documents/GitHub/KV6002-Team-Project/KV6002/Content/FirstPersonBP/Maps/FirstPersonExampleMap.umap'
[2019.04.04-14.06.06:134][613]LogFileHelpers: Saving map 'FirstPersonExampleMap' took 0.266
[2019.04.04-14.06.41:106][509]BlueprintLog: New page: Compile Radial
[2019.04.04-14.06.41:577][549]Cmd: OBJ SAVEPACKAGE PACKAGE="/Game/FirstPersonBP/Blueprints/Radial" FILE="C:/Users/User/Documents/GitHub/KV6002-Team-Project/KV6002/Content/FirstPersonBP/Blueprints/Radial.uasset" SILENT=true
[2019.04.04-14.06.41:679][549]LogSavePackage: Moving 'C:/Users/User/Documents/GitHub/KV6002-Team-Project/KV6002/Saved/Radial7A1E752F45764BDC086D27AE36D2B47F.tmp' to 'C:/Users/User/Documents/GitHub/KV6002-Team-Project/KV6002/Content/FirstPersonBP/Blueprints/Radial.uasset'
[2019.04.04-14.06.42:096][598]LogTemp: Repeating last play command: Standalone Game
[2019.04.04-14.06.42:941][598]LogSlate: Window 'Save Content' being destroyed
[2019.04.04-14.06.43:198][598]LogSavePackage: Moving 'C:/Users/User/Documents/GitHub/KV6002-Team-Project/KV6002/Saved/FirstPersonExampleMap267C67BE43FEE8E58C10FE838E8C11AE.tmp' to 'C:/Users/User/Documents/GitHub/KV6002-Team-Project/KV6002/Content/FirstPersonBP/Maps/FirstPersonExampleMap.umap'
[2019.04.04-14.06.43:214][598]LogFileHelpers: Saving map 'FirstPersonExampleMap' took 0.260
[2019.04.04-14.07.12:223][132]BlueprintLog: New page: Compile Radial
[2019.04.04-14.07.12:897][195]Cmd: OBJ SAVEPACKAGE PACKAGE="/Game/FirstPersonBP/Blueprints/Radial" FILE="C:/Users/User/Documents/GitHub/KV6002-Team-Project/KV6002/Content/FirstPersonBP/Blueprints/Radial.uasset" SILENT=true
[2019.04.04-14.07.12:999][195]LogSavePackage: Moving 'C:/Users/User/Documents/GitHub/KV6002-Team-Project/KV6002/Saved/Radial9027BDE34E9C74F9CE5F668D9A4251CE.tmp' to 'C:/Users/User/Documents/GitHub/KV6002-Team-Project/KV6002/Content/FirstPersonBP/Blueprints/Radial.uasset'
[2019.04.04-14.07.15:498][494]LogTemp: Repeating last play command: Standalone Game
[2019.04.04-14.07.16:449][494]LogSlate: Window 'Save Content' being destroyed
[2019.04.04-14.07.16:712][494]LogSavePackage: Moving 'C:/Users/User/Documents/GitHub/KV6002-Team-Project/KV6002/Saved/FirstPersonExampleMap6DF836644FC7D091EF9367B8B95DB99E.tmp' to 'C:/Users/User/Documents/GitHub/KV6002-Team-Project/KV6002/Content/FirstPersonBP/Maps/FirstPersonExampleMap.umap'
[2019.04.04-14.07.16:729][494]LogFileHelpers: Saving map 'FirstPersonExampleMap' took 0.267
