Log file open, 04/23/19 14:54:41
LogWindows: Failed to load 'aqProf.dll' (GetLastError=126)
LogWindows: File 'aqProf.dll' does not exist
LogWindows: Failed to load 'VtuneApi.dll' (GetLastError=126)
LogWindows: File 'VtuneApi.dll' does not exist
LogWindows: Failed to load 'VtuneApi32e.dll' (GetLastError=126)
LogWindows: File 'VtuneApi32e.dll' does not exist
LogInit: Display: Running engine for game: KV6002
LogPlatformFile: Not using cached read wrapper
LogTaskGraph: Started task graph with 5 named threads and 23 total threads with 3 sets of task threads.
LogStats: Stats thread started at 0.259948
LogD3D11RHI: Loaded GFSDK_Aftermath_Lib.x64.dll
LogICUInternationalization: Display: ICU TimeZone Detection - Raw Offset: +0:00, Platform Override: ''
LogPluginManager: Mounting plugin Paper2D
LogPluginManager: Mounting plugin AISupport
LogPluginManager: Mounting plugin LightPropagationVolume
LogPluginManager: Mounting plugin CLionSourceCodeAccess
LogPluginManager: Mounting plugin CodeLiteSourceCodeAccess
LogPluginManager: Mounting plugin GitSourceControl
LogPluginManager: Mounting plugin KDevelopSourceCodeAccess
LogPluginManager: Mounting plugin NullSourceCodeAccess
LogPluginManager: Mounting plugin PerforceSourceControl
LogPluginManager: Mounting plugin SubversionSourceControl
LogPluginManager: Mounting plugin UObjectPlugin
LogPluginManager: Mounting plugin VisualStudioCodeSourceCodeAccess
LogPluginManager: Mounting plugin VisualStudioSourceCodeAccess
LogPluginManager: Mounting plugin XCodeSourceCodeAccess
LogPluginManager: Mounting plugin AssetManagerEditor
LogPluginManager: Mounting plugin CryptoKeys
LogPluginManager: Mounting plugin DataValidation
LogPluginManager: Mounting plugin FacialAnimation
LogPluginManager: Mounting plugin GameplayTagsEditor
LogPluginManager: Mounting plugin MacGraphicsSwitching
LogPluginManager: Mounting plugin MeshEditor
LogPluginManager: Mounting plugin MobileLauncherProfileWizard
LogPluginManager: Mounting plugin PluginBrowser
LogPluginManager: Mounting plugin SpeedTreeImporter
LogPluginManager: Mounting plugin DatasmithContent
LogPluginManager: Mounting plugin AlembicImporter
LogPluginManager: Mounting plugin AppleImageUtils
LogPluginManager: Mounting plugin AppleVision
LogPluginManager: Mounting plugin BackChannel
LogPluginManager: Mounting plugin CharacterAI
LogPluginManager: Mounting plugin GeometryCache
LogPluginManager: Mounting plugin HTML5Networking
LogPluginManager: Mounting plugin ProxyLODPlugin
LogPluginManager: Mounting plugin MagicLeap
LogPluginManager: Mounting plugin MagicLeapEmulator
LogPluginManager: Mounting plugin MagicLeapMedia
LogPluginManager: Mounting plugin AndroidMedia
LogPluginManager: Mounting plugin AvfMedia
LogPluginManager: Mounting plugin ImgMedia
LogPluginManager: Mounting plugin LinearTimecode
LogPluginManager: Mounting plugin MediaCompositing
LogPluginManager: Mounting plugin MediaPlayerEditor
LogPluginManager: Mounting plugin WmfMedia
LogPluginManager: Mounting plugin TcpMessaging
LogPluginManager: Mounting plugin UdpMessaging
LogPluginManager: Mounting plugin ActorSequence
LogPluginManager: Mounting plugin LevelSequenceEditor
LogPluginManager: Mounting plugin MatineeToLevelSequence
LogPluginManager: Mounting plugin NetcodeUnitTest
LogPluginManager: Mounting plugin NUTUnrealEngine4
LogPluginManager: Mounting plugin OnlineSubsystemGooglePlay
LogPluginManager: Mounting plugin OnlineSubsystemIOS
LogPluginManager: Mounting plugin OnlineSubsystem
LogPluginManager: Mounting plugin OnlineSubsystemNull
LogPluginManager: Mounting plugin OnlineSubsystemUtils
LogPluginManager: Mounting plugin LauncherChunkInstaller
LogPluginManager: Mounting plugin AndroidDeviceProfileSelector
LogPluginManager: Mounting plugin AndroidMoviePlayer
LogPluginManager: Mounting plugin AndroidPermission
LogPluginManager: Mounting plugin AppleMoviePlayer
LogPluginManager: Mounting plugin ArchVisCharacter
LogPluginManager: Mounting plugin AudioCapture
LogPluginManager: Mounting plugin CableComponent
LogPluginManager: Mounting plugin CustomMeshComponent
LogPluginManager: Mounting plugin EditableMesh
LogPluginManager: Mounting plugin ExampleDeviceProfileSelector
LogPluginManager: Mounting plugin GoogleCloudMessaging
LogPluginManager: Mounting plugin ImmediatePhysics
LogPluginManager: Mounting plugin IOSDeviceProfileSelector
LogPluginManager: Mounting plugin LinuxDeviceProfileSelector
LogPluginManager: Mounting plugin LocationServicesBPLibrary
LogPluginManager: Mounting plugin MobilePatchingUtils
LogPluginManager: Mounting plugin OculusVR
LogPluginManager: Plugin shader directory ../../../Engine/Plugins/Runtime/Oculus/OculusVR/Shaders found
LogPluginManager: Mapping shader source directory ../../../Engine/Plugins/Runtime/Oculus/OculusVR/Shaders to virtual directory /Plugin/OculusVR
LogPluginManager: Mounting plugin PhysXVehicles
LogPluginManager: Mounting plugin ProceduralMeshComponent
LogPluginManager: Mounting plugin RuntimePhysXCooking
LogPluginManager: Mounting plugin SteamVR
LogPluginManager: Mounting plugin WindowsMoviePlayer
LogStreaming: Display: Took  0.080s to configure plugins.
LogInit: Using libcurl 7.55.1-DEV
LogInit:  - built for x86_64-pc-win32
LogInit:  - supports SSL with OpenSSL/1.0.2h
LogInit:  - supports HTTP deflate (compression) using libz 1.2.8
LogInit:  - other features:
LogInit:      CURL_VERSION_SSL
LogInit:      CURL_VERSION_LIBZ
LogInit:      CURL_VERSION_IPV6
LogInit:      CURL_VERSION_ASYNCHDNS
LogInit:      CURL_VERSION_LARGEFILE
LogInit:      CURL_VERSION_IDN
LogInit:  CurlRequestOptions (configurable via config and command line):
LogInit:  - bVerifyPeer = false  - Libcurl will NOT verify peer certificate
LogInit:  - bUseHttpProxy = false  - Libcurl will NOT use HTTP proxy
LogInit:  - bDontReuseConnections = false  - Libcurl will reuse connections
LogInit:  - CertBundlePath = nullptr  - Libcurl will use whatever was configured at build time.
LogInit:  - MaxHostConnections = 16  - Libcurl will limit the number of connections to a host
LogInit:  - LocalHostAddr = Default
LogInit:  - BufferSize = 65536
LogInit: WinSock: version 1.1 (2.2), MaxSocks=32767, MaxUdp=65467
LogInit: Build: ++UE4+Release-4.20-CL-4233996
LogInit: Engine Version: 4.20.1-4233996+++UE4+Release-4.20
LogInit: Compatible Engine Version: 4.20.0-4212847+++UE4+Release-4.20
LogInit: Net CL: 4212847
LogInit: OS: Windows 10 (), CPU: Intel(R) Core(TM) i7-7700K CPU @ 4.20GHz, GPU: NVIDIA GeForce GTX 1080
LogInit: Compiled (64-bit): Jul 26 2018 10:07:30
LogInit: Compiled with Visual C++: 19.13.26129.00
LogInit: Build Configuration: Development
LogInit: Branch Name: ++UE4+Release-4.20
LogInit: Command Line:  
LogInit: Base Directory: D:/EpicGames/UE_4.20/Engine/Binaries/Win64/
LogInit: Installed Engine Build: 1
LogDevObjectVersion: Number of dev versions registered: 20
LogDevObjectVersion:   Dev-Blueprints (B0D832E4-1F89-4F0D-ACCF-7EB736FD4AA2): 10
LogDevObjectVersion:   Dev-Build (E1C64328-A22C-4D53-A36C-8E866417BD8C): 0
LogDevObjectVersion:   Dev-Core (375EC13C-06E4-48FB-B500-84F0262A717E): 2
LogDevObjectVersion:   Dev-Editor (E4B068ED-F494-42E9-A231-DA0B2E46BB41): 24
LogDevObjectVersion:   Dev-Framework (CFFC743F-43B0-4480-9391-14DF171D2073): 34
LogDevObjectVersion:   Dev-Mobile (B02B49B5-BB20-44E9-A304-32B752E40360): 2
LogDevObjectVersion:   Dev-Networking (A4E4105C-59A1-49B5-A7C5-40C4547EDFEE): 0
LogDevObjectVersion:   Dev-Online (39C831C9-5AE6-47DC-9A44-9C173E1C8E7C): 0
LogDevObjectVersion:   Dev-Physics (78F01B33-EBEA-4F98-B9B4-84EACCB95AA2): 0
LogDevObjectVersion:   Dev-Platform (6631380F-2D4D-43E0-8009-CF276956A95A): 0
LogDevObjectVersion:   Dev-Rendering (12F88B9F-8875-4AFC-A67C-D90C383ABD29): 26
LogDevObjectVersion:   Dev-Sequencer (7B5AE74C-D270-4C10-A958-57980B212A5A): 9
LogDevObjectVersion:   Dev-VR (D7296918-1DD6-4BDD-9DE2-64A83CC13884): 2
LogDevObjectVersion:   Dev-LoadTimes (C2A15278-BFE7-4AFE-6C17-90FF531DF755): 1
LogDevObjectVersion:   Private-Geometry (6EACA3D4-40EC-4CC1-B786-8BED09428FC5): 3
LogDevObjectVersion:   Dev-AnimPhys (29E575DD-E0A3-4627-9D10-D276232CDCEA): 17
LogDevObjectVersion:   Dev-ReflectionCapture (6B266CEC-1EC7-4B8F-A30B-E4D90942FC07): 1
LogDevObjectVersion:   Dev-Automation (0DF73D61-A23F-47EA-B727-89E90C41499A): 1
LogDevObjectVersion:   FortniteMain (601D1886-AC64-4F84-AA16-D3DE0DEAC7D6): 12
LogDevObjectVersion:   Dev-Enterprise (9DFFBCD6-494F-0158-E221-12823C92A888): 1
LogStreaming: Display: Took  0.000s to delete old logs.
LogInit: Presizing for max 8388607 objects, including 0 objects not considered by GC, pre-allocating 0 bytes for permanent pool.
LogInit: Object subsystem initialized
[2019.04.23-13.54.42:158][  0]LogInit: Selected Device Profile: [Windows]
[2019.04.23-13.54.42:159][  0]LogInit: Applying CVar settings loaded from the selected device profile: [Windows]
[2019.04.23-13.54.42:179][  0]LogHAL: Display: Platform has ~ 16 GB [17130676224 / 17179869184 / 16], which maps to Larger [LargestMinGB=32, LargerMinGB=12, DefaultMinGB=8, SmallerMinGB=6, SmallestMinGB=0)
[2019.04.23-13.54.42:179][  0]LogInit: Setting Device Profile CVar: [[r.Vulkan.UseRealUBs:1]]
[2019.04.23-13.54.42:179][  0]LogInit: Going up to parent DeviceProfile []
[2019.04.23-13.54.42:180][  0]LogInit: Computer: DESKTOP-5BMDBC3
[2019.04.23-13.54.42:180][  0]LogInit: User: User
[2019.04.23-13.54.42:180][  0]LogInit: CPU Page size=4096, Cores=4
[2019.04.23-13.54.42:180][  0]LogInit: High frequency timer resolution =4.101565 MHz
[2019.04.23-13.54.42:181][  0]LogMemory: Memory total: Physical=16.0GB (16GB approx)
[2019.04.23-13.54.42:181][  0]LogMemory: Platform Memory Stats for Windows
[2019.04.23-13.54.42:181][  0]LogMemory: Process Physical Memory: 100.08 MB used, 100.08 MB peak
[2019.04.23-13.54.42:181][  0]LogMemory: Process Virtual Memory: 91.24 MB used, 91.24 MB peak
[2019.04.23-13.54.42:181][  0]LogMemory: Physical Memory: 4968.69 MB used,  11368.39 MB free, 16337.09 MB total
[2019.04.23-13.54.42:181][  0]LogMemory: Virtual Memory: 4645.41 MB used,  11368.39 MB free, 134217728.00 MB total
[2019.04.23-13.54.42:209][  0]LogInit: Using OS detected language (en-GB).
[2019.04.23-13.54.42:209][  0]LogInit: Using OS detected locale (en-GB).
[2019.04.23-13.54.42:210][  0]LogTextLocalizationManager: No specific localization for 'en-GB' exists, so the 'en' localization will be used.
[2019.04.23-13.54.42:481][  0]LogStreaming: Display: Took  0.272s to InitEngineTextLocalization.
[2019.04.23-13.54.42:481][  0]LogInit: Setting process to per monitor DPI aware
[2019.04.23-13.54.42:511][  0]LogSlate: New Slate User Created.  User Index 0, Is Virtual User: 0
[2019.04.23-13.54.42:511][  0]LogSlate: Slate User Registered.  User Index 0, Is Virtual User: 0
[2019.04.23-13.54.42:648][  0]LogHMD: Failed to initialize OpenVR with code 110
[2019.04.23-13.54.42:649][  0]LogD3D11RHI: D3D11 adapters:
[2019.04.23-13.54.42:703][  0]LogD3D11RHI:    0. 'NVIDIA GeForce GTX 1080' (Feature Level 11_0)
[2019.04.23-13.54.42:704][  0]LogD3D11RHI:       8079/0/8168 MB DedicatedVideo/DedicatedSystem/SharedSystem, Outputs:2, VendorId:0x10de
[2019.04.23-13.54.42:706][  0]LogD3D11RHI:    1. 'Microsoft Basic Render Driver' (Feature Level 11_0)
[2019.04.23-13.54.42:706][  0]LogD3D11RHI:       0/0/8168 MB DedicatedVideo/DedicatedSystem/SharedSystem, Outputs:0, VendorId:0x1414
[2019.04.23-13.54.42:706][  0]LogD3D11RHI: Chosen D3D11 Adapter: 0
[2019.04.23-13.54.42:710][  0]LogD3D11RHI: Creating new Direct3DDevice
[2019.04.23-13.54.42:710][  0]LogD3D11RHI:     GPU DeviceId: 0x1b80 (for the marketing name, search the web for "GPU Device Id")
[2019.04.23-13.54.42:710][  0]LogWindows: EnumDisplayDevices:
[2019.04.23-13.54.42:711][  0]LogWindows:    0. 'NVIDIA GeForce GTX 1080' (P:0 D:1)
[2019.04.23-13.54.42:711][  0]LogWindows:    1. 'NVIDIA GeForce GTX 1080' (P:1 D:1)
[2019.04.23-13.54.42:711][  0]LogWindows:    2. 'NVIDIA GeForce GTX 1080' (P:0 D:0)
[2019.04.23-13.54.42:711][  0]LogWindows:    3. 'NVIDIA GeForce GTX 1080' (P:0 D:0)
[2019.04.23-13.54.42:711][  0]LogWindows: DebugString: FoundDriverCount:4 
[2019.04.23-13.54.42:711][  0]LogD3D11RHI:     Adapter Name: NVIDIA GeForce GTX 1080
[2019.04.23-13.54.42:711][  0]LogD3D11RHI:   Driver Version: 399.07 (internal:24.21.13.9907, unified:399.07)
[2019.04.23-13.54.42:711][  0]LogD3D11RHI:      Driver Date: 8-21-2018
[2019.04.23-13.54.42:711][  0]LogRHI: Texture pool is 5655 MB (70% of 8079 MB)
[2019.04.23-13.54.42:740][  0]LogD3D11RHI: Async texture creation enabled
[2019.04.23-13.54.42:759][  0]LogD3D11RHI: GPU Timing Frequency: 1000.000000 (Debug: 2 2)
[2019.04.23-13.54.42:857][  0]LogShaderCompilers: Guid format shader working directory is -13 characters bigger than the processId version (C:/Users/User/Documents/GitHub/KV6002-Team-Project/KV6002/Intermediate/Shaders/WorkingDirectory/10356/).
[2019.04.23-13.54.42:857][  0]LogShaderCompilers: Cleaned the shader compiler working directory 'C:/Users/User/AppData/Local/Temp/UnrealShaderWorkingDir/E26B6F4A40EF6EE6522020A0144E2DE7/'.
[2019.04.23-13.54.44:239][  0]LogTemp: Display: Loaded TP AllDesktopTargetPlatform
[2019.04.23-13.54.44:250][  0]LogTemp: Display: Loaded TP MacClientTargetPlatform
[2019.04.23-13.54.44:259][  0]LogTemp: Display: Loaded TP MacNoEditorTargetPlatform
[2019.04.23-13.54.44:271][  0]LogTemp: Display: Loaded TP MacServerTargetPlatform
[2019.04.23-13.54.44:287][  0]LogTemp: Display: Loaded TP MacTargetPlatform
[2019.04.23-13.54.44:299][  0]LogTemp: Display: Loaded TP WindowsClientTargetPlatform
[2019.04.23-13.54.44:311][  0]LogTemp: Display: Loaded TP WindowsNoEditorTargetPlatform
[2019.04.23-13.54.44:326][  0]LogTemp: Display: Loaded TP WindowsServerTargetPlatform
[2019.04.23-13.54.44:332][  0]LogTemp: Display: Loaded TP WindowsTargetPlatform
[2019.04.23-13.54.44:398][  0]LogTemp: Display: Loaded TP AndroidTargetPlatform
[2019.04.23-13.54.44:399][  0]LogTemp: Display: Loaded TP AndroidTargetPlatform
[2019.04.23-13.54.44:399][  0]LogTemp: Display: Loaded TP AndroidTargetPlatform
[2019.04.23-13.54.44:399][  0]LogTemp: Display: Loaded TP AndroidTargetPlatform
[2019.04.23-13.54.44:399][  0]LogTemp: Display: Loaded TP AndroidTargetPlatform
[2019.04.23-13.54.44:399][  0]LogTemp: Display: Loaded TP AndroidTargetPlatform
[2019.04.23-13.54.44:399][  0]LogTemp: Display: Loaded TP AndroidTargetPlatform
[2019.04.23-13.54.44:399][  0]LogTemp: Display: Loaded TP AndroidTargetPlatform
[2019.04.23-13.54.44:399][  0]LogTemp: Display: Loaded TP AndroidTargetPlatform
[2019.04.23-13.54.44:399][  0]LogTemp: Display: Loaded TP AndroidTargetPlatform
[2019.04.23-13.54.44:399][  0]LogTemp: Display: Loaded TP AndroidTargetPlatform
[2019.04.23-13.54.44:399][  0]LogTemp: Display: Loaded TP AndroidTargetPlatform
[2019.04.23-13.54.44:399][  0]LogTemp: Display: Loaded TP AndroidTargetPlatform
[2019.04.23-13.54.44:399][  0]LogTemp: Display: Loaded TP AndroidTargetPlatform
[2019.04.23-13.54.44:399][  0]LogTemp: Display: Loaded TP AndroidTargetPlatform
[2019.04.23-13.54.44:399][  0]LogTemp: Display: Loaded TP AndroidTargetPlatform
[2019.04.23-13.54.44:399][  0]LogTemp: Display: Loaded TP AndroidTargetPlatform
[2019.04.23-13.54.44:399][  0]LogTemp: Display: Loaded TP AndroidTargetPlatform
[2019.04.23-13.54.44:400][  0]LogTemp: Display: Loaded TP HTML5TargetPlatform
[2019.04.23-13.54.44:455][  0]LogTemp: Display: Loaded TP IOSTargetPlatform
[2019.04.23-13.54.44:455][  0]LogTemp: Display: Loaded TP IOSTargetPlatform
[2019.04.23-13.54.44:474][  0]LogTemp: Display: Loaded TP TVOSTargetPlatform
[2019.04.23-13.54.44:474][  0]LogTemp: Display: Loaded TP TVOSTargetPlatform
[2019.04.23-13.54.44:486][  0]LogTemp: Display: Loaded TP LinuxClientTargetPlatform
[2019.04.23-13.54.44:496][  0]LogTemp: Display: Loaded TP LinuxNoEditorTargetPlatform
[2019.04.23-13.54.44:507][  0]LogTemp: Display: Loaded TP LinuxServerTargetPlatform
[2019.04.23-13.54.44:517][  0]LogTemp: Display: Loaded TP LinuxTargetPlatform
[2019.04.23-13.54.44:523][  0]LogTemp: Display: Loaded TP LuminTargetPlatform
[2019.04.23-13.54.44:523][  0]LogTargetPlatformManager: Display: Building Assets For Windows
[2019.04.23-13.54.44:557][  0]LogXGEController: Cannot use XGE Controller as Incredibuild is not installed on this machine.
[2019.04.23-13.54.44:557][  0]LogShaderCompilers: Cannot use XGE Shader Compiler as Incredibuild is not installed on this machine.
[2019.04.23-13.54.44:557][  0]LogShaderCompilers: Display: Using Local Shader Compiler.
[2019.04.23-13.54.45:146][  0]LogDerivedDataCache: Display: Max Cache Size: 512 MB
[2019.04.23-13.54.45:189][  0]LogDerivedDataCache: Loaded boot cache 0.04s 71MB C:/Users/User/AppData/Local/UnrealEngine/4.20/DerivedDataCache/Boot.ddc.
[2019.04.23-13.54.45:189][  0]LogDerivedDataCache: Display: Loaded Boot cache: C:/Users/User/AppData/Local/UnrealEngine/4.20/DerivedDataCache/Boot.ddc
[2019.04.23-13.54.45:189][  0]LogDerivedDataCache: FDerivedDataBackendGraph:  Pak pak cache file C:/Users/User/Documents/GitHub/KV6002-Team-Project/KV6002/DerivedDataCache/DDC.ddp not found, will not use a pak cache.
[2019.04.23-13.54.45:189][  0]LogDerivedDataCache: Unable to find inner node Pak for hierarchical cache Hierarchy.
[2019.04.23-13.54.45:189][  0]LogDerivedDataCache: FDerivedDataBackendGraph:  CompressedPak pak cache file C:/Users/User/Documents/GitHub/KV6002-Team-Project/KV6002/DerivedDataCache/Compressed.ddp not found, will not use a pak cache.
[2019.04.23-13.54.45:189][  0]LogDerivedDataCache: Unable to find inner node CompressedPak for hierarchical cache Hierarchy.
[2019.04.23-13.54.45:200][  0]LogDerivedDataCache: Display: Pak cache opened for reading ../../../Engine/DerivedDataCache/Compressed.ddp.
[2019.04.23-13.54.45:212][  0]LogDerivedDataCache: Using Local data cache path C:/Users/User/AppData/Local/UnrealEngine/Common/DerivedDataCache: Writable
[2019.04.23-13.54.45:212][  0]LogDerivedDataCache: Shared data cache path not found in *engine.ini, will not use an Shared cache.
[2019.04.23-13.54.45:212][  0]LogDerivedDataCache: Unable to find inner node Shared for hierarchical cache Hierarchy.
[2019.04.23-13.54.45:225][  0]LogMaterial: Verifying Global Shaders for PCD3D_SM5
[2019.04.23-13.54.45:226][  0]LogSlate: Using FreeType 2.6.0
[2019.04.23-13.54.45:227][  0]LogSlate: SlateFontServices - WITH_FREETYPE: 1, WITH_HARFBUZZ: 1
[2019.04.23-13.54.45:287][  0]LogAssetRegistry: FAssetRegistry took 0.0255 seconds to start up
[2019.04.23-13.54.45:513][  0]LogInit: Selected Device Profile: [Windows]
[2019.04.23-13.54.45:600][  0]LogSimplygon: Simplygon DLL not present - disabling.
[2019.04.23-13.54.45:602][  0]LogMeshReduction: Using SimplygonSwarm for distributed automatic mesh merging
[2019.04.23-13.54.45:602][  0]LogMeshReduction: Using ProxyLODMeshReduction for automatic mesh merging
[2019.04.23-13.54.45:602][  0]LogMeshReduction: Using QuadricMeshReduction for automatic static mesh reduction
[2019.04.23-13.54.45:602][  0]LogMeshReduction: No automatic skeletal mesh reduction module available
[2019.04.23-13.54.45:613][  0]LogNetVersion: KV6002 1.0.0, NetCL: 4212847, EngineNetVer: 5, GameNetVer: 0 (Checksum: 2502700519)
[2019.04.23-13.54.45:964][  0]LogPackageLocalizationCache: Processed 11 localized package path(s) for 2 prioritized culture(s) in 0.070149 seconds
[2019.04.23-13.54.45:969][  0]LogUObjectArray: 38425 objects as part of root set at end of initial load.
[2019.04.23-13.54.45:969][  0]LogUObjectAllocator: 6690864 out of 0 bytes used by permanent object pool.
[2019.04.23-13.54.45:969][  0]LogUObjectArray: CloseDisregardForGC: 0/0 objects in disregard for GC pool
[2019.04.23-13.54.46:584][  0]LogTcpMessaging: Initializing TcpMessaging bridge
[2019.04.23-13.54.46:596][  0]LogUdpMessaging: Initializing bridge on interface 0.0.0.0:0 to multicast group 230.0.0.1:6666.
[2019.04.23-13.54.46:751][  0]SourceControl: Source control is disabled
[2019.04.23-13.54.46:751][  0]SourceControl: Source control is disabled
[2019.04.23-13.54.46:752][  0]SourceControl: Source control is disabled
[2019.04.23-13.54.46:753][  0]SourceControl: Source control is disabled
[2019.04.23-13.54.46:907][  0]LogAndroidPermission: UAndroidPermissionCallbackProxy::GetInstance
[2019.04.23-13.54.47:025][  0]LogOcInput: OculusInput pre-init called
[2019.04.23-13.54.47:074][  0]LogEngine: Initializing Engine...
[2019.04.23-13.54.47:075][  0]LogHMD: Failed to initialize OpenVR with code 110
[2019.04.23-13.54.47:076][  0]LogStats: UGameplayTagsManager::ConstructGameplayTagTree: ImportINI prefixes -  0.000 s
[2019.04.23-13.54.47:076][  0]LogStats: UGameplayTagsManager::ConstructGameplayTagTree: Construct from data asset -  0.000 s
[2019.04.23-13.54.47:076][  0]LogStats: UGameplayTagsManager::ConstructGameplayTagTree: ImportINI -  0.000 s
[2019.04.23-13.54.47:076][  0]LogStats: UGameplayTagsManager::ConstructGameplayTagTree: GameplayTagTreeChangedEvent.Broadcast -  0.000 s
[2019.04.23-13.54.47:218][  0]LogInit: Initializing FReadOnlyCVARCache
[2019.04.23-13.54.47:227][  0]LogAIModule: Creating AISystem for world Untitled
[2019.04.23-13.54.47:251][  0]LogInit: XAudio2 using 'Speakers (2- USB Audio Device)' : 2 channels at 48 kHz using 16 bits per sample (channel mask 0x3)
[2019.04.23-13.54.47:261][  0]LogInit: FAudioDevice initialized.
[2019.04.23-13.54.47:261][  0]LogNetVersion: Set ProjectVersion to 1.0.0.0. Version Checksum will be recalculated on next use.
[2019.04.23-13.54.47:328][  0]LogDerivedDataCache: Saved boot cache 0.07s 71MB C:/Users/User/AppData/Local/UnrealEngine/4.20/DerivedDataCache/Boot.ddc.
[2019.04.23-13.54.47:334][  0]LogInit: Texture streaming: Enabled
[2019.04.23-13.54.47:352][  0]LogEngineSessionManager: EngineSessionManager initialized
[2019.04.23-13.54.47:361][  0]LogInit: Transaction tracking system initialized
[2019.04.23-13.54.47:372][  0]BlueprintLog: New page: Editor Load
[2019.04.23-13.54.47:416][  0]LocalizationService: Localization service is disabled
[2019.04.23-13.54.47:580][  0]LogCook: Display: Max memory allowance for cook 16384mb min free memory 0mb
[2019.04.23-13.54.47:580][  0]LogCook: Display: Mobile HDR setting 1
[2019.04.23-13.54.47:580][  0]LogGameplayTags: Display: UGameplayTagsManager::DoneAddingNativeTags. DelegateIsBound: 0
[2019.04.23-13.54.47:580][  0]LogStats: UGameplayTagsManager::ConstructGameplayTagTree: ImportINI prefixes -  0.000 s
[2019.04.23-13.54.47:580][  0]LogStats: UGameplayTagsManager::ConstructGameplayTagTree: Construct from data asset -  0.000 s
[2019.04.23-13.54.47:580][  0]LogStats: UGameplayTagsManager::ConstructGameplayTagTree: ImportINI -  0.000 s
[2019.04.23-13.54.47:580][  0]LogStats: UGameplayTagsManager::ConstructGameplayTagTree: GameplayTagTreeChangedEvent.Broadcast -  0.000 s
[2019.04.23-13.54.47:655][  0]LogFileCache: Scanning file cache for directory 'C:/Users/User/Documents/GitHub/KV6002-Team-Project/KV6002/Content/' took 0.02s
[2019.04.23-13.54.47:655][  0]SourceControl: Source control is disabled
[2019.04.23-13.54.47:655][  0]Cmd: MAP LOAD FILE="C:/Users/User/Documents/GitHub/KV6002-Team-Project/KV6002/Content/FirstPersonBP/Maps/FirstPersonExampleMap.umap" TEMPLATE=0 SHOWPROGRESS=1 FEATURELEVEL=3
[2019.04.23-13.54.47:655][  0]LightingResults: New page: Lighting Build
[2019.04.23-13.54.47:656][  0]MapCheck: New page: Map Check
[2019.04.23-13.54.47:656][  0]LightingResults: New page: Lighting Build
[2019.04.23-13.54.48:687][  0]LogLinker: Warning: Can't find file '/Game/KiteDemo/Environments/GroundTiles/AlpinePatch001/T_AlpinePatch001_N'
[2019.04.23-13.54.48:687][  0]LogLinker: Warning: Can't find file for asset '/Game/KiteDemo/Environments/GroundTiles/AlpinePatch001/T_AlpinePatch001_N' while loading C:/Users/User/Documents/GitHub/KV6002-Team-Project/KV6002/Content/FirstPersonBP/Maps/Landscape/Textures/T_AlpinePatch001_D_R.uasset.
[2019.04.23-13.54.48:687][  0]LoadErrors: Error: /Game/FirstPersonBP/Maps/Landscape/Textures/T_AlpinePatch001_D_R : Can't find file for asset. /Game/KiteDemo/Environments/GroundTiles/AlpinePatch001/T_AlpinePatch001_N
[2019.04.23-13.54.48:687][  0]LogLinker: Warning: Can't find file '/Game/KiteDemo/Environments/GroundTiles/AlpinePatch001/T_AlpinePatch001_N'
[2019.04.23-13.54.48:687][  0]LogLinker: Warning: Can't find file for asset '/Game/KiteDemo/Environments/GroundTiles/AlpinePatch001/T_AlpinePatch001_N' while loading C:/Users/User/Documents/GitHub/KV6002-Team-Project/KV6002/Content/FirstPersonBP/Maps/Landscape/Textures/T_AlpinePatch001_D_R.uasset.
[2019.04.23-13.54.48:687][  0]LoadErrors: Error: /Game/FirstPersonBP/Maps/Landscape/Textures/T_AlpinePatch001_D_R : Can't find file for asset. /Game/KiteDemo/Environments/GroundTiles/AlpinePatch001/T_AlpinePatch001_N
[2019.04.23-13.54.48:689][  0]LogLinker: Warning: Can't find file '/Game/KiteDemo/Environments/GroundTiles/Grass/T_Ground_Grass_N'
[2019.04.23-13.54.48:689][  0]LogLinker: Warning: Can't find file for asset '/Game/KiteDemo/Environments/GroundTiles/Grass/T_Ground_Grass_N' while loading C:/Users/User/Documents/GitHub/KV6002-Team-Project/KV6002/Content/FirstPersonBP/Maps/Landscape/Textures/T_GDC_Grass01_D_NoisyAlpha.uasset.
[2019.04.23-13.54.48:689][  0]LoadErrors: Error: /Game/FirstPersonBP/Maps/Landscape/Textures/T_GDC_Grass01_D_NoisyAlpha : Can't find file for asset. /Game/KiteDemo/Environments/GroundTiles/Grass/T_Ground_Grass_N
[2019.04.23-13.54.48:689][  0]LogLinker: Warning: Can't find file '/Game/KiteDemo/Environments/GroundTiles/Grass/T_Ground_Grass_N'
[2019.04.23-13.54.48:689][  0]LogLinker: Warning: Can't find file for asset '/Game/KiteDemo/Environments/GroundTiles/Grass/T_Ground_Grass_N' while loading C:/Users/User/Documents/GitHub/KV6002-Team-Project/KV6002/Content/FirstPersonBP/Maps/Landscape/Textures/T_GDC_Grass01_D_NoisyAlpha.uasset.
[2019.04.23-13.54.48:689][  0]LoadErrors: Error: /Game/FirstPersonBP/Maps/Landscape/Textures/T_GDC_Grass01_D_NoisyAlpha : Can't find file for asset. /Game/KiteDemo/Environments/GroundTiles/Grass/T_Ground_Grass_N
[2019.04.23-13.54.48:690][  0]LogLinker: Warning: Can't find file '/Game/KiteDemo/Environments/GroundTiles/RockFace003/T_GDC_RockFace003_N'
[2019.04.23-13.54.48:690][  0]LogLinker: Warning: Can't find file for asset '/Game/KiteDemo/Environments/GroundTiles/RockFace003/T_GDC_RockFace003_N' while loading C:/Users/User/Documents/GitHub/KV6002-Team-Project/KV6002/Content/FirstPersonBP/Maps/Landscape/Textures/T_GDC_RockFace003_D_R.uasset.
[2019.04.23-13.54.48:690][  0]LoadErrors: Error: /Game/FirstPersonBP/Maps/Landscape/Textures/T_GDC_RockFace003_D_R : Can't find file for asset. /Game/KiteDemo/Environments/GroundTiles/RockFace003/T_GDC_RockFace003_N
[2019.04.23-13.54.48:690][  0]LogLinker: Warning: Can't find file '/Game/KiteDemo/Environments/GroundTiles/RockFace003/T_GDC_RockFace003_N'
[2019.04.23-13.54.48:691][  0]LogLinker: Warning: Can't find file for asset '/Game/KiteDemo/Environments/GroundTiles/RockFace003/T_GDC_RockFace003_N' while loading C:/Users/User/Documents/GitHub/KV6002-Team-Project/KV6002/Content/FirstPersonBP/Maps/Landscape/Textures/T_GDC_RockFace003_D_R.uasset.
[2019.04.23-13.54.48:691][  0]LoadErrors: Error: /Game/FirstPersonBP/Maps/Landscape/Textures/T_GDC_RockFace003_D_R : Can't find file for asset. /Game/KiteDemo/Environments/GroundTiles/RockFace003/T_GDC_RockFace003_N
[2019.04.23-13.54.48:692][  0]LogLinker: Warning: Can't find file '/Game/KiteDemo/Environments/GroundTiles/LeafyPath/T_GDC_Tiling_LeafPath_N'
[2019.04.23-13.54.48:692][  0]LogLinker: Warning: Can't find file for asset '/Game/KiteDemo/Environments/GroundTiles/LeafyPath/T_GDC_Tiling_LeafPath_N' while loading C:/Users/User/Documents/GitHub/KV6002-Team-Project/KV6002/Content/FirstPersonBP/Maps/Landscape/Textures/T_GDC_Tiling_LeafPath_D_R.uasset.
[2019.04.23-13.54.48:692][  0]LoadErrors: Error: /Game/FirstPersonBP/Maps/Landscape/Textures/T_GDC_Tiling_LeafPath_D_R : Can't find file for asset. /Game/KiteDemo/Environments/GroundTiles/LeafyPath/T_GDC_Tiling_LeafPath_N
[2019.04.23-13.54.48:693][  0]LogLinker: Warning: Can't find file '/Game/KiteDemo/Environments/GroundTiles/LeafyPath/T_GDC_Tiling_LeafPath_N'
[2019.04.23-13.54.48:693][  0]LogLinker: Warning: Can't find file for asset '/Game/KiteDemo/Environments/GroundTiles/LeafyPath/T_GDC_Tiling_LeafPath_N' while loading C:/Users/User/Documents/GitHub/KV6002-Team-Project/KV6002/Content/FirstPersonBP/Maps/Landscape/Textures/T_GDC_Tiling_LeafPath_D_R.uasset.
[2019.04.23-13.54.48:693][  0]LoadErrors: Error: /Game/FirstPersonBP/Maps/Landscape/Textures/T_GDC_Tiling_LeafPath_D_R : Can't find file for asset. /Game/KiteDemo/Environments/GroundTiles/LeafyPath/T_GDC_Tiling_LeafPath_N
[2019.04.23-13.54.48:695][  0]LogLinker: Warning: Can't find file '/Game/KiteDemo/Environments/GroundTiles/LavaFlow002/T_Tiling_LavaFlow002_N'
[2019.04.23-13.54.48:696][  0]LogLinker: Warning: Can't find file for asset '/Game/KiteDemo/Environments/GroundTiles/LavaFlow002/T_Tiling_LavaFlow002_N' while loading C:/Users/User/Documents/GitHub/KV6002-Team-Project/KV6002/Content/FirstPersonBP/Maps/Landscape/Textures/T_LavaFlow002_D_R.uasset.
[2019.04.23-13.54.48:696][  0]LoadErrors: Error: /Game/FirstPersonBP/Maps/Landscape/Textures/T_LavaFlow002_D_R : Can't find file for asset. /Game/KiteDemo/Environments/GroundTiles/LavaFlow002/T_Tiling_LavaFlow002_N
[2019.04.23-13.54.48:696][  0]LogLinker: Warning: Can't find file '/Game/KiteDemo/Environments/GroundTiles/LavaFlow002/T_Tiling_LavaFlow002_N'
[2019.04.23-13.54.48:696][  0]LogLinker: Warning: Can't find file for asset '/Game/KiteDemo/Environments/GroundTiles/LavaFlow002/T_Tiling_LavaFlow002_N' while loading C:/Users/User/Documents/GitHub/KV6002-Team-Project/KV6002/Content/FirstPersonBP/Maps/Landscape/Textures/T_LavaFlow002_D_R.uasset.
[2019.04.23-13.54.48:696][  0]LoadErrors: Error: /Game/FirstPersonBP/Maps/Landscape/Textures/T_LavaFlow002_D_R : Can't find file for asset. /Game/KiteDemo/Environments/GroundTiles/LavaFlow002/T_Tiling_LavaFlow002_N
[2019.04.23-13.54.48:714][  0]LogLinker: Warning: Can't find file '/Game/scifi_kitbash/textures/T_Floor05_A'
[2019.04.23-13.54.48:714][  0]LogLinker: Warning: Can't find file for asset '/Game/scifi_kitbash/textures/T_Floor05_A' while loading C:/Users/User/Documents/GitHub/KV6002-Team-Project/KV6002/Content/scifi_kitbash/materials/MI_Floor05.uasset.
[2019.04.23-13.54.48:714][  0]LoadErrors: Error: /Game/scifi_kitbash/materials/MI_Floor05 : Can't find file for asset. /Game/scifi_kitbash/textures/T_Floor05_A
[2019.04.23-13.54.48:716][  0]LogLinker: Warning: Can't find file '/Game/scifi_kitbash/textures/T_Floor05_A'
[2019.04.23-13.54.48:716][  0]LogLinker: Warning: Can't find file for asset '/Game/scifi_kitbash/textures/T_Floor05_A' while loading C:/Users/User/Documents/GitHub/KV6002-Team-Project/KV6002/Content/scifi_kitbash/materials/MI_Floor05.uasset.
[2019.04.23-13.54.48:716][  0]LoadErrors: Error: /Game/scifi_kitbash/materials/MI_Floor05 : Can't find file for asset. /Game/scifi_kitbash/textures/T_Floor05_A
[2019.04.23-13.54.48:746][  0]LogLinker: Warning: Can't find file '/Game/KiteDemo/Environments/Foliage/BogMyrtle_01/BogMyrtle_01'
[2019.04.23-13.54.48:746][  0]LogLinker: Warning: Can't find file for asset '/Game/KiteDemo/Environments/Foliage/BogMyrtle_01/BogMyrtle_01' while loading C:/Users/User/Documents/GitHub/KV6002-Team-Project/KV6002/Content/FirstPersonBP/Maps/FirstPersonExampleMap.umap.
[2019.04.23-13.54.48:746][  0]LoadErrors: Error: /Game/FirstPersonBP/Maps/FirstPersonExampleMap : Can't find file for asset. /Game/KiteDemo/Environments/Foliage/BogMyrtle_01/BogMyrtle_01
[2019.04.23-13.54.48:746][  0]LogLinker: Warning: Can't find file '/Game/KiteDemo/Environments/Foliage/BogMyrtleBush_01/BogMyrtleBush_01'
[2019.04.23-13.54.48:746][  0]LogLinker: Warning: Can't find file for asset '/Game/KiteDemo/Environments/Foliage/BogMyrtleBush_01/BogMyrtleBush_01' while loading C:/Users/User/Documents/GitHub/KV6002-Team-Project/KV6002/Content/FirstPersonBP/Maps/FirstPersonExampleMap.umap.
[2019.04.23-13.54.48:746][  0]LoadErrors: Error: /Game/FirstPersonBP/Maps/FirstPersonExampleMap : Can't find file for asset. /Game/KiteDemo/Environments/Foliage/BogMyrtleBush_01/BogMyrtleBush_01
[2019.04.23-13.54.48:860][  0]LogLinker: Warning: Can't find file '/Game/KiteDemo/Environments/Foliage/BogMyrtle_01/BogMyrtle_01'
[2019.04.23-13.54.48:860][  0]LogLinker: Warning: Can't find file for asset '/Game/KiteDemo/Environments/Foliage/BogMyrtle_01/BogMyrtle_01' while loading C:/Users/User/Documents/GitHub/KV6002-Team-Project/KV6002/Content/FirstPersonBP/Maps/FirstPersonExampleMap.umap.
[2019.04.23-13.54.48:860][  0]LoadErrors: Error: /Game/FirstPersonBP/Maps/FirstPersonExampleMap : Can't find file for asset. /Game/KiteDemo/Environments/Foliage/BogMyrtle_01/BogMyrtle_01
[2019.04.23-13.54.48:860][  0]LogLinker: Warning: Can't find file '/Game/KiteDemo/Environments/Foliage/BogMyrtleBush_01/BogMyrtleBush_01'
[2019.04.23-13.54.48:860][  0]LogLinker: Warning: Can't find file for asset '/Game/KiteDemo/Environments/Foliage/BogMyrtleBush_01/BogMyrtleBush_01' while loading C:/Users/User/Documents/GitHub/KV6002-Team-Project/KV6002/Content/FirstPersonBP/Maps/FirstPersonExampleMap.umap.
[2019.04.23-13.54.48:860][  0]LoadErrors: Error: /Game/FirstPersonBP/Maps/FirstPersonExampleMap : Can't find file for asset. /Game/KiteDemo/Environments/Foliage/BogMyrtleBush_01/BogMyrtleBush_01
[2019.04.23-13.54.48:866][  0]LogLinker: Warning: Can't find file '/Game/KiteDemo/Environments/Foliage/BogMyrtle_01/BogMyrtle_01'
[2019.04.23-13.54.48:866][  0]LogLinker: Warning: Can't find file for asset '/Game/KiteDemo/Environments/Foliage/BogMyrtle_01/BogMyrtle_01' while loading NULL.
[2019.04.23-13.54.48:866][  0]LogLinker: Warning: Can't find file '/Game/KiteDemo/Environments/Foliage/BogMyrtleBush_01/BogMyrtleBush_01'
[2019.04.23-13.54.48:866][  0]LogLinker: Warning: Can't find file for asset '/Game/KiteDemo/Environments/Foliage/BogMyrtleBush_01/BogMyrtleBush_01' while loading NULL.
[2019.04.23-13.54.48:866][  0]LogLinker: Warning: Can't find file '/Game/KiteDemo/Environments/Foliage/BogMyrtle_01/BogMyrtle_01'
[2019.04.23-13.54.48:866][  0]LogLinker: Warning: Can't find file for asset '/Game/KiteDemo/Environments/Foliage/BogMyrtle_01/BogMyrtle_01' while loading NULL.
[2019.04.23-13.54.48:866][  0]LogLinker: Warning: Can't find file '/Game/KiteDemo/Environments/Foliage/BogMyrtleBush_01/BogMyrtleBush_01'
[2019.04.23-13.54.48:866][  0]LogLinker: Warning: Can't find file for asset '/Game/KiteDemo/Environments/Foliage/BogMyrtleBush_01/BogMyrtleBush_01' while loading NULL.
[2019.04.23-13.54.49:116][  0]LogLinker: Warning: Can't find file '/Game/KiteDemo/Environments/Foliage/BogMyrtle_01/BogMyrtle_01'
[2019.04.23-13.54.49:116][  0]LoadErrors: Failed to load /Game/KiteDemo/Environments/Foliage/BogMyrtle_01/BogMyrtle_01.BogMyrtle_01 Referenced by FoliageInstancedStaticMeshComponent_0
[2019.04.23-13.54.49:117][  0]LogLinker: Warning: Can't find file for asset '/Game/KiteDemo/Environments/Foliage/BogMyrtle_01/BogMyrtle_01' while loading NULL.
[2019.04.23-13.54.49:117][  0]LoadErrors: Failed to load /Game/KiteDemo/Environments/Foliage/BogMyrtle_01/BogMyrtle_01.BogMyrtle_01 Referenced by FoliageInstancedStaticMeshComponent_0
[2019.04.23-13.54.49:117][  0]LogLinker: Warning: Can't find file '/Game/KiteDemo/Environments/Foliage/BogMyrtleBush_01/BogMyrtleBush_01'
[2019.04.23-13.54.49:117][  0]LoadErrors: Failed to load /Game/KiteDemo/Environments/Foliage/BogMyrtleBush_01/BogMyrtleBush_01.BogMyrtleBush_01 Referenced by FoliageInstancedStaticMeshComponent_1
[2019.04.23-13.54.49:117][  0]LogLinker: Warning: Can't find file for asset '/Game/KiteDemo/Environments/Foliage/BogMyrtleBush_01/BogMyrtleBush_01' while loading NULL.
[2019.04.23-13.54.49:117][  0]LoadErrors: Failed to load /Game/KiteDemo/Environments/Foliage/BogMyrtleBush_01/BogMyrtleBush_01.BogMyrtleBush_01 Referenced by FoliageInstancedStaticMeshComponent_1
[2019.04.23-13.54.49:117][  0]LogLinker: Warning: Can't find file '/Game/KiteDemo/Environments/Foliage/BogMyrtle_01/BogMyrtle_01'
[2019.04.23-13.54.49:117][  0]LoadErrors: Failed to load /Game/KiteDemo/Environments/Foliage/BogMyrtle_01/BogMyrtle_01.BogMyrtle_01 Referenced by FoliageType_InstancedStaticMesh_0
[2019.04.23-13.54.49:117][  0]LogLinker: Warning: Can't find file for asset '/Game/KiteDemo/Environments/Foliage/BogMyrtle_01/BogMyrtle_01' while loading NULL.
[2019.04.23-13.54.49:117][  0]LoadErrors: Failed to load /Game/KiteDemo/Environments/Foliage/BogMyrtle_01/BogMyrtle_01.BogMyrtle_01 Referenced by FoliageType_InstancedStaticMesh_0
[2019.04.23-13.54.49:118][  0]LogLinker: Warning: Can't find file '/Game/KiteDemo/Environments/Foliage/BogMyrtleBush_01/BogMyrtleBush_01'
[2019.04.23-13.54.49:118][  0]LoadErrors: Failed to load /Game/KiteDemo/Environments/Foliage/BogMyrtleBush_01/BogMyrtleBush_01.BogMyrtleBush_01 Referenced by FoliageType_InstancedStaticMesh_1
[2019.04.23-13.54.49:118][  0]LogLinker: Warning: Can't find file for asset '/Game/KiteDemo/Environments/Foliage/BogMyrtleBush_01/BogMyrtleBush_01' while loading NULL.
[2019.04.23-13.54.49:118][  0]LoadErrors: Failed to load /Game/KiteDemo/Environments/Foliage/BogMyrtleBush_01/BogMyrtleBush_01.BogMyrtleBush_01 Referenced by FoliageType_InstancedStaticMesh_1
[2019.04.23-13.54.49:364][  0]LogLinker: Warning: Can't find file '/Game/scifi_kitbash/textures/T_Floor05_A'
[2019.04.23-13.54.49:364][  0]LoadErrors: Failed to load /Game/scifi_kitbash/textures/T_Floor05_A.T_Floor05_A Referenced by MI_Floor05
[2019.04.23-13.54.49:364][  0]LogLinker: Warning: Can't find file for asset '/Game/scifi_kitbash/textures/T_Floor05_A' while loading NULL.
[2019.04.23-13.54.49:365][  0]LoadErrors: Failed to load /Game/scifi_kitbash/textures/T_Floor05_A.T_Floor05_A Referenced by MI_Floor05
[2019.04.23-13.54.49:374][  0]LogLinker: Warning: Can't find file '/Game/KiteDemo/Environments/GroundTiles/LavaFlow002/T_Tiling_LavaFlow002_N'
[2019.04.23-13.54.49:374][  0]LoadErrors: Failed to load /Game/KiteDemo/Environments/GroundTiles/LavaFlow002/T_Tiling_LavaFlow002_N.T_Tiling_LavaFlow002_N Referenced by T_LavaFlow002_D_R
[2019.04.23-13.54.49:374][  0]LogLinker: Warning: Can't find file for asset '/Game/KiteDemo/Environments/GroundTiles/LavaFlow002/T_Tiling_LavaFlow002_N' while loading NULL.
[2019.04.23-13.54.49:374][  0]LoadErrors: Failed to load /Game/KiteDemo/Environments/GroundTiles/LavaFlow002/T_Tiling_LavaFlow002_N.T_Tiling_LavaFlow002_N Referenced by T_LavaFlow002_D_R
[2019.04.23-13.54.49:376][  0]LogLinker: Warning: Can't find file '/Game/KiteDemo/Environments/GroundTiles/LeafyPath/T_GDC_Tiling_LeafPath_N'
[2019.04.23-13.54.49:376][  0]LoadErrors: Failed to load /Game/KiteDemo/Environments/GroundTiles/LeafyPath/T_GDC_Tiling_LeafPath_N.T_GDC_Tiling_LeafPath_N Referenced by T_GDC_Tiling_LeafPath_D_R
[2019.04.23-13.54.49:376][  0]LogLinker: Warning: Can't find file for asset '/Game/KiteDemo/Environments/GroundTiles/LeafyPath/T_GDC_Tiling_LeafPath_N' while loading NULL.
[2019.04.23-13.54.49:376][  0]LoadErrors: Failed to load /Game/KiteDemo/Environments/GroundTiles/LeafyPath/T_GDC_Tiling_LeafPath_N.T_GDC_Tiling_LeafPath_N Referenced by T_GDC_Tiling_LeafPath_D_R
[2019.04.23-13.54.49:377][  0]LogLinker: Warning: Can't find file '/Game/KiteDemo/Environments/GroundTiles/RockFace003/T_GDC_RockFace003_N'
[2019.04.23-13.54.49:377][  0]LoadErrors: Failed to load /Game/KiteDemo/Environments/GroundTiles/RockFace003/T_GDC_RockFace003_N.T_GDC_RockFace003_N Referenced by T_GDC_RockFace003_D_R
[2019.04.23-13.54.49:377][  0]LogLinker: Warning: Can't find file for asset '/Game/KiteDemo/Environments/GroundTiles/RockFace003/T_GDC_RockFace003_N' while loading NULL.
[2019.04.23-13.54.49:377][  0]LoadErrors: Failed to load /Game/KiteDemo/Environments/GroundTiles/RockFace003/T_GDC_RockFace003_N.T_GDC_RockFace003_N Referenced by T_GDC_RockFace003_D_R
[2019.04.23-13.54.49:377][  0]LogLinker: Warning: Can't find file '/Game/KiteDemo/Environments/GroundTiles/Grass/T_Ground_Grass_N'
[2019.04.23-13.54.49:377][  0]LoadErrors: Failed to load /Game/KiteDemo/Environments/GroundTiles/Grass/T_Ground_Grass_N.T_Ground_Grass_N Referenced by T_GDC_Grass01_D_NoisyAlpha
[2019.04.23-13.54.49:378][  0]LogLinker: Warning: Can't find file for asset '/Game/KiteDemo/Environments/GroundTiles/Grass/T_Ground_Grass_N' while loading NULL.
[2019.04.23-13.54.49:378][  0]LoadErrors: Failed to load /Game/KiteDemo/Environments/GroundTiles/Grass/T_Ground_Grass_N.T_Ground_Grass_N Referenced by T_GDC_Grass01_D_NoisyAlpha
[2019.04.23-13.54.49:379][  0]LogLinker: Warning: Can't find file '/Game/KiteDemo/Environments/GroundTiles/AlpinePatch001/T_AlpinePatch001_N'
[2019.04.23-13.54.49:379][  0]LoadErrors: Failed to load /Game/KiteDemo/Environments/GroundTiles/AlpinePatch001/T_AlpinePatch001_N.T_AlpinePatch001_N Referenced by T_AlpinePatch001_D_R
[2019.04.23-13.54.49:379][  0]LogLinker: Warning: Can't find file for asset '/Game/KiteDemo/Environments/GroundTiles/AlpinePatch001/T_AlpinePatch001_N' while loading NULL.
[2019.04.23-13.54.49:379][  0]LoadErrors: Failed to load /Game/KiteDemo/Environments/GroundTiles/AlpinePatch001/T_AlpinePatch001_N.T_AlpinePatch001_N Referenced by T_AlpinePatch001_D_R
[2019.04.23-13.54.50:719][  0]LogAIModule: Creating AISystem for world FirstPersonExampleMap
[2019.04.23-13.54.50:849][  0]LogEditorServer: Finished looking for orphan Actors (0.000 secs)
[2019.04.23-13.54.50:901][  0]Cmd: MAP CHECKDEP NOCLEARLOG
[2019.04.23-13.54.51:121][  0]MapCheck: Map check complete: 0 Error(s), 0 Warning(s), took 219.566ms to complete.
[2019.04.23-13.54.51:121][  0]LogFileHelpers: Loading map 'FirstPersonExampleMap' took 3.466
[2019.04.23-13.54.51:270][  0]LogSlate: Updating window title bar state: overlay mode, drag disabled, window buttons hidden, title bar hidden
[2019.04.23-13.54.51:277][  0]LogSlate: Updating window title bar state: overlay mode, drag disabled, window buttons hidden, title bar hidden
[2019.04.23-13.54.51:283][  0]LogSlate: Updating window title bar state: overlay mode, drag disabled, window buttons hidden, title bar hidden
[2019.04.23-13.54.51:290][  0]LogSlate: Updating window title bar state: overlay mode, drag disabled, window buttons hidden, title bar hidden
[2019.04.23-13.54.51:293][  0]LogCollectionManager: Loaded 0 collections in 0.000806 seconds
[2019.04.23-13.54.51:344][  0]LogFileCache: Scanning file cache for directory 'C:/Users/User/Documents/GitHub/KV6002-Team-Project/KV6002/Saved/Collections/' took 0.01s
[2019.04.23-13.54.51:344][  0]LogFileCache: Scanning file cache for directory 'C:/Users/User/Documents/GitHub/KV6002-Team-Project/KV6002/Content/Developers/User/Collections/' took 0.01s
[2019.04.23-13.54.51:344][  0]LogFileCache: Scanning file cache for directory 'C:/Users/User/Documents/GitHub/KV6002-Team-Project/KV6002/Content/Collections/' took 0.01s
[2019.04.23-13.54.51:344][  0]LogCollectionManager: Rebuilt the GUID cache for 0 collections in 0.000001 seconds
[2019.04.23-13.54.51:363][  0]LogContentBrowser: Native class hierarchy populated in 0.0182 seconds. Added 2579 classes and 605 folders.
[2019.04.23-13.54.51:372][  0]LogContentBrowser: Native class hierarchy updated for 'WidgetCarousel' in 0.0004 seconds. Added 0 classes and 0 folders.
[2019.04.23-13.54.51:442][  0]LogContentBrowser: Native class hierarchy updated for 'AddContentDialog' in 0.0004 seconds. Added 0 classes and 0 folders.
[2019.04.23-13.54.51:449][  0]LogContentBrowser: Native class hierarchy updated for 'SceneOutliner' in 0.0005 seconds. Added 1 classes and 2 folders.
[2019.04.23-13.54.51:487][  0]LogSlate: Took 0.000398 seconds to synchronously load lazily loaded font '../../../Engine/Content/Slate/Fonts/Roboto-Regular.ttf' (155K)
[2019.04.23-13.54.51:491][  0]LogSlate: Took 0.000404 seconds to synchronously load lazily loaded font '../../../Engine/Content/Slate/Fonts/Roboto-Bold.ttf' (160K)
[2019.04.23-13.54.51:501][  0]LogSlate: Took 0.000271 seconds to synchronously load lazily loaded font '../../../Engine/Content/Editor/Slate/Fonts/FontAwesome.ttf' (139K)
[2019.04.23-13.54.51:576][  0]LogRenderer: Reallocating scene render targets to support 1252x632 Format 10 NumSamples 1 (Frame:1).
[2019.04.23-13.54.51:659][  0]LogSlate: Took 0.000131 seconds to synchronously load lazily loaded font '../../../Engine/Content/Slate/Fonts/Roboto-Light.ttf' (167K)
[2019.04.23-13.54.51:776][  0]LogContentBrowser: Native class hierarchy updated for 'HierarchicalLODOutliner' in 0.0003 seconds. Added 0 classes and 0 folders.
[2019.04.23-13.54.51:776][  0]LogLoad: (Engine Initialization) Total time: 10.92 seconds
[2019.04.23-13.54.51:776][  0]LogLoad: (Engine Initialization) Total Blueprint compile time: 0.00 seconds
[2019.04.23-13.54.51:786][  0]LogWindowsTextInputMethodSystem: Display: IME system now deactivated.
[2019.04.23-13.54.51:824][  0]LogScript: Warning: Accessed None trying to read property CallFunc_GetBlackboard_ReturnValue
	RoboAnimBP_C /Game/FirstPersonBP/Maps/FirstPersonExampleMap.FirstPersonExampleMap:PersistentLevel.FLR_Patroller_15.CharacterMesh0.RoboAnimBP_C_0
	Function /Game/FirstPersonBP/AI/FollowerAI/Animations/RoboAnimBP.RoboAnimBP_C:ExecuteUbergraph_RoboAnimBP:0186
[2019.04.23-13.54.51:824][  0]LogScript: Warning: Accessed None trying to read property CallFunc_GetBlackboard_ReturnValue
	RoboAnimBP_C /Game/FirstPersonBP/Maps/FirstPersonExampleMap.FirstPersonExampleMap:PersistentLevel.FLR_Patroller4_12.CharacterMesh0.RoboAnimBP_C_0
	Function /Game/FirstPersonBP/AI/FollowerAI/Animations/RoboAnimBP.RoboAnimBP_C:ExecuteUbergraph_RoboAnimBP:0186
[2019.04.23-13.54.51:824][  0]LogScript: Warning: Accessed None trying to read property CallFunc_GetBlackboard_ReturnValue
	RoboAnimBP_C /Game/FirstPersonBP/Maps/FirstPersonExampleMap.FirstPersonExampleMap:PersistentLevel.FLR_Patroller3_9.CharacterMesh0.RoboAnimBP_C_0
	Function /Game/FirstPersonBP/AI/FollowerAI/Animations/RoboAnimBP.RoboAnimBP_C:ExecuteUbergraph_RoboAnimBP:0186
[2019.04.23-13.54.51:824][  0]LogScript: Warning: Accessed None trying to read property CallFunc_GetBlackboard_ReturnValue
	RoboAnimBP_C /Game/FirstPersonBP/Maps/FirstPersonExampleMap.FirstPersonExampleMap:PersistentLevel.FLR_Patroller2_2.CharacterMesh0.RoboAnimBP_C_0
	Function /Game/FirstPersonBP/AI/FollowerAI/Animations/RoboAnimBP.RoboAnimBP_C:ExecuteUbergraph_RoboAnimBP:0186
[2019.04.23-13.54.51:824][  0]LogScript: Warning: Accessed None trying to read property CallFunc_GetBlackboard_ReturnValue
	RoboAnimBP_C /Game/FirstPersonBP/Maps/FirstPersonExampleMap.FirstPersonExampleMap:PersistentLevel.FLR_Patroller5.CharacterMesh0.RoboAnimBP_C_0
	Function /Game/FirstPersonBP/AI/FollowerAI/Animations/RoboAnimBP.RoboAnimBP_C:ExecuteUbergraph_RoboAnimBP:0186
[2019.04.23-13.54.51:825][  0]LogContentStreaming: Texture pool size now 3000 MB
[2019.04.23-13.54.51:836][  0]LogSlate: FSceneViewport::OnFocusLost() reason 2
[2019.04.23-13.54.51:888][  1]LogFileCache: Retrieving MD5 hashes for directory 'C:/Users/User/Documents/GitHub/KV6002-Team-Project/KV6002/Content/' took 0.09s
[2019.04.23-13.54.51:929][  2]LogAssetRegistry: Asset discovery search completed in 6.6648 seconds
[2019.04.23-13.54.51:931][  2]LogCollectionManager: Rebuilt the object cache for 0 collections in 0.000000 seconds (found 0 objects)
[2019.04.23-13.54.51:931][  2]LogCollectionManager: Fixed up redirectors for 0 collections in 0.000059 seconds (updated 0 objects)
[2019.04.23-13.55.41:115][278]LogSlate: FSceneViewport::OnFocusLost() reason 0
[2019.04.23-13.55.41:166][284]LogTemp: Repeating last play command: Selected Viewport
[2019.04.23-13.55.41:173][284]LogBlueprintUserMessages: Early PlayInEditor Detection: Level '/Game/FirstPersonBP/Maps/FirstPersonExampleMap.FirstPersonExampleMap:PersistentLevel' has LevelScriptBlueprint '/Game/FirstPersonBP/Maps/FirstPersonExampleMap.FirstPersonExampleMap:PersistentLevel.FirstPersonExampleMap' with GeneratedClass '/Game/FirstPersonBP/Maps/FirstPersonExampleMap.FirstPersonExampleMap_C' with ClassGeneratedBy '/Game/FirstPersonBP/Maps/FirstPersonExampleMap.FirstPersonExampleMap:PersistentLevel.FirstPersonExampleMap'
[2019.04.23-13.55.41:173][284]LogPlayLevel: PlayLevel: No blueprints needed recompiling
[2019.04.23-13.55.41:185][284]PIE: New page: PIE session: FirstPersonExampleMap (23 Apr 2019 15:55:41)
[2019.04.23-13.55.41:185][284]LogPlayLevel: Creating play world package: /Game/FirstPersonBP/Maps/UEDPIE_0_FirstPersonExampleMap
[2019.04.23-13.55.41:336][284]LogPlayLevel: PIE: StaticDuplicateObject took: (0.150934s)
[2019.04.23-13.55.41:336][284]LogAIModule: Creating AISystem for world FirstPersonExampleMap
[2019.04.23-13.55.41:336][284]LogPlayLevel: PIE: World Init took: (0.000501s)
[2019.04.23-13.55.41:337][284]LogPlayLevel: PIE: Created PIE world by copying editor world from /Game/FirstPersonBP/Maps/FirstPersonExampleMap.FirstPersonExampleMap to /Game/FirstPersonBP/Maps/UEDPIE_0_FirstPersonExampleMap.FirstPersonExampleMap (0.152272s)
[2019.04.23-13.55.41:371][284]LogInit: XAudio2 using 'Speakers (2- USB Audio Device)' : 2 channels at 48 kHz using 16 bits per sample (channel mask 0x3)
[2019.04.23-13.55.41:378][284]LogInit: FAudioDevice initialized.
[2019.04.23-13.55.41:418][284]LogLoad: Game class is 'FirstPersonGameMode_C'
[2019.04.23-13.55.41:474][284]LogWorld: Bringing World /Game/FirstPersonBP/Maps/UEDPIE_0_FirstPersonExampleMap.FirstPersonExampleMap up for play (max tick rate 0) at 2019.04.23-14.55.41
[2019.04.23-13.55.41:477][284]LogWorld: Bringing up level for play took: 0.055242
[2019.04.23-13.55.41:491][284]LogContentBrowser: Native class hierarchy updated for 'MovieSceneCapture' in 0.0002 seconds. Added 10 classes and 0 folders.
[2019.04.23-13.55.41:500][284]PIE: Play in editor start time for /Game/FirstPersonBP/Maps/UEDPIE_0_FirstPersonExampleMap 1.132
[2019.04.23-13.55.41:500][284]LogBlueprintUserMessages: Late PlayInEditor Detection: Level '/Game/FirstPersonBP/Maps/FirstPersonExampleMap.FirstPersonExampleMap:PersistentLevel' has LevelScriptBlueprint '/Game/FirstPersonBP/Maps/FirstPersonExampleMap.FirstPersonExampleMap:PersistentLevel.FirstPersonExampleMap' with GeneratedClass '/Game/FirstPersonBP/Maps/FirstPersonExampleMap.FirstPersonExampleMap_C' with ClassGeneratedBy '/Game/FirstPersonBP/Maps/FirstPersonExampleMap.FirstPersonExampleMap:PersistentLevel.FirstPersonExampleMap'
[2019.04.23-13.55.56:074][ 27]LogSlate: FSceneViewport::OnFocusLost() reason 0
[2019.04.23-13.55.56:217][ 36]LogPackageName: SearchForPackageOnDisk took   0.067s, but failed to resolve AndrewGameMap.umap.
[2019.04.23-13.55.56:281][ 36]LogPackageName: SearchForPackageOnDisk took   0.064s, but failed to resolve AndrewGameMap.umap.
[2019.04.23-13.55.56:281][ 36]LogNet: Browse: /Game/FirstPersonBP/Maps/FirstPersonExampleMap
[2019.04.23-13.55.56:281][ 36]LogNet: Warning: Travel Failure: [InvalidURL]: Invalid URL: /Game/FirstPersonBP/Maps/FirstPersonExampleMap
[2019.04.23-13.55.56:281][ 36]LogNet: Warning: TravelFailure: InvalidURL, Reason for Failure: 'Invalid URL: /Game/FirstPersonBP/Maps/FirstPersonExampleMap'. Shutting down PIE.
[2019.04.23-13.55.56:281][ 36]PIE: Warning: TravelFailure: InvalidURL, Reason for Failure: 'Invalid URL: /Game/FirstPersonBP/Maps/FirstPersonExampleMap'. Shutting down PIE.
[2019.04.23-13.55.56:281][ 36]LogNet: Warning: Travel Failure: [ClientTravelFailure]: Invalid URL: /Game/FirstPersonBP/Maps/FirstPersonExampleMap
[2019.04.23-13.55.56:281][ 36]LogNet: Warning: TravelFailure: ClientTravelFailure, Reason for Failure: 'Invalid URL: /Game/FirstPersonBP/Maps/FirstPersonExampleMap'. Shutting down PIE.
[2019.04.23-13.55.56:281][ 36]PIE: Warning: TravelFailure: ClientTravelFailure, Reason for Failure: 'Invalid URL: /Game/FirstPersonBP/Maps/FirstPersonExampleMap'. Shutting down PIE.
[2019.04.23-13.55.56:284][ 36]LogScript: Warning: Script Msg: Attempted to set an invalid index on array Triangles [153/152]!
[2019.04.23-13.55.56:284][ 36]LogScript: Warning: Script Msg: Attempted to set an invalid index on array Triangles [154/152]!
[2019.04.23-13.55.56:284][ 36]LogScript: Warning: Script Msg: Attempted to set an invalid index on array Triangles [155/152]!
[2019.04.23-13.55.56:284][ 36]LogScript: Warning: Script Msg: Attempted to set an invalid index on array Triangles [153/152]!
[2019.04.23-13.55.56:284][ 36]LogScript: Warning: Script Msg: Attempted to set an invalid index on array Triangles [154/152]!
[2019.04.23-13.55.56:284][ 36]LogScript: Warning: Script Msg: Attempted to set an invalid index on array Triangles [155/152]!
[2019.04.23-13.55.56:285][ 36]LogScript: Warning: Script Msg: Attempted to set an invalid index on array Triangles [153/152]!
[2019.04.23-13.55.56:285][ 36]LogScript: Warning: Script Msg: Attempted to set an invalid index on array Triangles [154/152]!
[2019.04.23-13.55.56:285][ 36]LogScript: Warning: Script Msg: Attempted to set an invalid index on array Triangles [155/152]!
[2019.04.23-13.55.56:285][ 36]LogScript: Warning: Script Msg: Attempted to set an invalid index on array Triangles [153/152]!
[2019.04.23-13.55.56:285][ 36]LogScript: Warning: Script Msg: Attempted to set an invalid index on array Triangles [154/152]!
[2019.04.23-13.55.56:285][ 36]LogScript: Warning: Script Msg: Attempted to set an invalid index on array Triangles [155/152]!
[2019.04.23-13.55.56:285][ 36]LogScript: Warning: Script Msg: Attempted to set an invalid index on array Triangles [153/152]!
[2019.04.23-13.55.56:285][ 36]LogScript: Warning: Script Msg: Attempted to set an invalid index on array Triangles [154/152]!
[2019.04.23-13.55.56:285][ 36]LogScript: Warning: Script Msg: Attempted to set an invalid index on array Triangles [155/152]!
[2019.04.23-13.55.56:286][ 36]LogScript: Warning: Script Msg: Attempted to set an invalid index on array Triangles [153/152]!
[2019.04.23-13.55.56:286][ 36]LogScript: Warning: Script Msg: Attempted to set an invalid index on array Triangles [154/152]!
[2019.04.23-13.55.56:286][ 36]LogScript: Warning: Script Msg: Attempted to set an invalid index on array Triangles [155/152]!
[2019.04.23-13.55.56:286][ 36]LogScript: Warning: Script Msg: Attempted to set an invalid index on array Triangles [153/152]!
[2019.04.23-13.55.56:286][ 36]LogScript: Warning: Script Msg: Attempted to set an invalid index on array Triangles [154/152]!
[2019.04.23-13.55.56:286][ 36]LogScript: Warning: Script Msg: Attempted to set an invalid index on array Triangles [155/152]!
[2019.04.23-13.55.56:287][ 36]LogBlueprintUserMessages: Early EndPlayMap Detection: Level '/Game/FirstPersonBP/Maps/FirstPersonExampleMap.FirstPersonExampleMap:PersistentLevel' has LevelScriptBlueprint '/Game/FirstPersonBP/Maps/FirstPersonExampleMap.FirstPersonExampleMap:PersistentLevel.FirstPersonExampleMap' with GeneratedClass '/Game/FirstPersonBP/Maps/FirstPersonExampleMap.FirstPersonExampleMap_C' with ClassGeneratedBy '/Game/FirstPersonBP/Maps/FirstPersonExampleMap.FirstPersonExampleMap:PersistentLevel.FirstPersonExampleMap'
[2019.04.23-13.55.56:287][ 36]LogSlate: Updating window title bar state: overlay mode, drag disabled, window buttons hidden, title bar hidden
[2019.04.23-13.55.56:331][ 36]LogPlayLevel: Display: Shutting down PIE online subsystems
[2019.04.23-13.55.56:331][ 36]LogBlueprintUserMessages: Late EndPlayMap Detection: Level '/Game/FirstPersonBP/Maps/FirstPersonExampleMap.FirstPersonExampleMap:PersistentLevel' has LevelScriptBlueprint '/Game/FirstPersonBP/Maps/FirstPersonExampleMap.FirstPersonExampleMap:PersistentLevel.FirstPersonExampleMap' with GeneratedClass '/Game/FirstPersonBP/Maps/FirstPersonExampleMap.FirstPersonExampleMap_C' with ClassGeneratedBy '/Game/FirstPersonBP/Maps/FirstPersonExampleMap.FirstPersonExampleMap:PersistentLevel.FirstPersonExampleMap'
[2019.04.23-13.55.56:366][ 36]LogSlate: Updating window title bar state: overlay mode, drag disabled, window buttons hidden, title bar hidden
[2019.04.23-13.55.56:418][ 37]LogPlayLevel: Display: Destroying online subsystem :Context_1
[2019.04.23-13.56.03:002][825]LogSlate: Window 'Message Log' being destroyed
[2019.04.23-13.56.03:004][825]LogSlate: Window 'Message Log' being destroyed
[2019.04.23-13.56.05:272][ 96]LogSlate: Took 0.000157 seconds to synchronously load lazily loaded font '../../../Engine/Content/Slate/Fonts/Roboto-Light.ttf' (167K)
[2019.04.23-13.56.05:276][ 96]LogAssetEditorManager: Opening Asset editor for WidgetBlueprint /Game/MainMenu.MainMenu
[2019.04.23-13.56.05:751][ 96]LogContentBrowser: Native class hierarchy updated for 'BlueprintGraph' in 0.0004 seconds. Added 116 classes and 0 folders.
[2019.04.23-13.56.06:972][ 96]LogSlate: Took 0.000343 seconds to synchronously load lazily loaded font '../../../Engine/Content/Slate/Fonts/Roboto-BoldCondensed.ttf' (158K)
[2019.04.23-13.56.15:683][923]LogSlate: Took 0.017462 seconds to synchronously load lazily loaded font '../../../Engine/Content/Slate/Fonts/Roboto-Italic.ttf' (157K)
[2019.04.23-13.56.29:451][574]LogSlate: Window 'MainMenu' being destroyed
[2019.04.23-13.56.29:453][574]LogSlate: Window 'MainMenu' being destroyed
[2019.04.23-13.56.42:420][293]LogSlate: Window 'KV6002 - Unreal Editor' being destroyed
[2019.04.23-13.56.42:421][293]LogWindowsTextInputMethodSystem: Display: IME system now deactivated.
[2019.04.23-13.56.42:577][294]Cmd: QUIT_EDITOR
[2019.04.23-13.56.42:758][294]LogExit: Preparing to exit.
[2019.04.23-13.56.43:801][294]LogExit: Editor shut down
[2019.04.23-13.56.43:801][294]LogExit: Transaction tracking system shut down
[2019.04.23-13.56.44:082][294]LogExit: Object subsystem successfully closed.
[2019.04.23-13.56.44:114][294]LogShaderCompilers: Display: Shaders left to compile 0
[2019.04.23-13.56.44:122][294]LogD3D11RHI: Shutdown
[2019.04.23-13.56.44:122][294]LogD3D11RHI: CleanupD3DDevice
[2019.04.23-13.56.44:126][294]LogD3D11RHI: ~FD3D11DynamicRHI
[2019.04.23-13.56.44:148][294]LogModuleManager: Shutting down and abandoning module SequencerWidgets (620)
[2019.04.23-13.56.44:148][294]LogModuleManager: Shutting down and abandoning module BlueprintGraph (618)
[2019.04.23-13.56.44:148][294]LogModuleManager: Shutting down and abandoning module MovieSceneCapture (616)
[2019.04.23-13.56.44:148][294]LogModuleManager: Shutting down and abandoning module Voice (614)
[2019.04.23-13.56.44:148][294]LogModuleManager: Shutting down and abandoning module HierarchicalLODOutliner (612)
[2019.04.23-13.56.44:148][294]LogModuleManager: Shutting down and abandoning module SceneOutliner (610)
[2019.04.23-13.56.44:148][294]LogModuleManager: Shutting down and abandoning module AddContentDialog (608)
[2019.04.23-13.56.44:149][294]LogModuleManager: Shutting down and abandoning module WidgetCarousel (607)
[2019.04.23-13.56.44:149][294]LogModuleManager: Shutting down and abandoning module EditorWidgets (604)
[2019.04.23-13.56.44:149][294]LogModuleManager: Shutting down and abandoning module CollectionManager (602)
[2019.04.23-13.56.44:149][294]LogModuleManager: Shutting down and abandoning module StatsViewer (600)
[2019.04.23-13.56.44:149][294]LogModuleManager: Shutting down and abandoning module FoliageEdit (598)
[2019.04.23-13.56.44:149][294]LogModuleManager: Shutting down and abandoning module LandscapeEditor (596)
[2019.04.23-13.56.44:150][294]LogModuleManager: Shutting down and abandoning module MeshPaintMode (594)
[2019.04.23-13.56.44:150][294]LogModuleManager: Shutting down and abandoning module SceneDepthPickerMode (592)
[2019.04.23-13.56.44:150][294]LogModuleManager: Shutting down and abandoning module ActorPickerMode (590)
[2019.04.23-13.56.44:150][294]LogModuleManager: Shutting down and abandoning module GeometryMode (588)
[2019.04.23-13.56.44:150][294]LogModuleManager: Shutting down and abandoning module TextureAlignMode (586)
[2019.04.23-13.56.44:150][294]LogModuleManager: Shutting down and abandoning module BspMode (584)
[2019.04.23-13.56.44:150][294]LogModuleManager: Shutting down and abandoning module PIEPreviewDeviceProfileSelector (582)
[2019.04.23-13.56.44:150][294]LogModuleManager: Shutting down and abandoning module SequenceRecorderSections (580)
[2019.04.23-13.56.44:150][294]LogModuleManager: Shutting down and abandoning module AutomationWorker (578)
[2019.04.23-13.56.44:150][294]LogModuleManager: Shutting down and abandoning module AudioCaptureEditor (576)
[2019.04.23-13.56.44:150][294]LogModuleManager: Shutting down and abandoning module SequenceRecorder (575)
[2019.04.23-13.56.44:150][294]LogModuleManager: Shutting down and abandoning module MatineeToLevelSequence (572)
[2019.04.23-13.56.44:150][294]LogModuleManager: Shutting down and abandoning module LevelSequenceEditor (570)
[2019.04.23-13.56.44:150][294]LogModuleManager: Shutting down and abandoning module PlacementMode (569)
[2019.04.23-13.56.44:150][294]LogModuleManager: Shutting down and abandoning module MaterialEditor (568)
[2019.04.23-13.56.44:150][294]LogModuleManager: Shutting down and abandoning module WmfMediaFactory (564)
[2019.04.23-13.56.44:150][294]LogModuleManager: Shutting down and abandoning module WmfMediaEditor (562)
[2019.04.23-13.56.44:150][294]LogModuleManager: Shutting down and abandoning module MediaPlayerEditor (560)
[2019.04.23-13.56.44:150][294]LogModuleManager: Shutting down and abandoning module OpenExrWrapper (558)
[2019.04.23-13.56.44:151][294]LogModuleManager: Shutting down and abandoning module ImgMediaFactory (556)
[2019.04.23-13.56.44:151][294]LogModuleManager: Shutting down and abandoning module ImgMediaEditor (554)
[2019.04.23-13.56.44:151][294]LogModuleManager: Shutting down and abandoning module AvfMediaFactory (552)
[2019.04.23-13.56.44:151][294]LogModuleManager: Shutting down and abandoning module AvfMediaEditor (550)
[2019.04.23-13.56.44:151][294]LogModuleManager: Shutting down and abandoning module AndroidMediaFactory (548)
[2019.04.23-13.56.44:151][294]LogModuleManager: Shutting down and abandoning module AndroidMediaEditor (546)
[2019.04.23-13.56.44:151][294]LogModuleManager: Shutting down and abandoning module MagicLeapCameraPreviewFactory (544)
[2019.04.23-13.56.44:151][294]LogModuleManager: Shutting down and abandoning module MagicLeapMediaFactory (542)
[2019.04.23-13.56.44:151][294]LogModuleManager: Shutting down and abandoning module MagicLeapMediaEditor (540)
[2019.04.23-13.56.44:151][294]LogModuleManager: Shutting down and abandoning module CharacterAI (538)
[2019.04.23-13.56.44:151][294]LogModuleManager: Shutting down and abandoning module SmartSnapping (536)
[2019.04.23-13.56.44:151][294]LogModuleManager: Shutting down and abandoning module SessionServices (534)
[2019.04.23-13.56.44:151][294]LogModuleManager: Shutting down and abandoning module ViewportSnapping (532)
[2019.04.23-13.56.44:151][294]LogModuleManager: Shutting down and abandoning module ViewportInteraction (530)
[2019.04.23-13.56.44:151][294]LogModuleManager: Shutting down and abandoning module ClothPainter (528)
[2019.04.23-13.56.44:151][294]LogModuleManager: Shutting down and abandoning module SkeletalMeshEditor (527)
[2019.04.23-13.56.44:151][294]LogModuleManager: Shutting down and abandoning module LogVisualizer (524)
[2019.04.23-13.56.44:151][294]LogModuleManager: Shutting down and abandoning module IntroTutorials (522)
[2019.04.23-13.56.44:151][294]LogModuleManager: Shutting down and abandoning module GameProjectGeneration (521)
[2019.04.23-13.56.44:151][294]LogModuleManager: Shutting down and abandoning module LuminPlatformEditor (518)
[2019.04.23-13.56.44:151][294]LogModuleManager: Shutting down and abandoning module IOSPlatformEditor (516)
[2019.04.23-13.56.44:152][294]LogModuleManager: Shutting down and abandoning module HTML5PlatformEditor (514)
[2019.04.23-13.56.44:152][294]LogModuleManager: Shutting down and abandoning module AndroidPlatformEditor (512)
[2019.04.23-13.56.44:152][294]LogModuleManager: Shutting down and abandoning module AndroidDeviceDetection (511)
[2019.04.23-13.56.44:509][294]LogModuleManager: Shutting down and abandoning module WindowsPlatformEditor (508)
[2019.04.23-13.56.44:510][294]LogModuleManager: Shutting down and abandoning module LuminRuntimeSettings (506)
[2019.04.23-13.56.44:510][294]LogModuleManager: Shutting down and abandoning module IOSRuntimeSettings (504)
[2019.04.23-13.56.44:510][294]LogModuleManager: Shutting down and abandoning module AndroidRuntimeSettings (502)
[2019.04.23-13.56.44:510][294]LogModuleManager: Shutting down and abandoning module InputBindingEditor (500)
[2019.04.23-13.56.44:510][294]LogModuleManager: Shutting down and abandoning module MergeActors (498)
[2019.04.23-13.56.44:510][294]LogModuleManager: Shutting down and abandoning module LocalizationDashboard (496)
[2019.04.23-13.56.44:510][294]LogModuleManager: Shutting down and abandoning module LocalizationService (495)
[2019.04.23-13.56.44:510][294]LogModuleManager: Shutting down and abandoning module HardwareTargeting (492)
[2019.04.23-13.56.44:510][294]LogModuleManager: Shutting down and abandoning module DeviceProfileEditor (490)
[2019.04.23-13.56.44:510][294]LogModuleManager: Shutting down and abandoning module UndoHistory (488)
[2019.04.23-13.56.44:510][294]LogModuleManager: Shutting down and abandoning module XmlParser (486)
[2019.04.23-13.56.44:510][294]LogModuleManager: Shutting down and abandoning module Blutility (484)
[2019.04.23-13.56.44:510][294]LogModuleManager: Shutting down and abandoning module ProjectSettingsViewer (482)
[2019.04.23-13.56.44:510][294]LogModuleManager: Shutting down and abandoning module ProjectTargetPlatformEditor (481)
[2019.04.23-13.56.44:511][294]LogModuleManager: Shutting down and abandoning module EditorSettingsViewer (478)
[2019.04.23-13.56.44:511][294]LogModuleManager: Shutting down and abandoning module SettingsEditor (476)
[2019.04.23-13.56.44:511][294]LogModuleManager: Shutting down and abandoning module ProjectLauncher (474)
[2019.04.23-13.56.44:511][294]LogModuleManager: Shutting down and abandoning module SessionFrontend (472)
[2019.04.23-13.56.44:511][294]LogModuleManager: Shutting down and abandoning module ProfilerClient (470)
[2019.04.23-13.56.44:511][294]LogModuleManager: Shutting down and abandoning module DeviceManager (468)
[2019.04.23-13.56.44:511][294]LogModuleManager: Shutting down and abandoning module TargetDeviceServices (467)
[2019.04.23-13.56.44:577][294]LogModuleManager: Shutting down and abandoning module AutomationController (464)
[2019.04.23-13.56.44:577][294]LogModuleManager: Shutting down and abandoning module AutomationWindow (462)
[2019.04.23-13.56.44:577][294]LogModuleManager: Shutting down and abandoning module Layers (460)
[2019.04.23-13.56.44:577][294]LogModuleManager: Shutting down and abandoning module ComponentVisualizers (458)
[2019.04.23-13.56.44:577][294]LogModuleManager: Shutting down and abandoning module DetailCustomizations (456)
[2019.04.23-13.56.44:577][294]LogModuleManager: Shutting down and abandoning module PackagesDialog (454)
[2019.04.23-13.56.44:577][294]LogModuleManager: Shutting down and abandoning module Persona (452)
[2019.04.23-13.56.44:577][294]LogModuleManager: Shutting down and abandoning module AdvancedPreviewScene (451)
[2019.04.23-13.56.44:577][294]LogModuleManager: Shutting down and abandoning module AnimGraph (449)
[2019.04.23-13.56.44:577][294]LogModuleManager: Shutting down and abandoning module Kismet (446)
[2019.04.23-13.56.44:581][294]LogModuleManager: Shutting down and abandoning module GraphEditor (444)
[2019.04.23-13.56.44:581][294]LogModuleManager: Shutting down and abandoning module ClassViewer (442)
[2019.04.23-13.56.44:581][294]LogModuleManager: Shutting down and abandoning module Toolbox (440)
[2019.04.23-13.56.44:581][294]LogModuleManager: Shutting down and abandoning module ModuleUI (438)
[2019.04.23-13.56.44:581][294]LogModuleManager: Shutting down and abandoning module MovieSceneTools (436)
[2019.04.23-13.56.44:581][294]LogModuleManager: Shutting down and abandoning module OutputLog (434)
[2019.04.23-13.56.44:581][294]LogModuleManager: Shutting down and abandoning module GammaUI (432)
[2019.04.23-13.56.44:581][294]LogModuleManager: Shutting down and abandoning module Documentation (430)
[2019.04.23-13.56.44:581][294]LogModuleManager: Shutting down and abandoning module MovieSceneTracks (428)
[2019.04.23-13.56.44:581][294]LogModuleManager: Shutting down and abandoning module MovieScene (426)
[2019.04.23-13.56.44:581][294]LogModuleManager: Shutting down and abandoning module StreamingPauseRendering (424)
[2019.04.23-13.56.44:581][294]LogModuleManager: Shutting down and abandoning module LauncherPlatform (422)
[2019.04.23-13.56.44:581][294]LogModuleManager: Shutting down and abandoning module AnalyticsET (420)
[2019.04.23-13.56.44:581][294]LogModuleManager: Shutting down and abandoning module PortalServices (418)
[2019.04.23-13.56.44:581][294]LogModuleManager: Shutting down and abandoning module PortalRpc (416)
[2019.04.23-13.56.44:581][294]LogModuleManager: Shutting down and abandoning module MessagingRpc (414)
[2019.04.23-13.56.44:581][294]LogModuleManager: Shutting down and abandoning module AIModule (412)
[2019.04.23-13.56.44:581][294]LogModuleManager: Shutting down and abandoning module GameplayDebugger (411)
[2019.04.23-13.56.44:581][294]LogModuleManager: Shutting down and abandoning module AITestSuite (409)
[2019.04.23-13.56.44:581][294]LogModuleManager: Shutting down and abandoning module NavigationSystem (407)
[2019.04.23-13.56.44:581][294]LogModuleManager: Shutting down and abandoning module DesktopPlatform (404)
[2019.04.23-13.56.44:581][294]LogModuleManager: Shutting down and abandoning module ProfilerService (402)
[2019.04.23-13.56.44:744][294]LogModuleManager: Shutting down and abandoning module TaskGraph (400)
[2019.04.23-13.56.44:744][294]LogModuleManager: Shutting down and abandoning module SteamVRController (398)
[2019.04.23-13.56.44:744][294]LogModuleManager: Shutting down and abandoning module ProceduralMeshComponentEditor (396)
[2019.04.23-13.56.44:744][294]LogModuleManager: Shutting down and abandoning module ProceduralMeshComponent (394)
[2019.04.23-13.56.44:744][294]LogModuleManager: Shutting down and abandoning module OculusInput (392)
[2019.04.23-13.56.44:744][294]LogModuleManager: Shutting down and abandoning module MobilePatchingUtils (390)
[2019.04.23-13.56.44:744][294]LogModuleManager: Shutting down and abandoning module EditableMesh (388)
[2019.04.23-13.56.44:744][294]LogModuleManager: Shutting down and abandoning module CustomMeshComponent (386)
[2019.04.23-13.56.44:744][294]LogModuleManager: Shutting down and abandoning module CableComponent (384)
[2019.04.23-13.56.44:744][294]LogModuleManager: Shutting down and abandoning module AudioCapture (382)
[2019.04.23-13.56.44:744][294]LogModuleManager: Shutting down and abandoning module ArchVisCharacter (380)
[2019.04.23-13.56.44:744][294]LogModuleManager: Shutting down and abandoning module AndroidPermission (378)
[2019.04.23-13.56.44:744][294]LogModuleManager: Shutting down and abandoning module NUTUnrealEngine4 (376)
[2019.04.23-13.56.44:744][294]LogModuleManager: Shutting down and abandoning module NetcodeUnitTest (374)
[2019.04.23-13.56.44:744][294]LogModuleManager: Shutting down and abandoning module MediaCompositingEditor (372)
[2019.04.23-13.56.44:744][294]LogModuleManager: Shutting down and abandoning module MediaCompositing (370)
[2019.04.23-13.56.44:745][294]LogModuleManager: Shutting down and abandoning module LinearTimecode (368)
[2019.04.23-13.56.44:745][294]LogModuleManager: Shutting down and abandoning module ImgMedia (366)
[2019.04.23-13.56.44:751][294]LogModuleManager: Shutting down and abandoning module HTML5Networking (364)
[2019.04.23-13.56.44:751][294]LogModuleManager: Shutting down and abandoning module GeometryCacheTracks (362)
[2019.04.23-13.56.44:751][294]LogModuleManager: Shutting down and abandoning module GeometryCacheSequencer (360)
[2019.04.23-13.56.44:751][294]LogModuleManager: Shutting down and abandoning module BackChannel (358)
[2019.04.23-13.56.44:751][294]LogModuleManager: Shutting down and abandoning module AppleVision (356)
[2019.04.23-13.56.44:751][294]LogModuleManager: Shutting down and abandoning module AppleImageUtils (354)
[2019.04.23-13.56.44:751][294]LogModuleManager: Shutting down and abandoning module AlembicImporter (352)
[2019.04.23-13.56.44:751][294]LogModuleManager: Shutting down and abandoning module AlembicLibrary (351)
[2019.04.23-13.56.44:751][294]LogModuleManager: Shutting down and abandoning module GeometryCache (350)
[2019.04.23-13.56.44:751][294]LogModuleManager: Shutting down and abandoning module GeometryCacheEd (349)
[2019.04.23-13.56.44:751][294]LogModuleManager: Shutting down and abandoning module DatasmithContentEditor (344)
[2019.04.23-13.56.44:751][294]LogModuleManager: Shutting down and abandoning module DatasmithContent (342)
[2019.04.23-13.56.44:752][294]LogModuleManager: Shutting down and abandoning module SpeedTreeImporter (340)
[2019.04.23-13.56.44:752][294]LogModuleManager: Shutting down and abandoning module PluginBrowser (338)
[2019.04.23-13.56.44:753][294]LogModuleManager: Shutting down and abandoning module MobileLauncherProfileWizard (336)
[2019.04.23-13.56.44:753][294]LogModuleManager: Shutting down and abandoning module PolygonModeling (334)
[2019.04.23-13.56.44:753][294]LogModuleManager: Shutting down and abandoning module MeshEditor (332)
[2019.04.23-13.56.44:753][294]LogModuleManager: Shutting down and abandoning module CryptoKeysOpenSSL (330)
[2019.04.23-13.56.44:753][294]LogModuleManager: Shutting down and abandoning module CryptoKeys (328)
[2019.04.23-13.56.44:753][294]LogModuleManager: Shutting down and abandoning module VisualStudioSourceCodeAccess (326)
[2019.04.23-13.56.44:753][294]LogModuleManager: Shutting down and abandoning module VisualStudioCodeSourceCodeAccess (324)
[2019.04.23-13.56.44:753][294]LogModuleManager: Shutting down and abandoning module UObjectPlugin (322)
[2019.04.23-13.56.44:753][294]LogModuleManager: Shutting down and abandoning module SubversionSourceControl (320)
[2019.04.23-13.56.44:753][294]LogModuleManager: Shutting down and abandoning module PerforceSourceControl (318)
[2019.04.23-13.56.44:753][294]LogModuleManager: Shutting down and abandoning module GitSourceControl (316)
[2019.04.23-13.56.44:753][294]LogModuleManager: Shutting down and abandoning module SourceControl (315)
[2019.04.23-13.56.44:753][294]LogModuleManager: Shutting down and abandoning module CLionSourceCodeAccess (312)
[2019.04.23-13.56.44:753][294]LogModuleManager: Shutting down and abandoning module LightPropagationVolumeEditor (310)
[2019.04.23-13.56.44:753][294]LogModuleManager: Shutting down and abandoning module PaperTiledImporter (308)
[2019.04.23-13.56.44:753][294]LogModuleManager: Shutting down and abandoning module PaperSpriteSheetImporter (306)
[2019.04.23-13.56.44:754][294]LogModuleManager: Shutting down and abandoning module Paper2DEditor (304)
[2019.04.23-13.56.44:754][294]LogModuleManager: Shutting down and abandoning module MeshPaint (303)
[2019.04.23-13.56.44:754][294]LogModuleManager: Shutting down and abandoning module RuntimePhysXCooking (300)
[2019.04.23-13.56.44:754][294]LogModuleManager: Shutting down and abandoning module PhysXVehiclesEditor (298)
[2019.04.23-13.56.44:754][294]LogModuleManager: Shutting down and abandoning module PhysXVehicles (296)
[2019.04.23-13.56.44:754][294]LogModuleManager: Shutting down and abandoning module OculusEditor (294)
[2019.04.23-13.56.44:754][294]LogModuleManager: Shutting down and abandoning module LocationServicesBPLibrary (292)
[2019.04.23-13.56.44:754][294]LogModuleManager: Shutting down and abandoning module ImmediatePhysicsEditor (290)
[2019.04.23-13.56.44:754][294]LogModuleManager: Shutting down and abandoning module ImmediatePhysics (288)
[2019.04.23-13.56.44:754][294]LogModuleManager: Shutting down and abandoning module ActorSequence (286)
[2019.04.23-13.56.44:754][294]LogModuleManager: Shutting down and abandoning module UdpMessaging (284)
[2019.04.23-13.56.44:855][294]LogModuleManager: Shutting down and abandoning module TcpMessaging (282)
[2019.04.23-13.56.44:956][294]LogModuleManager: Shutting down and abandoning module MagicLeapAudio (280)
[2019.04.23-13.56.44:956][294]LogModuleManager: Shutting down and abandoning module GameplayTagsEditor (278)
[2019.04.23-13.56.44:956][294]LogModuleManager: Shutting down and abandoning module FacialAnimationEditor (276)
[2019.04.23-13.56.44:956][294]LogModuleManager: Shutting down and abandoning module FacialAnimation (274)
[2019.04.23-13.56.44:956][294]LogModuleManager: Shutting down and abandoning module DataValidation (272)
[2019.04.23-13.56.44:956][294]LogModuleManager: Shutting down and abandoning module AssetManagerEditor (270)
[2019.04.23-13.56.44:956][294]LogModuleManager: Shutting down and abandoning module LevelEditor (269)
[2019.04.23-13.56.44:957][294]LogModuleManager: Shutting down and abandoning module PixelInspectorModule (268)
[2019.04.23-13.56.44:957][294]LogModuleManager: Shutting down and abandoning module CommonMenuExtensions (266)
[2019.04.23-13.56.44:957][294]LogModuleManager: Shutting down and abandoning module MainFrame (264)
[2019.04.23-13.56.44:957][294]LogModuleManager: Shutting down and abandoning module HotReload (263)
[2019.04.23-13.56.44:958][294]LogModuleManager: Shutting down and abandoning module ContentBrowser (259)
[2019.04.23-13.56.44:959][294]LogModuleManager: Shutting down and abandoning module TreeMap (257)
[2019.04.23-13.56.44:959][294]LogModuleManager: Shutting down and abandoning module LightPropagationVolumeRuntime (254)
[2019.04.23-13.56.44:959][294]LogModuleManager: Shutting down and abandoning module AISupportModule (252)
[2019.04.23-13.56.44:959][294]LogModuleManager: Shutting down and abandoning module Paper2D (250)
[2019.04.23-13.56.44:959][294]LogModuleManager: Shutting down and abandoning module WindowsMoviePlayer (248)
[2019.04.23-13.56.44:959][294]LogModuleManager: Shutting down and abandoning module WmfMedia (246)
[2019.04.23-13.56.44:960][294]LogModuleManager: Shutting down and abandoning module Media (245)
[2019.04.23-13.56.44:966][294]LogModuleManager: Shutting down and abandoning module PacketHandler (242)
[2019.04.23-13.56.44:966][294]LogModuleManager: Shutting down and abandoning module ClothingSystemEditor (240)
[2019.04.23-13.56.44:966][294]LogModuleManager: Shutting down and abandoning module ClothingSystemRuntime (238)
[2019.04.23-13.56.44:966][294]LogModuleManager: Shutting down and abandoning module MediaAssets (236)
[2019.04.23-13.56.44:966][294]LogModuleManager: Shutting down and abandoning module Overlay (234)
[2019.04.23-13.56.44:966][294]LogModuleManager: Shutting down and abandoning module OverlayEditor (233)
[2019.04.23-13.56.44:966][294]LogModuleManager: Shutting down and abandoning module EnvironmentQueryEditor (230)
[2019.04.23-13.56.44:966][294]LogModuleManager: Shutting down and abandoning module VREditor (228)
[2019.04.23-13.56.44:966][294]LogModuleManager: Shutting down and abandoning module StringTableEditor (226)
[2019.04.23-13.56.44:966][294]LogModuleManager: Shutting down and abandoning module GameplayTasksEditor (224)
[2019.04.23-13.56.44:966][294]LogModuleManager: Shutting down and abandoning module BehaviorTreeEditor (222)
[2019.04.23-13.56.44:966][294]LogModuleManager: Shutting down and abandoning module FunctionalTesting (220)
[2019.04.23-13.56.44:966][294]LogModuleManager: Shutting down and abandoning module CollisionAnalyzer (218)
[2019.04.23-13.56.44:967][294]LogModuleManager: Shutting down and abandoning module WorkspaceMenuStructure (217)
[2019.04.23-13.56.44:967][294]LogModuleManager: Shutting down and abandoning module UMG (214)
[2019.04.23-13.56.44:967][294]LogModuleManager: Shutting down and abandoning module UMGEditor (213)
[2019.04.23-13.56.44:967][294]LogModuleManager: Shutting down and abandoning module Sequencer (212)
[2019.04.23-13.56.44:967][294]LogModuleManager: Shutting down and abandoning module MessageLog (209)
[2019.04.23-13.56.44:967][294]LogModuleManager: Shutting down and abandoning module SlateReflector (204)
[2019.04.23-13.56.44:967][294]LogModuleManager: Shutting down and abandoning module Slate (202)
[2019.04.23-13.56.44:967][294]LogModuleManager: Shutting down and abandoning module EditorStyle (200)
[2019.04.23-13.56.44:969][294]LogModuleManager: Shutting down and abandoning module MRMesh (198)
[2019.04.23-13.56.44:969][294]LogModuleManager: Shutting down and abandoning module SourceCodeAccess (196)
[2019.04.23-13.56.44:969][294]LogModuleManager: Shutting down and abandoning module HeadMountedDisplay (194)
[2019.04.23-13.56.44:969][294]LogModuleManager: Shutting down and abandoning module XAudio2 (192)
[2019.04.23-13.56.44:969][294]LogModuleManager: Shutting down and abandoning module Networking (190)
[2019.04.23-13.56.44:969][294]LogModuleManager: Shutting down and abandoning module Core (188)
[2019.04.23-13.56.44:970][294]LogModuleManager: Shutting down and abandoning module LevelSequence (186)
[2019.04.23-13.56.44:970][294]LogModuleManager: Shutting down and abandoning module KismetCompiler (184)
[2019.04.23-13.56.44:970][294]LogModuleManager: Shutting down and abandoning module MeshUtilities (182)
[2019.04.23-13.56.44:970][294]LogModuleManager: Shutting down and abandoning module MeshMergeUtilities (181)
[2019.04.23-13.56.44:970][294]LogModuleManager: Shutting down and abandoning module MeshReductionInterface (180)
[2019.04.23-13.56.44:970][294]LogModuleManager: Shutting down and abandoning module SimplygonSwarm (179)
[2019.04.23-13.56.44:970][294]LogModuleManager: Shutting down and abandoning module ProxyLODMeshReduction (177)
[2019.04.23-13.56.44:970][294]LogModuleManager: Shutting down and abandoning module SimplygonMeshReduction (175)
[2019.04.23-13.56.44:970][294]LogModuleManager: Shutting down and abandoning module QuadricMeshReduction (173)
[2019.04.23-13.56.44:970][294]LogModuleManager: Shutting down and abandoning module MaterialBaking (169)
[2019.04.23-13.56.44:970][294]LogModuleManager: Shutting down and abandoning module DirectoryWatcher (165)
[2019.04.23-13.56.44:970][294]LogModuleManager: Shutting down and abandoning module DerivedDataCache (162)
[2019.04.23-13.56.45:324][294]LogDerivedDataCache: Shutdown
[2019.04.23-13.56.45:325][294]LogModuleManager: Shutting down and abandoning module XGEController (160)
[2019.04.23-13.56.45:325][294]LogModuleManager: Shutting down and abandoning module TargetPlatform (158)
[2019.04.23-13.56.45:325][294]LogModuleManager: Shutting down and abandoning module VulkanShaderFormat (157)
[2019.04.23-13.56.45:325][294]LogModuleManager: Shutting down and abandoning module ShaderFormatVectorVM (155)
[2019.04.23-13.56.45:325][294]LogModuleManager: Shutting down and abandoning module ShaderFormatOpenGL (153)
[2019.04.23-13.56.45:325][294]LogModuleManager: Shutting down and abandoning module ShaderFormatD3D (151)
[2019.04.23-13.56.45:325][294]LogModuleManager: Shutting down and abandoning module MetalShaderFormat (149)
[2019.04.23-13.56.45:325][294]LogModuleManager: Shutting down and abandoning module TextureFormatUncompressed (147)
[2019.04.23-13.56.45:325][294]LogModuleManager: Shutting down and abandoning module TextureFormatPVR (145)
[2019.04.23-13.56.45:325][294]LogModuleManager: Shutting down and abandoning module TextureFormatDXT (143)
[2019.04.23-13.56.45:325][294]LogModuleManager: Shutting down and abandoning module TextureFormatIntelISPCTexComp (141)
[2019.04.23-13.56.45:325][294]LogModuleManager: Shutting down and abandoning module TextureFormatASTC (139)
[2019.04.23-13.56.45:325][294]LogModuleManager: Shutting down and abandoning module ImageWrapper (138)
[2019.04.23-13.56.45:325][294]LogModuleManager: Shutting down and abandoning module TextureFormatAndroid (135)
[2019.04.23-13.56.45:325][294]LogModuleManager: Shutting down and abandoning module AudioFormatOpus (133)
[2019.04.23-13.56.45:325][294]LogModuleManager: Shutting down and abandoning module AudioFormatOgg (131)
[2019.04.23-13.56.45:325][294]LogModuleManager: Shutting down and abandoning module AudioFormatADPCM (129)
[2019.04.23-13.56.45:326][294]LogModuleManager: Shutting down and abandoning module LuminTargetPlatform (127)
[2019.04.23-13.56.45:326][294]LogModuleManager: Shutting down and abandoning module LinuxTargetPlatform (125)
[2019.04.23-13.56.45:326][294]LogModuleManager: Shutting down and abandoning module LinuxServerTargetPlatform (123)
[2019.04.23-13.56.45:326][294]LogModuleManager: Shutting down and abandoning module LinuxNoEditorTargetPlatform (121)
[2019.04.23-13.56.45:326][294]LogModuleManager: Shutting down and abandoning module LinuxClientTargetPlatform (119)
[2019.04.23-13.56.45:326][294]LogModuleManager: Shutting down and abandoning module TVOSTargetPlatform (117)
[2019.04.23-13.56.45:327][294]LogModuleManager: Shutting down and abandoning module Messaging (115)
[2019.04.23-13.56.45:328][294]LogModuleManager: Shutting down and abandoning module IOSTargetPlatform (113)
[2019.04.23-13.56.45:329][294]LogModuleManager: Shutting down and abandoning module HTML5TargetPlatform (111)
[2019.04.23-13.56.45:329][294]LogModuleManager: Shutting down and abandoning module AndroidTargetPlatform (109)
[2019.04.23-13.56.45:340][294]LogModuleManager: Shutting down and abandoning module WindowsTargetPlatform (107)
[2019.04.23-13.56.45:340][294]LogModuleManager: Shutting down and abandoning module WindowsServerTargetPlatform (105)
[2019.04.23-13.56.45:341][294]LogModuleManager: Shutting down and abandoning module WindowsNoEditorTargetPlatform (103)
[2019.04.23-13.56.45:341][294]LogModuleManager: Shutting down and abandoning module WindowsClientTargetPlatform (101)
[2019.04.23-13.56.45:341][294]LogModuleManager: Shutting down and abandoning module MacTargetPlatform (99)
[2019.04.23-13.56.45:341][294]LogModuleManager: Shutting down and abandoning module MacServerTargetPlatform (97)
[2019.04.23-13.56.45:341][294]LogModuleManager: Shutting down and abandoning module MacNoEditorTargetPlatform (95)
[2019.04.23-13.56.45:341][294]LogModuleManager: Shutting down and abandoning module MacClientTargetPlatform (93)
[2019.04.23-13.56.45:341][294]LogModuleManager: Shutting down and abandoning module AllDesktopTargetPlatform (91)
[2019.04.23-13.56.45:341][294]LogModuleManager: Shutting down and abandoning module InputCore (88)
[2019.04.23-13.56.45:341][294]LogModuleManager: Shutting down and abandoning module Settings (86)
[2019.04.23-13.56.45:341][294]LogModuleManager: Shutting down and abandoning module PhysXCooking (84)
[2019.04.23-13.56.45:341][294]LogModuleManager: Shutting down and abandoning module SteamVR (82)
[2019.04.23-13.56.45:341][294]LogModuleManager: Shutting down and abandoning module OculusHMD (80)
[2019.04.23-13.56.45:341][294]LogModuleManager: Shutting down and abandoning module ExampleDeviceProfileSelector (78)
[2019.04.23-13.56.45:341][294]LogModuleManager: Shutting down and abandoning module LauncherChunkInstaller (76)
[2019.04.23-13.56.45:341][294]LogModuleManager: Shutting down and abandoning module OnlineBlueprintSupport (74)
[2019.04.23-13.56.45:341][294]LogModuleManager: Shutting down and abandoning module OnlineSubsystem (70)
[2019.04.23-13.56.45:343][294]LogModuleManager: Shutting down and abandoning module XMPP (65)
[2019.04.23-13.56.45:343][294]LogModuleManager: Shutting down and abandoning module WebSockets (64)
[2019.04.23-13.56.45:354][294]LogModuleManager: Shutting down and abandoning module HTTP (61)
[2019.04.23-13.56.45:354][294]LogHttp: Display: Http module shutting down, but needs to wait on 1 outstanding Http requests:
[2019.04.23-13.56.45:354][294]LogHttp: Display: 	verb=[POST] url=[https://datarouter.ol.epicgames.com/datarouter/api/v1/public/data?SessionID=%7BB6E9F90B-4DB3-DA5A-FD14-39A5FA419132%7D&AppID=UEEditor.Rocket.Release&AppVersion=4.20.1-4233996%2B%2B%2BUE4%2BRelease-4.20&UserID=e5f202094da9daed54bc01a482ab8116%7C9bdd36d664df4b0787b55f3cb2b04887%7C61dc1d6a-e417-4792-8424-124b0d2a51e1&AppEnvironment=datacollector-binary&UploadType=eteventstream] status=Processing
[2019.04.23-13.56.45:382][294]LogModuleManager: Shutting down and abandoning module SSL (60)
[2019.04.23-13.56.45:384][294]LogModuleManager: Shutting down and abandoning module MagicLeapEmulator (56)
[2019.04.23-13.56.45:385][294]LogModuleManager: Shutting down and abandoning module MagicLeapPrivileges (54)
[2019.04.23-13.56.45:385][294]LogModuleManager: Shutting down and abandoning module MagicLeapIdentity (52)
[2019.04.23-13.56.45:385][294]LogModuleManager: Shutting down and abandoning module MagicLeapHelperVulkan (50)
[2019.04.23-13.56.45:385][294]LogModuleManager: Shutting down and abandoning module MagicLeapHelperOpenGL (48)
[2019.04.23-13.56.45:385][294]LogModuleManager: Shutting down and abandoning module MagicLeapSecureStorage (46)
[2019.04.23-13.56.45:385][294]LogModuleManager: Shutting down and abandoning module MagicLeapGestures (44)
[2019.04.23-13.56.45:385][294]LogModuleManager: Shutting down and abandoning module MagicLeapEyeTracker (42)
[2019.04.23-13.56.45:385][294]LogModuleManager: Shutting down and abandoning module MagicLeapController (40)
[2019.04.23-13.56.45:385][294]LogSlate: Slate User Destroyed.  User Index 0, Is Virtual User: 0
[2019.04.23-13.56.45:385][294]LogModuleManager: Shutting down and abandoning module MagicLeap (38)
[2019.04.23-13.56.45:385][294]LogModuleManager: Shutting down and abandoning module AnimationModifiers (36)
[2019.04.23-13.56.45:385][294]LogModuleManager: Shutting down and abandoning module PropertyEditor (35)
[2019.04.23-13.56.45:386][294]LogModuleManager: Shutting down and abandoning module AudioEditor (32)
[2019.04.23-13.56.45:386][294]LogModuleManager: Shutting down and abandoning module TextureCompressor (30)
[2019.04.23-13.56.45:386][294]LogModuleManager: Shutting down and abandoning module ShaderCore (28)
[2019.04.23-13.56.45:386][294]LogModuleManager: Shutting down and abandoning module Landscape (26)
[2019.04.23-13.56.45:386][294]LogModuleManager: Shutting down and abandoning module SlateRHIRenderer (24)
[2019.04.23-13.56.45:387][294]LogModuleManager: Shutting down and abandoning module OpenGLDrv (22)
[2019.04.23-13.56.45:387][294]LogModuleManager: Shutting down and abandoning module D3D11RHI (20)
[2019.04.23-13.56.45:387][294]LogModuleManager: Shutting down and abandoning module AnimGraphRuntime (18)
[2019.04.23-13.56.45:387][294]LogModuleManager: Shutting down and abandoning module Renderer (16)
[2019.04.23-13.56.45:387][294]LogModuleManager: Shutting down and abandoning module Engine (14)
[2019.04.23-13.56.45:387][294]LogModuleManager: Shutting down and abandoning module CoreUObject (12)
[2019.04.23-13.56.45:387][294]LogModuleManager: Shutting down and abandoning module NetworkFile (10)
[2019.04.23-13.56.45:387][294]LogModuleManager: Shutting down and abandoning module CookedIterativeFile (8)
[2019.04.23-13.56.45:387][294]LogModuleManager: Shutting down and abandoning module StreamingFile (6)
[2019.04.23-13.56.45:387][294]LogModuleManager: Shutting down and abandoning module SandboxFile (4)
[2019.04.23-13.56.45:387][294]LogModuleManager: Shutting down and abandoning module PakFile (2)
[2019.04.23-13.56.45:399][294]LogExit: Exiting.
[2019.04.23-13.56.45:406][294]Log file closed, 04/23/19 14:56:45
