Log file open, 04/08/19 21:47:10
LogWindows: Failed to load 'aqProf.dll' (GetLastError=126)
LogWindows: File 'aqProf.dll' does not exist
LogWindows: Failed to load 'VtuneApi.dll' (GetLastError=126)
LogWindows: File 'VtuneApi.dll' does not exist
LogWindows: Failed to load 'VtuneApi32e.dll' (GetLastError=126)
LogWindows: File 'VtuneApi32e.dll' does not exist
LogInit: Display: Running engine for game: KV6002
LogPlatformFile: Not using cached read wrapper
LogTaskGraph: Started task graph with 5 named threads and 23 total threads with 3 sets of task threads.
LogStats: Stats thread started at 3.005472
LogD3D11RHI: Loaded GFSDK_Aftermath_Lib.x64.dll
LogICUInternationalization: Display: ICU TimeZone Detection - Raw Offset: +0:00, Platform Override: ''
LogPluginManager: Mounting plugin Paper2D
LogPluginManager: Mounting plugin AISupport
LogPluginManager: Mounting plugin LightPropagationVolume
LogPluginManager: Mounting plugin CLionSourceCodeAccess
LogPluginManager: Mounting plugin CodeLiteSourceCodeAccess
LogPluginManager: Mounting plugin GitSourceControl
LogPluginManager: Mounting plugin KDevelopSourceCodeAccess
LogPluginManager: Mounting plugin NullSourceCodeAccess
LogPluginManager: Mounting plugin PerforceSourceControl
LogPluginManager: Mounting plugin SubversionSourceControl
LogPluginManager: Mounting plugin UObjectPlugin
LogPluginManager: Mounting plugin VisualStudioCodeSourceCodeAccess
LogPluginManager: Mounting plugin VisualStudioSourceCodeAccess
LogPluginManager: Mounting plugin XCodeSourceCodeAccess
LogPluginManager: Mounting plugin AssetManagerEditor
LogPluginManager: Mounting plugin CryptoKeys
LogPluginManager: Mounting plugin DataValidation
LogPluginManager: Mounting plugin FacialAnimation
LogPluginManager: Mounting plugin GameplayTagsEditor
LogPluginManager: Mounting plugin MacGraphicsSwitching
LogPluginManager: Mounting plugin MeshEditor
LogPluginManager: Mounting plugin MobileLauncherProfileWizard
LogPluginManager: Mounting plugin PluginBrowser
LogPluginManager: Mounting plugin SpeedTreeImporter
LogPluginManager: Mounting plugin DatasmithContent
LogPluginManager: Mounting plugin AlembicImporter
LogPluginManager: Mounting plugin AppleImageUtils
LogPluginManager: Mounting plugin AppleVision
LogPluginManager: Mounting plugin BackChannel
LogPluginManager: Mounting plugin CharacterAI
LogPluginManager: Mounting plugin GeometryCache
LogPluginManager: Mounting plugin HTML5Networking
LogPluginManager: Mounting plugin ProxyLODPlugin
LogPluginManager: Mounting plugin MagicLeap
LogPluginManager: Mounting plugin MagicLeapEmulator
LogPluginManager: Mounting plugin MagicLeapMedia
LogPluginManager: Mounting plugin AndroidMedia
LogPluginManager: Mounting plugin AvfMedia
LogPluginManager: Mounting plugin ImgMedia
LogPluginManager: Mounting plugin LinearTimecode
LogPluginManager: Mounting plugin MediaCompositing
LogPluginManager: Mounting plugin MediaPlayerEditor
LogPluginManager: Mounting plugin WmfMedia
LogPluginManager: Mounting plugin TcpMessaging
LogPluginManager: Mounting plugin UdpMessaging
LogPluginManager: Mounting plugin ActorSequence
LogPluginManager: Mounting plugin LevelSequenceEditor
LogPluginManager: Mounting plugin MatineeToLevelSequence
LogPluginManager: Mounting plugin NetcodeUnitTest
LogPluginManager: Mounting plugin NUTUnrealEngine4
LogPluginManager: Mounting plugin OnlineSubsystemGooglePlay
LogPluginManager: Mounting plugin OnlineSubsystemIOS
LogPluginManager: Mounting plugin OnlineSubsystem
LogPluginManager: Mounting plugin OnlineSubsystemNull
LogPluginManager: Mounting plugin OnlineSubsystemUtils
LogPluginManager: Mounting plugin LauncherChunkInstaller
LogPluginManager: Mounting plugin AndroidDeviceProfileSelector
LogPluginManager: Mounting plugin AndroidMoviePlayer
LogPluginManager: Mounting plugin AndroidPermission
LogPluginManager: Mounting plugin AppleMoviePlayer
LogPluginManager: Mounting plugin ArchVisCharacter
LogPluginManager: Mounting plugin AudioCapture
LogPluginManager: Mounting plugin CableComponent
LogPluginManager: Mounting plugin CustomMeshComponent
LogPluginManager: Mounting plugin EditableMesh
LogPluginManager: Mounting plugin ExampleDeviceProfileSelector
LogPluginManager: Mounting plugin GoogleCloudMessaging
LogPluginManager: Mounting plugin ImmediatePhysics
LogPluginManager: Mounting plugin IOSDeviceProfileSelector
LogPluginManager: Mounting plugin LinuxDeviceProfileSelector
LogPluginManager: Mounting plugin LocationServicesBPLibrary
LogPluginManager: Mounting plugin MobilePatchingUtils
LogPluginManager: Mounting plugin OculusVR
LogPluginManager: Plugin shader directory ../../../Engine/Plugins/Runtime/Oculus/OculusVR/Shaders found
LogPluginManager: Mapping shader source directory ../../../Engine/Plugins/Runtime/Oculus/OculusVR/Shaders to virtual directory /Plugin/OculusVR
LogPluginManager: Mounting plugin PhysXVehicles
LogPluginManager: Mounting plugin ProceduralMeshComponent
LogPluginManager: Mounting plugin RuntimePhysXCooking
LogPluginManager: Mounting plugin SteamVR
LogPluginManager: Mounting plugin WindowsMoviePlayer
LogStreaming: Display: Took  0.238s to configure plugins.
LogInit: Using libcurl 7.55.1-DEV
LogInit:  - built for x86_64-pc-win32
LogInit:  - supports SSL with OpenSSL/1.0.2h
LogInit:  - supports HTTP deflate (compression) using libz 1.2.8
LogInit:  - other features:
LogInit:      CURL_VERSION_SSL
LogInit:      CURL_VERSION_LIBZ
LogInit:      CURL_VERSION_IPV6
LogInit:      CURL_VERSION_ASYNCHDNS
LogInit:      CURL_VERSION_LARGEFILE
LogInit:      CURL_VERSION_IDN
LogInit:  CurlRequestOptions (configurable via config and command line):
LogInit:  - bVerifyPeer = false  - Libcurl will NOT verify peer certificate
LogInit:  - bUseHttpProxy = false  - Libcurl will NOT use HTTP proxy
LogInit:  - bDontReuseConnections = false  - Libcurl will reuse connections
LogInit:  - CertBundlePath = nullptr  - Libcurl will use whatever was configured at build time.
LogInit:  - MaxHostConnections = 16  - Libcurl will limit the number of connections to a host
LogInit:  - LocalHostAddr = Default
LogInit:  - BufferSize = 65536
LogInit: WinSock: version 1.1 (2.2), MaxSocks=32767, MaxUdp=65467
LogInit: Build: ++UE4+Release-4.20-CL-4233996
LogInit: Engine Version: 4.20.1-4233996+++UE4+Release-4.20
LogInit: Compatible Engine Version: 4.20.0-4212847+++UE4+Release-4.20
LogInit: Net CL: 4212847
LogInit: OS: Windows 10 (), CPU: Intel(R) Core(TM) i7-7700K CPU @ 4.20GHz, GPU: NVIDIA GeForce GTX 1080
LogInit: Compiled (64-bit): Jul 26 2018 10:07:30
LogInit: Compiled with Visual C++: 19.13.26129.00
LogInit: Build Configuration: Development
LogInit: Branch Name: ++UE4+Release-4.20
LogInit: Command Line:  
LogInit: Base Directory: D:/EpicGames/UE_4.20/Engine/Binaries/Win64/
LogInit: Installed Engine Build: 1
LogDevObjectVersion: Number of dev versions registered: 20
LogDevObjectVersion:   Dev-Blueprints (B0D832E4-1F89-4F0D-ACCF-7EB736FD4AA2): 10
LogDevObjectVersion:   Dev-Build (E1C64328-A22C-4D53-A36C-8E866417BD8C): 0
LogDevObjectVersion:   Dev-Core (375EC13C-06E4-48FB-B500-84F0262A717E): 2
LogDevObjectVersion:   Dev-Editor (E4B068ED-F494-42E9-A231-DA0B2E46BB41): 24
LogDevObjectVersion:   Dev-Framework (CFFC743F-43B0-4480-9391-14DF171D2073): 34
LogDevObjectVersion:   Dev-Mobile (B02B49B5-BB20-44E9-A304-32B752E40360): 2
LogDevObjectVersion:   Dev-Networking (A4E4105C-59A1-49B5-A7C5-40C4547EDFEE): 0
LogDevObjectVersion:   Dev-Online (39C831C9-5AE6-47DC-9A44-9C173E1C8E7C): 0
LogDevObjectVersion:   Dev-Physics (78F01B33-EBEA-4F98-B9B4-84EACCB95AA2): 0
LogDevObjectVersion:   Dev-Platform (6631380F-2D4D-43E0-8009-CF276956A95A): 0
LogDevObjectVersion:   Dev-Rendering (12F88B9F-8875-4AFC-A67C-D90C383ABD29): 26
LogDevObjectVersion:   Dev-Sequencer (7B5AE74C-D270-4C10-A958-57980B212A5A): 9
LogDevObjectVersion:   Dev-VR (D7296918-1DD6-4BDD-9DE2-64A83CC13884): 2
LogDevObjectVersion:   Dev-LoadTimes (C2A15278-BFE7-4AFE-6C17-90FF531DF755): 1
LogDevObjectVersion:   Private-Geometry (6EACA3D4-40EC-4CC1-B786-8BED09428FC5): 3
LogDevObjectVersion:   Dev-AnimPhys (29E575DD-E0A3-4627-9D10-D276232CDCEA): 17
LogDevObjectVersion:   Dev-ReflectionCapture (6B266CEC-1EC7-4B8F-A30B-E4D90942FC07): 1
LogDevObjectVersion:   Dev-Automation (0DF73D61-A23F-47EA-B727-89E90C41499A): 1
LogDevObjectVersion:   FortniteMain (601D1886-AC64-4F84-AA16-D3DE0DEAC7D6): 12
LogDevObjectVersion:   Dev-Enterprise (9DFFBCD6-494F-0158-E221-12823C92A888): 1
LogStreaming: Display: Took  0.006s to delete old logs.
LogInit: Presizing for max 8388607 objects, including 0 objects not considered by GC, pre-allocating 0 bytes for permanent pool.
LogInit: Object subsystem initialized
[2019.04.08-20.47.13:231][  0]LogInit: Selected Device Profile: [Windows]
[2019.04.08-20.47.13:231][  0]LogInit: Applying CVar settings loaded from the selected device profile: [Windows]
[2019.04.08-20.47.13:313][  0]LogHAL: Display: Platform has ~ 16 GB [17130676224 / 17179869184 / 16], which maps to Larger [LargestMinGB=32, LargerMinGB=12, DefaultMinGB=8, SmallerMinGB=6, SmallestMinGB=0)
[2019.04.08-20.47.13:316][  0]LogInit: Setting Device Profile CVar: [[r.Vulkan.UseRealUBs:1]]
[2019.04.08-20.47.13:316][  0]LogInit: Going up to parent DeviceProfile []
[2019.04.08-20.47.13:386][  0]LogInit: Computer: DESKTOP-5BMDBC3
[2019.04.08-20.47.13:386][  0]LogInit: User: User
[2019.04.08-20.47.13:386][  0]LogInit: CPU Page size=4096, Cores=4
[2019.04.08-20.47.13:386][  0]LogInit: High frequency timer resolution =4.101561 MHz
[2019.04.08-20.47.13:387][  0]LogMemory: Memory total: Physical=16.0GB (16GB approx)
[2019.04.08-20.47.13:387][  0]LogMemory: Platform Memory Stats for Windows
[2019.04.08-20.47.13:387][  0]LogMemory: Process Physical Memory: 101.12 MB used, 101.12 MB peak
[2019.04.08-20.47.13:387][  0]LogMemory: Process Virtual Memory: 89.43 MB used, 89.43 MB peak
[2019.04.08-20.47.13:387][  0]LogMemory: Physical Memory: 6867.34 MB used,  9469.75 MB free, 16337.09 MB total
[2019.04.08-20.47.13:387][  0]LogMemory: Virtual Memory: 4643.85 MB used,  9469.75 MB free, 134217728.00 MB total
[2019.04.08-20.47.14:119][  0]LogInit: Using OS detected language (en-GB).
[2019.04.08-20.47.14:119][  0]LogInit: Using OS detected locale (en-GB).
[2019.04.08-20.47.14:129][  0]LogTextLocalizationManager: No specific localization for 'en-GB' exists, so the 'en' localization will be used.
[2019.04.08-20.47.15:083][  0]LogStreaming: Display: Took  0.942s to InitEngineTextLocalization.
[2019.04.08-20.47.15:093][  0]LogInit: Setting process to per monitor DPI aware
[2019.04.08-20.47.15:875][  0]LogSlate: New Slate User Created.  User Index 0, Is Virtual User: 0
[2019.04.08-20.47.15:875][  0]LogSlate: Slate User Registered.  User Index 0, Is Virtual User: 0
[2019.04.08-20.47.16:403][  0]LogHMD: Failed to initialize OpenVR with code 110
[2019.04.08-20.47.16:403][  0]LogD3D11RHI: D3D11 adapters:
[2019.04.08-20.47.16:462][  0]LogD3D11RHI:    0. 'NVIDIA GeForce GTX 1080' (Feature Level 11_0)
[2019.04.08-20.47.16:462][  0]LogD3D11RHI:       8079/0/8168 MB DedicatedVideo/DedicatedSystem/SharedSystem, Outputs:2, VendorId:0x10de
[2019.04.08-20.47.16:464][  0]LogD3D11RHI:    1. 'Microsoft Basic Render Driver' (Feature Level 11_0)
[2019.04.08-20.47.16:464][  0]LogD3D11RHI:       0/0/8168 MB DedicatedVideo/DedicatedSystem/SharedSystem, Outputs:0, VendorId:0x1414
[2019.04.08-20.47.16:464][  0]LogD3D11RHI: Chosen D3D11 Adapter: 0
[2019.04.08-20.47.16:471][  0]LogD3D11RHI: Creating new Direct3DDevice
[2019.04.08-20.47.16:471][  0]LogD3D11RHI:     GPU DeviceId: 0x1b80 (for the marketing name, search the web for "GPU Device Id")
[2019.04.08-20.47.16:482][  0]LogWindows: EnumDisplayDevices:
[2019.04.08-20.47.16:483][  0]LogWindows:    0. 'NVIDIA GeForce GTX 1080' (P:0 D:1)
[2019.04.08-20.47.16:483][  0]LogWindows:    1. 'NVIDIA GeForce GTX 1080' (P:1 D:1)
[2019.04.08-20.47.16:483][  0]LogWindows:    2. 'NVIDIA GeForce GTX 1080' (P:0 D:0)
[2019.04.08-20.47.16:483][  0]LogWindows:    3. 'NVIDIA GeForce GTX 1080' (P:0 D:0)
[2019.04.08-20.47.16:483][  0]LogWindows: DebugString: FoundDriverCount:4 
[2019.04.08-20.47.16:483][  0]LogD3D11RHI:     Adapter Name: NVIDIA GeForce GTX 1080
[2019.04.08-20.47.16:483][  0]LogD3D11RHI:   Driver Version: 399.07 (internal:24.21.13.9907, unified:399.07)
[2019.04.08-20.47.16:483][  0]LogD3D11RHI:      Driver Date: 8-21-2018
[2019.04.08-20.47.16:483][  0]LogRHI: Texture pool is 5655 MB (70% of 8079 MB)
[2019.04.08-20.47.16:516][  0]LogD3D11RHI: Async texture creation enabled
[2019.04.08-20.47.16:740][  0]LogD3D11RHI: GPU Timing Frequency: 1000.000000 (Debug: 2 2)
[2019.04.08-20.47.16:897][  0]LogShaderCompilers: Guid format shader working directory is -12 characters bigger than the processId version (C:/Users/User/Documents/GitHub/KV6002-Team-Project/KV6002/Intermediate/Shaders/WorkingDirectory/8504/).
[2019.04.08-20.47.16:898][  0]LogShaderCompilers: Cleaned the shader compiler working directory 'C:/Users/User/AppData/Local/Temp/UnrealShaderWorkingDir/787D89824A8A2CB815C2B69102CBA014/'.
[2019.04.08-20.47.18:271][  0]LogTemp: Display: Loaded TP AllDesktopTargetPlatform
[2019.04.08-20.47.18:368][  0]LogTemp: Display: Loaded TP MacClientTargetPlatform
[2019.04.08-20.47.18:410][  0]LogTemp: Display: Loaded TP MacNoEditorTargetPlatform
[2019.04.08-20.47.18:433][  0]LogTemp: Display: Loaded TP MacServerTargetPlatform
[2019.04.08-20.47.18:503][  0]LogTemp: Display: Loaded TP MacTargetPlatform
[2019.04.08-20.47.18:575][  0]LogTemp: Display: Loaded TP WindowsClientTargetPlatform
[2019.04.08-20.47.18:617][  0]LogTemp: Display: Loaded TP WindowsNoEditorTargetPlatform
[2019.04.08-20.47.18:641][  0]LogTemp: Display: Loaded TP WindowsServerTargetPlatform
[2019.04.08-20.47.18:663][  0]LogTemp: Display: Loaded TP WindowsTargetPlatform
[2019.04.08-20.47.18:850][  0]LogTemp: Display: Loaded TP AndroidTargetPlatform
[2019.04.08-20.47.18:850][  0]LogTemp: Display: Loaded TP AndroidTargetPlatform
[2019.04.08-20.47.18:850][  0]LogTemp: Display: Loaded TP AndroidTargetPlatform
[2019.04.08-20.47.18:850][  0]LogTemp: Display: Loaded TP AndroidTargetPlatform
[2019.04.08-20.47.18:850][  0]LogTemp: Display: Loaded TP AndroidTargetPlatform
[2019.04.08-20.47.18:850][  0]LogTemp: Display: Loaded TP AndroidTargetPlatform
[2019.04.08-20.47.18:850][  0]LogTemp: Display: Loaded TP AndroidTargetPlatform
[2019.04.08-20.47.18:850][  0]LogTemp: Display: Loaded TP AndroidTargetPlatform
[2019.04.08-20.47.18:850][  0]LogTemp: Display: Loaded TP AndroidTargetPlatform
[2019.04.08-20.47.18:850][  0]LogTemp: Display: Loaded TP AndroidTargetPlatform
[2019.04.08-20.47.18:850][  0]LogTemp: Display: Loaded TP AndroidTargetPlatform
[2019.04.08-20.47.18:850][  0]LogTemp: Display: Loaded TP AndroidTargetPlatform
[2019.04.08-20.47.18:850][  0]LogTemp: Display: Loaded TP AndroidTargetPlatform
[2019.04.08-20.47.18:850][  0]LogTemp: Display: Loaded TP AndroidTargetPlatform
[2019.04.08-20.47.18:850][  0]LogTemp: Display: Loaded TP AndroidTargetPlatform
[2019.04.08-20.47.18:850][  0]LogTemp: Display: Loaded TP AndroidTargetPlatform
[2019.04.08-20.47.18:850][  0]LogTemp: Display: Loaded TP AndroidTargetPlatform
[2019.04.08-20.47.18:850][  0]LogTemp: Display: Loaded TP AndroidTargetPlatform
[2019.04.08-20.47.18:878][  0]LogTemp: Display: Loaded TP HTML5TargetPlatform
[2019.04.08-20.47.19:091][  0]LogTemp: Display: Loaded TP IOSTargetPlatform
[2019.04.08-20.47.19:091][  0]LogTemp: Display: Loaded TP IOSTargetPlatform
[2019.04.08-20.47.19:181][  0]LogTemp: Display: Loaded TP TVOSTargetPlatform
[2019.04.08-20.47.19:181][  0]LogTemp: Display: Loaded TP TVOSTargetPlatform
[2019.04.08-20.47.19:244][  0]LogTemp: Display: Loaded TP LinuxClientTargetPlatform
[2019.04.08-20.47.19:274][  0]LogTemp: Display: Loaded TP LinuxNoEditorTargetPlatform
[2019.04.08-20.47.19:335][  0]LogTemp: Display: Loaded TP LinuxServerTargetPlatform
[2019.04.08-20.47.19:414][  0]LogTemp: Display: Loaded TP LinuxTargetPlatform
[2019.04.08-20.47.19:490][  0]LogTemp: Display: Loaded TP LuminTargetPlatform
[2019.04.08-20.47.19:490][  0]LogTargetPlatformManager: Display: Building Assets For Windows
[2019.04.08-20.47.20:423][  0]LogXGEController: Cleaning working directory: C:/Users/User/AppData/Local/Temp/UnrealXGEWorkingDir/
[2019.04.08-20.47.20:423][  0]LogXGEController: Cannot use XGE Controller as Incredibuild is not installed on this machine.
[2019.04.08-20.47.20:423][  0]LogShaderCompilers: Cannot use XGE Shader Compiler as Incredibuild is not installed on this machine.
[2019.04.08-20.47.20:423][  0]LogShaderCompilers: Display: Using Local Shader Compiler.
[2019.04.08-20.47.22:280][  0]LogDerivedDataCache: Display: Max Cache Size: 512 MB
[2019.04.08-20.47.22:576][  0]LogDerivedDataCache: Loaded boot cache 0.29s 71MB C:/Users/User/AppData/Local/UnrealEngine/4.20/DerivedDataCache/Boot.ddc.
[2019.04.08-20.47.22:576][  0]LogDerivedDataCache: Display: Loaded Boot cache: C:/Users/User/AppData/Local/UnrealEngine/4.20/DerivedDataCache/Boot.ddc
[2019.04.08-20.47.22:576][  0]LogDerivedDataCache: FDerivedDataBackendGraph:  Pak pak cache file C:/Users/User/Documents/GitHub/KV6002-Team-Project/KV6002/DerivedDataCache/DDC.ddp not found, will not use a pak cache.
[2019.04.08-20.47.22:576][  0]LogDerivedDataCache: Unable to find inner node Pak for hierarchical cache Hierarchy.
[2019.04.08-20.47.22:577][  0]LogDerivedDataCache: FDerivedDataBackendGraph:  CompressedPak pak cache file C:/Users/User/Documents/GitHub/KV6002-Team-Project/KV6002/DerivedDataCache/Compressed.ddp not found, will not use a pak cache.
[2019.04.08-20.47.22:577][  0]LogDerivedDataCache: Unable to find inner node CompressedPak for hierarchical cache Hierarchy.
[2019.04.08-20.47.22:752][  0]LogDerivedDataCache: Display: Pak cache opened for reading ../../../Engine/DerivedDataCache/Compressed.ddp.
[2019.04.08-20.47.22:770][  0]LogDerivedDataCache: Using Local data cache path C:/Users/User/AppData/Local/UnrealEngine/Common/DerivedDataCache: Writable
[2019.04.08-20.47.22:770][  0]LogDerivedDataCache: Shared data cache path not found in *engine.ini, will not use an Shared cache.
[2019.04.08-20.47.22:770][  0]LogDerivedDataCache: Unable to find inner node Shared for hierarchical cache Hierarchy.
[2019.04.08-20.47.22:843][  0]LogMaterial: Verifying Global Shaders for PCD3D_SM5
[2019.04.08-20.47.22:899][  0]LogSlate: Using FreeType 2.6.0
[2019.04.08-20.47.23:050][  0]LogSlate: SlateFontServices - WITH_FREETYPE: 1, WITH_HARFBUZZ: 1
[2019.04.08-20.47.23:777][  0]LogAssetRegistry: FAssetRegistry took 0.0508 seconds to start up
[2019.04.08-20.47.25:310][  0]LogInit: Selected Device Profile: [Windows]
[2019.04.08-20.47.27:025][  0]LogSimplygon: Simplygon DLL not present - disabling.
[2019.04.08-20.47.27:179][  0]LogMeshReduction: Using SimplygonSwarm for distributed automatic mesh merging
[2019.04.08-20.47.27:179][  0]LogMeshReduction: Using ProxyLODMeshReduction for automatic mesh merging
[2019.04.08-20.47.27:179][  0]LogMeshReduction: Using QuadricMeshReduction for automatic static mesh reduction
[2019.04.08-20.47.27:179][  0]LogMeshReduction: No automatic skeletal mesh reduction module available
[2019.04.08-20.47.27:674][  0]LogNetVersion: KV6002 1.0.0, NetCL: 4212847, EngineNetVer: 5, GameNetVer: 0 (Checksum: 2502700519)
[2019.04.08-20.47.33:013][  0]LogPackageLocalizationCache: Processed 11 localized package path(s) for 2 prioritized culture(s) in 0.259927 seconds
[2019.04.08-20.47.33:063][  0]LogUObjectArray: 38425 objects as part of root set at end of initial load.
[2019.04.08-20.47.33:063][  0]LogUObjectAllocator: 6690872 out of 0 bytes used by permanent object pool.
[2019.04.08-20.47.33:063][  0]LogUObjectArray: CloseDisregardForGC: 0/0 objects in disregard for GC pool
[2019.04.08-20.47.53:494][  0]LogTcpMessaging: Initializing TcpMessaging bridge
[2019.04.08-20.47.53:539][  0]LogUdpMessaging: Initializing bridge on interface 0.0.0.0:0 to multicast group 230.0.0.1:6666.
[2019.04.08-20.47.54:881][  0]SourceControl: Source control is disabled
[2019.04.08-20.47.54:881][  0]SourceControl: Source control is disabled
[2019.04.08-20.47.54:951][  0]SourceControl: Source control is disabled
[2019.04.08-20.47.54:986][  0]SourceControl: Source control is disabled
[2019.04.08-20.47.56:545][  0]LogAndroidPermission: UAndroidPermissionCallbackProxy::GetInstance
[2019.04.08-20.47.56:898][  0]LogOcInput: OculusInput pre-init called
[2019.04.08-20.47.57:543][  0]LogEngine: Initializing Engine...
[2019.04.08-20.47.57:567][  0]LogHMD: Failed to initialize OpenVR with code 110
[2019.04.08-20.47.57:594][  0]LogStats: UGameplayTagsManager::ConstructGameplayTagTree: ImportINI prefixes -  0.001 s
[2019.04.08-20.47.57:594][  0]LogStats: UGameplayTagsManager::ConstructGameplayTagTree: Construct from data asset -  0.000 s
[2019.04.08-20.47.57:595][  0]LogStats: UGameplayTagsManager::ConstructGameplayTagTree: ImportINI -  0.001 s
[2019.04.08-20.47.57:595][  0]LogStats: UGameplayTagsManager::ConstructGameplayTagTree: GameplayTagTreeChangedEvent.Broadcast -  0.000 s
[2019.04.08-20.47.58:757][  0]LogInit: Initializing FReadOnlyCVARCache
[2019.04.08-20.47.59:144][  0]LogAIModule: Creating AISystem for world Untitled
[2019.04.08-20.47.59:364][  0]LogInit: XAudio2 using 'Speakers (2- USB Audio Device)' : 2 channels at 48 kHz using 16 bits per sample (channel mask 0x3)
[2019.04.08-20.47.59:402][  0]LogInit: FAudioDevice initialized.
[2019.04.08-20.47.59:403][  0]LogNetVersion: Set ProjectVersion to 1.0.0.0. Version Checksum will be recalculated on next use.
[2019.04.08-20.47.59:477][  0]LogDerivedDataCache: Saved boot cache 0.07s 71MB C:/Users/User/AppData/Local/UnrealEngine/4.20/DerivedDataCache/Boot.ddc.
[2019.04.08-20.47.59:487][  0]LogInit: Texture streaming: Enabled
[2019.04.08-20.47.59:640][  0]LogEngineSessionManager: EngineSessionManager initialized
[2019.04.08-20.47.59:733][  0]LogInit: Transaction tracking system initialized
[2019.04.08-20.48.00:175][  0]BlueprintLog: New page: Editor Load
[2019.04.08-20.48.01:622][  0]LocalizationService: Localization service is disabled
[2019.04.08-20.48.04:221][  0]LogCook: Display: Max memory allowance for cook 16384mb min free memory 0mb
[2019.04.08-20.48.04:229][  0]LogCook: Display: Mobile HDR setting 1
[2019.04.08-20.48.04:244][  0]LogFileCache: Scanning file cache for directory 'C:/Users/User/Documents/GitHub/KV6002-Team-Project/KV6002/Content/' took 0.04s
[2019.04.08-20.48.04:244][  0]LogGameplayTags: Display: UGameplayTagsManager::DoneAddingNativeTags. DelegateIsBound: 0
[2019.04.08-20.48.04:245][  0]LogStats: UGameplayTagsManager::ConstructGameplayTagTree: ImportINI prefixes -  0.000 s
[2019.04.08-20.48.04:245][  0]LogStats: UGameplayTagsManager::ConstructGameplayTagTree: Construct from data asset -  0.000 s
[2019.04.08-20.48.04:245][  0]LogStats: UGameplayTagsManager::ConstructGameplayTagTree: ImportINI -  0.000 s
[2019.04.08-20.48.04:245][  0]LogStats: UGameplayTagsManager::ConstructGameplayTagTree: GameplayTagTreeChangedEvent.Broadcast -  0.000 s
[2019.04.08-20.48.06:400][  0]SourceControl: Source control is disabled
[2019.04.08-20.48.06:440][  0]Cmd: MAP LOAD FILE="C:/Users/User/Documents/GitHub/KV6002-Team-Project/KV6002/Content/FirstPersonBP/Maps/FirstPersonExampleMap.umap" TEMPLATE=0 SHOWPROGRESS=1 FEATURELEVEL=3
[2019.04.08-20.48.06:446][  0]LightingResults: New page: Lighting Build
[2019.04.08-20.48.06:595][  0]MapCheck: New page: Map Check
[2019.04.08-20.48.06:595][  0]LightingResults: New page: Lighting Build
[2019.04.08-20.48.10:529][  0]LogAIModule: Creating AISystem for world FirstPersonExampleMap
[2019.04.08-20.48.11:992][  0]LogEditorServer: Finished looking for orphan Actors (0.007 secs)
[2019.04.08-20.48.12:514][  0]Cmd: MAP CHECKDEP NOCLEARLOG
[2019.04.08-20.48.12:738][  0]MapCheck: Map check complete: 0 Error(s), 0 Warning(s), took 223.094ms to complete.
[2019.04.08-20.48.12:755][  0]LogFileHelpers: Loading map 'FirstPersonExampleMap' took 6.337
[2019.04.08-20.48.14:829][  0]LogSlate: Updating window title bar state: overlay mode, drag disabled, window buttons hidden, title bar hidden
[2019.04.08-20.48.14:868][  0]LogSlate: Updating window title bar state: overlay mode, drag disabled, window buttons hidden, title bar hidden
[2019.04.08-20.48.14:880][  0]LogSlate: Updating window title bar state: overlay mode, drag disabled, window buttons hidden, title bar hidden
[2019.04.08-20.48.14:891][  0]LogSlate: Updating window title bar state: overlay mode, drag disabled, window buttons hidden, title bar hidden
[2019.04.08-20.48.15:017][  0]LogCollectionManager: Loaded 0 collections in 0.002618 seconds
[2019.04.08-20.48.15:202][  0]LogFileCache: Scanning file cache for directory 'C:/Users/User/Documents/GitHub/KV6002-Team-Project/KV6002/Saved/Collections/' took 0.01s
[2019.04.08-20.48.15:202][  0]LogFileCache: Scanning file cache for directory 'C:/Users/User/Documents/GitHub/KV6002-Team-Project/KV6002/Content/Developers/User/Collections/' took 0.01s
[2019.04.08-20.48.15:202][  0]LogFileCache: Scanning file cache for directory 'C:/Users/User/Documents/GitHub/KV6002-Team-Project/KV6002/Content/Collections/' took 0.01s
[2019.04.08-20.48.15:202][  0]LogCollectionManager: Rebuilt the GUID cache for 0 collections in 0.000001 seconds
[2019.04.08-20.48.15:242][  0]LogContentBrowser: Native class hierarchy populated in 0.0341 seconds. Added 2572 classes and 603 folders.
[2019.04.08-20.48.15:360][  0]LogContentBrowser: Native class hierarchy updated for 'WidgetCarousel' in 0.0006 seconds. Added 0 classes and 0 folders.
[2019.04.08-20.48.16:848][  0]LogContentBrowser: Native class hierarchy updated for 'AddContentDialog' in 0.0006 seconds. Added 0 classes and 0 folders.
[2019.04.08-20.48.16:942][  0]LogContentBrowser: Native class hierarchy updated for 'SceneOutliner' in 0.0007 seconds. Added 1 classes and 2 folders.
[2019.04.08-20.48.17:711][  0]LogSlate: Took 0.016088 seconds to synchronously load lazily loaded font '../../../Engine/Content/Slate/Fonts/Roboto-Regular.ttf' (155K)
[2019.04.08-20.48.17:793][  0]LogSlate: Took 0.042707 seconds to synchronously load lazily loaded font '../../../Engine/Content/Slate/Fonts/Roboto-Bold.ttf' (160K)
[2019.04.08-20.48.17:917][  0]LogSlate: Took 0.023499 seconds to synchronously load lazily loaded font '../../../Engine/Content/Editor/Slate/Fonts/FontAwesome.ttf' (139K)
[2019.04.08-20.48.18:964][  0]LogRenderer: Reallocating scene render targets to support 1252x632 Format 10 NumSamples 1 (Frame:1).
[2019.04.08-20.48.20:208][  0]LogContentBrowser: Native class hierarchy updated for 'HierarchicalLODOutliner' in 0.0004 seconds. Added 0 classes and 0 folders.
[2019.04.08-20.48.20:208][  0]LogLoad: (Engine Initialization) Total time: 78.37 seconds
[2019.04.08-20.48.20:208][  0]LogLoad: (Engine Initialization) Total Blueprint compile time: 0.00 seconds
[2019.04.08-20.48.20:317][  0]LogWindowsTextInputMethodSystem: Display: IME system now deactivated.
[2019.04.08-20.48.20:950][  0]LogContentStreaming: Texture pool size now 3000 MB
[2019.04.08-20.48.21:410][  1]LogFileCache: Retrieving MD5 hashes for directory 'C:/Users/User/Documents/GitHub/KV6002-Team-Project/KV6002/Content/' took 0.91s
[2019.04.08-20.48.21:668][  1]LogSlate: Took 0.017430 seconds to synchronously load lazily loaded font '../../../Engine/Content/Slate/Fonts/Roboto-Light.ttf' (167K)
[2019.04.08-20.48.21:948][  2]LogSlate: Took 0.000254 seconds to synchronously load lazily loaded font '../../../Engine/Content/Slate/Fonts/Roboto-Light.ttf' (167K)
[2019.04.08-20.48.22:188][  4]LogAssetRegistry: Asset discovery search completed in 58.4339 seconds
[2019.04.08-20.48.22:191][  4]LogCollectionManager: Rebuilt the object cache for 0 collections in 0.000000 seconds (found 0 objects)
[2019.04.08-20.48.22:191][  4]LogCollectionManager: Fixed up redirectors for 0 collections in 0.000107 seconds (updated 0 objects)
[2019.04.08-20.48.28:345][727]LogSlate: FSceneViewport::OnFocusLost() reason 0
[2019.04.08-20.48.30:914][ 17]LogSlate: FSceneViewport::OnFocusLost() reason 2
[2019.04.08-20.48.34:484][413]LogSlate: FSceneViewport::OnFocusLost() reason 2
[2019.04.08-20.48.36:482][652]LogSlate: FSceneViewport::OnFocusLost() reason 2
[2019.04.08-20.48.51:511][652]LogTemp: Executing iPhonePackager certificates Engine -bundlename com.YourCompany.KV6002
[2019.04.08-20.48.51:511][652]LogTemp: CWD: D:\EpicGames\UE_4.20\Engine\Binaries\DotNET\IOS
[2019.04.08-20.48.51:511][652]LogTemp: Initial Dir: D:\EpicGames\UE_4.20
[2019.04.08-20.48.51:511][652]LogTemp: Env CWD: D:\EpicGames\UE_4.20\Engine\Binaries\DotNET\IOS
[2019.04.08-20.48.51:511][652]LogTemp: BranchPath = DESKTOP-5BMDBC3/D/EpicGames/UE_4.20/Engine/Binaries --- GameBranchPath = DESKTOP-5BMDBC3/D/EpicGames/UE_4.20/Engine/Binaries
[2019.04.08-20.48.51:511][652]LogTemp: IPP ERROR: Could not find provision directory 'C:\Users\User\AppData\Local/Apple Computer/MobileDevice/Provisioning Profiles/'.
[2019.04.08-20.48.51:511][652]LogSlate: Only BGRA pngs, bmps or icos are supported in by External Image Picker
[2019.04.08-20.49.35:800][624]LogSlate: Window 'Project Settings' being destroyed
[2019.04.08-20.49.35:802][624]LogSlate: Window 'Project Settings' being destroyed
[2019.04.08-20.49.37:055][737]LogSlate: FSceneViewport::OnFocusLost() reason 0
[2019.04.08-20.49.37:104][743]LogTemp: Repeating last play command: Standalone Game
[2019.04.08-20.50.55:800][681]LogSlate: FSceneViewport::OnFocusLost() reason 0
[2019.04.08-20.51.06:924][963]LogAssetEditorManager: Opening Asset editor for WidgetBlueprint /Game/FirstPersonBP/Blueprints/Health.Health
[2019.04.08-20.51.07:718][963]LogContentBrowser: Native class hierarchy updated for 'BlueprintGraph' in 0.0005 seconds. Added 116 classes and 0 folders.
[2019.04.08-20.51.08:866][963]LogSlate: Took 0.034411 seconds to synchronously load lazily loaded font '../../../Engine/Content/Slate/Fonts/Roboto-BoldCondensed.ttf' (158K)
[2019.04.08-20.51.18:384][821]LogTemp: Repeating last play command: Standalone Game
[2019.04.08-20.51.19:784][821]LogSlate: Window 'Save Content' being destroyed
[2019.04.08-20.51.19:800][821]Cmd: OBJ SAVEPACKAGE PACKAGE="/Game/FirstPersonBP/Blueprints/Health" FILE="C:/Users/User/Documents/GitHub/KV6002-Team-Project/KV6002/Content/FirstPersonBP/Blueprints/Health.uasset" SILENT=true
[2019.04.08-20.51.19:806][821]LogSavePackage: Moving 'C:/Users/User/Documents/GitHub/KV6002-Team-Project/KV6002/Saved/HealthD01EF4A846C548EF2902C29BAC62CDE2.tmp' to 'C:/Users/User/Documents/GitHub/KV6002-Team-Project/KV6002/Content/FirstPersonBP/Blueprints/Health.uasset'
[2019.04.08-20.52.55:147][679]LogAssetEditorManager: Opening Asset editor for WidgetBlueprint /Game/FirstPersonBP/Blueprints/Inventory.Inventory
[2019.04.08-20.56.14:666][ 60]AssetReimport: New page: Outstanding source content changes 22:56:14
[2019.04.08-20.56.14:682][ 61]LogFactory: FactoryCreateFile: Texture with ReimportTextureFactory (0 0 C:/Users/User/Documents/GitHub/KV6002-Team-Project/KV6002/Content/Images/healthblip.png)
[2019.04.08-20.56.14:740][ 62]Cmd: OBJ SAVEPACKAGE PACKAGE="/Game/Images/healthblip" FILE="C:/Users/User/Documents/GitHub/KV6002-Team-Project/KV6002/Content/Images/healthblip.uasset" SILENT=true
[2019.04.08-20.56.14:744][ 62]LogSavePackage: Moving 'C:/Users/User/Documents/GitHub/KV6002-Team-Project/KV6002/Saved/healthblip6860F2864A940EDD6D2DD0A67513E316.tmp' to 'C:/Users/User/Documents/GitHub/KV6002-Team-Project/KV6002/Content/Images/healthblip.uasset'
[2019.04.08-20.56.17:762][260]AssetReimport: Importing new asset /Game/Images/healthblip.
[2019.04.08-20.56.24:855][758]LogSlate: Took 0.055195 seconds to synchronously load lazily loaded font '../../../Engine/Content/Slate/Fonts/DroidSansFallback.ttf' (3848K)
[2019.04.08-20.57.29:376][734]LogUObjectHash: Warning: Ambiguous search, could be VerticalBox /Game/FirstPersonBP/Blueprints/Health.Health:WidgetTree.VerticalBox_106 or VerticalBox /Engine/Transient.World_8:Health_C_2.WidgetTree_0.VerticalBox_106
[2019.04.08-20.57.29:376][734]LogUObjectHash: Warning: Ambiguous search, could be VerticalBox /Game/FirstPersonBP/Blueprints/Health.Health:WidgetTree.VerticalBox_106 or VerticalBox /Engine/Transient.World_8:Health_C_3.WidgetTree_0.VerticalBox_106
[2019.04.08-20.57.29:376][734]LogUObjectHash: Warning: Ambiguous search, could be VerticalBox /Game/FirstPersonBP/Blueprints/Health.Health:WidgetTree.VerticalBox_106 or VerticalBox /Engine/Transient.World_8:Health_C_4.WidgetTree_0.VerticalBox_106
[2019.04.08-20.57.29:376][734]LogProperty: Warning: Illegal TEXT reference to a private object in external package (VerticalBoxSlot /Game/FirstPersonBP/Blueprints/Health.Health:WidgetTree.VerticalBox_106.VerticalBoxSlot_0) from referencer (Image /Engine/UMG/Editor/Transient.HealthBlip1).  Import failed...
[2019.04.08-20.57.29:376][734]LogProperty: Warning: ObjectProperty /Script/UMG.Widget:Slot: unresolved reference to 'VerticalBoxSlot'"VerticalBox_106.VerticalBoxSlot_0"''
[2019.04.08-20.57.29:796][761]LogUObjectHash: Warning: Ambiguous search, could be VerticalBox /Game/FirstPersonBP/Blueprints/Health.Health:WidgetTree.VerticalBox_106 or VerticalBox /Engine/Transient.World_8:Health_C_2.WidgetTree_0.VerticalBox_106
[2019.04.08-20.57.29:796][761]LogUObjectHash: Warning: Ambiguous search, could be VerticalBox /Game/FirstPersonBP/Blueprints/Health.Health:WidgetTree.VerticalBox_106 or VerticalBox /Engine/Transient.World_8:Health_C_3.WidgetTree_0.VerticalBox_106
[2019.04.08-20.57.29:796][761]LogUObjectHash: Warning: Ambiguous search, could be VerticalBox /Game/FirstPersonBP/Blueprints/Health.Health:WidgetTree.VerticalBox_106 or VerticalBox /Engine/Transient.World_8:Health_C_4.WidgetTree_0.VerticalBox_106
[2019.04.08-20.57.29:796][761]LogUObjectHash: Warning: Ambiguous search, could be VerticalBox /Game/FirstPersonBP/Blueprints/Health.Health:WidgetTree.VerticalBox_106 or VerticalBox /Engine/Transient.World_8:Health_C_5.WidgetTree_0.VerticalBox_106
[2019.04.08-20.57.29:796][761]LogProperty: Warning: Illegal TEXT reference to a private object in external package (VerticalBoxSlot /Game/FirstPersonBP/Blueprints/Health.Health:WidgetTree.VerticalBox_106.VerticalBoxSlot_0) from referencer (Image /Engine/UMG/Editor/Transient.HealthBlip1).  Import failed...
[2019.04.08-20.57.29:796][761]LogProperty: Warning: ObjectProperty /Script/UMG.Widget:Slot: unresolved reference to 'VerticalBoxSlot'"VerticalBox_106.VerticalBoxSlot_0"''
[2019.04.08-20.59.07:022][200]LogSlate: Window 'Save Asset As' being destroyed
[2019.04.08-20.59.15:055][200]LogSlate: Window 'Message' being destroyed
[2019.04.08-20.59.18:204][401]LogFileHelpers: Editor autosave (incl. sublevels) for '/Game/FirstPersonBP/Maps/FirstPersonExampleMap' took 0.022
[2019.04.08-20.59.18:205][401]OBJ SavePackage: Generating thumbnails for [0] asset(s) in package [/Game/FirstPersonBP/Blueprints/Health] ([1] browsable assets)...
[2019.04.08-20.59.18:205][401]OBJ SavePackage: Finished generating thumbnails for package [/Game/FirstPersonBP/Blueprints/Health]
[2019.04.08-20.59.18:230][401]LogSavePackage: Moving 'C:/Users/User/Documents/GitHub/KV6002-Team-Project/KV6002/Saved/Health_Auto1FB260D1D48D9D99AC0E5DE9C7B32ECAE.tmp' to 'C:/Users/User/Documents/GitHub/KV6002-Team-Project/KV6002/Saved/Autosaves/Game/FirstPersonBP/Blueprints/Health_Auto1.uasset'
[2019.04.08-20.59.18:232][401]OBJ SavePackage: Generating thumbnails for [1] asset(s) in package [/Game/Images/healthblip] ([1] browsable assets)...
[2019.04.08-20.59.18:240][401]OBJ SavePackage:     Rendered thumbnail for [Material /Game/Images/healthblip.healthblip]
[2019.04.08-20.59.18:240][401]OBJ SavePackage: Finished generating thumbnails for package [/Game/Images/healthblip]
[2019.04.08-20.59.18:240][401]Cmd: OBJ SAVEPACKAGE PACKAGE="/Game/Images/healthblip" FILE="C:/Users/User/Documents/GitHub/KV6002-Team-Project/KV6002/Saved/Autosaves/Game/Images/healthblip_Auto1.uasset" SILENT=false AUTOSAVING=true
[2019.04.08-20.59.18:249][401]Warning: Asset 'C:/Users/User/Documents/GitHub/KV6002-Team-Project/KV6002/Saved/Autosaves/Game/Images/healthblip_Auto1.uasset' cannot be saved as it has only been partially loaded
[2019.04.08-20.59.20:399][555]LogMaterial: Display: Missing cached shader map for material healthblip, compiling. 
[2019.04.08-20.59.20:432][556]LogShaderCompilers: Display: Shaders left to compile 14
[2019.04.08-20.59.20:432][556]LogShaderCompilers: Display: Shaders left to compile 4
[2019.04.08-20.59.39:930][820]LogSlate: Window 'Delete Assets' being destroyed
[2019.04.08-20.59.39:972][820]LogSlate: Window 'Inventory' being destroyed
[2019.04.08-20.59.46:127][874]LogFactory: FactoryCreateFile: Texture with ReimportTextureFactory (0 0 C:\Users\User\Documents\GitHub\KV6002-Team-Project\KV6002\Content\Images\healthblip.png)
[2019.04.08-20.59.46:132][874]LogTexture: Display: Building textures: healthblip (BGRA8, 102X102)
[2019.04.08-20.59.48:003][974]Cmd: OBJ SAVEPACKAGE PACKAGE="/Game/Images/healthblip" FILE="C:/Users/User/Documents/GitHub/KV6002-Team-Project/KV6002/Content/Images/healthblip.uasset" SILENT=true
[2019.04.08-20.59.48:006][974]LogSavePackage: Moving 'C:/Users/User/Documents/GitHub/KV6002-Team-Project/KV6002/Saved/healthblip160376E041244CA0936003BFD80D9E0D.tmp' to 'C:/Users/User/Documents/GitHub/KV6002-Team-Project/KV6002/Content/Images/healthblip.uasset'
[2019.04.08-20.59.59:586][359]LogAssetEditorManager: Opening Asset editor for WidgetBlueprint /Game/FirstPersonBP/Blueprints/Health.Health
[2019.04.08-21.00.23:600][356]BlueprintLog: New page: Compile Health
[2019.04.08-21.00.24:166][368]Cmd: OBJ SAVEPACKAGE PACKAGE="/Game/FirstPersonBP/Blueprints/Health" FILE="C:/Users/User/Documents/GitHub/KV6002-Team-Project/KV6002/Content/FirstPersonBP/Blueprints/Health.uasset" SILENT=true
[2019.04.08-21.00.24:180][368]LogSavePackage: Moving 'C:/Users/User/Documents/GitHub/KV6002-Team-Project/KV6002/Saved/Health268BC9E8414411F77E1E83A07F002563.tmp' to 'C:/Users/User/Documents/GitHub/KV6002-Team-Project/KV6002/Content/FirstPersonBP/Blueprints/Health.uasset'
[2019.04.08-21.00.37:969][785]LogAssetEditorManager: Opening Asset editor for Blueprint /Game/FirstPersonBP/Blueprints/FirstPersonCharacter.FirstPersonCharacter
[2019.04.08-21.00.38:948][786]LogSlate: Took 0.018427 seconds to synchronously load lazily loaded font '../../../Engine/Content/Slate/Fonts/Roboto-Italic.ttf' (157K)
[2019.04.08-21.01.17:324][436]LogSlate: Took 0.040024 seconds to synchronously load lazily loaded font '../../../Engine/Content/Slate/Fonts/Roboto-BoldCondensedItalic.ttf' (160K)
[2019.04.08-21.01.44:205][149]BlueprintLog: New page: Compile FirstPersonCharacter
[2019.04.08-21.03.45:221][188]BlueprintLog: New page: Compile FirstPersonCharacter
[2019.04.08-21.03.45:750][194]LogSavePackage: Moving 'C:/Users/User/Documents/GitHub/KV6002-Team-Project/KV6002/Saved/FirstPersonCharacter0EA22D194B7E2CC482F27B967CF698C4.tmp' to 'C:/Users/User/Documents/GitHub/KV6002-Team-Project/KV6002/Content/FirstPersonBP/Blueprints/FirstPersonCharacter.uasset'
[2019.04.08-21.05.26:686][693]LogEditorTransaction: Undo Split Struct Pin
[2019.04.08-21.06.12:951][721]BlueprintLog: New page: Compile Health
[2019.04.08-21.06.13:671][764]Cmd: OBJ SAVEPACKAGE PACKAGE="/Game/FirstPersonBP/Blueprints/Health" FILE="C:/Users/User/Documents/GitHub/KV6002-Team-Project/KV6002/Content/FirstPersonBP/Blueprints/Health.uasset" SILENT=true
[2019.04.08-21.06.13:691][764]LogSavePackage: Moving 'C:/Users/User/Documents/GitHub/KV6002-Team-Project/KV6002/Saved/Health192CE948489954903BC24C968F59CBF9.tmp' to 'C:/Users/User/Documents/GitHub/KV6002-Team-Project/KV6002/Content/FirstPersonBP/Blueprints/Health.uasset'
[2019.04.08-21.09.51:962][762]BlueprintLog: New page: Compile Health
[2019.04.08-21.09.52:644][798]Cmd: OBJ SAVEPACKAGE PACKAGE="/Game/FirstPersonBP/Blueprints/Health" FILE="C:/Users/User/Documents/GitHub/KV6002-Team-Project/KV6002/Content/FirstPersonBP/Blueprints/Health.uasset" SILENT=true
[2019.04.08-21.09.52:669][798]LogSavePackage: Moving 'C:/Users/User/Documents/GitHub/KV6002-Team-Project/KV6002/Saved/HealthAE51F52544141B1A911E8DA4F247D244.tmp' to 'C:/Users/User/Documents/GitHub/KV6002-Team-Project/KV6002/Content/FirstPersonBP/Blueprints/Health.uasset'
[2019.04.08-21.12.21:191][776]BlueprintLog: New page: Compile Health
[2019.04.08-21.12.21:733][816]Cmd: OBJ SAVEPACKAGE PACKAGE="/Game/FirstPersonBP/Blueprints/Health" FILE="C:/Users/User/Documents/GitHub/KV6002-Team-Project/KV6002/Content/FirstPersonBP/Blueprints/Health.uasset" SILENT=true
[2019.04.08-21.12.21:765][816]LogSavePackage: Moving 'C:/Users/User/Documents/GitHub/KV6002-Team-Project/KV6002/Saved/HealthFC17118945BC4AC27A4C58A2F1B69727.tmp' to 'C:/Users/User/Documents/GitHub/KV6002-Team-Project/KV6002/Content/FirstPersonBP/Blueprints/Health.uasset'
[2019.04.08-21.13.53:929][620]BlueprintLog: New page: Compile Health
[2019.04.08-21.16.43:715][701]BlueprintLog: New page: Compile Health
[2019.04.08-21.16.44:211][750]Cmd: OBJ SAVEPACKAGE PACKAGE="/Game/FirstPersonBP/Blueprints/Health" FILE="C:/Users/User/Documents/GitHub/KV6002-Team-Project/KV6002/Content/FirstPersonBP/Blueprints/Health.uasset" SILENT=true
[2019.04.08-21.16.44:245][750]LogSavePackage: Moving 'C:/Users/User/Documents/GitHub/KV6002-Team-Project/KV6002/Saved/HealthE1892A76490CADB1A73C55822816C0E5.tmp' to 'C:/Users/User/Documents/GitHub/KV6002-Team-Project/KV6002/Content/FirstPersonBP/Blueprints/Health.uasset'
[2019.04.08-21.17.03:080][822]LogSlate: Window 'Color Picker' being destroyed
[2019.04.08-21.17.50:416][220]BlueprintLog: New page: Compile FirstPersonCharacter
[2019.04.08-21.17.51:230][258]LogSavePackage: Moving 'C:/Users/User/Documents/GitHub/KV6002-Team-Project/KV6002/Saved/FirstPersonCharacter7C6D0CA4483EF05B107303865BE56009.tmp' to 'C:/Users/User/Documents/GitHub/KV6002-Team-Project/KV6002/Content/FirstPersonBP/Blueprints/FirstPersonCharacter.uasset'
[2019.04.08-21.17.55:658][775]LogTemp: Repeating last play command: Standalone Game
[2019.04.08-21.17.56:778][775]LogSlate: Window 'Save Content' being destroyed
[2019.04.08-21.17.57:067][775]LogSavePackage: Moving 'C:/Users/User/Documents/GitHub/KV6002-Team-Project/KV6002/Saved/FirstPersonExampleMap0FBA457C4B53B8739B2F42B4BAA662CD.tmp' to 'C:/Users/User/Documents/GitHub/KV6002-Team-Project/KV6002/Content/FirstPersonBP/Maps/FirstPersonExampleMap.umap'
[2019.04.08-21.17.57:088][775]LogFileHelpers: Saving map 'FirstPersonExampleMap' took 0.294
[2019.04.08-21.19.10:292][232]BlueprintLog: New page: Compile Health
[2019.04.08-21.19.10:799][268]Cmd: OBJ SAVEPACKAGE PACKAGE="/Game/FirstPersonBP/Blueprints/Health" FILE="C:/Users/User/Documents/GitHub/KV6002-Team-Project/KV6002/Content/FirstPersonBP/Blueprints/Health.uasset" SILENT=true
[2019.04.08-21.19.10:834][268]LogSavePackage: Moving 'C:/Users/User/Documents/GitHub/KV6002-Team-Project/KV6002/Saved/HealthEF8530FC4582C9F8587DFCB6D6C57335.tmp' to 'C:/Users/User/Documents/GitHub/KV6002-Team-Project/KV6002/Content/FirstPersonBP/Blueprints/Health.uasset'
[2019.04.08-21.19.13:436][520]LogTemp: Repeating last play command: Standalone Game
[2019.04.08-21.19.14:407][520]LogSlate: Window 'Save Content' being destroyed
[2019.04.08-21.19.14:677][520]LogSavePackage: Moving 'C:/Users/User/Documents/GitHub/KV6002-Team-Project/KV6002/Saved/FirstPersonExampleMap81FCBF384639AF3B130FB8A73A836801.tmp' to 'C:/Users/User/Documents/GitHub/KV6002-Team-Project/KV6002/Content/FirstPersonBP/Maps/FirstPersonExampleMap.umap'
[2019.04.08-21.19.14:696][520]LogFileHelpers: Saving map 'FirstPersonExampleMap' took 0.275
[2019.04.08-21.19.48:477][202]LogAssetEditorManager: Opening Asset editor for WidgetBlueprint /Game/FirstPersonBP/Blueprints/Inventory.Inventory
[2019.04.08-21.20.13:601][939]LogTemp: Repeating last play command: Standalone Game
[2019.04.08-21.20.14:980][939]LogSlate: Window 'Save Content' being destroyed
[2019.04.08-21.20.14:995][939]Cmd: OBJ SAVEPACKAGE PACKAGE="/Game/FirstPersonBP/Blueprints/Health" FILE="C:/Users/User/Documents/GitHub/KV6002-Team-Project/KV6002/Content/FirstPersonBP/Blueprints/Health.uasset" SILENT=true
[2019.04.08-21.20.15:031][939]LogSavePackage: Moving 'C:/Users/User/Documents/GitHub/KV6002-Team-Project/KV6002/Saved/Health885E3CE24179F4DC0591109129B8825A.tmp' to 'C:/Users/User/Documents/GitHub/KV6002-Team-Project/KV6002/Content/FirstPersonBP/Blueprints/Health.uasset'
[2019.04.08-21.20.45:057][118]BlueprintLog: New page: Compile Health
[2019.04.08-21.20.45:587][143]Cmd: OBJ SAVEPACKAGE PACKAGE="/Game/FirstPersonBP/Blueprints/Health" FILE="C:/Users/User/Documents/GitHub/KV6002-Team-Project/KV6002/Content/FirstPersonBP/Blueprints/Health.uasset" SILENT=true
[2019.04.08-21.20.45:619][143]LogSavePackage: Moving 'C:/Users/User/Documents/GitHub/KV6002-Team-Project/KV6002/Saved/HealthD773C9364D19CB7F21E17091BDD78C13.tmp' to 'C:/Users/User/Documents/GitHub/KV6002-Team-Project/KV6002/Content/FirstPersonBP/Blueprints/Health.uasset'
[2019.04.08-21.21.12:266][191]BlueprintLog: New page: Compile FirstPersonCharacter
[2019.04.08-21.21.12:892][201]LogSavePackage: Moving 'C:/Users/User/Documents/GitHub/KV6002-Team-Project/KV6002/Saved/FirstPersonCharacter7E2E36A24163FEA72AAAE68731626E2D.tmp' to 'C:/Users/User/Documents/GitHub/KV6002-Team-Project/KV6002/Content/FirstPersonBP/Blueprints/FirstPersonCharacter.uasset'
[2019.04.08-21.21.14:742][414]LogTemp: Repeating last play command: Standalone Game
[2019.04.08-21.21.15:722][414]LogSlate: Window 'Save Content' being destroyed
[2019.04.08-21.21.16:012][414]LogSavePackage: Moving 'C:/Users/User/Documents/GitHub/KV6002-Team-Project/KV6002/Saved/FirstPersonExampleMap4E1B6D9C4364FDD656F29F88D81B4F93.tmp' to 'C:/Users/User/Documents/GitHub/KV6002-Team-Project/KV6002/Content/FirstPersonBP/Maps/FirstPersonExampleMap.umap'
[2019.04.08-21.21.16:034][414]LogFileHelpers: Saving map 'FirstPersonExampleMap' took 0.297
[2019.04.08-21.21.29:885][660]LogTemp: Repeating last play command: Standalone Game
[2019.04.08-21.43.32:505][380]LogEditorViewport: Clicking on Actor (LMB): StaticMeshActor (Wall2)
[2019.04.08-21.43.32:881][411]LogSlate: FSceneViewport::OnFocusLost() reason 0
[2019.04.08-21.43.32:947][419]LogTemp: Repeating last play command: Standalone Game
[2019.04.08-21.48.36:697][492]MapCheck: New page: Map Check
[2019.04.08-21.48.36:712][492]Cmd: MAP REBUILD ALLVISIBLE
[2019.04.08-21.48.36:712][492]LogEditorServer: Rebuildmap Clear paths rebuilt
[2019.04.08-21.48.36:779][492]LogMaterial: Display: Missing cached shader map for material FDebugViewModeMaterialProxy MaterialInstanceDynamic_0, compiling. 
[2019.04.08-21.48.36:784][492]LogShaderCompilers: Display: Shaders left to compile 1
[2019.04.08-21.48.36:784][492]LogMaterial: Display: Missing cached shader map for material FDebugViewModeMaterialProxy CubeMaterialOverride, compiling. 
[2019.04.08-21.48.36:789][492]LogMaterial: Display: Missing cached shader map for material FDebugViewModeMaterialProxy CubeMaterial, compiling. 
[2019.04.08-21.48.36:795][492]LogShaderCompilers: Display: Shaders left to compile 1
[2019.04.08-21.48.36:795][492]LogMaterial: Display: Missing cached shader map for material FDebugViewModeMaterialProxy DefaultTextMaterialOpaque, compiling. 
[2019.04.08-21.48.36:801][492]LogShaderCompilers: Display: Shaders left to compile 1
[2019.04.08-21.48.36:802][492]LogShaderCompilers: Display: Shaders left to compile 1
[2019.04.08-21.48.36:802][492]LogMaterial: Display: Missing cached shader map for material FDebugViewModeMaterialProxy Blue, compiling. 
[2019.04.08-21.48.36:810][492]LogMaterial: Display: Missing cached shader map for material FDebugViewModeMaterialProxy Red, compiling. 
[2019.04.08-21.48.36:816][492]LogMaterial: Display: Missing cached shader map for material FDebugViewModeMaterialProxy Yellow, compiling. 
[2019.04.08-21.48.36:824][492]LogMaterial: Display: Missing cached shader map for material FDebugViewModeMaterialProxy M_GlassBlue, compiling. 
[2019.04.08-21.48.36:833][492]LogMaterial: Display: Missing cached shader map for material FDebugViewModeMaterialProxy M_GlassRed, compiling. 
[2019.04.08-21.48.36:838][492]LogMaterial: Display: Missing cached shader map for material FDebugViewModeMaterialProxy M_GlassYellow, compiling. 
[2019.04.08-21.48.36:843][492]LogMaterial: Display: Missing cached shader map for material FDebugViewModeMaterialProxy M_UE4Man_Body, compiling. 
[2019.04.08-21.48.36:850][492]LogMaterial: Display: Missing cached shader map for material FDebugViewModeMaterialProxy M_FPGun, compiling. 
[2019.04.08-21.48.36:856][492]LogMaterial: Display: Missing cached shader map for material FDebugViewModeMaterialProxy MatineeCam_mat, compiling. 
[2019.04.08-21.48.37:771][492]LogShaderCompilers: Display: Shaders left to compile 9
[2019.04.08-21.48.37:771][492]LogShaderCompilers: Display: Shaders left to compile 8
[2019.04.08-21.48.37:771][492]LogShaderCompilers: Display: Shaders left to compile 7
[2019.04.08-21.48.37:771][492]LogShaderCompilers: Display: Shaders left to compile 6
[2019.04.08-21.48.37:771][492]LogShaderCompilers: Display: Shaders left to compile 5
[2019.04.08-21.48.37:771][492]LogShaderCompilers: Display: Shaders left to compile 4
[2019.04.08-21.48.37:771][492]LogShaderCompilers: Display: Shaders left to compile 3
[2019.04.08-21.48.37:771][492]LogShaderCompilers: Display: Shaders left to compile 2
[2019.04.08-21.48.37:771][492]LogShaderCompilers: Display: Shaders left to compile 1
[2019.04.08-21.48.37:771][492]TextureStreamingBuild: Display: Compiling optional shaders took 0.997 seconds.
[2019.04.08-21.48.37:795][492]LogLevel: Display: Export Material TexCoord Scales took 0.024 seconds.
[2019.04.08-21.48.37:810][492]TextureStreamingBuild: Display: Build Texture Streaming took 0.015 seconds.
[2019.04.08-21.48.37:886][492]LightingResults: New page: Lighting Build - 8 Apr 2019 23:48:37
[2019.04.08-21.48.38:025][492]LogSwarmInterface: [OpenConnection] Registering TCP channel ...
[2019.04.08-21.48.38:162][492]LogSwarmInterface: [OpenConnection] Connecting to agent ...
[2019.04.08-21.48.38:191][492]LogSwarmInterface: [TryOpenConnection] Testing the Agent
[2019.04.08-21.48.39:240][492]LogSwarmInterface: [TryOpenConnection] Opening Connection to Agent
[2019.04.08-21.48.39:240][492]LogSwarmInterface: [TryOpenConnection] Local Process ID is 8504
[2019.04.08-21.48.44:775][492]LogStaticLightingSystem: Running Lightmass w/ ImmediateImport mode ENABLED
[2019.04.08-21.48.44:775][492]LogStaticLightingSystem: Running Lightmass w/ ImmediateProcess mode ENABLED
[2019.04.08-21.48.44:775][492]LogStaticLightingSystem: Running Lightmass w/ Sorting mode ENABLED
[2019.04.08-21.48.44:775][492]LogStaticLightingSystem: Running Lightmass w/ Mapping paddings ENABLED
[2019.04.08-21.48.44:775][492]LogStaticLightingSystem: Running Lightmass w/ Mapping debug paddings DISABLED
[2019.04.08-21.48.44:899][492]Cmd: MAP CHECK DONTDISPLAYDIALOG
[2019.04.08-21.48.44:899][492]MapCheck: New page: FirstPersonExampleMap - 8 Apr 2019 23:48:44
[2019.04.08-21.48.44:965][492]MapCheck: Map check complete: 0 Error(s), 0 Warning(s), took 66.088ms to complete.
[2019.04.08-21.48.44:988][492]LogEditorBuildUtils: Build time 0:08
[2019.04.08-21.49.09:531][893]Job has failed! Job is closed while Tasks are still PENDING
[2019.04.08-21.49.09:532][893]LogStaticLightingSystem: Warning: Failed to build lighting!!! Lighting build failed.
[2019.04.08-21.49.09:794][893]DumpUnbuiltLightIteractions
[2019.04.08-21.49.09:794][893]Lights with unbuilt interactions: 0
[2019.04.08-21.49.09:794][893]
[2019.04.08-21.49.09:794][893]Primitives with unbuilt interactions: 0
[2019.04.08-21.49.09:866][894]Cmd: MAP CHECK NOTIFYRESULTS
[2019.04.08-21.49.09:866][894]MapCheck: New page: FirstPersonExampleMap - 8 Apr 2019 23:49:09
[2019.04.08-21.49.09:967][894]MapCheck: Map check complete: 0 Error(s), 0 Warning(s), took 100.795ms to complete.
[2019.04.08-21.49.15:710][916]MapCheck: New page: Map Check
[2019.04.08-21.49.15:725][916]Cmd: MAP REBUILD ALLVISIBLE
[2019.04.08-21.49.15:725][916]LogEditorServer: Rebuildmap Clear paths rebuilt
[2019.04.08-21.49.15:781][916]LogMaterial: Display: Missing cached shader map for material FDebugViewModeMaterialProxy MaterialInstanceDynamic_0, compiling. 
[2019.04.08-21.49.15:786][916]LogMaterial: Display: Missing cached shader map for material FDebugViewModeMaterialProxy CubeMaterialOverride, compiling. 
[2019.04.08-21.49.15:790][916]LogMaterial: Display: Missing cached shader map for material FDebugViewModeMaterialProxy CubeMaterial, compiling. 
[2019.04.08-21.49.15:794][916]LogShaderCompilers: Display: Shaders left to compile 3
[2019.04.08-21.49.15:795][916]LogShaderCompilers: Display: Shaders left to compile 2
[2019.04.08-21.49.15:795][916]LogShaderCompilers: Display: Shaders left to compile 1
[2019.04.08-21.49.15:795][916]LogMaterial: Display: Missing cached shader map for material FDebugViewModeMaterialProxy DefaultTextMaterialOpaque, compiling. 
[2019.04.08-21.49.15:799][916]LogMaterial: Display: Missing cached shader map for material FDebugViewModeMaterialProxy Blue, compiling. 
[2019.04.08-21.49.15:803][916]LogMaterial: Display: Missing cached shader map for material FDebugViewModeMaterialProxy Red, compiling. 
[2019.04.08-21.49.15:809][916]LogMaterial: Display: Missing cached shader map for material FDebugViewModeMaterialProxy Yellow, compiling. 
[2019.04.08-21.49.15:817][916]LogShaderCompilers: Display: Shaders left to compile 3
[2019.04.08-21.49.15:817][916]LogMaterial: Display: Missing cached shader map for material FDebugViewModeMaterialProxy M_GlassBlue, compiling. 
[2019.04.08-21.49.15:825][916]LogMaterial: Display: Missing cached shader map for material FDebugViewModeMaterialProxy M_GlassRed, compiling. 
[2019.04.08-21.49.15:831][916]LogMaterial: Display: Missing cached shader map for material FDebugViewModeMaterialProxy M_GlassYellow, compiling. 
[2019.04.08-21.49.15:837][916]LogMaterial: Display: Missing cached shader map for material FDebugViewModeMaterialProxy MatineeCam_mat, compiling. 
[2019.04.08-21.49.15:843][916]LogMaterial: Display: Missing cached shader map for material FDebugViewModeMaterialProxy M_UE4Man_Body, compiling. 
[2019.04.08-21.49.15:850][916]LogMaterial: Display: Missing cached shader map for material FDebugViewModeMaterialProxy M_FPGun, compiling. 
[2019.04.08-21.49.16:866][916]LogShaderCompilers: Display: Shaders left to compile 9
[2019.04.08-21.49.16:866][916]LogShaderCompilers: Display: Shaders left to compile 8
[2019.04.08-21.49.16:866][916]LogShaderCompilers: Display: Shaders left to compile 7
[2019.04.08-21.49.16:866][916]LogShaderCompilers: Display: Shaders left to compile 6
[2019.04.08-21.49.16:866][916]LogShaderCompilers: Display: Shaders left to compile 5
[2019.04.08-21.49.16:866][916]LogShaderCompilers: Display: Shaders left to compile 4
[2019.04.08-21.49.16:866][916]LogShaderCompilers: Display: Shaders left to compile 3
[2019.04.08-21.49.16:866][916]LogShaderCompilers: Display: Shaders left to compile 2
[2019.04.08-21.49.16:866][916]LogShaderCompilers: Display: Shaders left to compile 1
[2019.04.08-21.49.16:866][916]TextureStreamingBuild: Display: Compiling optional shaders took 1.087 seconds.
[2019.04.08-21.49.16:880][916]LogLevel: Display: Export Material TexCoord Scales took 0.014 seconds.
[2019.04.08-21.49.16:895][916]TextureStreamingBuild: Display: Build Texture Streaming took 0.014 seconds.
[2019.04.08-21.49.16:921][916]LightingResults: New page: Lighting Build - 8 Apr 2019 23:49:16
[2019.04.08-21.49.16:926][916]LogSwarmInterface: [OpenConnection] Registering TCP channel ...
[2019.04.08-21.49.16:954][916]LogSwarmInterface: [OpenConnection] Connecting to agent ...
[2019.04.08-21.49.16:954][916]LogSwarmInterface: [TryOpenConnection] Testing the Agent
[2019.04.08-21.49.17:464][916]LogSwarmInterface: [TryOpenConnection] Opening Connection to Agent
[2019.04.08-21.49.17:464][916]LogSwarmInterface: [TryOpenConnection] Local Process ID is 8504
[2019.04.08-21.49.20:203][916]LogStaticLightingSystem: Running Lightmass w/ ImmediateImport mode ENABLED
[2019.04.08-21.49.20:203][916]LogStaticLightingSystem: Running Lightmass w/ ImmediateProcess mode ENABLED
[2019.04.08-21.49.20:203][916]LogStaticLightingSystem: Running Lightmass w/ Sorting mode ENABLED
[2019.04.08-21.49.20:203][916]LogStaticLightingSystem: Running Lightmass w/ Mapping paddings ENABLED
[2019.04.08-21.49.20:203][916]LogStaticLightingSystem: Running Lightmass w/ Mapping debug paddings DISABLED
[2019.04.08-21.49.20:316][916]Cmd: MAP CHECK DONTDISPLAYDIALOG
[2019.04.08-21.49.20:316][916]MapCheck: New page: FirstPersonExampleMap - 8 Apr 2019 23:49:20
[2019.04.08-21.49.20:381][916]MapCheck: Map check complete: 0 Error(s), 0 Warning(s), took 64.95ms to complete.
[2019.04.08-21.49.20:404][916]LogEditorBuildUtils: Build time 0:04
[2019.04.08-21.49.57:043][232]Job is a success!
[2019.04.08-21.49.57:485][233]LogVolumetricLightmapImport: Imported Volumetric Lightmap in 0.024s
[2019.04.08-21.49.57:485][233]LogVolumetricLightmapImport:      Indirection Texture 16x16x16 = 0.0Mb
[2019.04.08-21.49.57:485][233]LogVolumetricLightmapImport:      BrickData 335x5x5 = 0.3Mb (trimmed 0.0Mb due to 0.010000 MinBrickError)
[2019.04.08-21.49.57:485][233]LogVolumetricLightmapImport:      Bricks at Level
[2019.04.08-21.49.57:485][233]LogVolumetricLightmapImport:          0: 1.5% covering 100.0% of volume
[2019.04.08-21.49.57:485][233]LogVolumetricLightmapImport:          1: 6.0% covering 6.3% of volume
[2019.04.08-21.49.57:485][233]LogVolumetricLightmapImport:          2: 92.5% covering 1.5% of volume
[2019.04.08-21.50.00:556][233]LogTexture: Display: Building textures: SkyOcclusion1_1 (AutoDXT, 2048X1024)
[2019.04.08-21.50.00:556][233]LogTexture: Display: Building textures: HQ_Lightmap1_1 (AutoDXT, 2048X2048)
[2019.04.08-21.50.00:556][233]LogTexture: Display: Building textures: LQ_Lightmap_1_1 (DXT1, 2048X2048)
[2019.04.08-21.50.00:556][233]LogTexture: Display: Building textures: SkyOcclusion1_2 (AutoDXT, 2048X1024)
[2019.04.08-21.50.00:556][233]LogTexture: Display: Building textures: HQ_Lightmap1_2 (AutoDXT, 2048X2048)
[2019.04.08-21.50.00:556][233]LogTexture: Display: Building textures: LQ_Lightmap_1_2 (DXT1, 2048X2048)
[2019.04.08-21.50.00:556][233]LogTexture: Display: Building textures: SkyOcclusion1_3 (AutoDXT, 2048X1024)
[2019.04.08-21.50.00:556][233]LogTexture: Display: Building textures: HQ_Lightmap1_3 (AutoDXT, 2048X2048)
[2019.04.08-21.50.00:556][233]LogTexture: Display: Building textures: LQ_Lightmap_1_3 (DXT1, 2048X2048)
[2019.04.08-21.50.00:556][233]LogTexture: Display: Building textures: SkyOcclusion1_4 (AutoDXT, 2048X1024)
[2019.04.08-21.50.00:556][233]LogTexture: Display: Building textures: HQ_Lightmap1_4 (AutoDXT, 2048X2048)
[2019.04.08-21.50.00:556][233]LogTexture: Display: Building textures: LQ_Lightmap_1_4 (DXT1, 2048X2048)
[2019.04.08-21.50.00:556][233]LogTexture: Display: Building textures: SkyOcclusion1_5 (AutoDXT, 2048X1024)
[2019.04.08-21.50.00:556][233]LogTexture: Display: Building textures: HQ_Lightmap1_5 (AutoDXT, 2048X2048)
[2019.04.08-21.50.00:556][233]LogTexture: Display: Building textures: LQ_Lightmap_1_5 (DXT1, 2048X2048)
[2019.04.08-21.50.00:556][233]LogTexture: Display: Building textures: SkyOcclusion0_6 (AutoDXT, 64X32)
[2019.04.08-21.50.00:556][233]LogTexture: Display: Building textures: HQ_Lightmap0_6 (AutoDXT, 64X64)
[2019.04.08-21.50.00:556][233]LogTexture: Display: Building textures: LQ_Lightmap_0_6 (DXT1, 64X64)
[2019.04.08-21.50.00:956][233]LogTexture: Display: Building textures: ShadowMapTexture2D_13 (G8, 1024X1024)
[2019.04.08-21.50.00:956][233]LogTexture: Display: Building textures: ShadowMapTexture2D_15 (G8, 1024X1024)
[2019.04.08-21.50.00:956][233]LogTexture: Display: Building textures: ShadowMapTexture2D_14 (G8, 1024X1024)
[2019.04.08-21.50.00:956][233]LogTexture: Display: Building textures: ShadowMapTexture2D_16 (G8, 1024X1024)
[2019.04.08-21.50.00:956][233]LogTexture: Display: Building textures: ShadowMapTexture2D_12 (G8, 1024X1024)
[2019.04.08-21.50.00:956][233]LogTexture: Display: Building textures: ShadowMapTexture2D_21 (G8, 32X32)
[2019.04.08-21.50.00:956][233]LogTexture: Display: Building textures: ShadowMapTexture2D_11 (G8, 1024X1024)
[2019.04.08-21.50.01:127][233]LogTexture: Display: Building textures: ShadowMapTexture2D_20 (G8, 1024X1024)
[2019.04.08-21.50.01:127][233]LogTexture: Display: Building textures: ShadowMapTexture2D_19 (G8, 1024X1024)
[2019.04.08-21.50.01:127][233]LogTexture: Display: Building textures: ShadowMapTexture2D_18 (G8, 1024X1024)
[2019.04.08-21.50.01:127][233]LogTexture: Display: Building textures: ShadowMapTexture2D_17 (G8, 1024X1024)
[2019.04.08-21.50.01:143][233]Lightmass on DESKTOP-5BMDBC3: 39.8 sec total, 102 ms importing, 23 ms setup, 5.03 sec photons, 34.7 sec processing, 0 ms extra exporting [11/11 mappings]. Threads: 4:02 min total, 2:41 min processing.
[2019.04.08-21.50.01:176][233]LogStaticLightingSystem: Illumination: 43.9 sec (2.65 sec encoding lightmaps, 568 ms encoding shadowmaps)
[2019.04.08-21.50.01:176][233]LogStaticLightingSystem: Lightmap texture memory:  53.3 MB (53.3 MB streaming, 0.0 MB non-streaming), 12 textures
[2019.04.08-21.50.01:176][233]LogStaticLightingSystem: Shadowmap texture memory: 13.3 MB (13.3 MB streaming, 0.0 MB non-streaming), 11 textures
[2019.04.08-21.50.01:228][233]DumpUnbuiltLightIteractions
[2019.04.08-21.50.01:228][233]Lights with unbuilt interactions: 0
[2019.04.08-21.50.01:228][233]
[2019.04.08-21.50.01:228][233]Primitives with unbuilt interactions: 0
[2019.04.08-21.50.01:332][234]Cmd: MAP CHECK NOTIFYRESULTS
[2019.04.08-21.50.01:332][234]MapCheck: New page: FirstPersonExampleMap - 8 Apr 2019 23:50:01
[2019.04.08-21.50.01:440][234]MapCheck: Map check complete: 0 Error(s), 0 Warning(s), took 107.704ms to complete.
[2019.04.08-21.52.25:753][745]LogSavePackage: Moving 'C:/Users/User/Documents/GitHub/KV6002-Team-Project/KV6002/Saved/FirstPersonExampleMap5FAB2C674062B2619F6F8093C88B6CB4.tmp' to 'C:/Users/User/Documents/GitHub/KV6002-Team-Project/KV6002/Content/FirstPersonBP/Maps/FirstPersonExampleMap.umap'
[2019.04.08-21.52.25:774][745]LogFileHelpers: Saving map 'FirstPersonExampleMap' took 0.280
[2019.04.08-21.52.26:696][745]LogSavePackage: Moving 'C:/Users/User/Documents/GitHub/KV6002-Team-Project/KV6002/Saved/FirstPersonExampleMap_BuiltData86F7350047B9B942113046892B8D2BF1.tmp' to 'C:/Users/User/Documents/GitHub/KV6002-Team-Project/KV6002/Content/FirstPersonBP/Maps/FirstPersonExampleMap_BuiltData.uasset'
[2019.04.08-21.53.10:668][987]LogSlate: Window 'Inventory' being destroyed
[2019.04.08-21.53.10:725][987]LogSlate: Window 'KV6002 - Unreal Editor' being destroyed
[2019.04.08-21.53.10:725][987]LogWindowsTextInputMethodSystem: Display: IME system now deactivated.
[2019.04.08-21.53.10:898][988]Cmd: QUIT_EDITOR
[2019.04.08-21.53.10:920][988]LogExit: Preparing to exit.
[2019.04.08-21.53.11:799][988]LogExit: Editor shut down
[2019.04.08-21.53.11:799][988]LogExit: Transaction tracking system shut down
[2019.04.08-21.53.12:693][988]LogExit: Object subsystem successfully closed.
[2019.04.08-21.53.12:718][988]LogShaderCompilers: Display: Shaders left to compile 0
[2019.04.08-21.53.12:725][988]LogD3D11RHI: Shutdown
[2019.04.08-21.53.12:725][988]LogD3D11RHI: CleanupD3DDevice
[2019.04.08-21.53.12:728][988]LogD3D11RHI: ~FD3D11DynamicRHI
[2019.04.08-21.53.12:740][988]LogModuleManager: Shutting down and abandoning module HierarchicalLODUtilities (618)
[2019.04.08-21.53.12:740][988]LogModuleManager: Shutting down and abandoning module SequencerWidgets (616)
[2019.04.08-21.53.12:740][988]LogModuleManager: Shutting down and abandoning module BlueprintGraph (614)
[2019.04.08-21.53.12:740][988]LogModuleManager: Shutting down and abandoning module ExternalImagePicker (612)
[2019.04.08-21.53.12:740][988]LogModuleManager: Shutting down and abandoning module HierarchicalLODOutliner (610)
[2019.04.08-21.53.12:740][988]LogModuleManager: Shutting down and abandoning module SceneOutliner (608)
[2019.04.08-21.53.12:740][988]LogModuleManager: Shutting down and abandoning module AddContentDialog (606)
[2019.04.08-21.53.12:768][988]LogModuleManager: Shutting down and abandoning module WidgetCarousel (605)
[2019.04.08-21.53.12:768][988]LogModuleManager: Shutting down and abandoning module EditorWidgets (602)
[2019.04.08-21.53.12:768][988]LogModuleManager: Shutting down and abandoning module CollectionManager (600)
[2019.04.08-21.53.12:768][988]LogModuleManager: Shutting down and abandoning module StatsViewer (598)
[2019.04.08-21.53.12:768][988]LogModuleManager: Shutting down and abandoning module FoliageEdit (596)
[2019.04.08-21.53.12:768][988]LogModuleManager: Shutting down and abandoning module LandscapeEditor (594)
[2019.04.08-21.53.12:768][988]LogModuleManager: Shutting down and abandoning module MeshPaintMode (592)
[2019.04.08-21.53.12:768][988]LogModuleManager: Shutting down and abandoning module SceneDepthPickerMode (590)
[2019.04.08-21.53.12:768][988]LogModuleManager: Shutting down and abandoning module ActorPickerMode (588)
[2019.04.08-21.53.12:768][988]LogModuleManager: Shutting down and abandoning module GeometryMode (586)
[2019.04.08-21.53.12:768][988]LogModuleManager: Shutting down and abandoning module TextureAlignMode (584)
[2019.04.08-21.53.12:768][988]LogModuleManager: Shutting down and abandoning module BspMode (582)
[2019.04.08-21.53.12:768][988]LogModuleManager: Shutting down and abandoning module PIEPreviewDeviceProfileSelector (580)
[2019.04.08-21.53.12:768][988]LogModuleManager: Shutting down and abandoning module SequenceRecorderSections (578)
[2019.04.08-21.53.12:768][988]LogModuleManager: Shutting down and abandoning module AutomationWorker (576)
[2019.04.08-21.53.12:768][988]LogModuleManager: Shutting down and abandoning module AudioCaptureEditor (574)
[2019.04.08-21.53.12:769][988]LogModuleManager: Shutting down and abandoning module SequenceRecorder (573)
[2019.04.08-21.53.12:769][988]LogModuleManager: Shutting down and abandoning module MatineeToLevelSequence (570)
[2019.04.08-21.53.12:769][988]LogModuleManager: Shutting down and abandoning module LevelSequenceEditor (568)
[2019.04.08-21.53.12:769][988]LogModuleManager: Shutting down and abandoning module PlacementMode (567)
[2019.04.08-21.53.12:769][988]LogModuleManager: Shutting down and abandoning module MaterialEditor (566)
[2019.04.08-21.53.12:769][988]LogModuleManager: Shutting down and abandoning module WmfMediaFactory (562)
[2019.04.08-21.53.12:769][988]LogModuleManager: Shutting down and abandoning module WmfMediaEditor (560)
[2019.04.08-21.53.12:769][988]LogModuleManager: Shutting down and abandoning module MediaPlayerEditor (558)
[2019.04.08-21.53.12:769][988]LogModuleManager: Shutting down and abandoning module OpenExrWrapper (556)
[2019.04.08-21.53.12:769][988]LogModuleManager: Shutting down and abandoning module ImgMediaFactory (554)
[2019.04.08-21.53.12:769][988]LogModuleManager: Shutting down and abandoning module ImgMediaEditor (552)
[2019.04.08-21.53.12:769][988]LogModuleManager: Shutting down and abandoning module AvfMediaFactory (550)
[2019.04.08-21.53.12:769][988]LogModuleManager: Shutting down and abandoning module AvfMediaEditor (548)
[2019.04.08-21.53.12:769][988]LogModuleManager: Shutting down and abandoning module AndroidMediaFactory (546)
[2019.04.08-21.53.12:769][988]LogModuleManager: Shutting down and abandoning module AndroidMediaEditor (544)
[2019.04.08-21.53.12:769][988]LogModuleManager: Shutting down and abandoning module MagicLeapCameraPreviewFactory (542)
[2019.04.08-21.53.12:769][988]LogModuleManager: Shutting down and abandoning module MagicLeapMediaFactory (540)
[2019.04.08-21.53.12:769][988]LogModuleManager: Shutting down and abandoning module MagicLeapMediaEditor (538)
[2019.04.08-21.53.12:769][988]LogModuleManager: Shutting down and abandoning module CharacterAI (536)
[2019.04.08-21.53.12:769][988]LogModuleManager: Shutting down and abandoning module SmartSnapping (534)
[2019.04.08-21.53.12:769][988]LogModuleManager: Shutting down and abandoning module SessionServices (532)
[2019.04.08-21.53.12:769][988]LogModuleManager: Shutting down and abandoning module ViewportSnapping (530)
[2019.04.08-21.53.12:769][988]LogModuleManager: Shutting down and abandoning module ViewportInteraction (528)
[2019.04.08-21.53.12:769][988]LogModuleManager: Shutting down and abandoning module ClothPainter (526)
[2019.04.08-21.53.12:769][988]LogModuleManager: Shutting down and abandoning module SkeletalMeshEditor (525)
[2019.04.08-21.53.12:769][988]LogModuleManager: Shutting down and abandoning module LogVisualizer (522)
[2019.04.08-21.53.12:769][988]LogModuleManager: Shutting down and abandoning module IntroTutorials (520)
[2019.04.08-21.53.12:769][988]LogModuleManager: Shutting down and abandoning module GameProjectGeneration (519)
[2019.04.08-21.53.12:769][988]LogModuleManager: Shutting down and abandoning module LuminPlatformEditor (516)
[2019.04.08-21.53.12:769][988]LogModuleManager: Shutting down and abandoning module IOSPlatformEditor (514)
[2019.04.08-21.53.12:769][988]LogModuleManager: Shutting down and abandoning module HTML5PlatformEditor (512)
[2019.04.08-21.53.12:769][988]LogModuleManager: Shutting down and abandoning module AndroidPlatformEditor (510)
[2019.04.08-21.53.12:769][988]LogModuleManager: Shutting down and abandoning module AndroidDeviceDetection (509)
[2019.04.08-21.53.13:216][988]LogModuleManager: Shutting down and abandoning module WindowsPlatformEditor (506)
[2019.04.08-21.53.13:217][988]LogModuleManager: Shutting down and abandoning module LuminRuntimeSettings (504)
[2019.04.08-21.53.13:217][988]LogModuleManager: Shutting down and abandoning module IOSRuntimeSettings (502)
[2019.04.08-21.53.13:217][988]LogModuleManager: Shutting down and abandoning module AndroidRuntimeSettings (500)
[2019.04.08-21.53.13:217][988]LogModuleManager: Shutting down and abandoning module InputBindingEditor (498)
[2019.04.08-21.53.13:217][988]LogModuleManager: Shutting down and abandoning module MergeActors (496)
[2019.04.08-21.53.13:217][988]LogModuleManager: Shutting down and abandoning module LocalizationDashboard (494)
[2019.04.08-21.53.13:217][988]LogModuleManager: Shutting down and abandoning module LocalizationService (493)
[2019.04.08-21.53.13:218][988]LogModuleManager: Shutting down and abandoning module HardwareTargeting (490)
[2019.04.08-21.53.13:218][988]LogModuleManager: Shutting down and abandoning module DeviceProfileEditor (488)
[2019.04.08-21.53.13:218][988]LogModuleManager: Shutting down and abandoning module UndoHistory (486)
[2019.04.08-21.53.13:218][988]LogModuleManager: Shutting down and abandoning module XmlParser (484)
[2019.04.08-21.53.13:218][988]LogModuleManager: Shutting down and abandoning module Blutility (482)
[2019.04.08-21.53.13:218][988]LogModuleManager: Shutting down and abandoning module ProjectSettingsViewer (480)
[2019.04.08-21.53.13:218][988]LogModuleManager: Shutting down and abandoning module ProjectTargetPlatformEditor (479)
[2019.04.08-21.53.13:219][988]LogModuleManager: Shutting down and abandoning module EditorSettingsViewer (476)
[2019.04.08-21.53.13:219][988]LogModuleManager: Shutting down and abandoning module SettingsEditor (474)
[2019.04.08-21.53.13:219][988]LogModuleManager: Shutting down and abandoning module ProjectLauncher (472)
[2019.04.08-21.53.13:220][988]LogModuleManager: Shutting down and abandoning module SessionFrontend (470)
[2019.04.08-21.53.13:220][988]LogModuleManager: Shutting down and abandoning module ProfilerClient (468)
[2019.04.08-21.53.13:220][988]LogModuleManager: Shutting down and abandoning module DeviceManager (466)
[2019.04.08-21.53.13:220][988]LogModuleManager: Shutting down and abandoning module TargetDeviceServices (465)
[2019.04.08-21.53.13:286][988]LogModuleManager: Shutting down and abandoning module AutomationController (462)
[2019.04.08-21.53.13:286][988]LogModuleManager: Shutting down and abandoning module AutomationWindow (460)
[2019.04.08-21.53.13:286][988]LogModuleManager: Shutting down and abandoning module Layers (458)
[2019.04.08-21.53.13:286][988]LogModuleManager: Shutting down and abandoning module ComponentVisualizers (456)
[2019.04.08-21.53.13:286][988]LogModuleManager: Shutting down and abandoning module DetailCustomizations (454)
[2019.04.08-21.53.13:286][988]LogModuleManager: Shutting down and abandoning module PackagesDialog (452)
[2019.04.08-21.53.13:286][988]LogModuleManager: Shutting down and abandoning module Persona (450)
[2019.04.08-21.53.13:286][988]LogModuleManager: Shutting down and abandoning module AdvancedPreviewScene (449)
[2019.04.08-21.53.13:286][988]LogModuleManager: Shutting down and abandoning module AnimGraph (447)
[2019.04.08-21.53.13:286][988]LogModuleManager: Shutting down and abandoning module Kismet (444)
[2019.04.08-21.53.13:293][988]LogModuleManager: Shutting down and abandoning module GraphEditor (442)
[2019.04.08-21.53.13:293][988]LogModuleManager: Shutting down and abandoning module ClassViewer (440)
[2019.04.08-21.53.13:294][988]LogModuleManager: Shutting down and abandoning module Toolbox (438)
[2019.04.08-21.53.13:294][988]LogModuleManager: Shutting down and abandoning module ModuleUI (436)
[2019.04.08-21.53.13:294][988]LogModuleManager: Shutting down and abandoning module MovieSceneTools (434)
[2019.04.08-21.53.13:295][988]LogModuleManager: Shutting down and abandoning module OutputLog (432)
[2019.04.08-21.53.13:295][988]LogModuleManager: Shutting down and abandoning module GammaUI (430)
[2019.04.08-21.53.13:295][988]LogModuleManager: Shutting down and abandoning module Documentation (428)
[2019.04.08-21.53.13:295][988]LogModuleManager: Shutting down and abandoning module MovieSceneTracks (426)
[2019.04.08-21.53.13:295][988]LogModuleManager: Shutting down and abandoning module MovieScene (424)
[2019.04.08-21.53.13:295][988]LogModuleManager: Shutting down and abandoning module StreamingPauseRendering (422)
[2019.04.08-21.53.13:295][988]LogModuleManager: Shutting down and abandoning module LauncherPlatform (420)
[2019.04.08-21.53.13:295][988]LogModuleManager: Shutting down and abandoning module AnalyticsET (418)
[2019.04.08-21.53.13:295][988]LogModuleManager: Shutting down and abandoning module PortalServices (416)
[2019.04.08-21.53.13:295][988]LogModuleManager: Shutting down and abandoning module PortalRpc (414)
[2019.04.08-21.53.13:295][988]LogModuleManager: Shutting down and abandoning module MessagingRpc (412)
[2019.04.08-21.53.13:295][988]LogModuleManager: Shutting down and abandoning module AIModule (410)
[2019.04.08-21.53.13:295][988]LogModuleManager: Shutting down and abandoning module GameplayDebugger (409)
[2019.04.08-21.53.13:295][988]LogModuleManager: Shutting down and abandoning module AITestSuite (407)
[2019.04.08-21.53.13:295][988]LogModuleManager: Shutting down and abandoning module NavigationSystem (405)
[2019.04.08-21.53.13:295][988]LogModuleManager: Shutting down and abandoning module DesktopPlatform (402)
[2019.04.08-21.53.13:295][988]LogModuleManager: Shutting down and abandoning module ProfilerService (400)
[2019.04.08-21.53.13:483][988]LogModuleManager: Shutting down and abandoning module TaskGraph (398)
[2019.04.08-21.53.13:484][988]LogModuleManager: Shutting down and abandoning module SteamVRController (396)
[2019.04.08-21.53.13:484][988]LogModuleManager: Shutting down and abandoning module ProceduralMeshComponentEditor (394)
[2019.04.08-21.53.13:484][988]LogModuleManager: Shutting down and abandoning module ProceduralMeshComponent (392)
[2019.04.08-21.53.13:484][988]LogModuleManager: Shutting down and abandoning module OculusInput (390)
[2019.04.08-21.53.13:484][988]LogModuleManager: Shutting down and abandoning module MobilePatchingUtils (388)
[2019.04.08-21.53.13:484][988]LogModuleManager: Shutting down and abandoning module EditableMesh (386)
[2019.04.08-21.53.13:484][988]LogModuleManager: Shutting down and abandoning module CustomMeshComponent (384)
[2019.04.08-21.53.13:484][988]LogModuleManager: Shutting down and abandoning module CableComponent (382)
[2019.04.08-21.53.13:484][988]LogModuleManager: Shutting down and abandoning module AudioCapture (380)
[2019.04.08-21.53.13:484][988]LogModuleManager: Shutting down and abandoning module ArchVisCharacter (378)
[2019.04.08-21.53.13:484][988]LogModuleManager: Shutting down and abandoning module AndroidPermission (376)
[2019.04.08-21.53.13:484][988]LogModuleManager: Shutting down and abandoning module NUTUnrealEngine4 (374)
[2019.04.08-21.53.13:484][988]LogModuleManager: Shutting down and abandoning module NetcodeUnitTest (372)
[2019.04.08-21.53.13:484][988]LogModuleManager: Shutting down and abandoning module MediaCompositingEditor (370)
[2019.04.08-21.53.13:484][988]LogModuleManager: Shutting down and abandoning module MediaCompositing (368)
[2019.04.08-21.53.13:484][988]LogModuleManager: Shutting down and abandoning module LinearTimecode (366)
[2019.04.08-21.53.13:484][988]LogModuleManager: Shutting down and abandoning module ImgMedia (364)
[2019.04.08-21.53.13:488][988]LogModuleManager: Shutting down and abandoning module HTML5Networking (362)
[2019.04.08-21.53.13:489][988]LogModuleManager: Shutting down and abandoning module GeometryCacheTracks (360)
[2019.04.08-21.53.13:489][988]LogModuleManager: Shutting down and abandoning module GeometryCacheSequencer (358)
[2019.04.08-21.53.13:489][988]LogModuleManager: Shutting down and abandoning module BackChannel (356)
[2019.04.08-21.53.13:489][988]LogModuleManager: Shutting down and abandoning module AppleVision (354)
[2019.04.08-21.53.13:489][988]LogModuleManager: Shutting down and abandoning module AppleImageUtils (352)
[2019.04.08-21.53.13:489][988]LogModuleManager: Shutting down and abandoning module AlembicImporter (350)
[2019.04.08-21.53.13:489][988]LogModuleManager: Shutting down and abandoning module AlembicLibrary (349)
[2019.04.08-21.53.13:489][988]LogModuleManager: Shutting down and abandoning module GeometryCache (348)
[2019.04.08-21.53.13:489][988]LogModuleManager: Shutting down and abandoning module GeometryCacheEd (347)
[2019.04.08-21.53.13:489][988]LogModuleManager: Shutting down and abandoning module DatasmithContentEditor (342)
[2019.04.08-21.53.13:489][988]LogModuleManager: Shutting down and abandoning module DatasmithContent (340)
[2019.04.08-21.53.13:489][988]LogModuleManager: Shutting down and abandoning module SpeedTreeImporter (338)
[2019.04.08-21.53.13:489][988]LogModuleManager: Shutting down and abandoning module PluginBrowser (336)
[2019.04.08-21.53.13:489][988]LogModuleManager: Shutting down and abandoning module MobileLauncherProfileWizard (334)
[2019.04.08-21.53.13:489][988]LogModuleManager: Shutting down and abandoning module PolygonModeling (332)
[2019.04.08-21.53.13:489][988]LogModuleManager: Shutting down and abandoning module MeshEditor (330)
[2019.04.08-21.53.13:489][988]LogModuleManager: Shutting down and abandoning module CryptoKeysOpenSSL (328)
[2019.04.08-21.53.13:489][988]LogModuleManager: Shutting down and abandoning module CryptoKeys (326)
[2019.04.08-21.53.13:489][988]LogModuleManager: Shutting down and abandoning module VisualStudioSourceCodeAccess (324)
[2019.04.08-21.53.13:489][988]LogModuleManager: Shutting down and abandoning module VisualStudioCodeSourceCodeAccess (322)
[2019.04.08-21.53.13:489][988]LogModuleManager: Shutting down and abandoning module UObjectPlugin (320)
[2019.04.08-21.53.13:490][988]LogModuleManager: Shutting down and abandoning module SubversionSourceControl (318)
[2019.04.08-21.53.13:490][988]LogModuleManager: Shutting down and abandoning module PerforceSourceControl (316)
[2019.04.08-21.53.13:490][988]LogModuleManager: Shutting down and abandoning module GitSourceControl (314)
[2019.04.08-21.53.13:490][988]LogModuleManager: Shutting down and abandoning module SourceControl (313)
[2019.04.08-21.53.13:490][988]LogModuleManager: Shutting down and abandoning module CLionSourceCodeAccess (310)
[2019.04.08-21.53.13:490][988]LogModuleManager: Shutting down and abandoning module LightPropagationVolumeEditor (308)
[2019.04.08-21.53.13:490][988]LogModuleManager: Shutting down and abandoning module PaperTiledImporter (306)
[2019.04.08-21.53.13:490][988]LogModuleManager: Shutting down and abandoning module PaperSpriteSheetImporter (304)
[2019.04.08-21.53.13:490][988]LogModuleManager: Shutting down and abandoning module Paper2DEditor (302)
[2019.04.08-21.53.13:490][988]LogModuleManager: Shutting down and abandoning module MeshPaint (301)
[2019.04.08-21.53.13:490][988]LogModuleManager: Shutting down and abandoning module RuntimePhysXCooking (298)
[2019.04.08-21.53.13:490][988]LogModuleManager: Shutting down and abandoning module PhysXVehiclesEditor (296)
[2019.04.08-21.53.13:490][988]LogModuleManager: Shutting down and abandoning module PhysXVehicles (294)
[2019.04.08-21.53.13:490][988]LogModuleManager: Shutting down and abandoning module OculusEditor (292)
[2019.04.08-21.53.13:490][988]LogModuleManager: Shutting down and abandoning module LocationServicesBPLibrary (290)
[2019.04.08-21.53.13:490][988]LogModuleManager: Shutting down and abandoning module ImmediatePhysicsEditor (288)
[2019.04.08-21.53.13:490][988]LogModuleManager: Shutting down and abandoning module ImmediatePhysics (286)
[2019.04.08-21.53.13:490][988]LogModuleManager: Shutting down and abandoning module ActorSequence (284)
[2019.04.08-21.53.13:490][988]LogModuleManager: Shutting down and abandoning module UdpMessaging (282)
[2019.04.08-21.53.13:592][988]LogModuleManager: Shutting down and abandoning module TcpMessaging (280)
[2019.04.08-21.53.13:693][988]LogModuleManager: Shutting down and abandoning module MagicLeapAudio (278)
[2019.04.08-21.53.13:693][988]LogModuleManager: Shutting down and abandoning module GameplayTagsEditor (276)
[2019.04.08-21.53.13:693][988]LogModuleManager: Shutting down and abandoning module FacialAnimationEditor (274)
[2019.04.08-21.53.13:693][988]LogModuleManager: Shutting down and abandoning module FacialAnimation (272)
[2019.04.08-21.53.13:693][988]LogModuleManager: Shutting down and abandoning module DataValidation (270)
[2019.04.08-21.53.13:693][988]LogModuleManager: Shutting down and abandoning module AssetManagerEditor (268)
[2019.04.08-21.53.13:693][988]LogModuleManager: Shutting down and abandoning module LevelEditor (267)
[2019.04.08-21.53.13:696][988]LogModuleManager: Shutting down and abandoning module PixelInspectorModule (266)
[2019.04.08-21.53.13:696][988]LogModuleManager: Shutting down and abandoning module CommonMenuExtensions (264)
[2019.04.08-21.53.13:696][988]LogModuleManager: Shutting down and abandoning module MainFrame (262)
[2019.04.08-21.53.13:697][988]LogModuleManager: Shutting down and abandoning module HotReload (261)
[2019.04.08-21.53.13:697][988]LogModuleManager: Shutting down and abandoning module ContentBrowser (257)
[2019.04.08-21.53.13:701][988]LogModuleManager: Shutting down and abandoning module TreeMap (255)
[2019.04.08-21.53.13:701][988]LogModuleManager: Shutting down and abandoning module LightPropagationVolumeRuntime (252)
[2019.04.08-21.53.13:701][988]LogModuleManager: Shutting down and abandoning module AISupportModule (250)
[2019.04.08-21.53.13:701][988]LogModuleManager: Shutting down and abandoning module Paper2D (248)
[2019.04.08-21.53.13:701][988]LogModuleManager: Shutting down and abandoning module WindowsMoviePlayer (246)
[2019.04.08-21.53.13:702][988]LogModuleManager: Shutting down and abandoning module WmfMedia (244)
[2019.04.08-21.53.13:704][988]LogModuleManager: Shutting down and abandoning module Media (243)
[2019.04.08-21.53.13:711][988]LogModuleManager: Shutting down and abandoning module PacketHandler (240)
[2019.04.08-21.53.13:711][988]LogModuleManager: Shutting down and abandoning module ClothingSystemEditor (238)
[2019.04.08-21.53.13:711][988]LogModuleManager: Shutting down and abandoning module ClothingSystemRuntime (236)
[2019.04.08-21.53.13:711][988]LogModuleManager: Shutting down and abandoning module MediaAssets (234)
[2019.04.08-21.53.13:711][988]LogModuleManager: Shutting down and abandoning module Overlay (232)
[2019.04.08-21.53.13:711][988]LogModuleManager: Shutting down and abandoning module OverlayEditor (231)
[2019.04.08-21.53.13:711][988]LogModuleManager: Shutting down and abandoning module VREditor (228)
[2019.04.08-21.53.13:711][988]LogModuleManager: Shutting down and abandoning module StringTableEditor (226)
[2019.04.08-21.53.13:712][988]LogModuleManager: Shutting down and abandoning module GameplayTasksEditor (224)
[2019.04.08-21.53.13:712][988]LogModuleManager: Shutting down and abandoning module BehaviorTreeEditor (222)
[2019.04.08-21.53.13:712][988]LogModuleManager: Shutting down and abandoning module FunctionalTesting (220)
[2019.04.08-21.53.13:712][988]LogModuleManager: Shutting down and abandoning module CollisionAnalyzer (218)
[2019.04.08-21.53.13:712][988]LogModuleManager: Shutting down and abandoning module WorkspaceMenuStructure (217)
[2019.04.08-21.53.13:712][988]LogModuleManager: Shutting down and abandoning module UMG (214)
[2019.04.08-21.53.13:712][988]LogModuleManager: Shutting down and abandoning module UMGEditor (213)
[2019.04.08-21.53.13:712][988]LogModuleManager: Shutting down and abandoning module Sequencer (212)
[2019.04.08-21.53.13:713][988]LogModuleManager: Shutting down and abandoning module MessageLog (209)
[2019.04.08-21.53.13:713][988]LogModuleManager: Shutting down and abandoning module SlateReflector (204)
[2019.04.08-21.53.13:713][988]LogModuleManager: Shutting down and abandoning module Slate (202)
[2019.04.08-21.53.13:713][988]LogModuleManager: Shutting down and abandoning module EditorStyle (200)
[2019.04.08-21.53.13:720][988]LogModuleManager: Shutting down and abandoning module MRMesh (198)
[2019.04.08-21.53.13:720][988]LogModuleManager: Shutting down and abandoning module SourceCodeAccess (196)
[2019.04.08-21.53.13:720][988]LogModuleManager: Shutting down and abandoning module HeadMountedDisplay (194)
[2019.04.08-21.53.13:720][988]LogModuleManager: Shutting down and abandoning module XAudio2 (192)
[2019.04.08-21.53.13:720][988]LogModuleManager: Shutting down and abandoning module Networking (190)
[2019.04.08-21.53.13:720][988]LogModuleManager: Shutting down and abandoning module Core (188)
[2019.04.08-21.53.13:720][988]LogModuleManager: Shutting down and abandoning module LevelSequence (186)
[2019.04.08-21.53.13:720][988]LogModuleManager: Shutting down and abandoning module KismetCompiler (184)
[2019.04.08-21.53.13:720][988]LogModuleManager: Shutting down and abandoning module MeshUtilities (182)
[2019.04.08-21.53.13:720][988]LogModuleManager: Shutting down and abandoning module MeshMergeUtilities (181)
[2019.04.08-21.53.13:720][988]LogModuleManager: Shutting down and abandoning module MeshReductionInterface (180)
[2019.04.08-21.53.13:720][988]LogModuleManager: Shutting down and abandoning module SimplygonSwarm (179)
[2019.04.08-21.53.13:720][988]LogModuleManager: Shutting down and abandoning module ProxyLODMeshReduction (177)
[2019.04.08-21.53.13:721][988]LogModuleManager: Shutting down and abandoning module SimplygonMeshReduction (175)
[2019.04.08-21.53.13:721][988]LogModuleManager: Shutting down and abandoning module QuadricMeshReduction (173)
[2019.04.08-21.53.13:721][988]LogModuleManager: Shutting down and abandoning module MaterialBaking (169)
[2019.04.08-21.53.13:721][988]LogModuleManager: Shutting down and abandoning module DirectoryWatcher (165)
[2019.04.08-21.53.13:722][988]LogModuleManager: Shutting down and abandoning module DerivedDataCache (162)
[2019.04.08-21.53.13:780][988]LogDerivedDataCache: Shutdown
[2019.04.08-21.53.13:780][988]LogModuleManager: Shutting down and abandoning module XGEController (160)
[2019.04.08-21.53.13:781][988]LogXGEController: Cleaning working directory: C:/Users/User/AppData/Local/Temp/UnrealXGEWorkingDir/
[2019.04.08-21.53.13:781][988]LogModuleManager: Shutting down and abandoning module TargetPlatform (158)
[2019.04.08-21.53.13:781][988]LogModuleManager: Shutting down and abandoning module VulkanShaderFormat (157)
[2019.04.08-21.53.13:781][988]LogModuleManager: Shutting down and abandoning module ShaderFormatVectorVM (155)
[2019.04.08-21.53.13:781][988]LogModuleManager: Shutting down and abandoning module ShaderFormatOpenGL (153)
[2019.04.08-21.53.13:781][988]LogModuleManager: Shutting down and abandoning module ShaderFormatD3D (151)
[2019.04.08-21.53.13:781][988]LogModuleManager: Shutting down and abandoning module MetalShaderFormat (149)
[2019.04.08-21.53.13:781][988]LogModuleManager: Shutting down and abandoning module TextureFormatUncompressed (147)
[2019.04.08-21.53.13:781][988]LogModuleManager: Shutting down and abandoning module TextureFormatPVR (145)
[2019.04.08-21.53.13:781][988]LogModuleManager: Shutting down and abandoning module TextureFormatDXT (143)
[2019.04.08-21.53.13:781][988]LogModuleManager: Shutting down and abandoning module TextureFormatIntelISPCTexComp (141)
[2019.04.08-21.53.13:781][988]LogModuleManager: Shutting down and abandoning module TextureFormatASTC (139)
[2019.04.08-21.53.13:781][988]LogModuleManager: Shutting down and abandoning module ImageWrapper (138)
[2019.04.08-21.53.13:781][988]LogModuleManager: Shutting down and abandoning module TextureFormatAndroid (135)
[2019.04.08-21.53.13:781][988]LogModuleManager: Shutting down and abandoning module AudioFormatOpus (133)
[2019.04.08-21.53.13:781][988]LogModuleManager: Shutting down and abandoning module AudioFormatOgg (131)
[2019.04.08-21.53.13:781][988]LogModuleManager: Shutting down and abandoning module AudioFormatADPCM (129)
[2019.04.08-21.53.13:781][988]LogModuleManager: Shutting down and abandoning module LuminTargetPlatform (127)
[2019.04.08-21.53.13:781][988]LogModuleManager: Shutting down and abandoning module LinuxTargetPlatform (125)
[2019.04.08-21.53.13:781][988]LogModuleManager: Shutting down and abandoning module LinuxServerTargetPlatform (123)
[2019.04.08-21.53.13:782][988]LogModuleManager: Shutting down and abandoning module LinuxNoEditorTargetPlatform (121)
[2019.04.08-21.53.13:782][988]LogModuleManager: Shutting down and abandoning module LinuxClientTargetPlatform (119)
[2019.04.08-21.53.13:782][988]LogModuleManager: Shutting down and abandoning module TVOSTargetPlatform (117)
[2019.04.08-21.53.13:787][988]LogModuleManager: Shutting down and abandoning module Messaging (115)
[2019.04.08-21.53.13:787][988]LogModuleManager: Shutting down and abandoning module IOSTargetPlatform (113)
[2019.04.08-21.53.13:791][988]LogModuleManager: Shutting down and abandoning module HTML5TargetPlatform (111)
[2019.04.08-21.53.13:791][988]LogModuleManager: Shutting down and abandoning module AndroidTargetPlatform (109)
[2019.04.08-21.53.13:829][988]LogModuleManager: Shutting down and abandoning module WindowsTargetPlatform (107)
[2019.04.08-21.53.13:829][988]LogModuleManager: Shutting down and abandoning module WindowsServerTargetPlatform (105)
[2019.04.08-21.53.13:829][988]LogModuleManager: Shutting down and abandoning module WindowsNoEditorTargetPlatform (103)
[2019.04.08-21.53.13:829][988]LogModuleManager: Shutting down and abandoning module WindowsClientTargetPlatform (101)
[2019.04.08-21.53.13:829][988]LogModuleManager: Shutting down and abandoning module MacTargetPlatform (99)
[2019.04.08-21.53.13:829][988]LogModuleManager: Shutting down and abandoning module MacServerTargetPlatform (97)
[2019.04.08-21.53.13:829][988]LogModuleManager: Shutting down and abandoning module MacNoEditorTargetPlatform (95)
[2019.04.08-21.53.13:829][988]LogModuleManager: Shutting down and abandoning module MacClientTargetPlatform (93)
[2019.04.08-21.53.13:829][988]LogModuleManager: Shutting down and abandoning module AllDesktopTargetPlatform (91)
[2019.04.08-21.53.13:829][988]LogModuleManager: Shutting down and abandoning module InputCore (88)
[2019.04.08-21.53.13:830][988]LogModuleManager: Shutting down and abandoning module Settings (86)
[2019.04.08-21.53.13:830][988]LogModuleManager: Shutting down and abandoning module PhysXCooking (84)
[2019.04.08-21.53.13:830][988]LogModuleManager: Shutting down and abandoning module SteamVR (82)
[2019.04.08-21.53.13:830][988]LogModuleManager: Shutting down and abandoning module OculusHMD (80)
[2019.04.08-21.53.13:830][988]LogModuleManager: Shutting down and abandoning module ExampleDeviceProfileSelector (78)
[2019.04.08-21.53.13:830][988]LogModuleManager: Shutting down and abandoning module LauncherChunkInstaller (76)
[2019.04.08-21.53.13:830][988]LogModuleManager: Shutting down and abandoning module OnlineBlueprintSupport (74)
[2019.04.08-21.53.13:830][988]LogModuleManager: Shutting down and abandoning module OnlineSubsystem (70)
[2019.04.08-21.53.13:831][988]LogModuleManager: Shutting down and abandoning module XMPP (65)
[2019.04.08-21.53.13:831][988]LogModuleManager: Shutting down and abandoning module WebSockets (64)
[2019.04.08-21.53.13:862][988]LogModuleManager: Shutting down and abandoning module HTTP (61)
[2019.04.08-21.53.13:863][988]LogHttp: Display: Http module shutting down, but needs to wait on 1 outstanding Http requests:
[2019.04.08-21.53.13:863][988]LogHttp: Display: 	verb=[POST] url=[https://datarouter.ol.epicgames.com/datarouter/api/v1/public/data?SessionID=%7B494E3B6B-4255-196C-1097-DE845EA827E5%7D&AppID=UEEditor.Rocket.Release&AppVersion=4.20.1-4233996%2B%2B%2BUE4%2BRelease-4.20&UserID=e5f202094da9daed54bc01a482ab8116%7C9bdd36d664df4b0787b55f3cb2b04887%7C61dc1d6a-e417-4792-8424-124b0d2a51e1&AppEnvironment=datacollector-binary&UploadType=eteventstream] status=Processing
[2019.04.08-21.53.13:871][988]LogModuleManager: Shutting down and abandoning module SSL (60)
[2019.04.08-21.53.13:872][988]LogModuleManager: Shutting down and abandoning module MagicLeapEmulator (56)
[2019.04.08-21.53.13:873][988]LogModuleManager: Shutting down and abandoning module MagicLeapPrivileges (54)
[2019.04.08-21.53.13:873][988]LogModuleManager: Shutting down and abandoning module MagicLeapIdentity (52)
[2019.04.08-21.53.13:873][988]LogModuleManager: Shutting down and abandoning module MagicLeapHelperVulkan (50)
[2019.04.08-21.53.13:873][988]LogModuleManager: Shutting down and abandoning module MagicLeapHelperOpenGL (48)
[2019.04.08-21.53.13:873][988]LogModuleManager: Shutting down and abandoning module MagicLeapSecureStorage (46)
[2019.04.08-21.53.13:873][988]LogModuleManager: Shutting down and abandoning module MagicLeapGestures (44)
[2019.04.08-21.53.13:873][988]LogModuleManager: Shutting down and abandoning module MagicLeapEyeTracker (42)
[2019.04.08-21.53.13:873][988]LogModuleManager: Shutting down and abandoning module MagicLeapController (40)
[2019.04.08-21.53.13:873][988]LogSlate: Slate User Destroyed.  User Index 0, Is Virtual User: 0
[2019.04.08-21.53.13:873][988]LogModuleManager: Shutting down and abandoning module MagicLeap (38)
[2019.04.08-21.53.13:873][988]LogModuleManager: Shutting down and abandoning module AnimationModifiers (36)
[2019.04.08-21.53.13:873][988]LogModuleManager: Shutting down and abandoning module PropertyEditor (35)
[2019.04.08-21.53.13:874][988]LogModuleManager: Shutting down and abandoning module AudioEditor (32)
[2019.04.08-21.53.13:874][988]LogModuleManager: Shutting down and abandoning module TextureCompressor (30)
[2019.04.08-21.53.13:874][988]LogModuleManager: Shutting down and abandoning module ShaderCore (28)
[2019.04.08-21.53.13:874][988]LogModuleManager: Shutting down and abandoning module Landscape (26)
[2019.04.08-21.53.13:874][988]LogModuleManager: Shutting down and abandoning module SlateRHIRenderer (24)
[2019.04.08-21.53.13:876][988]LogModuleManager: Shutting down and abandoning module OpenGLDrv (22)
[2019.04.08-21.53.13:876][988]LogModuleManager: Shutting down and abandoning module D3D11RHI (20)
[2019.04.08-21.53.13:876][988]LogModuleManager: Shutting down and abandoning module AnimGraphRuntime (18)
[2019.04.08-21.53.13:876][988]LogModuleManager: Shutting down and abandoning module Renderer (16)
[2019.04.08-21.53.13:876][988]LogModuleManager: Shutting down and abandoning module Engine (14)
[2019.04.08-21.53.13:876][988]LogModuleManager: Shutting down and abandoning module CoreUObject (12)
[2019.04.08-21.53.13:876][988]LogModuleManager: Shutting down and abandoning module NetworkFile (10)
[2019.04.08-21.53.13:876][988]LogModuleManager: Shutting down and abandoning module CookedIterativeFile (8)
[2019.04.08-21.53.13:876][988]LogModuleManager: Shutting down and abandoning module StreamingFile (6)
[2019.04.08-21.53.13:876][988]LogModuleManager: Shutting down and abandoning module SandboxFile (4)
[2019.04.08-21.53.13:876][988]LogModuleManager: Shutting down and abandoning module PakFile (2)
[2019.04.08-21.53.13:885][988]LogExit: Exiting.
[2019.04.08-21.53.13:918][988]Log file closed, 04/08/19 22:53:13
