Log file open, 04/25/19 01:49:41
LogWindows: Failed to load 'aqProf.dll' (GetLastError=126)
LogWindows: File 'aqProf.dll' does not exist
LogWindows: Failed to load 'VtuneApi.dll' (GetLastError=126)
LogWindows: File 'VtuneApi.dll' does not exist
LogWindows: Failed to load 'VtuneApi32e.dll' (GetLastError=126)
LogWindows: File 'VtuneApi32e.dll' does not exist
LogInit: Display: Running engine for game: KV6002
LogPlatformFile: Not using cached read wrapper
LogTaskGraph: Started task graph with 5 named threads and 23 total threads with 3 sets of task threads.
LogStats: Stats thread started at 0.263316
LogD3D11RHI: Loaded GFSDK_Aftermath_Lib.x64.dll
LogICUInternationalization: Display: ICU TimeZone Detection - Raw Offset: +0:00, Platform Override: ''
LogPluginManager: Mounting plugin Paper2D
LogPluginManager: Mounting plugin AISupport
LogPluginManager: Mounting plugin LightPropagationVolume
LogPluginManager: Mounting plugin CLionSourceCodeAccess
LogPluginManager: Mounting plugin CodeLiteSourceCodeAccess
LogPluginManager: Mounting plugin GitSourceControl
LogPluginManager: Mounting plugin KDevelopSourceCodeAccess
LogPluginManager: Mounting plugin NullSourceCodeAccess
LogPluginManager: Mounting plugin PerforceSourceControl
LogPluginManager: Mounting plugin SubversionSourceControl
LogPluginManager: Mounting plugin UObjectPlugin
LogPluginManager: Mounting plugin VisualStudioCodeSourceCodeAccess
LogPluginManager: Mounting plugin VisualStudioSourceCodeAccess
LogPluginManager: Mounting plugin XCodeSourceCodeAccess
LogPluginManager: Mounting plugin AssetManagerEditor
LogPluginManager: Mounting plugin CryptoKeys
LogPluginManager: Mounting plugin DataValidation
LogPluginManager: Mounting plugin FacialAnimation
LogPluginManager: Mounting plugin GameplayTagsEditor
LogPluginManager: Mounting plugin MacGraphicsSwitching
LogPluginManager: Mounting plugin MeshEditor
LogPluginManager: Mounting plugin MobileLauncherProfileWizard
LogPluginManager: Mounting plugin PluginBrowser
LogPluginManager: Mounting plugin SpeedTreeImporter
LogPluginManager: Mounting plugin DatasmithContent
LogPluginManager: Mounting plugin AlembicImporter
LogPluginManager: Mounting plugin AppleImageUtils
LogPluginManager: Mounting plugin AppleVision
LogPluginManager: Mounting plugin BackChannel
LogPluginManager: Mounting plugin CharacterAI
LogPluginManager: Mounting plugin GeometryCache
LogPluginManager: Mounting plugin HTML5Networking
LogPluginManager: Mounting plugin ProxyLODPlugin
LogPluginManager: Mounting plugin MagicLeap
LogPluginManager: Mounting plugin MagicLeapEmulator
LogPluginManager: Mounting plugin MagicLeapMedia
LogPluginManager: Mounting plugin AndroidMedia
LogPluginManager: Mounting plugin AvfMedia
LogPluginManager: Mounting plugin ImgMedia
LogPluginManager: Mounting plugin LinearTimecode
LogPluginManager: Mounting plugin MediaCompositing
LogPluginManager: Mounting plugin MediaPlayerEditor
LogPluginManager: Mounting plugin WmfMedia
LogPluginManager: Mounting plugin TcpMessaging
LogPluginManager: Mounting plugin UdpMessaging
LogPluginManager: Mounting plugin ActorSequence
LogPluginManager: Mounting plugin LevelSequenceEditor
LogPluginManager: Mounting plugin MatineeToLevelSequence
LogPluginManager: Mounting plugin NetcodeUnitTest
LogPluginManager: Mounting plugin NUTUnrealEngine4
LogPluginManager: Mounting plugin OnlineSubsystemGooglePlay
LogPluginManager: Mounting plugin OnlineSubsystemIOS
LogPluginManager: Mounting plugin OnlineSubsystem
LogPluginManager: Mounting plugin OnlineSubsystemNull
LogPluginManager: Mounting plugin OnlineSubsystemUtils
LogPluginManager: Mounting plugin LauncherChunkInstaller
LogPluginManager: Mounting plugin AndroidDeviceProfileSelector
LogPluginManager: Mounting plugin AndroidMoviePlayer
LogPluginManager: Mounting plugin AndroidPermission
LogPluginManager: Mounting plugin AppleMoviePlayer
LogPluginManager: Mounting plugin ArchVisCharacter
LogPluginManager: Mounting plugin AudioCapture
LogPluginManager: Mounting plugin CableComponent
LogPluginManager: Mounting plugin CustomMeshComponent
LogPluginManager: Mounting plugin EditableMesh
LogPluginManager: Mounting plugin ExampleDeviceProfileSelector
LogPluginManager: Mounting plugin GoogleCloudMessaging
LogPluginManager: Mounting plugin ImmediatePhysics
LogPluginManager: Mounting plugin IOSDeviceProfileSelector
LogPluginManager: Mounting plugin LinuxDeviceProfileSelector
LogPluginManager: Mounting plugin LocationServicesBPLibrary
LogPluginManager: Mounting plugin MobilePatchingUtils
LogPluginManager: Mounting plugin OculusVR
LogPluginManager: Plugin shader directory ../../../Engine/Plugins/Runtime/Oculus/OculusVR/Shaders found
LogPluginManager: Mapping shader source directory ../../../Engine/Plugins/Runtime/Oculus/OculusVR/Shaders to virtual directory /Plugin/OculusVR
LogPluginManager: Mounting plugin PhysXVehicles
LogPluginManager: Mounting plugin ProceduralMeshComponent
LogPluginManager: Mounting plugin RuntimePhysXCooking
LogPluginManager: Mounting plugin SteamVR
LogPluginManager: Mounting plugin WindowsMoviePlayer
LogStreaming: Display: Took  0.081s to configure plugins.
LogInit: Using libcurl 7.55.1-DEV
LogInit:  - built for x86_64-pc-win32
LogInit:  - supports SSL with OpenSSL/1.0.2h
LogInit:  - supports HTTP deflate (compression) using libz 1.2.8
LogInit:  - other features:
LogInit:      CURL_VERSION_SSL
LogInit:      CURL_VERSION_LIBZ
LogInit:      CURL_VERSION_IPV6
LogInit:      CURL_VERSION_ASYNCHDNS
LogInit:      CURL_VERSION_LARGEFILE
LogInit:      CURL_VERSION_IDN
LogInit:  CurlRequestOptions (configurable via config and command line):
LogInit:  - bVerifyPeer = false  - Libcurl will NOT verify peer certificate
LogInit:  - bUseHttpProxy = false  - Libcurl will NOT use HTTP proxy
LogInit:  - bDontReuseConnections = false  - Libcurl will reuse connections
LogInit:  - CertBundlePath = nullptr  - Libcurl will use whatever was configured at build time.
LogInit:  - MaxHostConnections = 16  - Libcurl will limit the number of connections to a host
LogInit:  - LocalHostAddr = Default
LogInit:  - BufferSize = 65536
LogInit: WinSock: version 1.1 (2.2), MaxSocks=32767, MaxUdp=65467
LogInit: Build: ++UE4+Release-4.20-CL-4233996
LogInit: Engine Version: 4.20.1-4233996+++UE4+Release-4.20
LogInit: Compatible Engine Version: 4.20.0-4212847+++UE4+Release-4.20
LogInit: Net CL: 4212847
LogInit: OS: Windows 10 (), CPU: Intel(R) Core(TM) i7-7700K CPU @ 4.20GHz, GPU: NVIDIA GeForce GTX 1080
LogInit: Compiled (64-bit): Jul 26 2018 10:07:30
LogInit: Compiled with Visual C++: 19.13.26129.00
LogInit: Build Configuration: Development
LogInit: Branch Name: ++UE4+Release-4.20
LogInit: Command Line:  
LogInit: Base Directory: D:/EpicGames/UE_4.20/Engine/Binaries/Win64/
LogInit: Installed Engine Build: 1
LogDevObjectVersion: Number of dev versions registered: 20
LogDevObjectVersion:   Dev-Blueprints (B0D832E4-1F89-4F0D-ACCF-7EB736FD4AA2): 10
LogDevObjectVersion:   Dev-Build (E1C64328-A22C-4D53-A36C-8E866417BD8C): 0
LogDevObjectVersion:   Dev-Core (375EC13C-06E4-48FB-B500-84F0262A717E): 2
LogDevObjectVersion:   Dev-Editor (E4B068ED-F494-42E9-A231-DA0B2E46BB41): 24
LogDevObjectVersion:   Dev-Framework (CFFC743F-43B0-4480-9391-14DF171D2073): 34
LogDevObjectVersion:   Dev-Mobile (B02B49B5-BB20-44E9-A304-32B752E40360): 2
LogDevObjectVersion:   Dev-Networking (A4E4105C-59A1-49B5-A7C5-40C4547EDFEE): 0
LogDevObjectVersion:   Dev-Online (39C831C9-5AE6-47DC-9A44-9C173E1C8E7C): 0
LogDevObjectVersion:   Dev-Physics (78F01B33-EBEA-4F98-B9B4-84EACCB95AA2): 0
LogDevObjectVersion:   Dev-Platform (6631380F-2D4D-43E0-8009-CF276956A95A): 0
LogDevObjectVersion:   Dev-Rendering (12F88B9F-8875-4AFC-A67C-D90C383ABD29): 26
LogDevObjectVersion:   Dev-Sequencer (7B5AE74C-D270-4C10-A958-57980B212A5A): 9
LogDevObjectVersion:   Dev-VR (D7296918-1DD6-4BDD-9DE2-64A83CC13884): 2
LogDevObjectVersion:   Dev-LoadTimes (C2A15278-BFE7-4AFE-6C17-90FF531DF755): 1
LogDevObjectVersion:   Private-Geometry (6EACA3D4-40EC-4CC1-B786-8BED09428FC5): 3
LogDevObjectVersion:   Dev-AnimPhys (29E575DD-E0A3-4627-9D10-D276232CDCEA): 17
LogDevObjectVersion:   Dev-ReflectionCapture (6B266CEC-1EC7-4B8F-A30B-E4D90942FC07): 1
LogDevObjectVersion:   Dev-Automation (0DF73D61-A23F-47EA-B727-89E90C41499A): 1
LogDevObjectVersion:   FortniteMain (601D1886-AC64-4F84-AA16-D3DE0DEAC7D6): 12
LogDevObjectVersion:   Dev-Enterprise (9DFFBCD6-494F-0158-E221-12823C92A888): 1
LogStreaming: Display: Took  0.003s to delete old logs.
LogInit: Presizing for max 8388607 objects, including 0 objects not considered by GC, pre-allocating 0 bytes for permanent pool.
LogInit: Object subsystem initialized
[2019.04.25-00.49.42:178][  0]LogInit: Selected Device Profile: [Windows]
[2019.04.25-00.49.42:178][  0]LogInit: Applying CVar settings loaded from the selected device profile: [Windows]
[2019.04.25-00.49.42:200][  0]LogHAL: Display: Platform has ~ 16 GB [17130676224 / 17179869184 / 16], which maps to Larger [LargestMinGB=32, LargerMinGB=12, DefaultMinGB=8, SmallerMinGB=6, SmallestMinGB=0)
[2019.04.25-00.49.42:200][  0]LogInit: Setting Device Profile CVar: [[r.Vulkan.UseRealUBs:1]]
[2019.04.25-00.49.42:200][  0]LogInit: Going up to parent DeviceProfile []
[2019.04.25-00.49.42:201][  0]LogInit: Computer: DESKTOP-5BMDBC3
[2019.04.25-00.49.42:201][  0]LogInit: User: User
[2019.04.25-00.49.42:201][  0]LogInit: CPU Page size=4096, Cores=4
[2019.04.25-00.49.42:201][  0]LogInit: High frequency timer resolution =4.101565 MHz
[2019.04.25-00.49.42:202][  0]LogMemory: Memory total: Physical=16.0GB (16GB approx)
[2019.04.25-00.49.42:202][  0]LogMemory: Platform Memory Stats for Windows
[2019.04.25-00.49.42:202][  0]LogMemory: Process Physical Memory: 100.15 MB used, 100.15 MB peak
[2019.04.25-00.49.42:202][  0]LogMemory: Process Virtual Memory: 91.16 MB used, 91.16 MB peak
[2019.04.25-00.49.42:202][  0]LogMemory: Physical Memory: 5611.15 MB used,  10725.93 MB free, 16337.09 MB total
[2019.04.25-00.49.42:202][  0]LogMemory: Virtual Memory: 4645.41 MB used,  10725.93 MB free, 134217728.00 MB total
[2019.04.25-00.49.42:235][  0]LogInit: Using OS detected language (en-GB).
[2019.04.25-00.49.42:235][  0]LogInit: Using OS detected locale (en-GB).
[2019.04.25-00.49.42:236][  0]LogTextLocalizationManager: No specific localization for 'en-GB' exists, so the 'en' localization will be used.
[2019.04.25-00.49.42:500][  0]LogStreaming: Display: Took  0.266s to InitEngineTextLocalization.
[2019.04.25-00.49.42:501][  0]LogInit: Setting process to per monitor DPI aware
[2019.04.25-00.49.42:530][  0]LogSlate: New Slate User Created.  User Index 0, Is Virtual User: 0
[2019.04.25-00.49.42:530][  0]LogSlate: Slate User Registered.  User Index 0, Is Virtual User: 0
[2019.04.25-00.49.42:670][  0]LogHMD: Failed to initialize OpenVR with code 110
[2019.04.25-00.49.42:670][  0]LogD3D11RHI: D3D11 adapters:
[2019.04.25-00.49.42:724][  0]LogD3D11RHI:    0. 'NVIDIA GeForce GTX 1080' (Feature Level 11_0)
[2019.04.25-00.49.42:724][  0]LogD3D11RHI:       8079/0/8168 MB DedicatedVideo/DedicatedSystem/SharedSystem, Outputs:2, VendorId:0x10de
[2019.04.25-00.49.42:727][  0]LogD3D11RHI:    1. 'Microsoft Basic Render Driver' (Feature Level 11_0)
[2019.04.25-00.49.42:727][  0]LogD3D11RHI:       0/0/8168 MB DedicatedVideo/DedicatedSystem/SharedSystem, Outputs:0, VendorId:0x1414
[2019.04.25-00.49.42:727][  0]LogD3D11RHI: Chosen D3D11 Adapter: 0
[2019.04.25-00.49.42:732][  0]LogD3D11RHI: Creating new Direct3DDevice
[2019.04.25-00.49.42:732][  0]LogD3D11RHI:     GPU DeviceId: 0x1b80 (for the marketing name, search the web for "GPU Device Id")
[2019.04.25-00.49.42:732][  0]LogWindows: EnumDisplayDevices:
[2019.04.25-00.49.42:732][  0]LogWindows:    0. 'NVIDIA GeForce GTX 1080' (P:0 D:1)
[2019.04.25-00.49.42:733][  0]LogWindows:    1. 'NVIDIA GeForce GTX 1080' (P:1 D:1)
[2019.04.25-00.49.42:733][  0]LogWindows:    2. 'NVIDIA GeForce GTX 1080' (P:0 D:0)
[2019.04.25-00.49.42:733][  0]LogWindows:    3. 'NVIDIA GeForce GTX 1080' (P:0 D:0)
[2019.04.25-00.49.42:733][  0]LogWindows: DebugString: FoundDriverCount:4 
[2019.04.25-00.49.42:733][  0]LogD3D11RHI:     Adapter Name: NVIDIA GeForce GTX 1080
[2019.04.25-00.49.42:733][  0]LogD3D11RHI:   Driver Version: 399.07 (internal:24.21.13.9907, unified:399.07)
[2019.04.25-00.49.42:733][  0]LogD3D11RHI:      Driver Date: 8-21-2018
[2019.04.25-00.49.42:733][  0]LogRHI: Texture pool is 5655 MB (70% of 8079 MB)
[2019.04.25-00.49.42:762][  0]LogD3D11RHI: Async texture creation enabled
[2019.04.25-00.49.42:790][  0]LogD3D11RHI: GPU Timing Frequency: 1000.000000 (Debug: 2 2)
[2019.04.25-00.49.42:887][  0]LogShaderCompilers: Guid format shader working directory is -12 characters bigger than the processId version (C:/Users/User/Documents/GitHub/KV6002-Team-Project/KV6002/Intermediate/Shaders/WorkingDirectory/8468/).
[2019.04.25-00.49.42:887][  0]LogShaderCompilers: Cleaned the shader compiler working directory 'C:/Users/User/AppData/Local/Temp/UnrealShaderWorkingDir/35A80E494B660A10EB8E19A9D6B9F1CF/'.
[2019.04.25-00.49.43:543][  0]LogTemp: Display: Loaded TP AllDesktopTargetPlatform
[2019.04.25-00.49.43:553][  0]LogTemp: Display: Loaded TP MacClientTargetPlatform
[2019.04.25-00.49.43:562][  0]LogTemp: Display: Loaded TP MacNoEditorTargetPlatform
[2019.04.25-00.49.43:572][  0]LogTemp: Display: Loaded TP MacServerTargetPlatform
[2019.04.25-00.49.43:582][  0]LogTemp: Display: Loaded TP MacTargetPlatform
[2019.04.25-00.49.43:591][  0]LogTemp: Display: Loaded TP WindowsClientTargetPlatform
[2019.04.25-00.49.43:602][  0]LogTemp: Display: Loaded TP WindowsNoEditorTargetPlatform
[2019.04.25-00.49.43:612][  0]LogTemp: Display: Loaded TP WindowsServerTargetPlatform
[2019.04.25-00.49.43:616][  0]LogTemp: Display: Loaded TP WindowsTargetPlatform
[2019.04.25-00.49.43:676][  0]LogTemp: Display: Loaded TP AndroidTargetPlatform
[2019.04.25-00.49.43:676][  0]LogTemp: Display: Loaded TP AndroidTargetPlatform
[2019.04.25-00.49.43:676][  0]LogTemp: Display: Loaded TP AndroidTargetPlatform
[2019.04.25-00.49.43:676][  0]LogTemp: Display: Loaded TP AndroidTargetPlatform
[2019.04.25-00.49.43:676][  0]LogTemp: Display: Loaded TP AndroidTargetPlatform
[2019.04.25-00.49.43:676][  0]LogTemp: Display: Loaded TP AndroidTargetPlatform
[2019.04.25-00.49.43:676][  0]LogTemp: Display: Loaded TP AndroidTargetPlatform
[2019.04.25-00.49.43:676][  0]LogTemp: Display: Loaded TP AndroidTargetPlatform
[2019.04.25-00.49.43:676][  0]LogTemp: Display: Loaded TP AndroidTargetPlatform
[2019.04.25-00.49.43:676][  0]LogTemp: Display: Loaded TP AndroidTargetPlatform
[2019.04.25-00.49.43:676][  0]LogTemp: Display: Loaded TP AndroidTargetPlatform
[2019.04.25-00.49.43:676][  0]LogTemp: Display: Loaded TP AndroidTargetPlatform
[2019.04.25-00.49.43:676][  0]LogTemp: Display: Loaded TP AndroidTargetPlatform
[2019.04.25-00.49.43:676][  0]LogTemp: Display: Loaded TP AndroidTargetPlatform
[2019.04.25-00.49.43:676][  0]LogTemp: Display: Loaded TP AndroidTargetPlatform
[2019.04.25-00.49.43:676][  0]LogTemp: Display: Loaded TP AndroidTargetPlatform
[2019.04.25-00.49.43:676][  0]LogTemp: Display: Loaded TP AndroidTargetPlatform
[2019.04.25-00.49.43:676][  0]LogTemp: Display: Loaded TP AndroidTargetPlatform
[2019.04.25-00.49.43:677][  0]LogTemp: Display: Loaded TP HTML5TargetPlatform
[2019.04.25-00.49.43:732][  0]LogTemp: Display: Loaded TP IOSTargetPlatform
[2019.04.25-00.49.43:732][  0]LogTemp: Display: Loaded TP IOSTargetPlatform
[2019.04.25-00.49.43:751][  0]LogTemp: Display: Loaded TP TVOSTargetPlatform
[2019.04.25-00.49.43:751][  0]LogTemp: Display: Loaded TP TVOSTargetPlatform
[2019.04.25-00.49.43:761][  0]LogTemp: Display: Loaded TP LinuxClientTargetPlatform
[2019.04.25-00.49.43:770][  0]LogTemp: Display: Loaded TP LinuxNoEditorTargetPlatform
[2019.04.25-00.49.43:780][  0]LogTemp: Display: Loaded TP LinuxServerTargetPlatform
[2019.04.25-00.49.43:790][  0]LogTemp: Display: Loaded TP LinuxTargetPlatform
[2019.04.25-00.49.43:796][  0]LogTemp: Display: Loaded TP LuminTargetPlatform
[2019.04.25-00.49.43:796][  0]LogTargetPlatformManager: Display: Building Assets For Windows
[2019.04.25-00.49.43:830][  0]LogXGEController: Cleaning working directory: C:/Users/User/AppData/Local/Temp/UnrealXGEWorkingDir/
[2019.04.25-00.49.43:830][  0]LogXGEController: Cannot use XGE Controller as Incredibuild is not installed on this machine.
[2019.04.25-00.49.43:831][  0]LogShaderCompilers: Cannot use XGE Shader Compiler as Incredibuild is not installed on this machine.
[2019.04.25-00.49.43:831][  0]LogShaderCompilers: Display: Using Local Shader Compiler.
[2019.04.25-00.49.44:402][  0]LogDerivedDataCache: Display: Max Cache Size: 512 MB
[2019.04.25-00.49.44:453][  0]LogDerivedDataCache: Loaded boot cache 0.05s 71MB C:/Users/User/AppData/Local/UnrealEngine/4.20/DerivedDataCache/Boot.ddc.
[2019.04.25-00.49.44:454][  0]LogDerivedDataCache: Display: Loaded Boot cache: C:/Users/User/AppData/Local/UnrealEngine/4.20/DerivedDataCache/Boot.ddc
[2019.04.25-00.49.44:454][  0]LogDerivedDataCache: FDerivedDataBackendGraph:  Pak pak cache file C:/Users/User/Documents/GitHub/KV6002-Team-Project/KV6002/DerivedDataCache/DDC.ddp not found, will not use a pak cache.
[2019.04.25-00.49.44:454][  0]LogDerivedDataCache: Unable to find inner node Pak for hierarchical cache Hierarchy.
[2019.04.25-00.49.44:454][  0]LogDerivedDataCache: FDerivedDataBackendGraph:  CompressedPak pak cache file C:/Users/User/Documents/GitHub/KV6002-Team-Project/KV6002/DerivedDataCache/Compressed.ddp not found, will not use a pak cache.
[2019.04.25-00.49.44:454][  0]LogDerivedDataCache: Unable to find inner node CompressedPak for hierarchical cache Hierarchy.
[2019.04.25-00.49.44:465][  0]LogDerivedDataCache: Display: Pak cache opened for reading ../../../Engine/DerivedDataCache/Compressed.ddp.
[2019.04.25-00.49.44:477][  0]LogDerivedDataCache: Using Local data cache path C:/Users/User/AppData/Local/UnrealEngine/Common/DerivedDataCache: Writable
[2019.04.25-00.49.44:477][  0]LogDerivedDataCache: Shared data cache path not found in *engine.ini, will not use an Shared cache.
[2019.04.25-00.49.44:477][  0]LogDerivedDataCache: Unable to find inner node Shared for hierarchical cache Hierarchy.
[2019.04.25-00.49.44:490][  0]LogMaterial: Verifying Global Shaders for PCD3D_SM5
[2019.04.25-00.49.44:491][  0]LogSlate: Using FreeType 2.6.0
[2019.04.25-00.49.44:492][  0]LogSlate: SlateFontServices - WITH_FREETYPE: 1, WITH_HARFBUZZ: 1
[2019.04.25-00.49.44:551][  0]LogAssetRegistry: FAssetRegistry took 0.0247 seconds to start up
[2019.04.25-00.49.44:777][  0]LogInit: Selected Device Profile: [Windows]
[2019.04.25-00.49.44:865][  0]LogSimplygon: Simplygon DLL not present - disabling.
[2019.04.25-00.49.44:867][  0]LogMeshReduction: Using SimplygonSwarm for distributed automatic mesh merging
[2019.04.25-00.49.44:867][  0]LogMeshReduction: Using ProxyLODMeshReduction for automatic mesh merging
[2019.04.25-00.49.44:867][  0]LogMeshReduction: Using QuadricMeshReduction for automatic static mesh reduction
[2019.04.25-00.49.44:867][  0]LogMeshReduction: No automatic skeletal mesh reduction module available
[2019.04.25-00.49.44:879][  0]LogNetVersion: KV6002 1.0.0, NetCL: 4212847, EngineNetVer: 5, GameNetVer: 0 (Checksum: 2502700519)
[2019.04.25-00.49.45:248][  0]LogPackageLocalizationCache: Processed 11 localized package path(s) for 2 prioritized culture(s) in 0.069885 seconds
[2019.04.25-00.49.45:253][  0]LogUObjectArray: 38425 objects as part of root set at end of initial load.
[2019.04.25-00.49.45:253][  0]LogUObjectAllocator: 6690864 out of 0 bytes used by permanent object pool.
[2019.04.25-00.49.45:253][  0]LogUObjectArray: CloseDisregardForGC: 0/0 objects in disregard for GC pool
[2019.04.25-00.49.46:012][  0]LogTcpMessaging: Initializing TcpMessaging bridge
[2019.04.25-00.49.46:024][  0]LogUdpMessaging: Initializing bridge on interface 0.0.0.0:0 to multicast group 230.0.0.1:6666.
[2019.04.25-00.49.46:162][  0]SourceControl: Source control is disabled
[2019.04.25-00.49.46:163][  0]SourceControl: Source control is disabled
[2019.04.25-00.49.46:164][  0]SourceControl: Source control is disabled
[2019.04.25-00.49.46:164][  0]SourceControl: Source control is disabled
[2019.04.25-00.49.46:324][  0]LogAndroidPermission: UAndroidPermissionCallbackProxy::GetInstance
[2019.04.25-00.49.46:550][  0]LogOcInput: OculusInput pre-init called
[2019.04.25-00.49.46:641][  0]LogEngine: Initializing Engine...
[2019.04.25-00.49.46:642][  0]LogHMD: Failed to initialize OpenVR with code 110
[2019.04.25-00.49.46:644][  0]LogStats: UGameplayTagsManager::ConstructGameplayTagTree: ImportINI prefixes -  0.000 s
[2019.04.25-00.49.46:644][  0]LogStats: UGameplayTagsManager::ConstructGameplayTagTree: Construct from data asset -  0.000 s
[2019.04.25-00.49.46:644][  0]LogStats: UGameplayTagsManager::ConstructGameplayTagTree: ImportINI -  0.000 s
[2019.04.25-00.49.46:644][  0]LogStats: UGameplayTagsManager::ConstructGameplayTagTree: GameplayTagTreeChangedEvent.Broadcast -  0.000 s
[2019.04.25-00.49.46:787][  0]LogInit: Initializing FReadOnlyCVARCache
[2019.04.25-00.49.46:794][  0]LogAIModule: Creating AISystem for world Untitled
[2019.04.25-00.49.46:852][  0]LogInit: XAudio2 using 'Speakers (2- USB Audio Device)' : 2 channels at 48 kHz using 16 bits per sample (channel mask 0x3)
[2019.04.25-00.49.46:864][  0]LogInit: FAudioDevice initialized.
[2019.04.25-00.49.46:864][  0]LogNetVersion: Set ProjectVersion to 1.0.0.0. Version Checksum will be recalculated on next use.
[2019.04.25-00.49.46:926][  0]LogDerivedDataCache: Saved boot cache 0.06s 71MB C:/Users/User/AppData/Local/UnrealEngine/4.20/DerivedDataCache/Boot.ddc.
[2019.04.25-00.49.46:937][  0]LogInit: Texture streaming: Enabled
[2019.04.25-00.49.46:959][  0]LogEngineSessionManager: EngineSessionManager initialized
[2019.04.25-00.49.46:967][  0]LogInit: Transaction tracking system initialized
[2019.04.25-00.49.46:979][  0]BlueprintLog: New page: Editor Load
[2019.04.25-00.49.47:022][  0]LocalizationService: Localization service is disabled
[2019.04.25-00.49.47:219][  0]LogCook: Display: Max memory allowance for cook 16384mb min free memory 0mb
[2019.04.25-00.49.47:219][  0]LogCook: Display: Mobile HDR setting 1
[2019.04.25-00.49.47:219][  0]LogGameplayTags: Display: UGameplayTagsManager::DoneAddingNativeTags. DelegateIsBound: 0
[2019.04.25-00.49.47:219][  0]LogStats: UGameplayTagsManager::ConstructGameplayTagTree: ImportINI prefixes -  0.000 s
[2019.04.25-00.49.47:219][  0]LogStats: UGameplayTagsManager::ConstructGameplayTagTree: Construct from data asset -  0.000 s
[2019.04.25-00.49.47:219][  0]LogStats: UGameplayTagsManager::ConstructGameplayTagTree: ImportINI -  0.000 s
[2019.04.25-00.49.47:219][  0]LogStats: UGameplayTagsManager::ConstructGameplayTagTree: GameplayTagTreeChangedEvent.Broadcast -  0.000 s
[2019.04.25-00.49.47:299][  0]LogFileCache: Scanning file cache for directory 'C:/Users/User/Documents/GitHub/KV6002-Team-Project/KV6002/Content/' took 0.02s
[2019.04.25-00.49.47:299][  0]SourceControl: Source control is disabled
[2019.04.25-00.49.47:299][  0]Cmd: MAP LOAD FILE="C:/Users/User/Documents/GitHub/KV6002-Team-Project/KV6002/Content/FirstPersonBP/Maps/FirstPersonExampleMap.umap" TEMPLATE=0 SHOWPROGRESS=1 FEATURELEVEL=3
[2019.04.25-00.49.47:299][  0]LightingResults: New page: Lighting Build
[2019.04.25-00.49.47:300][  0]MapCheck: New page: Map Check
[2019.04.25-00.49.47:300][  0]LightingResults: New page: Lighting Build
[2019.04.25-00.49.48:375][  0]LogLinker: Warning: Can't find file '/Game/FirstPersonBP/Maps/FirstPersonExampleMap_BuiltData'
[2019.04.25-00.49.48:375][  0]LogLinker: Warning: Can't find file for asset '/Game/FirstPersonBP/Maps/FirstPersonExampleMap_BuiltData' while loading C:/Users/User/Documents/GitHub/KV6002-Team-Project/KV6002/Content/FirstPersonBP/Maps/FirstPersonExampleMap.umap.
[2019.04.25-00.49.48:375][  0]LoadErrors: Error: /Game/FirstPersonBP/Maps/FirstPersonExampleMap : Can't find file for asset. /Game/FirstPersonBP/Maps/FirstPersonExampleMap_BuiltData
[2019.04.25-00.49.48:409][  0]LogLinker: Warning: Can't find file '/Game/scifi_kitbash/textures/T_Floor05_A'
[2019.04.25-00.49.48:409][  0]LogLinker: Warning: Can't find file for asset '/Game/scifi_kitbash/textures/T_Floor05_A' while loading C:/Users/User/Documents/GitHub/KV6002-Team-Project/KV6002/Content/scifi_kitbash/materials/MI_Floor05.uasset.
[2019.04.25-00.49.48:409][  0]LoadErrors: Error: /Game/scifi_kitbash/materials/MI_Floor05 : Can't find file for asset. /Game/scifi_kitbash/textures/T_Floor05_A
[2019.04.25-00.49.48:412][  0]LogLinker: Warning: Can't find file '/Game/scifi_kitbash/textures/T_Floor05_A'
[2019.04.25-00.49.48:412][  0]LogLinker: Warning: Can't find file for asset '/Game/scifi_kitbash/textures/T_Floor05_A' while loading C:/Users/User/Documents/GitHub/KV6002-Team-Project/KV6002/Content/scifi_kitbash/materials/MI_Floor05.uasset.
[2019.04.25-00.49.48:412][  0]LoadErrors: Error: /Game/scifi_kitbash/materials/MI_Floor05 : Can't find file for asset. /Game/scifi_kitbash/textures/T_Floor05_A
[2019.04.25-00.49.48:440][  0]LogLinker: Warning: Can't find file '/Game/FirstPersonBP/Maps/FirstPersonExampleMap_BuiltData'
[2019.04.25-00.49.48:440][  0]LogLinker: Warning: Can't find file for asset '/Game/FirstPersonBP/Maps/FirstPersonExampleMap_BuiltData' while loading C:/Users/User/Documents/GitHub/KV6002-Team-Project/KV6002/Content/FirstPersonBP/Maps/FirstPersonExampleMap.umap.
[2019.04.25-00.49.48:440][  0]LoadErrors: Error: /Game/FirstPersonBP/Maps/FirstPersonExampleMap : Can't find file for asset. /Game/FirstPersonBP/Maps/FirstPersonExampleMap_BuiltData
[2019.04.25-00.49.48:592][  0]LogLinker: Warning: Can't find file '/Game/FirstPersonBP/Maps/FirstPersonExampleMap_BuiltData'
[2019.04.25-00.49.48:592][  0]LogLinker: Warning: Can't find file for asset '/Game/FirstPersonBP/Maps/FirstPersonExampleMap_BuiltData' while loading NULL.
[2019.04.25-00.49.48:592][  0]LogLinker: Warning: Can't find file '/Game/FirstPersonBP/Maps/FirstPersonExampleMap_BuiltData'
[2019.04.25-00.49.48:592][  0]LogLinker: Warning: Can't find file for asset '/Game/FirstPersonBP/Maps/FirstPersonExampleMap_BuiltData' while loading NULL.
[2019.04.25-00.49.48:977][  0]LogLinker: Warning: Can't find file '/Game/FirstPersonBP/Maps/FirstPersonExampleMap_BuiltData'
[2019.04.25-00.49.48:977][  0]LoadErrors: Failed to load /Game/FirstPersonBP/Maps/FirstPersonExampleMap_BuiltData.FirstPersonExampleMap_BuiltData Referenced by PersistentLevel
[2019.04.25-00.49.48:977][  0]LogLinker: Warning: Can't find file for asset '/Game/FirstPersonBP/Maps/FirstPersonExampleMap_BuiltData' while loading NULL.
[2019.04.25-00.49.48:977][  0]LoadErrors: Failed to load /Game/FirstPersonBP/Maps/FirstPersonExampleMap_BuiltData.FirstPersonExampleMap_BuiltData Referenced by PersistentLevel
[2019.04.25-00.49.49:049][  0]LogLinker: Warning: Can't find file '/Game/scifi_kitbash/textures/T_Floor05_A'
[2019.04.25-00.49.49:049][  0]LoadErrors: Failed to load /Game/scifi_kitbash/textures/T_Floor05_A.T_Floor05_A Referenced by MI_Floor05
[2019.04.25-00.49.49:050][  0]LogLinker: Warning: Can't find file for asset '/Game/scifi_kitbash/textures/T_Floor05_A' while loading NULL.
[2019.04.25-00.49.49:050][  0]LoadErrors: Failed to load /Game/scifi_kitbash/textures/T_Floor05_A.T_Floor05_A Referenced by MI_Floor05
[2019.04.25-00.49.50:222][  0]LogAIModule: Creating AISystem for world FirstPersonExampleMap
[2019.04.25-00.49.50:333][  0]LogEditorServer: Finished looking for orphan Actors (0.000 secs)
[2019.04.25-00.49.50:388][  0]Cmd: MAP CHECKDEP NOCLEARLOG
[2019.04.25-00.49.50:566][  0]MapCheck: Map check complete: 0 Error(s), 0 Warning(s), took 176.927ms to complete.
[2019.04.25-00.49.50:566][  0]LogFileHelpers: Loading map 'FirstPersonExampleMap' took 3.267
[2019.04.25-00.49.50:727][  0]LogSlate: Updating window title bar state: overlay mode, drag disabled, window buttons hidden, title bar hidden
[2019.04.25-00.49.50:737][  0]LogSlate: Updating window title bar state: overlay mode, drag disabled, window buttons hidden, title bar hidden
[2019.04.25-00.49.50:742][  0]LogSlate: Updating window title bar state: overlay mode, drag disabled, window buttons hidden, title bar hidden
[2019.04.25-00.49.50:747][  0]LogSlate: Updating window title bar state: overlay mode, drag disabled, window buttons hidden, title bar hidden
[2019.04.25-00.49.50:751][  0]LogCollectionManager: Loaded 0 collections in 0.000840 seconds
[2019.04.25-00.49.50:801][  0]LogFileCache: Scanning file cache for directory 'C:/Users/User/Documents/GitHub/KV6002-Team-Project/KV6002/Saved/Collections/' took 0.01s
[2019.04.25-00.49.50:801][  0]LogFileCache: Scanning file cache for directory 'C:/Users/User/Documents/GitHub/KV6002-Team-Project/KV6002/Content/Developers/User/Collections/' took 0.01s
[2019.04.25-00.49.50:801][  0]LogFileCache: Scanning file cache for directory 'C:/Users/User/Documents/GitHub/KV6002-Team-Project/KV6002/Content/Collections/' took 0.01s
[2019.04.25-00.49.50:801][  0]LogCollectionManager: Rebuilt the GUID cache for 0 collections in 0.000001 seconds
[2019.04.25-00.49.50:820][  0]LogContentBrowser: Native class hierarchy populated in 0.0182 seconds. Added 2579 classes and 605 folders.
[2019.04.25-00.49.50:827][  0]LogContentBrowser: Native class hierarchy updated for 'WidgetCarousel' in 0.0002 seconds. Added 0 classes and 0 folders.
[2019.04.25-00.49.50:864][  0]LogContentBrowser: Native class hierarchy updated for 'AddContentDialog' in 0.0002 seconds. Added 0 classes and 0 folders.
[2019.04.25-00.49.50:867][  0]LogContentBrowser: Native class hierarchy updated for 'SceneOutliner' in 0.0002 seconds. Added 1 classes and 2 folders.
[2019.04.25-00.49.50:883][  0]LogSlate: Took 0.000149 seconds to synchronously load lazily loaded font '../../../Engine/Content/Slate/Fonts/Roboto-Regular.ttf' (155K)
[2019.04.25-00.49.50:884][  0]LogSlate: Took 0.000150 seconds to synchronously load lazily loaded font '../../../Engine/Content/Slate/Fonts/Roboto-Bold.ttf' (160K)
[2019.04.25-00.49.50:888][  0]LogSlate: Took 0.000173 seconds to synchronously load lazily loaded font '../../../Engine/Content/Editor/Slate/Fonts/FontAwesome.ttf' (139K)
[2019.04.25-00.49.50:950][  0]LogRenderer: Reallocating scene render targets to support 1252x632 Format 10 NumSamples 1 (Frame:1).
[2019.04.25-00.49.51:029][  0]LogSlate: Took 0.000113 seconds to synchronously load lazily loaded font '../../../Engine/Content/Slate/Fonts/Roboto-Light.ttf' (167K)
[2019.04.25-00.49.51:122][  0]LogContentBrowser: Native class hierarchy updated for 'HierarchicalLODOutliner' in 0.0002 seconds. Added 0 classes and 0 folders.
[2019.04.25-00.49.51:122][  0]LogLoad: (Engine Initialization) Total time: 10.25 seconds
[2019.04.25-00.49.51:122][  0]LogLoad: (Engine Initialization) Total Blueprint compile time: 0.00 seconds
[2019.04.25-00.49.51:132][  0]LogWindowsTextInputMethodSystem: Display: IME system now deactivated.
[2019.04.25-00.49.51:165][  0]LogScript: Warning: Accessed None trying to read property CallFunc_GetBlackboard_ReturnValue
	RoboAnimBP_C /Game/FirstPersonBP/Maps/FirstPersonExampleMap.FirstPersonExampleMap:PersistentLevel.FLR_Patroller2_2.CharacterMesh0.RoboAnimBP_C_0
	Function /Game/FirstPersonBP/AI/FollowerAI/Animations/RoboAnimBP.RoboAnimBP_C:ExecuteUbergraph_RoboAnimBP:0186
[2019.04.25-00.49.51:165][  0]LogScript: Warning: Accessed None trying to read property CallFunc_GetBlackboard_ReturnValue
	RoboAnimBP_C /Game/FirstPersonBP/Maps/FirstPersonExampleMap.FirstPersonExampleMap:PersistentLevel.FLR_Patroller3_9.CharacterMesh0.RoboAnimBP_C_0
	Function /Game/FirstPersonBP/AI/FollowerAI/Animations/RoboAnimBP.RoboAnimBP_C:ExecuteUbergraph_RoboAnimBP:0186
[2019.04.25-00.49.51:165][  0]LogScript: Warning: Accessed None trying to read property CallFunc_GetBlackboard_ReturnValue
	RoboAnimBP_C /Game/FirstPersonBP/Maps/FirstPersonExampleMap.FirstPersonExampleMap:PersistentLevel.FLR_Patroller4_12.CharacterMesh0.RoboAnimBP_C_0
	Function /Game/FirstPersonBP/AI/FollowerAI/Animations/RoboAnimBP.RoboAnimBP_C:ExecuteUbergraph_RoboAnimBP:0186
[2019.04.25-00.49.51:165][  0]LogScript: Warning: Accessed None trying to read property CallFunc_GetBlackboard_ReturnValue
	RoboAnimBP_C /Game/FirstPersonBP/Maps/FirstPersonExampleMap.FirstPersonExampleMap:PersistentLevel.FLR_Patroller5.CharacterMesh0.RoboAnimBP_C_0
	Function /Game/FirstPersonBP/AI/FollowerAI/Animations/RoboAnimBP.RoboAnimBP_C:ExecuteUbergraph_RoboAnimBP:0186
[2019.04.25-00.49.51:165][  0]LogScript: Warning: Accessed None trying to read property CallFunc_GetBlackboard_ReturnValue
	RoboAnimBP_C /Game/FirstPersonBP/Maps/FirstPersonExampleMap.FirstPersonExampleMap:PersistentLevel.FLR_Patroller6_2.CharacterMesh0.RoboAnimBP_C_0
	Function /Game/FirstPersonBP/AI/FollowerAI/Animations/RoboAnimBP.RoboAnimBP_C:ExecuteUbergraph_RoboAnimBP:0186
[2019.04.25-00.49.51:165][  0]LogScript: Warning: Accessed None trying to read property CallFunc_GetBlackboard_ReturnValue
	RoboAnimBP_C /Game/FirstPersonBP/Maps/FirstPersonExampleMap.FirstPersonExampleMap:PersistentLevel.FLR_Patroller_15.CharacterMesh0.RoboAnimBP_C_0
	Function /Game/FirstPersonBP/AI/FollowerAI/Animations/RoboAnimBP.RoboAnimBP_C:ExecuteUbergraph_RoboAnimBP:0186
[2019.04.25-00.49.51:165][  0]LogScript: Warning: Accessed None trying to read property CallFunc_GetBlackboard_ReturnValue
	RoboAnimBP_C /Game/FirstPersonBP/Maps/FirstPersonExampleMap.FirstPersonExampleMap:PersistentLevel.FLR_Patroller7.CharacterMesh0.RoboAnimBP_C_0
	Function /Game/FirstPersonBP/AI/FollowerAI/Animations/RoboAnimBP.RoboAnimBP_C:ExecuteUbergraph_RoboAnimBP:0186
[2019.04.25-00.49.51:165][  0]LogScript: Warning: Accessed None trying to read property CallFunc_GetBlackboard_ReturnValue
	RoboAnimBP_C /Game/FirstPersonBP/Maps/FirstPersonExampleMap.FirstPersonExampleMap:PersistentLevel.FLR_Patroller8_3.CharacterMesh0.RoboAnimBP_C_0
	Function /Game/FirstPersonBP/AI/FollowerAI/Animations/RoboAnimBP.RoboAnimBP_C:ExecuteUbergraph_RoboAnimBP:0186
[2019.04.25-00.49.51:165][  0]LogScript: Warning: Accessed None trying to read property CallFunc_GetBlackboard_ReturnValue
	RoboAnimBP_C /Game/FirstPersonBP/Maps/FirstPersonExampleMap.FirstPersonExampleMap:PersistentLevel.FLR_Patroller9_6.CharacterMesh0.RoboAnimBP_C_0
	Function /Game/FirstPersonBP/AI/FollowerAI/Animations/RoboAnimBP.RoboAnimBP_C:ExecuteUbergraph_RoboAnimBP:0186
[2019.04.25-00.49.51:166][  0]LogContentStreaming: Texture pool size now 3000 MB
[2019.04.25-00.49.51:182][  0]LogSlate: FSceneViewport::OnFocusLost() reason 2
[2019.04.25-00.49.51:231][  1]LogFileCache: Retrieving MD5 hashes for directory 'C:/Users/User/Documents/GitHub/KV6002-Team-Project/KV6002/Content/' took 0.08s
[2019.04.25-00.49.51:249][  1]LogAssetRegistry: Asset discovery search completed in 6.7204 seconds
[2019.04.25-00.49.51:251][  1]LogCollectionManager: Rebuilt the object cache for 0 collections in 0.000000 seconds (found 0 objects)
[2019.04.25-00.49.51:251][  1]LogCollectionManager: Fixed up redirectors for 0 collections in 0.000042 seconds (updated 0 objects)
[2019.04.25-00.50.02:324][298]LogSlate: FSceneViewport::OnFocusLost() reason 2
[2019.04.25-00.50.08:705][ 61]MapCheck: New page: Map Check
[2019.04.25-00.50.08:719][ 61]LogSlate: FSceneViewport::OnFocusLost() reason 2
[2019.04.25-00.50.08:720][ 61]Cmd: MAP REBUILD ALLVISIBLE
[2019.04.25-00.50.08:720][ 61]LogEditorServer: Rebuildmap Clear paths rebuilt
[2019.04.25-00.50.09:015][ 61]Cmd: MAP CHECK DONTDISPLAYDIALOG
[2019.04.25-00.50.09:016][ 61]MapCheck: New page: FirstPersonExampleMap - 25 Apr 2019 02:50:09
[2019.04.25-00.50.09:017][ 61]MapCheck: Error: WorldInfo_0 Maps need lighting rebuilt 
[2019.04.25-00.50.09:017][ 61]MapCheck: Warning: BP_GoodSky_4 Large actor receives a pre-shadow and will cause an extreme performance hit unless bCastDynamicShadow is set to false. 
[2019.04.25-00.50.09:178][ 61]MapCheck: Map check complete: 1 Error(s), 1 Warning(s), took 161.983ms to complete.
[2019.04.25-00.50.09:201][ 61]LogEditorBuildUtils: Build time 0:00
[2019.04.25-00.50.09:203][ 61]LogSlate: FSceneViewport::OnFocusLost() reason 2
[2019.04.25-00.50.09:206][ 61]LogScript: Warning: Accessed None trying to read property CallFunc_GetBlackboard_ReturnValue
	RoboAnimBP_C /Game/FirstPersonBP/Maps/FirstPersonExampleMap.FirstPersonExampleMap:PersistentLevel.FLR_Patroller9_6.CharacterMesh0.RoboAnimBP_C_0
	Function /Game/FirstPersonBP/AI/FollowerAI/Animations/RoboAnimBP.RoboAnimBP_C:ExecuteUbergraph_RoboAnimBP:0186
[2019.04.25-00.50.09:206][ 61]LogScript: Warning: Accessed None trying to read property CallFunc_GetBlackboard_ReturnValue
	RoboAnimBP_C /Game/FirstPersonBP/Maps/FirstPersonExampleMap.FirstPersonExampleMap:PersistentLevel.FLR_Patroller8_3.CharacterMesh0.RoboAnimBP_C_0
	Function /Game/FirstPersonBP/AI/FollowerAI/Animations/RoboAnimBP.RoboAnimBP_C:ExecuteUbergraph_RoboAnimBP:0186
[2019.04.25-00.50.09:206][ 61]LogScript: Warning: Accessed None trying to read property CallFunc_GetBlackboard_ReturnValue
	RoboAnimBP_C /Game/FirstPersonBP/Maps/FirstPersonExampleMap.FirstPersonExampleMap:PersistentLevel.FLR_Patroller7.CharacterMesh0.RoboAnimBP_C_0
	Function /Game/FirstPersonBP/AI/FollowerAI/Animations/RoboAnimBP.RoboAnimBP_C:ExecuteUbergraph_RoboAnimBP:0186
[2019.04.25-00.50.09:206][ 61]LogScript: Warning: Accessed None trying to read property CallFunc_GetBlackboard_ReturnValue
	RoboAnimBP_C /Game/FirstPersonBP/Maps/FirstPersonExampleMap.FirstPersonExampleMap:PersistentLevel.FLR_Patroller_15.CharacterMesh0.RoboAnimBP_C_0
	Function /Game/FirstPersonBP/AI/FollowerAI/Animations/RoboAnimBP.RoboAnimBP_C:ExecuteUbergraph_RoboAnimBP:0186
[2019.04.25-00.50.09:206][ 61]LogScript: Warning: Accessed None trying to read property CallFunc_GetBlackboard_ReturnValue
	RoboAnimBP_C /Game/FirstPersonBP/Maps/FirstPersonExampleMap.FirstPersonExampleMap:PersistentLevel.FLR_Patroller6_2.CharacterMesh0.RoboAnimBP_C_0
	Function /Game/FirstPersonBP/AI/FollowerAI/Animations/RoboAnimBP.RoboAnimBP_C:ExecuteUbergraph_RoboAnimBP:0186
[2019.04.25-00.50.09:206][ 61]LogScript: Warning: Accessed None trying to read property CallFunc_GetBlackboard_ReturnValue
	RoboAnimBP_C /Game/FirstPersonBP/Maps/FirstPersonExampleMap.FirstPersonExampleMap:PersistentLevel.FLR_Patroller5.CharacterMesh0.RoboAnimBP_C_0
	Function /Game/FirstPersonBP/AI/FollowerAI/Animations/RoboAnimBP.RoboAnimBP_C:ExecuteUbergraph_RoboAnimBP:0186
[2019.04.25-00.50.09:206][ 61]LogScript: Warning: Accessed None trying to read property CallFunc_GetBlackboard_ReturnValue
	RoboAnimBP_C /Game/FirstPersonBP/Maps/FirstPersonExampleMap.FirstPersonExampleMap:PersistentLevel.FLR_Patroller4_12.CharacterMesh0.RoboAnimBP_C_0
	Function /Game/FirstPersonBP/AI/FollowerAI/Animations/RoboAnimBP.RoboAnimBP_C:ExecuteUbergraph_RoboAnimBP:0186
[2019.04.25-00.50.09:206][ 61]LogScript: Warning: Accessed None trying to read property CallFunc_GetBlackboard_ReturnValue
	RoboAnimBP_C /Game/FirstPersonBP/Maps/FirstPersonExampleMap.FirstPersonExampleMap:PersistentLevel.FLR_Patroller3_9.CharacterMesh0.RoboAnimBP_C_0
	Function /Game/FirstPersonBP/AI/FollowerAI/Animations/RoboAnimBP.RoboAnimBP_C:ExecuteUbergraph_RoboAnimBP:0186
[2019.04.25-00.50.13:497][571]LogSlate: Window 'Message Log' being destroyed
[2019.04.25-00.50.13:499][571]LogSlate: Window 'Message Log' being destroyed
[2019.04.25-00.50.14:984][748]LogSlate: FSceneViewport::OnFocusLost() reason 2
[2019.04.25-00.50.16:163][885]LogSlate: Took 0.000154 seconds to synchronously load lazily loaded font '../../../Engine/Content/Slate/Fonts/Roboto-Light.ttf' (167K)
[2019.04.25-00.50.16:164][885]LogSlate: FSceneViewport::OnFocusLost() reason 2
[2019.04.25-00.50.18:751][885]LogSavePackage: Moving 'C:/Users/User/Documents/GitHub/KV6002-Team-Project/KV6002/Saved/FirstPersonExampleMapA4F77EAB483522FD659999941E51037C.tmp' to 'C:/Users/User/Documents/GitHub/KV6002-Team-Project/KV6002/Content/FirstPersonBP/Maps/FirstPersonExampleMap.umap'
[2019.04.25-00.50.18:763][885]LogFileHelpers: Saving map 'FirstPersonExampleMap' took 2.592
[2019.04.25-00.50.42:969][788]LogSlate: FSceneViewport::OnFocusLost() reason 0
[2019.04.25-00.50.43:027][795]LogTemp: Repeating last play command: Standalone Game
[2019.04.25-00.53.16:264][829]LogSlate: FSceneViewport::OnFocusLost() reason 0
[2019.04.25-00.53.20:418][319]LogAssetEditorManager: Opening Asset editor for Blueprint /Game/FirstPersonBP/Blueprints/FirstPersonCharacter.FirstPersonCharacter
[2019.04.25-00.53.20:751][319]LogContentBrowser: Native class hierarchy updated for 'BlueprintGraph' in 0.0004 seconds. Added 116 classes and 0 folders.
[2019.04.25-00.53.22:013][319]LogSlate: Took 0.015323 seconds to synchronously load lazily loaded font '../../../Engine/Content/Slate/Fonts/Roboto-BoldCondensed.ttf' (158K)
[2019.04.25-00.53.22:705][320]LogSlate: Took 0.015478 seconds to synchronously load lazily loaded font '../../../Engine/Content/Slate/Fonts/Roboto-Italic.ttf' (157K)
[2019.04.25-00.57.53:345][767]LogSlate: FSceneViewport::OnFocusLost() reason 2
[2019.04.25-00.57.57:799][767]LogSlate: Window 'Save Content' being destroyed
[2019.04.25-00.57.57:833][767]LogSlate: Window 'FirstPersonCharacter*' being destroyed
[2019.04.25-00.57.57:897][767]LogSlate: Window 'KV6002 - Unreal Editor' being destroyed
[2019.04.25-00.57.58:103][768]Cmd: QUIT_EDITOR
[2019.04.25-00.57.58:147][768]LogWindowsTextInputMethodSystem: Display: IME system now deactivated.
[2019.04.25-00.57.58:171][768]LogExit: Preparing to exit.
[2019.04.25-00.57.58:475][768]LogExit: Editor shut down
[2019.04.25-00.57.58:475][768]LogExit: Transaction tracking system shut down
[2019.04.25-00.57.59:275][768]LogExit: Object subsystem successfully closed.
[2019.04.25-00.57.59:294][768]LogShaderCompilers: Display: Shaders left to compile 0
[2019.04.25-00.57.59:297][768]LogD3D11RHI: Shutdown
[2019.04.25-00.57.59:297][768]LogD3D11RHI: CleanupD3DDevice
[2019.04.25-00.57.59:300][768]LogD3D11RHI: ~FD3D11DynamicRHI
[2019.04.25-00.57.59:308][768]LogModuleManager: Shutting down and abandoning module BlueprintGraph (614)
[2019.04.25-00.57.59:308][768]LogModuleManager: Shutting down and abandoning module HierarchicalLODOutliner (612)
[2019.04.25-00.57.59:308][768]LogModuleManager: Shutting down and abandoning module SceneOutliner (610)
[2019.04.25-00.57.59:308][768]LogModuleManager: Shutting down and abandoning module AddContentDialog (608)
[2019.04.25-00.57.59:309][768]LogModuleManager: Shutting down and abandoning module WidgetCarousel (607)
[2019.04.25-00.57.59:309][768]LogModuleManager: Shutting down and abandoning module EditorWidgets (604)
[2019.04.25-00.57.59:309][768]LogModuleManager: Shutting down and abandoning module CollectionManager (602)
[2019.04.25-00.57.59:309][768]LogModuleManager: Shutting down and abandoning module StatsViewer (600)
[2019.04.25-00.57.59:309][768]LogModuleManager: Shutting down and abandoning module FoliageEdit (598)
[2019.04.25-00.57.59:309][768]LogModuleManager: Shutting down and abandoning module LandscapeEditor (596)
[2019.04.25-00.57.59:309][768]LogModuleManager: Shutting down and abandoning module MeshPaintMode (594)
[2019.04.25-00.57.59:309][768]LogModuleManager: Shutting down and abandoning module SceneDepthPickerMode (592)
[2019.04.25-00.57.59:309][768]LogModuleManager: Shutting down and abandoning module ActorPickerMode (590)
[2019.04.25-00.57.59:309][768]LogModuleManager: Shutting down and abandoning module GeometryMode (588)
[2019.04.25-00.57.59:309][768]LogModuleManager: Shutting down and abandoning module TextureAlignMode (586)
[2019.04.25-00.57.59:309][768]LogModuleManager: Shutting down and abandoning module BspMode (584)
[2019.04.25-00.57.59:309][768]LogModuleManager: Shutting down and abandoning module PIEPreviewDeviceProfileSelector (582)
[2019.04.25-00.57.59:309][768]LogModuleManager: Shutting down and abandoning module SequenceRecorderSections (580)
[2019.04.25-00.57.59:309][768]LogModuleManager: Shutting down and abandoning module AutomationWorker (578)
[2019.04.25-00.57.59:309][768]LogModuleManager: Shutting down and abandoning module AudioCaptureEditor (576)
[2019.04.25-00.57.59:309][768]LogModuleManager: Shutting down and abandoning module SequenceRecorder (575)
[2019.04.25-00.57.59:309][768]LogModuleManager: Shutting down and abandoning module MatineeToLevelSequence (572)
[2019.04.25-00.57.59:309][768]LogModuleManager: Shutting down and abandoning module LevelSequenceEditor (570)
[2019.04.25-00.57.59:309][768]LogModuleManager: Shutting down and abandoning module PlacementMode (569)
[2019.04.25-00.57.59:309][768]LogModuleManager: Shutting down and abandoning module MaterialEditor (568)
[2019.04.25-00.57.59:309][768]LogModuleManager: Shutting down and abandoning module WmfMediaFactory (564)
[2019.04.25-00.57.59:309][768]LogModuleManager: Shutting down and abandoning module WmfMediaEditor (562)
[2019.04.25-00.57.59:309][768]LogModuleManager: Shutting down and abandoning module MediaPlayerEditor (560)
[2019.04.25-00.57.59:309][768]LogModuleManager: Shutting down and abandoning module OpenExrWrapper (558)
[2019.04.25-00.57.59:309][768]LogModuleManager: Shutting down and abandoning module ImgMediaFactory (556)
[2019.04.25-00.57.59:309][768]LogModuleManager: Shutting down and abandoning module ImgMediaEditor (554)
[2019.04.25-00.57.59:309][768]LogModuleManager: Shutting down and abandoning module AvfMediaFactory (552)
[2019.04.25-00.57.59:309][768]LogModuleManager: Shutting down and abandoning module AvfMediaEditor (550)
[2019.04.25-00.57.59:309][768]LogModuleManager: Shutting down and abandoning module AndroidMediaFactory (548)
[2019.04.25-00.57.59:309][768]LogModuleManager: Shutting down and abandoning module AndroidMediaEditor (546)
[2019.04.25-00.57.59:309][768]LogModuleManager: Shutting down and abandoning module MagicLeapCameraPreviewFactory (544)
[2019.04.25-00.57.59:309][768]LogModuleManager: Shutting down and abandoning module MagicLeapMediaFactory (542)
[2019.04.25-00.57.59:309][768]LogModuleManager: Shutting down and abandoning module MagicLeapMediaEditor (540)
[2019.04.25-00.57.59:309][768]LogModuleManager: Shutting down and abandoning module CharacterAI (538)
[2019.04.25-00.57.59:309][768]LogModuleManager: Shutting down and abandoning module SmartSnapping (536)
[2019.04.25-00.57.59:310][768]LogModuleManager: Shutting down and abandoning module SessionServices (534)
[2019.04.25-00.57.59:310][768]LogModuleManager: Shutting down and abandoning module ViewportSnapping (532)
[2019.04.25-00.57.59:310][768]LogModuleManager: Shutting down and abandoning module ViewportInteraction (530)
[2019.04.25-00.57.59:310][768]LogModuleManager: Shutting down and abandoning module ClothPainter (528)
[2019.04.25-00.57.59:310][768]LogModuleManager: Shutting down and abandoning module SkeletalMeshEditor (527)
[2019.04.25-00.57.59:310][768]LogModuleManager: Shutting down and abandoning module LogVisualizer (524)
[2019.04.25-00.57.59:310][768]LogModuleManager: Shutting down and abandoning module IntroTutorials (522)
[2019.04.25-00.57.59:310][768]LogModuleManager: Shutting down and abandoning module GameProjectGeneration (521)
[2019.04.25-00.57.59:310][768]LogModuleManager: Shutting down and abandoning module LuminPlatformEditor (518)
[2019.04.25-00.57.59:310][768]LogModuleManager: Shutting down and abandoning module IOSPlatformEditor (516)
[2019.04.25-00.57.59:310][768]LogModuleManager: Shutting down and abandoning module HTML5PlatformEditor (514)
[2019.04.25-00.57.59:310][768]LogModuleManager: Shutting down and abandoning module AndroidPlatformEditor (512)
[2019.04.25-00.57.59:310][768]LogModuleManager: Shutting down and abandoning module AndroidDeviceDetection (511)
[2019.04.25-00.58.00:334][768]LogModuleManager: Shutting down and abandoning module WindowsPlatformEditor (508)
[2019.04.25-00.58.00:334][768]LogModuleManager: Shutting down and abandoning module LuminRuntimeSettings (506)
[2019.04.25-00.58.00:334][768]LogModuleManager: Shutting down and abandoning module IOSRuntimeSettings (504)
[2019.04.25-00.58.00:334][768]LogModuleManager: Shutting down and abandoning module AndroidRuntimeSettings (502)
[2019.04.25-00.58.00:334][768]LogModuleManager: Shutting down and abandoning module InputBindingEditor (500)
[2019.04.25-00.58.00:334][768]LogModuleManager: Shutting down and abandoning module MergeActors (498)
[2019.04.25-00.58.00:334][768]LogModuleManager: Shutting down and abandoning module LocalizationDashboard (496)
[2019.04.25-00.58.00:334][768]LogModuleManager: Shutting down and abandoning module LocalizationService (495)
[2019.04.25-00.58.00:335][768]LogModuleManager: Shutting down and abandoning module HardwareTargeting (492)
[2019.04.25-00.58.00:335][768]LogModuleManager: Shutting down and abandoning module DeviceProfileEditor (490)
[2019.04.25-00.58.00:335][768]LogModuleManager: Shutting down and abandoning module UndoHistory (488)
[2019.04.25-00.58.00:335][768]LogModuleManager: Shutting down and abandoning module XmlParser (486)
[2019.04.25-00.58.00:335][768]LogModuleManager: Shutting down and abandoning module Blutility (484)
[2019.04.25-00.58.00:335][768]LogModuleManager: Shutting down and abandoning module ProjectSettingsViewer (482)
[2019.04.25-00.58.00:335][768]LogModuleManager: Shutting down and abandoning module ProjectTargetPlatformEditor (481)
[2019.04.25-00.58.00:335][768]LogModuleManager: Shutting down and abandoning module EditorSettingsViewer (478)
[2019.04.25-00.58.00:335][768]LogModuleManager: Shutting down and abandoning module SettingsEditor (476)
[2019.04.25-00.58.00:335][768]LogModuleManager: Shutting down and abandoning module ProjectLauncher (474)
[2019.04.25-00.58.00:336][768]LogModuleManager: Shutting down and abandoning module SessionFrontend (472)
[2019.04.25-00.58.00:336][768]LogModuleManager: Shutting down and abandoning module ProfilerClient (470)
[2019.04.25-00.58.00:336][768]LogModuleManager: Shutting down and abandoning module DeviceManager (468)
[2019.04.25-00.58.00:336][768]LogModuleManager: Shutting down and abandoning module TargetDeviceServices (467)
[2019.04.25-00.58.00:402][768]LogModuleManager: Shutting down and abandoning module AutomationController (464)
[2019.04.25-00.58.00:402][768]LogModuleManager: Shutting down and abandoning module AutomationWindow (462)
[2019.04.25-00.58.00:402][768]LogModuleManager: Shutting down and abandoning module Layers (460)
[2019.04.25-00.58.00:402][768]LogModuleManager: Shutting down and abandoning module ComponentVisualizers (458)
[2019.04.25-00.58.00:402][768]LogModuleManager: Shutting down and abandoning module DetailCustomizations (456)
[2019.04.25-00.58.00:402][768]LogModuleManager: Shutting down and abandoning module PackagesDialog (454)
[2019.04.25-00.58.00:402][768]LogModuleManager: Shutting down and abandoning module Persona (452)
[2019.04.25-00.58.00:402][768]LogModuleManager: Shutting down and abandoning module AdvancedPreviewScene (451)
[2019.04.25-00.58.00:402][768]LogModuleManager: Shutting down and abandoning module AnimGraph (449)
[2019.04.25-00.58.00:402][768]LogModuleManager: Shutting down and abandoning module Kismet (446)
[2019.04.25-00.58.00:407][768]LogModuleManager: Shutting down and abandoning module GraphEditor (444)
[2019.04.25-00.58.00:407][768]LogModuleManager: Shutting down and abandoning module ClassViewer (442)
[2019.04.25-00.58.00:407][768]LogModuleManager: Shutting down and abandoning module Toolbox (440)
[2019.04.25-00.58.00:407][768]LogModuleManager: Shutting down and abandoning module ModuleUI (438)
[2019.04.25-00.58.00:407][768]LogModuleManager: Shutting down and abandoning module MovieSceneTools (436)
[2019.04.25-00.58.00:407][768]LogModuleManager: Shutting down and abandoning module OutputLog (434)
[2019.04.25-00.58.00:407][768]LogModuleManager: Shutting down and abandoning module GammaUI (432)
[2019.04.25-00.58.00:407][768]LogModuleManager: Shutting down and abandoning module Documentation (430)
[2019.04.25-00.58.00:407][768]LogModuleManager: Shutting down and abandoning module MovieSceneTracks (428)
[2019.04.25-00.58.00:408][768]LogModuleManager: Shutting down and abandoning module MovieScene (426)
[2019.04.25-00.58.00:408][768]LogModuleManager: Shutting down and abandoning module StreamingPauseRendering (424)
[2019.04.25-00.58.00:408][768]LogModuleManager: Shutting down and abandoning module LauncherPlatform (422)
[2019.04.25-00.58.00:408][768]LogModuleManager: Shutting down and abandoning module AnalyticsET (420)
[2019.04.25-00.58.00:408][768]LogModuleManager: Shutting down and abandoning module PortalServices (418)
[2019.04.25-00.58.00:408][768]LogModuleManager: Shutting down and abandoning module PortalRpc (416)
[2019.04.25-00.58.00:408][768]LogModuleManager: Shutting down and abandoning module MessagingRpc (414)
[2019.04.25-00.58.00:408][768]LogModuleManager: Shutting down and abandoning module AIModule (412)
[2019.04.25-00.58.00:408][768]LogModuleManager: Shutting down and abandoning module GameplayDebugger (411)
[2019.04.25-00.58.00:408][768]LogModuleManager: Shutting down and abandoning module AITestSuite (409)
[2019.04.25-00.58.00:408][768]LogModuleManager: Shutting down and abandoning module NavigationSystem (407)
[2019.04.25-00.58.00:408][768]LogModuleManager: Shutting down and abandoning module DesktopPlatform (404)
[2019.04.25-00.58.00:408][768]LogModuleManager: Shutting down and abandoning module ProfilerService (402)
[2019.04.25-00.58.00:466][768]LogModuleManager: Shutting down and abandoning module TaskGraph (400)
[2019.04.25-00.58.00:466][768]LogModuleManager: Shutting down and abandoning module SteamVRController (398)
[2019.04.25-00.58.00:466][768]LogModuleManager: Shutting down and abandoning module ProceduralMeshComponentEditor (396)
[2019.04.25-00.58.00:466][768]LogModuleManager: Shutting down and abandoning module ProceduralMeshComponent (394)
[2019.04.25-00.58.00:466][768]LogModuleManager: Shutting down and abandoning module OculusInput (392)
[2019.04.25-00.58.00:466][768]LogModuleManager: Shutting down and abandoning module MobilePatchingUtils (390)
[2019.04.25-00.58.00:466][768]LogModuleManager: Shutting down and abandoning module EditableMesh (388)
[2019.04.25-00.58.00:466][768]LogModuleManager: Shutting down and abandoning module CustomMeshComponent (386)
[2019.04.25-00.58.00:466][768]LogModuleManager: Shutting down and abandoning module CableComponent (384)
[2019.04.25-00.58.00:466][768]LogModuleManager: Shutting down and abandoning module AudioCapture (382)
[2019.04.25-00.58.00:466][768]LogModuleManager: Shutting down and abandoning module ArchVisCharacter (380)
[2019.04.25-00.58.00:466][768]LogModuleManager: Shutting down and abandoning module AndroidPermission (378)
[2019.04.25-00.58.00:466][768]LogModuleManager: Shutting down and abandoning module NUTUnrealEngine4 (376)
[2019.04.25-00.58.00:466][768]LogModuleManager: Shutting down and abandoning module NetcodeUnitTest (374)
[2019.04.25-00.58.00:466][768]LogModuleManager: Shutting down and abandoning module MediaCompositingEditor (372)
[2019.04.25-00.58.00:466][768]LogModuleManager: Shutting down and abandoning module MediaCompositing (370)
[2019.04.25-00.58.00:466][768]LogModuleManager: Shutting down and abandoning module LinearTimecode (368)
[2019.04.25-00.58.00:466][768]LogModuleManager: Shutting down and abandoning module ImgMedia (366)
[2019.04.25-00.58.00:469][768]LogModuleManager: Shutting down and abandoning module HTML5Networking (364)
[2019.04.25-00.58.00:469][768]LogModuleManager: Shutting down and abandoning module GeometryCacheTracks (362)
[2019.04.25-00.58.00:469][768]LogModuleManager: Shutting down and abandoning module GeometryCacheSequencer (360)
[2019.04.25-00.58.00:469][768]LogModuleManager: Shutting down and abandoning module BackChannel (358)
[2019.04.25-00.58.00:469][768]LogModuleManager: Shutting down and abandoning module AppleVision (356)
[2019.04.25-00.58.00:469][768]LogModuleManager: Shutting down and abandoning module AppleImageUtils (354)
[2019.04.25-00.58.00:469][768]LogModuleManager: Shutting down and abandoning module AlembicImporter (352)
[2019.04.25-00.58.00:469][768]LogModuleManager: Shutting down and abandoning module AlembicLibrary (351)
[2019.04.25-00.58.00:469][768]LogModuleManager: Shutting down and abandoning module GeometryCache (350)
[2019.04.25-00.58.00:469][768]LogModuleManager: Shutting down and abandoning module GeometryCacheEd (349)
[2019.04.25-00.58.00:469][768]LogModuleManager: Shutting down and abandoning module DatasmithContentEditor (344)
[2019.04.25-00.58.00:469][768]LogModuleManager: Shutting down and abandoning module DatasmithContent (342)
[2019.04.25-00.58.00:469][768]LogModuleManager: Shutting down and abandoning module SpeedTreeImporter (340)
[2019.04.25-00.58.00:469][768]LogModuleManager: Shutting down and abandoning module PluginBrowser (338)
[2019.04.25-00.58.00:470][768]LogModuleManager: Shutting down and abandoning module MobileLauncherProfileWizard (336)
[2019.04.25-00.58.00:470][768]LogModuleManager: Shutting down and abandoning module PolygonModeling (334)
[2019.04.25-00.58.00:470][768]LogModuleManager: Shutting down and abandoning module MeshEditor (332)
[2019.04.25-00.58.00:470][768]LogModuleManager: Shutting down and abandoning module CryptoKeysOpenSSL (330)
[2019.04.25-00.58.00:470][768]LogModuleManager: Shutting down and abandoning module CryptoKeys (328)
[2019.04.25-00.58.00:470][768]LogModuleManager: Shutting down and abandoning module VisualStudioSourceCodeAccess (326)
[2019.04.25-00.58.00:470][768]LogModuleManager: Shutting down and abandoning module VisualStudioCodeSourceCodeAccess (324)
[2019.04.25-00.58.00:470][768]LogModuleManager: Shutting down and abandoning module UObjectPlugin (322)
[2019.04.25-00.58.00:470][768]LogModuleManager: Shutting down and abandoning module SubversionSourceControl (320)
[2019.04.25-00.58.00:470][768]LogModuleManager: Shutting down and abandoning module PerforceSourceControl (318)
[2019.04.25-00.58.00:470][768]LogModuleManager: Shutting down and abandoning module GitSourceControl (316)
[2019.04.25-00.58.00:470][768]LogModuleManager: Shutting down and abandoning module SourceControl (315)
[2019.04.25-00.58.00:470][768]LogModuleManager: Shutting down and abandoning module CLionSourceCodeAccess (312)
[2019.04.25-00.58.00:470][768]LogModuleManager: Shutting down and abandoning module LightPropagationVolumeEditor (310)
[2019.04.25-00.58.00:470][768]LogModuleManager: Shutting down and abandoning module PaperTiledImporter (308)
[2019.04.25-00.58.00:470][768]LogModuleManager: Shutting down and abandoning module PaperSpriteSheetImporter (306)
[2019.04.25-00.58.00:470][768]LogModuleManager: Shutting down and abandoning module Paper2DEditor (304)
[2019.04.25-00.58.00:470][768]LogModuleManager: Shutting down and abandoning module MeshPaint (303)
[2019.04.25-00.58.00:471][768]LogModuleManager: Shutting down and abandoning module RuntimePhysXCooking (300)
[2019.04.25-00.58.00:471][768]LogModuleManager: Shutting down and abandoning module PhysXVehiclesEditor (298)
[2019.04.25-00.58.00:471][768]LogModuleManager: Shutting down and abandoning module PhysXVehicles (296)
[2019.04.25-00.58.00:471][768]LogModuleManager: Shutting down and abandoning module OculusEditor (294)
[2019.04.25-00.58.00:471][768]LogModuleManager: Shutting down and abandoning module LocationServicesBPLibrary (292)
[2019.04.25-00.58.00:471][768]LogModuleManager: Shutting down and abandoning module ImmediatePhysicsEditor (290)
[2019.04.25-00.58.00:471][768]LogModuleManager: Shutting down and abandoning module ImmediatePhysics (288)
[2019.04.25-00.58.00:471][768]LogModuleManager: Shutting down and abandoning module ActorSequence (286)
[2019.04.25-00.58.00:471][768]LogModuleManager: Shutting down and abandoning module UdpMessaging (284)
[2019.04.25-00.58.00:572][768]LogModuleManager: Shutting down and abandoning module TcpMessaging (282)
[2019.04.25-00.58.00:673][768]LogModuleManager: Shutting down and abandoning module MagicLeapAudio (280)
[2019.04.25-00.58.00:673][768]LogModuleManager: Shutting down and abandoning module GameplayTagsEditor (278)
[2019.04.25-00.58.00:673][768]LogModuleManager: Shutting down and abandoning module FacialAnimationEditor (276)
[2019.04.25-00.58.00:673][768]LogModuleManager: Shutting down and abandoning module FacialAnimation (274)
[2019.04.25-00.58.00:673][768]LogModuleManager: Shutting down and abandoning module DataValidation (272)
[2019.04.25-00.58.00:673][768]LogModuleManager: Shutting down and abandoning module AssetManagerEditor (270)
[2019.04.25-00.58.00:673][768]LogModuleManager: Shutting down and abandoning module LevelEditor (269)
[2019.04.25-00.58.00:673][768]LogModuleManager: Shutting down and abandoning module PixelInspectorModule (268)
[2019.04.25-00.58.00:673][768]LogModuleManager: Shutting down and abandoning module CommonMenuExtensions (266)
[2019.04.25-00.58.00:673][768]LogModuleManager: Shutting down and abandoning module MainFrame (264)
[2019.04.25-00.58.00:673][768]LogModuleManager: Shutting down and abandoning module HotReload (263)
[2019.04.25-00.58.00:674][768]LogModuleManager: Shutting down and abandoning module ContentBrowser (259)
[2019.04.25-00.58.00:674][768]LogModuleManager: Shutting down and abandoning module TreeMap (257)
[2019.04.25-00.58.00:674][768]LogModuleManager: Shutting down and abandoning module LightPropagationVolumeRuntime (254)
[2019.04.25-00.58.00:674][768]LogModuleManager: Shutting down and abandoning module AISupportModule (252)
[2019.04.25-00.58.00:674][768]LogModuleManager: Shutting down and abandoning module Paper2D (250)
[2019.04.25-00.58.00:674][768]LogModuleManager: Shutting down and abandoning module WindowsMoviePlayer (248)
[2019.04.25-00.58.00:674][768]LogModuleManager: Shutting down and abandoning module WmfMedia (246)
[2019.04.25-00.58.00:675][768]LogModuleManager: Shutting down and abandoning module Media (245)
[2019.04.25-00.58.00:681][768]LogModuleManager: Shutting down and abandoning module PacketHandler (242)
[2019.04.25-00.58.00:681][768]LogModuleManager: Shutting down and abandoning module ClothingSystemEditor (240)
[2019.04.25-00.58.00:681][768]LogModuleManager: Shutting down and abandoning module ClothingSystemRuntime (238)
[2019.04.25-00.58.00:681][768]LogModuleManager: Shutting down and abandoning module MediaAssets (236)
[2019.04.25-00.58.00:681][768]LogModuleManager: Shutting down and abandoning module Overlay (234)
[2019.04.25-00.58.00:681][768]LogModuleManager: Shutting down and abandoning module OverlayEditor (233)
[2019.04.25-00.58.00:681][768]LogModuleManager: Shutting down and abandoning module EnvironmentQueryEditor (230)
[2019.04.25-00.58.00:681][768]LogModuleManager: Shutting down and abandoning module VREditor (228)
[2019.04.25-00.58.00:681][768]LogModuleManager: Shutting down and abandoning module StringTableEditor (226)
[2019.04.25-00.58.00:681][768]LogModuleManager: Shutting down and abandoning module GameplayTasksEditor (224)
[2019.04.25-00.58.00:681][768]LogModuleManager: Shutting down and abandoning module BehaviorTreeEditor (222)
[2019.04.25-00.58.00:681][768]LogModuleManager: Shutting down and abandoning module FunctionalTesting (220)
[2019.04.25-00.58.00:681][768]LogModuleManager: Shutting down and abandoning module CollisionAnalyzer (218)
[2019.04.25-00.58.00:681][768]LogModuleManager: Shutting down and abandoning module WorkspaceMenuStructure (217)
[2019.04.25-00.58.00:681][768]LogModuleManager: Shutting down and abandoning module UMG (214)
[2019.04.25-00.58.00:681][768]LogModuleManager: Shutting down and abandoning module UMGEditor (213)
[2019.04.25-00.58.00:681][768]LogModuleManager: Shutting down and abandoning module Sequencer (212)
[2019.04.25-00.58.00:681][768]LogModuleManager: Shutting down and abandoning module MessageLog (209)
[2019.04.25-00.58.00:681][768]LogModuleManager: Shutting down and abandoning module SlateReflector (204)
[2019.04.25-00.58.00:681][768]LogModuleManager: Shutting down and abandoning module Slate (202)
[2019.04.25-00.58.00:681][768]LogModuleManager: Shutting down and abandoning module EditorStyle (200)
[2019.04.25-00.58.00:682][768]LogModuleManager: Shutting down and abandoning module MRMesh (198)
[2019.04.25-00.58.00:682][768]LogModuleManager: Shutting down and abandoning module SourceCodeAccess (196)
[2019.04.25-00.58.00:682][768]LogModuleManager: Shutting down and abandoning module HeadMountedDisplay (194)
[2019.04.25-00.58.00:683][768]LogModuleManager: Shutting down and abandoning module XAudio2 (192)
[2019.04.25-00.58.00:683][768]LogModuleManager: Shutting down and abandoning module Networking (190)
[2019.04.25-00.58.00:683][768]LogModuleManager: Shutting down and abandoning module Core (188)
[2019.04.25-00.58.00:683][768]LogModuleManager: Shutting down and abandoning module LevelSequence (186)
[2019.04.25-00.58.00:683][768]LogModuleManager: Shutting down and abandoning module KismetCompiler (184)
[2019.04.25-00.58.00:683][768]LogModuleManager: Shutting down and abandoning module MeshUtilities (182)
[2019.04.25-00.58.00:683][768]LogModuleManager: Shutting down and abandoning module MeshMergeUtilities (181)
[2019.04.25-00.58.00:683][768]LogModuleManager: Shutting down and abandoning module MeshReductionInterface (180)
[2019.04.25-00.58.00:683][768]LogModuleManager: Shutting down and abandoning module SimplygonSwarm (179)
[2019.04.25-00.58.00:683][768]LogModuleManager: Shutting down and abandoning module ProxyLODMeshReduction (177)
[2019.04.25-00.58.00:683][768]LogModuleManager: Shutting down and abandoning module SimplygonMeshReduction (175)
[2019.04.25-00.58.00:683][768]LogModuleManager: Shutting down and abandoning module QuadricMeshReduction (173)
[2019.04.25-00.58.00:683][768]LogModuleManager: Shutting down and abandoning module MaterialBaking (169)
[2019.04.25-00.58.00:683][768]LogModuleManager: Shutting down and abandoning module DirectoryWatcher (165)
[2019.04.25-00.58.00:683][768]LogModuleManager: Shutting down and abandoning module DerivedDataCache (162)
[2019.04.25-00.58.00:704][768]LogDerivedDataCache: Shutdown
[2019.04.25-00.58.00:704][768]LogModuleManager: Shutting down and abandoning module XGEController (160)
[2019.04.25-00.58.00:704][768]LogXGEController: Cleaning working directory: C:/Users/User/AppData/Local/Temp/UnrealXGEWorkingDir/
[2019.04.25-00.58.00:704][768]LogModuleManager: Shutting down and abandoning module TargetPlatform (158)
[2019.04.25-00.58.00:704][768]LogModuleManager: Shutting down and abandoning module VulkanShaderFormat (157)
[2019.04.25-00.58.00:704][768]LogModuleManager: Shutting down and abandoning module ShaderFormatVectorVM (155)
[2019.04.25-00.58.00:704][768]LogModuleManager: Shutting down and abandoning module ShaderFormatOpenGL (153)
[2019.04.25-00.58.00:704][768]LogModuleManager: Shutting down and abandoning module ShaderFormatD3D (151)
[2019.04.25-00.58.00:704][768]LogModuleManager: Shutting down and abandoning module MetalShaderFormat (149)
[2019.04.25-00.58.00:704][768]LogModuleManager: Shutting down and abandoning module TextureFormatUncompressed (147)
[2019.04.25-00.58.00:704][768]LogModuleManager: Shutting down and abandoning module TextureFormatPVR (145)
[2019.04.25-00.58.00:704][768]LogModuleManager: Shutting down and abandoning module TextureFormatDXT (143)
[2019.04.25-00.58.00:704][768]LogModuleManager: Shutting down and abandoning module TextureFormatIntelISPCTexComp (141)
[2019.04.25-00.58.00:704][768]LogModuleManager: Shutting down and abandoning module TextureFormatASTC (139)
[2019.04.25-00.58.00:704][768]LogModuleManager: Shutting down and abandoning module ImageWrapper (138)
[2019.04.25-00.58.00:704][768]LogModuleManager: Shutting down and abandoning module TextureFormatAndroid (135)
[2019.04.25-00.58.00:704][768]LogModuleManager: Shutting down and abandoning module AudioFormatOpus (133)
[2019.04.25-00.58.00:704][768]LogModuleManager: Shutting down and abandoning module AudioFormatOgg (131)
[2019.04.25-00.58.00:704][768]LogModuleManager: Shutting down and abandoning module AudioFormatADPCM (129)
[2019.04.25-00.58.00:704][768]LogModuleManager: Shutting down and abandoning module LuminTargetPlatform (127)
[2019.04.25-00.58.00:704][768]LogModuleManager: Shutting down and abandoning module LinuxTargetPlatform (125)
[2019.04.25-00.58.00:705][768]LogModuleManager: Shutting down and abandoning module LinuxServerTargetPlatform (123)
[2019.04.25-00.58.00:705][768]LogModuleManager: Shutting down and abandoning module LinuxNoEditorTargetPlatform (121)
[2019.04.25-00.58.00:705][768]LogModuleManager: Shutting down and abandoning module LinuxClientTargetPlatform (119)
[2019.04.25-00.58.00:705][768]LogModuleManager: Shutting down and abandoning module TVOSTargetPlatform (117)
[2019.04.25-00.58.00:705][768]LogModuleManager: Shutting down and abandoning module Messaging (115)
[2019.04.25-00.58.00:705][768]LogModuleManager: Shutting down and abandoning module IOSTargetPlatform (113)
[2019.04.25-00.58.00:706][768]LogModuleManager: Shutting down and abandoning module HTML5TargetPlatform (111)
[2019.04.25-00.58.00:706][768]LogModuleManager: Shutting down and abandoning module AndroidTargetPlatform (109)
[2019.04.25-00.58.00:710][768]LogModuleManager: Shutting down and abandoning module WindowsTargetPlatform (107)
[2019.04.25-00.58.00:710][768]LogModuleManager: Shutting down and abandoning module WindowsServerTargetPlatform (105)
[2019.04.25-00.58.00:710][768]LogModuleManager: Shutting down and abandoning module WindowsNoEditorTargetPlatform (103)
[2019.04.25-00.58.00:710][768]LogModuleManager: Shutting down and abandoning module WindowsClientTargetPlatform (101)
[2019.04.25-00.58.00:710][768]LogModuleManager: Shutting down and abandoning module MacTargetPlatform (99)
[2019.04.25-00.58.00:710][768]LogModuleManager: Shutting down and abandoning module MacServerTargetPlatform (97)
[2019.04.25-00.58.00:710][768]LogModuleManager: Shutting down and abandoning module MacNoEditorTargetPlatform (95)
[2019.04.25-00.58.00:710][768]LogModuleManager: Shutting down and abandoning module MacClientTargetPlatform (93)
[2019.04.25-00.58.00:710][768]LogModuleManager: Shutting down and abandoning module AllDesktopTargetPlatform (91)
[2019.04.25-00.58.00:710][768]LogModuleManager: Shutting down and abandoning module InputCore (88)
[2019.04.25-00.58.00:710][768]LogModuleManager: Shutting down and abandoning module Settings (86)
[2019.04.25-00.58.00:710][768]LogModuleManager: Shutting down and abandoning module PhysXCooking (84)
[2019.04.25-00.58.00:710][768]LogModuleManager: Shutting down and abandoning module SteamVR (82)
[2019.04.25-00.58.00:710][768]LogModuleManager: Shutting down and abandoning module OculusHMD (80)
[2019.04.25-00.58.00:710][768]LogModuleManager: Shutting down and abandoning module ExampleDeviceProfileSelector (78)
[2019.04.25-00.58.00:710][768]LogModuleManager: Shutting down and abandoning module LauncherChunkInstaller (76)
[2019.04.25-00.58.00:710][768]LogModuleManager: Shutting down and abandoning module OnlineBlueprintSupport (74)
[2019.04.25-00.58.00:710][768]LogModuleManager: Shutting down and abandoning module OnlineSubsystem (70)
[2019.04.25-00.58.00:711][768]LogModuleManager: Shutting down and abandoning module XMPP (65)
[2019.04.25-00.58.00:711][768]LogModuleManager: Shutting down and abandoning module WebSockets (64)
[2019.04.25-00.58.00:745][768]LogModuleManager: Shutting down and abandoning module HTTP (61)
[2019.04.25-00.58.00:745][768]LogHttp: Display: Http module shutting down, but needs to wait on 1 outstanding Http requests:
[2019.04.25-00.58.00:745][768]LogHttp: Display: 	verb=[POST] url=[https://datarouter.ol.epicgames.com/datarouter/api/v1/public/data?SessionID=%7B2B830C2F-4E64-C637-924E-9DA288EE45B7%7D&AppID=UEEditor.Rocket.Release&AppVersion=4.20.1-4233996%2B%2B%2BUE4%2BRelease-4.20&UserID=e5f202094da9daed54bc01a482ab8116%7C9bdd36d664df4b0787b55f3cb2b04887%7C61dc1d6a-e417-4792-8424-124b0d2a51e1&AppEnvironment=datacollector-binary&UploadType=eteventstream] status=Processing
[2019.04.25-00.58.00:749][768]LogModuleManager: Shutting down and abandoning module SSL (60)
[2019.04.25-00.58.00:750][768]LogModuleManager: Shutting down and abandoning module MagicLeapEmulator (56)
[2019.04.25-00.58.00:750][768]LogModuleManager: Shutting down and abandoning module MagicLeapPrivileges (54)
[2019.04.25-00.58.00:750][768]LogModuleManager: Shutting down and abandoning module MagicLeapIdentity (52)
[2019.04.25-00.58.00:750][768]LogModuleManager: Shutting down and abandoning module MagicLeapHelperVulkan (50)
[2019.04.25-00.58.00:750][768]LogModuleManager: Shutting down and abandoning module MagicLeapHelperOpenGL (48)
[2019.04.25-00.58.00:750][768]LogModuleManager: Shutting down and abandoning module MagicLeapSecureStorage (46)
[2019.04.25-00.58.00:750][768]LogModuleManager: Shutting down and abandoning module MagicLeapGestures (44)
[2019.04.25-00.58.00:750][768]LogModuleManager: Shutting down and abandoning module MagicLeapEyeTracker (42)
[2019.04.25-00.58.00:750][768]LogModuleManager: Shutting down and abandoning module MagicLeapController (40)
[2019.04.25-00.58.00:750][768]LogSlate: Slate User Destroyed.  User Index 0, Is Virtual User: 0
[2019.04.25-00.58.00:750][768]LogModuleManager: Shutting down and abandoning module MagicLeap (38)
[2019.04.25-00.58.00:750][768]LogModuleManager: Shutting down and abandoning module AnimationModifiers (36)
[2019.04.25-00.58.00:750][768]LogModuleManager: Shutting down and abandoning module PropertyEditor (35)
[2019.04.25-00.58.00:750][768]LogModuleManager: Shutting down and abandoning module AudioEditor (32)
[2019.04.25-00.58.00:750][768]LogModuleManager: Shutting down and abandoning module TextureCompressor (30)
[2019.04.25-00.58.00:751][768]LogModuleManager: Shutting down and abandoning module ShaderCore (28)
[2019.04.25-00.58.00:751][768]LogModuleManager: Shutting down and abandoning module Landscape (26)
[2019.04.25-00.58.00:751][768]LogModuleManager: Shutting down and abandoning module SlateRHIRenderer (24)
[2019.04.25-00.58.00:751][768]LogModuleManager: Shutting down and abandoning module OpenGLDrv (22)
[2019.04.25-00.58.00:751][768]LogModuleManager: Shutting down and abandoning module D3D11RHI (20)
[2019.04.25-00.58.00:751][768]LogModuleManager: Shutting down and abandoning module AnimGraphRuntime (18)
[2019.04.25-00.58.00:751][768]LogModuleManager: Shutting down and abandoning module Renderer (16)
[2019.04.25-00.58.00:751][768]LogModuleManager: Shutting down and abandoning module Engine (14)
[2019.04.25-00.58.00:751][768]LogModuleManager: Shutting down and abandoning module CoreUObject (12)
[2019.04.25-00.58.00:751][768]LogModuleManager: Shutting down and abandoning module NetworkFile (10)
[2019.04.25-00.58.00:751][768]LogModuleManager: Shutting down and abandoning module CookedIterativeFile (8)
[2019.04.25-00.58.00:751][768]LogModuleManager: Shutting down and abandoning module StreamingFile (6)
[2019.04.25-00.58.00:751][768]LogModuleManager: Shutting down and abandoning module SandboxFile (4)
[2019.04.25-00.58.00:751][768]LogModuleManager: Shutting down and abandoning module PakFile (2)
[2019.04.25-00.58.00:755][768]LogExit: Exiting.
[2019.04.25-00.58.00:765][768]Log file closed, 04/25/19 01:58:00
