Log file open, 03/12/19 14:17:58
LogWindows: Failed to load 'aqProf.dll' (GetLastError=126)
LogWindows: File 'aqProf.dll' does not exist
LogWindows: Failed to load 'VtuneApi.dll' (GetLastError=126)
LogWindows: File 'VtuneApi.dll' does not exist
LogWindows: Failed to load 'VtuneApi32e.dll' (GetLastError=126)
LogWindows: File 'VtuneApi32e.dll' does not exist
LogInit: Display: Running engine for game: KV6002
LogPlatformFile: Not using cached read wrapper
LogTaskGraph: Started task graph with 5 named threads and 35 total threads with 3 sets of task threads.
LogStats: Stats thread started at 0.414745
LogD3D11RHI: Loaded GFSDK_Aftermath_Lib.x64.dll
LogICUInternationalization: Display: ICU TimeZone Detection - Raw Offset: +0:00, Platform Override: ''
LogPluginManager: Mounting plugin Paper2D
LogPluginManager: Mounting plugin AISupport
LogPluginManager: Mounting plugin LightPropagationVolume
LogPluginManager: Mounting plugin CLionSourceCodeAccess
LogPluginManager: Mounting plugin CodeLiteSourceCodeAccess
LogPluginManager: Mounting plugin GitSourceControl
LogPluginManager: Mounting plugin KDevelopSourceCodeAccess
LogPluginManager: Mounting plugin NullSourceCodeAccess
LogPluginManager: Mounting plugin PerforceSourceControl
LogPluginManager: Mounting plugin SubversionSourceControl
LogPluginManager: Mounting plugin UObjectPlugin
LogPluginManager: Mounting plugin VisualStudioCodeSourceCodeAccess
LogPluginManager: Mounting plugin VisualStudioSourceCodeAccess
LogPluginManager: Mounting plugin XCodeSourceCodeAccess
LogPluginManager: Mounting plugin AssetManagerEditor
LogPluginManager: Mounting plugin CryptoKeys
LogPluginManager: Mounting plugin DataValidation
LogPluginManager: Mounting plugin FacialAnimation
LogPluginManager: Mounting plugin GameplayTagsEditor
LogPluginManager: Mounting plugin MacGraphicsSwitching
LogPluginManager: Mounting plugin MeshEditor
LogPluginManager: Mounting plugin MobileLauncherProfileWizard
LogPluginManager: Mounting plugin PluginBrowser
LogPluginManager: Mounting plugin SpeedTreeImporter
LogPluginManager: Mounting plugin DatasmithContent
LogPluginManager: Mounting plugin AlembicImporter
LogPluginManager: Mounting plugin AppleImageUtils
LogPluginManager: Mounting plugin AppleVision
LogPluginManager: Mounting plugin BackChannel
LogPluginManager: Mounting plugin CharacterAI
LogPluginManager: Mounting plugin GeometryCache
LogPluginManager: Mounting plugin HTML5Networking
LogPluginManager: Mounting plugin ProxyLODPlugin
LogPluginManager: Mounting plugin MagicLeap
LogPluginManager: Mounting plugin MagicLeapEmulator
LogPluginManager: Mounting plugin MagicLeapMedia
LogPluginManager: Mounting plugin AndroidMedia
LogPluginManager: Mounting plugin AvfMedia
LogPluginManager: Mounting plugin ImgMedia
LogPluginManager: Mounting plugin LinearTimecode
LogPluginManager: Mounting plugin MediaCompositing
LogPluginManager: Mounting plugin MediaPlayerEditor
LogPluginManager: Mounting plugin WmfMedia
LogPluginManager: Mounting plugin TcpMessaging
LogPluginManager: Mounting plugin UdpMessaging
LogPluginManager: Mounting plugin ActorSequence
LogPluginManager: Mounting plugin LevelSequenceEditor
LogPluginManager: Mounting plugin MatineeToLevelSequence
LogPluginManager: Mounting plugin NetcodeUnitTest
LogPluginManager: Mounting plugin NUTUnrealEngine4
LogPluginManager: Mounting plugin OnlineSubsystemGooglePlay
LogPluginManager: Mounting plugin OnlineSubsystemIOS
LogPluginManager: Mounting plugin OnlineSubsystem
LogPluginManager: Mounting plugin OnlineSubsystemNull
LogPluginManager: Mounting plugin OnlineSubsystemUtils
LogPluginManager: Mounting plugin LauncherChunkInstaller
LogPluginManager: Mounting plugin AndroidDeviceProfileSelector
LogPluginManager: Mounting plugin AndroidMoviePlayer
LogPluginManager: Mounting plugin AndroidPermission
LogPluginManager: Mounting plugin AppleMoviePlayer
LogPluginManager: Mounting plugin ArchVisCharacter
LogPluginManager: Mounting plugin AudioCapture
LogPluginManager: Mounting plugin CableComponent
LogPluginManager: Mounting plugin CustomMeshComponent
LogPluginManager: Mounting plugin EditableMesh
LogPluginManager: Mounting plugin ExampleDeviceProfileSelector
LogPluginManager: Mounting plugin GoogleCloudMessaging
LogPluginManager: Mounting plugin ImmediatePhysics
LogPluginManager: Mounting plugin IOSDeviceProfileSelector
LogPluginManager: Mounting plugin LinuxDeviceProfileSelector
LogPluginManager: Mounting plugin LocationServicesBPLibrary
LogPluginManager: Mounting plugin MobilePatchingUtils
LogPluginManager: Mounting plugin OculusVR
LogPluginManager: Plugin shader directory ../../../Engine/Plugins/Runtime/Oculus/OculusVR/Shaders found
LogPluginManager: Mapping shader source directory ../../../Engine/Plugins/Runtime/Oculus/OculusVR/Shaders to virtual directory /Plugin/OculusVR
LogPluginManager: Mounting plugin PhysXVehicles
LogPluginManager: Mounting plugin ProceduralMeshComponent
LogPluginManager: Mounting plugin RuntimePhysXCooking
LogPluginManager: Mounting plugin SteamVR
LogPluginManager: Mounting plugin WindowsMoviePlayer
LogStreaming: Display: Took  0.358s to configure plugins.
LogInit: Using libcurl 7.55.1-DEV
LogInit:  - built for x86_64-pc-win32
LogInit:  - supports SSL with OpenSSL/1.0.2h
LogInit:  - supports HTTP deflate (compression) using libz 1.2.8
LogInit:  - other features:
LogInit:      CURL_VERSION_SSL
LogInit:      CURL_VERSION_LIBZ
LogInit:      CURL_VERSION_IPV6
LogInit:      CURL_VERSION_ASYNCHDNS
LogInit:      CURL_VERSION_LARGEFILE
LogInit:      CURL_VERSION_IDN
LogInit:  CurlRequestOptions (configurable via config and command line):
LogInit:  - bVerifyPeer = false  - Libcurl will NOT verify peer certificate
LogInit:  - bUseHttpProxy = false  - Libcurl will NOT use HTTP proxy
LogInit:  - bDontReuseConnections = false  - Libcurl will reuse connections
LogInit:  - CertBundlePath = nullptr  - Libcurl will use whatever was configured at build time.
LogInit:  - MaxHostConnections = 16  - Libcurl will limit the number of connections to a host
LogInit:  - LocalHostAddr = Default
LogInit:  - BufferSize = 65536
LogInit: WinSock: version 1.1 (2.2), MaxSocks=32767, MaxUdp=65467
LogInit: Build: ++UE4+Release-4.20-CL-4369336
LogInit: Engine Version: 4.20.3-4369336+++UE4+Release-4.20
LogInit: Compatible Engine Version: 4.20.0-4212847+++UE4+Release-4.20
LogInit: Net CL: 4212847
LogInit: OS: Windows 10 (), CPU: Intel(R) Xeon(R) CPU E5-1650 v3 @ 3.50GHz, GPU: NVIDIA GeForce GTX 970
LogInit: Compiled (64-bit): Sep 17 2018 12:26:19
LogInit: Compiled with Visual C++: 19.13.26129.00
LogInit: Build Configuration: Development
LogInit: Branch Name: ++UE4+Release-4.20
LogInit: Command Line:  /Game/FirstPersonBP/Maps/FirstPersonExampleMap -game -PIEVIACONSOLE -ResX=1280 -ResY=720  -Multiprocess -messaging -SessionName="Play in Standalone Game" -windowed 
LogInit: Base Directory: C:/Program Files/Epic Games/UE_4.20/Engine/Binaries/Win64/
LogInit: Installed Engine Build: 1
LogDevObjectVersion: Number of dev versions registered: 20
LogDevObjectVersion:   Dev-Blueprints (B0D832E4-1F89-4F0D-ACCF-7EB736FD4AA2): 10
LogDevObjectVersion:   Dev-Build (E1C64328-A22C-4D53-A36C-8E866417BD8C): 0
LogDevObjectVersion:   Dev-Core (375EC13C-06E4-48FB-B500-84F0262A717E): 2
LogDevObjectVersion:   Dev-Editor (E4B068ED-F494-42E9-A231-DA0B2E46BB41): 24
LogDevObjectVersion:   Dev-Framework (CFFC743F-43B0-4480-9391-14DF171D2073): 34
LogDevObjectVersion:   Dev-Mobile (B02B49B5-BB20-44E9-A304-32B752E40360): 2
LogDevObjectVersion:   Dev-Networking (A4E4105C-59A1-49B5-A7C5-40C4547EDFEE): 0
LogDevObjectVersion:   Dev-Online (39C831C9-5AE6-47DC-9A44-9C173E1C8E7C): 0
LogDevObjectVersion:   Dev-Physics (78F01B33-EBEA-4F98-B9B4-84EACCB95AA2): 0
LogDevObjectVersion:   Dev-Platform (6631380F-2D4D-43E0-8009-CF276956A95A): 0
LogDevObjectVersion:   Dev-Rendering (12F88B9F-8875-4AFC-A67C-D90C383ABD29): 26
LogDevObjectVersion:   Dev-Sequencer (7B5AE74C-D270-4C10-A958-57980B212A5A): 9
LogDevObjectVersion:   Dev-VR (D7296918-1DD6-4BDD-9DE2-64A83CC13884): 2
LogDevObjectVersion:   Dev-LoadTimes (C2A15278-BFE7-4AFE-6C17-90FF531DF755): 1
LogDevObjectVersion:   Private-Geometry (6EACA3D4-40EC-4CC1-B786-8BED09428FC5): 3
LogDevObjectVersion:   Dev-AnimPhys (29E575DD-E0A3-4627-9D10-D276232CDCEA): 17
LogDevObjectVersion:   Dev-ReflectionCapture (6B266CEC-1EC7-4B8F-A30B-E4D90942FC07): 1
LogDevObjectVersion:   Dev-Automation (0DF73D61-A23F-47EA-B727-89E90C41499A): 1
LogDevObjectVersion:   FortniteMain (601D1886-AC64-4F84-AA16-D3DE0DEAC7D6): 12
LogDevObjectVersion:   Dev-Enterprise (9DFFBCD6-494F-0158-E221-12823C92A888): 1
LogStreaming: Display: Took  0.022s to delete old logs.
LogInit: Presizing for max 8388607 objects, including 0 objects not considered by GC, pre-allocating 0 bytes for permanent pool.
LogInit: Object subsystem initialized
[2019.03.12-14.17.58:705][  0]LogInit: Selected Device Profile: [Windows]
[2019.03.12-14.17.58:705][  0]LogInit: Applying CVar settings loaded from the selected device profile: [Windows]
[2019.03.12-14.17.58:717][  0]LogHAL: Display: Platform has ~ 32 GB [34262470656 / 34359738368 / 32], which maps to Largest [LargestMinGB=32, LargerMinGB=12, DefaultMinGB=8, SmallerMinGB=6, SmallestMinGB=0)
[2019.03.12-14.17.58:717][  0]LogInit: Setting Device Profile CVar: [[r.Vulkan.UseRealUBs:1]]
[2019.03.12-14.17.58:717][  0]LogInit: Going up to parent DeviceProfile []
[2019.03.12-14.17.58:717][  0]LogInit: Computer: C15003245
[2019.03.12-14.17.58:717][  0]LogInit: User: csg16007006
[2019.03.12-14.17.58:717][  0]LogInit: CPU Page size=4096, Cores=6
[2019.03.12-14.17.58:717][  0]LogInit: High frequency timer resolution =3.410071 MHz
[2019.03.12-14.17.58:717][  0]LogMemory: Memory total: Physical=31.9GB (32GB approx)
[2019.03.12-14.17.58:717][  0]LogMemory: Platform Memory Stats for Windows
[2019.03.12-14.17.58:717][  0]LogMemory: Process Physical Memory: 101.40 MB used, 101.40 MB peak
[2019.03.12-14.17.58:717][  0]LogMemory: Process Virtual Memory: 94.14 MB used, 94.14 MB peak
[2019.03.12-14.17.58:717][  0]LogMemory: Physical Memory: 11032.25 MB used,  21642.99 MB free, 32675.24 MB total
[2019.03.12-14.17.58:717][  0]LogMemory: Virtual Memory: 529.39 MB used,  21642.99 MB free, 134217728.00 MB total
[2019.03.12-14.17.58:733][  0]LogInit: Using OS detected language (en-US).
[2019.03.12-14.17.58:733][  0]LogInit: Using OS detected locale (en-GB).
[2019.03.12-14.17.58:734][  0]LogTextLocalizationManager: No specific localization for 'en-US' exists, so the 'en' localization will be used.
[2019.03.12-14.17.59:114][  0]LogStreaming: Display: Took  0.382s to InitEngineTextLocalization.
[2019.03.12-14.17.59:130][  0]LogSlate: New Slate User Created.  User Index 0, Is Virtual User: 0
[2019.03.12-14.17.59:130][  0]LogSlate: Slate User Registered.  User Index 0, Is Virtual User: 0
[2019.03.12-14.17.59:133][  0]LogHMD: Failed to initialize OpenVR with code 110
[2019.03.12-14.17.59:133][  0]LogD3D11RHI: D3D11 adapters:
[2019.03.12-14.17.59:181][  0]LogD3D11RHI:    0. 'NVIDIA GeForce GTX 970' (Feature Level 11_0)
[2019.03.12-14.17.59:181][  0]LogD3D11RHI:       4043/0/16337 MB DedicatedVideo/DedicatedSystem/SharedSystem, Outputs:1, VendorId:0x10de
[2019.03.12-14.17.59:183][  0]LogD3D11RHI:    1. 'Microsoft Basic Render Driver' (Feature Level 11_0)
[2019.03.12-14.17.59:183][  0]LogD3D11RHI:       0/0/16337 MB DedicatedVideo/DedicatedSystem/SharedSystem, Outputs:0, VendorId:0x1414
[2019.03.12-14.17.59:183][  0]LogD3D11RHI: Chosen D3D11 Adapter: 0
[2019.03.12-14.17.59:187][  0]LogD3D11RHI: Creating new Direct3DDevice
[2019.03.12-14.17.59:187][  0]LogD3D11RHI:     GPU DeviceId: 0x13c2 (for the marketing name, search the web for "GPU Device Id")
[2019.03.12-14.17.59:187][  0]LogWindows: EnumDisplayDevices:
[2019.03.12-14.17.59:187][  0]LogWindows:    0. 'NVIDIA GeForce GTX 970' (P:1 D:1)
[2019.03.12-14.17.59:187][  0]LogWindows:    1. 'NVIDIA GeForce GTX 970' (P:0 D:0)
[2019.03.12-14.17.59:187][  0]LogWindows:    2. 'NVIDIA GeForce GTX 970' (P:0 D:0)
[2019.03.12-14.17.59:187][  0]LogWindows:    3. 'NVIDIA GeForce GTX 970' (P:0 D:0)
[2019.03.12-14.17.59:188][  0]LogWindows: DebugString: FoundDriverCount:4 
[2019.03.12-14.17.59:188][  0]LogD3D11RHI:     Adapter Name: NVIDIA GeForce GTX 970
[2019.03.12-14.17.59:188][  0]LogD3D11RHI:   Driver Version: 399.24 (internal:24.21.13.9924, unified:399.24)
[2019.03.12-14.17.59:188][  0]LogD3D11RHI:      Driver Date: 9-5-2018
[2019.03.12-14.17.59:188][  0]LogRHI: Texture pool is 2830 MB (70% of 4043 MB)
[2019.03.12-14.17.59:223][  0]LogD3D11RHI: Async texture creation enabled
[2019.03.12-14.17.59:240][  0]LogD3D11RHI: GPU Timing Frequency: 1000.000000 (Debug: 2 2)
[2019.03.12-14.17.59:241][  0]LogShaderCompilers: Guid format shader working directory is 22 characters bigger than the processId version (Z:/KV6002-Team-Project/KV6002/Intermediate/Shaders/WorkingDirectory/10696/).
[2019.03.12-14.17.59:241][  0]LogShaderCompilers: Cleaned the shader compiler working directory 'C:/Users/csg16007006/AppData/Local/Temp/UnrealShaderWorkingDir/DEBB558349ADBE1FDBD7989956D00EB6/'.
[2019.03.12-14.17.59:420][  0]LogTemp: Display: Loaded TP WindowsClientTargetPlatform
[2019.03.12-14.17.59:436][  0]LogTemp: Display: Loaded TP WindowsNoEditorTargetPlatform
[2019.03.12-14.17.59:450][  0]LogTemp: Display: Loaded TP WindowsServerTargetPlatform
[2019.03.12-14.17.59:457][  0]LogTemp: Display: Loaded TP WindowsTargetPlatform
[2019.03.12-14.17.59:457][  0]LogTargetPlatformManager: Display: Building Assets For Windows
[2019.03.12-14.17.59:501][  0]LogXGEController: Cannot use XGE Controller as Incredibuild is not installed on this machine.
[2019.03.12-14.17.59:501][  0]LogShaderCompilers: Cannot use XGE Shader Compiler as Incredibuild is not installed on this machine.
[2019.03.12-14.17.59:501][  0]LogShaderCompilers: Display: Using Local Shader Compiler.
[2019.03.12-14.18.00:322][  0]LogDerivedDataCache: Display: Max Cache Size: 512 MB
[2019.03.12-14.18.00:398][  0]LogDerivedDataCache: Loaded boot cache 0.08s 87MB C:/Users/csg16007006/AppData/Local/UnrealEngine/4.20/DerivedDataCache/Boot.ddc.
[2019.03.12-14.18.00:399][  0]LogDerivedDataCache: Display: Loaded Boot cache: C:/Users/csg16007006/AppData/Local/UnrealEngine/4.20/DerivedDataCache/Boot.ddc
[2019.03.12-14.18.00:399][  0]LogDerivedDataCache: FDerivedDataBackendGraph:  Pak pak cache file Z:/KV6002-Team-Project/KV6002/DerivedDataCache/DDC.ddp not found, will not use a pak cache.
[2019.03.12-14.18.00:399][  0]LogDerivedDataCache: Unable to find inner node Pak for hierarchical cache Hierarchy.
[2019.03.12-14.18.00:400][  0]LogDerivedDataCache: FDerivedDataBackendGraph:  CompressedPak pak cache file Z:/KV6002-Team-Project/KV6002/DerivedDataCache/Compressed.ddp not found, will not use a pak cache.
[2019.03.12-14.18.00:400][  0]LogDerivedDataCache: Unable to find inner node CompressedPak for hierarchical cache Hierarchy.
[2019.03.12-14.18.00:416][  0]LogDerivedDataCache: Display: Pak cache opened for reading ../../../Engine/DerivedDataCache/Compressed.ddp.
[2019.03.12-14.18.00:428][  0]LogDerivedDataCache: Using Local data cache path C:/Users/csg16007006/AppData/Local/UnrealEngine/Common/DerivedDataCache: Writable
[2019.03.12-14.18.00:428][  0]LogDerivedDataCache: Shared data cache path not found in *engine.ini, will not use an Shared cache.
[2019.03.12-14.18.00:428][  0]LogDerivedDataCache: Unable to find inner node Shared for hierarchical cache Hierarchy.
[2019.03.12-14.18.00:448][  0]LogMaterial: Verifying Global Shaders for PCD3D_SM5
[2019.03.12-14.18.00:449][  0]LogSlate: Using FreeType 2.6.0
[2019.03.12-14.18.00:450][  0]LogSlate: SlateFontServices - WITH_FREETYPE: 1, WITH_HARFBUZZ: 1
[2019.03.12-14.18.00:492][  0]LogInit: Using OS detected language (en-US).
[2019.03.12-14.18.00:492][  0]LogInit: Using OS detected locale (en-GB).
[2019.03.12-14.18.00:492][  0]LogTextLocalizationManager: No localization for 'en-US' exists, so 'en' will be used for the language.
[2019.03.12-14.18.00:492][  0]LogTextLocalizationManager: No localization for 'en-GB' exists, so 'en' will be used for the locale.
[2019.03.12-14.18.00:793][  0]LogStreaming: Display: Took  0.301s to InitGameTextLocalization.
[2019.03.12-14.18.00:801][  0]LogAssetRegistry: FAssetRegistry took 0.0053 seconds to start up
[2019.03.12-14.18.01:017][  0]LogPackageLocalizationCache: Processed 11 localized package path(s) for 1 prioritized culture(s) in 0.011324 seconds
[2019.03.12-14.18.01:193][  0]LogInit: Selected Device Profile: [Windows]
[2019.03.12-14.18.01:411][  0]LogSimplygon: Simplygon DLL not present - disabling.
[2019.03.12-14.18.01:415][  0]LogMeshReduction: Using SimplygonSwarm for distributed automatic mesh merging
[2019.03.12-14.18.01:415][  0]LogMeshReduction: Using ProxyLODMeshReduction for automatic mesh merging
[2019.03.12-14.18.01:415][  0]LogMeshReduction: Using QuadricMeshReduction for automatic static mesh reduction
[2019.03.12-14.18.01:415][  0]LogMeshReduction: No automatic skeletal mesh reduction module available
[2019.03.12-14.18.01:435][  0]LogNetVersion: KV6002 1.0.0, NetCL: 4212847, EngineNetVer: 5, GameNetVer: 0 (Checksum: 2502700519)
[2019.03.12-14.18.02:020][  0]LogMoviePlayer: Initializing movie player
[2019.03.12-14.18.02:094][  0]LogWindowsTextInputMethodSystem: Display: IME system now deactivated.
[2019.03.12-14.18.02:212][  0]LogTcpMessaging: Initializing TcpMessaging bridge
[2019.03.12-14.18.02:225][  0]LogUdpMessaging: Initializing bridge on interface 0.0.0.0:0 to multicast group 230.0.0.1:6666.
[2019.03.12-14.18.02:343][  0]SourceControl: Source control is disabled
[2019.03.12-14.18.02:343][  0]SourceControl: Source control is disabled
[2019.03.12-14.18.02:344][  0]SourceControl: Source control is disabled
[2019.03.12-14.18.02:500][  0]LogAndroidPermission: UAndroidPermissionCallbackProxy::GetInstance
[2019.03.12-14.18.02:554][  0]LogOcInput: OculusInput pre-init called
[2019.03.12-14.18.02:572][  0]LogUObjectArray: 42168 objects as part of root set at end of initial load.
[2019.03.12-14.18.02:572][  0]LogUObjectAllocator: 7432344 out of 0 bytes used by permanent object pool.
[2019.03.12-14.18.02:572][  0]LogUObjectArray: CloseDisregardForGC: 0/0 objects in disregard for GC pool
[2019.03.12-14.18.02:638][  0]LogEngine: Initializing Engine...
[2019.03.12-14.18.02:639][  0]LogHMD: Failed to initialize OpenVR with code 110
[2019.03.12-14.18.02:652][  0]LogStats: UGameplayTagsManager::ConstructGameplayTagTree: ImportINI prefixes -  0.000 s
[2019.03.12-14.18.02:652][  0]LogStats: UGameplayTagsManager::ConstructGameplayTagTree: Construct from data asset -  0.000 s
[2019.03.12-14.18.02:653][  0]LogStats: UGameplayTagsManager::ConstructGameplayTagTree: ImportINI -  0.001 s
[2019.03.12-14.18.02:653][  0]LogStats: UGameplayTagsManager::ConstructGameplayTagTree: GameplayTagTreeChangedEvent.Broadcast -  0.000 s
[2019.03.12-14.18.02:870][  0]LogInit: Initializing FReadOnlyCVARCache
[2019.03.12-14.18.02:878][  0]LogInit: XAudio2 using 'Speakers (Realtek High Definition Audio)' : 2 channels at 48 kHz using 32 bits per sample (channel mask 0x3)
[2019.03.12-14.18.02:898][  0]LogInit: FAudioDevice initialized.
[2019.03.12-14.18.02:909][  0]LogNetVersion: Set ProjectVersion to 1.0.0.0. Version Checksum will be recalculated on next use.
[2019.03.12-14.18.02:919][  0]LogInit: Texture streaming: Enabled
[2019.03.12-14.18.03:055][  0]LogSlate: Updating window title bar state: overlay mode, drag disabled, window buttons hidden, title bar hidden
[2019.03.12-14.18.03:055][  0]LogInit: Display: Game Engine Initialized.
[2019.03.12-14.18.03:056][  0]LogGameplayTags: Display: UGameplayTagsManager::DoneAddingNativeTags. DelegateIsBound: 0
[2019.03.12-14.18.03:056][  0]LogStats: UGameplayTagsManager::ConstructGameplayTagTree: ImportINI prefixes -  0.000 s
[2019.03.12-14.18.03:056][  0]LogStats: UGameplayTagsManager::ConstructGameplayTagTree: Construct from data asset -  0.000 s
[2019.03.12-14.18.03:056][  0]LogStats: UGameplayTagsManager::ConstructGameplayTagTree: ImportINI -  0.001 s
[2019.03.12-14.18.03:056][  0]LogStats: UGameplayTagsManager::ConstructGameplayTagTree: GameplayTagTreeChangedEvent.Broadcast -  0.000 s
[2019.03.12-14.18.03:072][  0]LogInit: Display: Starting Game.
[2019.03.12-14.18.03:072][  0]LogNet: Browse: /Game/FirstPersonBP/Maps/FirstPersonExampleMap?Name=Player
[2019.03.12-14.18.03:072][  0]LogLoad: LoadMap: /Game/FirstPersonBP/Maps/FirstPersonExampleMap?Name=Player
[2019.03.12-14.18.04:065][  0]LogAIModule: Creating AISystem for world FirstPersonExampleMap
[2019.03.12-14.18.04:065][  0]LogLoad: Game class is 'FirstPersonGameMode_C'
[2019.03.12-14.18.04:072][  0]LogWorld: Bringing World /Game/FirstPersonBP/Maps/FirstPersonExampleMap.FirstPersonExampleMap up for play (max tick rate 0) at 2019.03.12-14.18.04
[2019.03.12-14.18.04:072][  0]LogWorld: Bringing up level for play took: 0.006601
[2019.03.12-14.18.04:075][  0]LogLoad: Took 1.003077 seconds to LoadMap(/Game/FirstPersonBP/Maps/FirstPersonExampleMap)
[2019.03.12-14.18.04:129][  0]LogRenderer: Reallocating scene render targets to support 1280x720 Format 10 NumSamples 1 (Frame:1).
[2019.03.12-14.18.04:129][  0]LogLoad: (Engine Initialization) Total time: 7.30 seconds
[2019.03.12-14.18.04:129][  0]LogLoad: (Engine Initialization) Total Blueprint compile time: 0.00 seconds
[2019.03.12-14.18.04:171][  0]LogContentStreaming: Texture pool size now 1000 MB
[2019.03.12-14.18.20:383][  3]Closing by request
[2019.03.12-14.18.20:383][  3]LogWindows: FPlatformMisc::RequestExit(0)
[2019.03.12-14.18.20:677][  4]LogSlate: Window 'KV6002 (64-bit Development PCD3D_SM5) ' being destroyed
[2019.03.12-14.18.20:678][  4]LogWindowsTextInputMethodSystem: Display: IME system now deactivated.
[2019.03.12-14.18.20:681][  4]LogWindowsTextInputMethodSystem: Display: IME system now deactivated.
[2019.03.12-14.18.20:682][  4]LogExit: Preparing to exit.
[2019.03.12-14.18.20:682][  4]LogMoviePlayer: Shutting down movie player
[2019.03.12-14.18.21:262][  4]LogSlate: Updating window title bar state: overlay mode, drag disabled, window buttons hidden, title bar hidden
[2019.03.12-14.18.21:279][  4]LogExit: Game engine shut down
[2019.03.12-14.18.21:440][  4]LogExit: Object subsystem successfully closed.
[2019.03.12-14.18.21:464][  4]LogShaderCompilers: Display: Shaders left to compile 0
[2019.03.12-14.18.21:467][  4]LogD3D11RHI: Shutdown
[2019.03.12-14.18.21:467][  4]LogD3D11RHI: CleanupD3DDevice
[2019.03.12-14.18.21:469][  4]LogD3D11RHI: ~FD3D11DynamicRHI
[2019.03.12-14.18.21:479][  4]LogModuleManager: Shutting down and abandoning module SequenceRecorderSections (376)
[2019.03.12-14.18.21:479][  4]LogModuleManager: Shutting down and abandoning module SequenceRecorder (374)
[2019.03.12-14.18.21:479][  4]LogModuleManager: Shutting down and abandoning module AutomationController (372)
[2019.03.12-14.18.21:479][  4]LogModuleManager: Shutting down and abandoning module AutomationWorker (370)
[2019.03.12-14.18.21:479][  4]LogModuleManager: Shutting down and abandoning module Voice (368)
[2019.03.12-14.18.21:479][  4]LogModuleManager: Shutting down and abandoning module AIModule (366)
[2019.03.12-14.18.21:479][  4]LogModuleManager: Shutting down and abandoning module GameplayDebugger (365)
[2019.03.12-14.18.21:479][  4]LogModuleManager: Shutting down and abandoning module AITestSuite (363)
[2019.03.12-14.18.21:479][  4]LogModuleManager: Shutting down and abandoning module NavigationSystem (361)
[2019.03.12-14.18.21:479][  4]LogModuleManager: Shutting down and abandoning module WmfMediaFactory (358)
[2019.03.12-14.18.21:479][  4]LogModuleManager: Shutting down and abandoning module OpenExrWrapper (356)
[2019.03.12-14.18.21:479][  4]LogModuleManager: Shutting down and abandoning module ImgMediaFactory (354)
[2019.03.12-14.18.21:479][  4]LogModuleManager: Shutting down and abandoning module AvfMediaFactory (352)
[2019.03.12-14.18.21:479][  4]LogModuleManager: Shutting down and abandoning module MagicLeapCameraPreviewFactory (350)
[2019.03.12-14.18.21:479][  4]LogModuleManager: Shutting down and abandoning module MagicLeapMediaFactory (348)
[2019.03.12-14.18.21:479][  4]LogModuleManager: Shutting down and abandoning module CharacterAI (346)
[2019.03.12-14.18.21:479][  4]LogModuleManager: Shutting down and abandoning module SessionServices (344)
[2019.03.12-14.18.21:479][  4]LogModuleManager: Shutting down and abandoning module MovieSceneCapture (342)
[2019.03.12-14.18.21:479][  4]LogModuleManager: Shutting down and abandoning module MovieSceneTracks (340)
[2019.03.12-14.18.21:479][  4]LogModuleManager: Shutting down and abandoning module MovieScene (338)
[2019.03.12-14.18.21:479][  4]LogModuleManager: Shutting down and abandoning module StreamingPauseRendering (336)
[2019.03.12-14.18.21:479][  4]LogModuleManager: Shutting down and abandoning module PortalServices (334)
[2019.03.12-14.18.21:479][  4]LogModuleManager: Shutting down and abandoning module PortalRpc (332)
[2019.03.12-14.18.21:479][  4]LogModuleManager: Shutting down and abandoning module MessagingRpc (330)
[2019.03.12-14.18.21:479][  4]LogModuleManager: Shutting down and abandoning module ProfilerService (328)
[2019.03.12-14.18.21:620][  4]LogModuleManager: Shutting down and abandoning module TaskGraph (326)
[2019.03.12-14.18.21:621][  4]LogModuleManager: Shutting down and abandoning module SteamVRController (324)
[2019.03.12-14.18.21:621][  4]LogModuleManager: Shutting down and abandoning module ProceduralMeshComponent (322)
[2019.03.12-14.18.21:621][  4]LogModuleManager: Shutting down and abandoning module OculusInput (320)
[2019.03.12-14.18.21:621][  4]LogModuleManager: Shutting down and abandoning module MobilePatchingUtils (318)
[2019.03.12-14.18.21:621][  4]LogModuleManager: Shutting down and abandoning module EditableMesh (316)
[2019.03.12-14.18.21:621][  4]LogModuleManager: Shutting down and abandoning module CustomMeshComponent (314)
[2019.03.12-14.18.21:621][  4]LogModuleManager: Shutting down and abandoning module CableComponent (312)
[2019.03.12-14.18.21:621][  4]LogModuleManager: Shutting down and abandoning module AudioCapture (310)
[2019.03.12-14.18.21:621][  4]LogModuleManager: Shutting down and abandoning module ArchVisCharacter (308)
[2019.03.12-14.18.21:621][  4]LogModuleManager: Shutting down and abandoning module AndroidPermission (306)
[2019.03.12-14.18.21:621][  4]LogModuleManager: Shutting down and abandoning module NUTUnrealEngine4 (304)
[2019.03.12-14.18.21:621][  4]LogModuleManager: Shutting down and abandoning module NetcodeUnitTest (302)
[2019.03.12-14.18.21:621][  4]LogModuleManager: Shutting down and abandoning module MediaCompositing (300)
[2019.03.12-14.18.21:621][  4]LogModuleManager: Shutting down and abandoning module LinearTimecode (298)
[2019.03.12-14.18.21:621][  4]LogModuleManager: Shutting down and abandoning module ImgMedia (296)
[2019.03.12-14.18.21:625][  4]LogModuleManager: Shutting down and abandoning module HTML5Networking (294)
[2019.03.12-14.18.21:625][  4]LogModuleManager: Shutting down and abandoning module GeometryCacheTracks (292)
[2019.03.12-14.18.21:625][  4]LogModuleManager: Shutting down and abandoning module GeometryCacheSequencer (291)
[2019.03.12-14.18.21:625][  4]LogModuleManager: Shutting down and abandoning module GeometryCache (288)
[2019.03.12-14.18.21:625][  4]LogModuleManager: Shutting down and abandoning module GeometryCacheEd (287)
[2019.03.12-14.18.21:625][  4]LogModuleManager: Shutting down and abandoning module BackChannel (284)
[2019.03.12-14.18.21:625][  4]LogModuleManager: Shutting down and abandoning module AppleVision (282)
[2019.03.12-14.18.21:625][  4]LogModuleManager: Shutting down and abandoning module AppleImageUtils (280)
[2019.03.12-14.18.21:625][  4]LogModuleManager: Shutting down and abandoning module DatasmithContent (278)
[2019.03.12-14.18.21:633][  4]LogModuleManager: Shutting down and abandoning module CryptoKeysOpenSSL (276)
[2019.03.12-14.18.21:633][  4]LogModuleManager: Shutting down and abandoning module CryptoKeys (274)
[2019.03.12-14.18.21:633][  4]LogModuleManager: Shutting down and abandoning module VisualStudioSourceCodeAccess (272)
[2019.03.12-14.18.21:633][  4]LogModuleManager: Shutting down and abandoning module HotReload (271)
[2019.03.12-14.18.21:633][  4]LogModuleManager: Shutting down and abandoning module DirectoryWatcher (270)
[2019.03.12-14.18.21:633][  4]LogModuleManager: Shutting down and abandoning module VisualStudioCodeSourceCodeAccess (266)
[2019.03.12-14.18.21:633][  4]LogModuleManager: Shutting down and abandoning module UObjectPlugin (264)
[2019.03.12-14.18.21:633][  4]LogModuleManager: Shutting down and abandoning module SubversionSourceControl (262)
[2019.03.12-14.18.21:633][  4]LogModuleManager: Shutting down and abandoning module PerforceSourceControl (260)
[2019.03.12-14.18.21:633][  4]LogModuleManager: Shutting down and abandoning module SourceControl (259)
[2019.03.12-14.18.21:633][  4]LogModuleManager: Shutting down and abandoning module CLionSourceCodeAccess (256)
[2019.03.12-14.18.21:633][  4]LogModuleManager: Shutting down and abandoning module RuntimePhysXCooking (254)
[2019.03.12-14.18.21:634][  4]LogModuleManager: Shutting down and abandoning module PhysXVehiclesEditor (252)
[2019.03.12-14.18.21:634][  4]LogModuleManager: Shutting down and abandoning module PhysXVehicles (250)
[2019.03.12-14.18.21:634][  4]LogModuleManager: Shutting down and abandoning module LocationServicesBPLibrary (248)
[2019.03.12-14.18.21:634][  4]LogModuleManager: Shutting down and abandoning module ImmediatePhysicsEditor (246)
[2019.03.12-14.18.21:634][  4]LogModuleManager: Shutting down and abandoning module ImmediatePhysics (244)
[2019.03.12-14.18.21:634][  4]LogModuleManager: Shutting down and abandoning module ActorSequence (242)
[2019.03.12-14.18.21:634][  4]LogModuleManager: Shutting down and abandoning module UdpMessaging (240)
[2019.03.12-14.18.21:734][  4]LogModuleManager: Shutting down and abandoning module TcpMessaging (238)
[2019.03.12-14.18.22:225][  4]LogModuleManager: Shutting down and abandoning module MagicLeapAudio (236)
[2019.03.12-14.18.22:225][  4]LogModuleManager: Shutting down and abandoning module GameplayTagsEditor (234)
[2019.03.12-14.18.22:225][  4]LogModuleManager: Shutting down and abandoning module FacialAnimation (232)
[2019.03.12-14.18.22:225][  4]LogModuleManager: Shutting down and abandoning module DataValidation (230)
[2019.03.12-14.18.22:225][  4]LogModuleManager: Shutting down and abandoning module AssetManagerEditor (228)
[2019.03.12-14.18.22:225][  4]LogModuleManager: Shutting down and abandoning module TreeMap (227)
[2019.03.12-14.18.22:225][  4]LogModuleManager: Shutting down and abandoning module LightPropagationVolumeRuntime (224)
[2019.03.12-14.18.22:225][  4]LogModuleManager: Shutting down and abandoning module AISupportModule (222)
[2019.03.12-14.18.22:225][  4]LogModuleManager: Shutting down and abandoning module Paper2D (220)
[2019.03.12-14.18.22:225][  4]LogModuleManager: Shutting down and abandoning module PIEPreviewDeviceProfileSelector (218)
[2019.03.12-14.18.22:225][  4]LogModuleManager: Shutting down and abandoning module WindowsMoviePlayer (216)
[2019.03.12-14.18.22:225][  4]LogModuleManager: Shutting down and abandoning module WmfMedia (214)
[2019.03.12-14.18.22:226][  4]LogModuleManager: Shutting down and abandoning module Media (213)
[2019.03.12-14.18.22:232][  4]LogModuleManager: Shutting down and abandoning module PacketHandler (210)
[2019.03.12-14.18.22:232][  4]LogModuleManager: Shutting down and abandoning module ClothingSystemEditor (208)
[2019.03.12-14.18.22:232][  4]LogModuleManager: Shutting down and abandoning module ClothingSystemRuntime (206)
[2019.03.12-14.18.22:232][  4]LogModuleManager: Shutting down and abandoning module MediaAssets (204)
[2019.03.12-14.18.22:232][  4]LogModuleManager: Shutting down and abandoning module Overlay (202)
[2019.03.12-14.18.22:232][  4]LogModuleManager: Shutting down and abandoning module OverlayEditor (201)
[2019.03.12-14.18.22:232][  4]LogModuleManager: Shutting down and abandoning module VREditor (198)
[2019.03.12-14.18.22:232][  4]LogModuleManager: Shutting down and abandoning module StringTableEditor (196)
[2019.03.12-14.18.22:232][  4]LogModuleManager: Shutting down and abandoning module GameplayTasksEditor (194)
[2019.03.12-14.18.22:232][  4]LogModuleManager: Shutting down and abandoning module BehaviorTreeEditor (192)
[2019.03.12-14.18.22:233][  4]LogModuleManager: Shutting down and abandoning module FunctionalTesting (190)
[2019.03.12-14.18.22:233][  4]LogModuleManager: Shutting down and abandoning module CollisionAnalyzer (188)
[2019.03.12-14.18.22:233][  4]LogModuleManager: Shutting down and abandoning module WorkspaceMenuStructure (187)
[2019.03.12-14.18.22:233][  4]LogModuleManager: Shutting down and abandoning module UMG (184)
[2019.03.12-14.18.22:233][  4]LogModuleManager: Shutting down and abandoning module UMGEditor (183)
[2019.03.12-14.18.22:233][  4]LogModuleManager: Shutting down and abandoning module Sequencer (182)
[2019.03.12-14.18.22:233][  4]LogModuleManager: Shutting down and abandoning module MessageLog (179)
[2019.03.12-14.18.22:233][  4]LogModuleManager: Shutting down and abandoning module SlateReflector (174)
[2019.03.12-14.18.22:233][  4]LogModuleManager: Shutting down and abandoning module Slate (172)
[2019.03.12-14.18.22:233][  4]LogModuleManager: Shutting down and abandoning module EditorStyle (170)
[2019.03.12-14.18.22:236][  4]LogModuleManager: Shutting down and abandoning module MRMesh (168)
[2019.03.12-14.18.22:236][  4]LogModuleManager: Shutting down and abandoning module Messaging (166)
[2019.03.12-14.18.22:236][  4]LogModuleManager: Shutting down and abandoning module SourceCodeAccess (164)
[2019.03.12-14.18.22:236][  4]LogModuleManager: Shutting down and abandoning module HeadMountedDisplay (162)
[2019.03.12-14.18.22:236][  4]LogModuleManager: Shutting down and abandoning module XAudio2 (160)
[2019.03.12-14.18.22:236][  4]LogModuleManager: Shutting down and abandoning module Networking (158)
[2019.03.12-14.18.22:236][  4]LogModuleManager: Shutting down and abandoning module Core (156)
[2019.03.12-14.18.22:236][  4]LogModuleManager: Shutting down and abandoning module LevelSequence (154)
[2019.03.12-14.18.22:236][  4]LogModuleManager: Shutting down and abandoning module KismetCompiler (152)
[2019.03.12-14.18.22:236][  4]LogModuleManager: Shutting down and abandoning module MeshUtilities (150)
[2019.03.12-14.18.22:236][  4]LogModuleManager: Shutting down and abandoning module MeshMergeUtilities (149)
[2019.03.12-14.18.22:237][  4]LogModuleManager: Shutting down and abandoning module MeshReductionInterface (148)
[2019.03.12-14.18.22:237][  4]LogModuleManager: Shutting down and abandoning module SimplygonSwarm (147)
[2019.03.12-14.18.22:237][  4]LogModuleManager: Shutting down and abandoning module ProxyLODMeshReduction (145)
[2019.03.12-14.18.22:237][  4]LogModuleManager: Shutting down and abandoning module SimplygonMeshReduction (143)
[2019.03.12-14.18.22:237][  4]LogModuleManager: Shutting down and abandoning module QuadricMeshReduction (141)
[2019.03.12-14.18.22:237][  4]LogModuleManager: Shutting down and abandoning module MaterialBaking (137)
[2019.03.12-14.18.22:237][  4]LogModuleManager: Shutting down and abandoning module DerivedDataCache (132)
[2019.03.12-14.18.22:438][  4]LogDerivedDataCache: Shutdown
[2019.03.12-14.18.22:438][  4]LogModuleManager: Shutting down and abandoning module XGEController (130)
[2019.03.12-14.18.22:438][  4]LogModuleManager: Shutting down and abandoning module TargetPlatform (128)
[2019.03.12-14.18.22:438][  4]LogModuleManager: Shutting down and abandoning module VulkanShaderFormat (127)
[2019.03.12-14.18.22:438][  4]LogModuleManager: Shutting down and abandoning module ShaderFormatVectorVM (125)
[2019.03.12-14.18.22:438][  4]LogModuleManager: Shutting down and abandoning module ShaderFormatOpenGL (123)
[2019.03.12-14.18.22:438][  4]LogModuleManager: Shutting down and abandoning module ShaderFormatD3D (121)
[2019.03.12-14.18.22:438][  4]LogModuleManager: Shutting down and abandoning module MetalShaderFormat (119)
[2019.03.12-14.18.22:439][  4]LogModuleManager: Shutting down and abandoning module TextureFormatUncompressed (117)
[2019.03.12-14.18.22:439][  4]LogModuleManager: Shutting down and abandoning module TextureFormatPVR (115)
[2019.03.12-14.18.22:439][  4]LogModuleManager: Shutting down and abandoning module TextureFormatDXT (113)
[2019.03.12-14.18.22:439][  4]LogModuleManager: Shutting down and abandoning module TextureFormatIntelISPCTexComp (111)
[2019.03.12-14.18.22:439][  4]LogModuleManager: Shutting down and abandoning module TextureFormatASTC (109)
[2019.03.12-14.18.22:439][  4]LogModuleManager: Shutting down and abandoning module ImageWrapper (108)
[2019.03.12-14.18.22:439][  4]LogModuleManager: Shutting down and abandoning module TextureFormatAndroid (105)
[2019.03.12-14.18.22:439][  4]LogModuleManager: Shutting down and abandoning module AudioFormatOpus (103)
[2019.03.12-14.18.22:439][  4]LogModuleManager: Shutting down and abandoning module AudioFormatOgg (101)
[2019.03.12-14.18.22:439][  4]LogModuleManager: Shutting down and abandoning module AudioFormatADPCM (99)
[2019.03.12-14.18.22:439][  4]LogModuleManager: Shutting down and abandoning module WindowsTargetPlatform (97)
[2019.03.12-14.18.22:439][  4]LogModuleManager: Shutting down and abandoning module WindowsServerTargetPlatform (95)
[2019.03.12-14.18.22:439][  4]LogModuleManager: Shutting down and abandoning module WindowsNoEditorTargetPlatform (93)
[2019.03.12-14.18.22:439][  4]LogModuleManager: Shutting down and abandoning module WindowsClientTargetPlatform (91)
[2019.03.12-14.18.22:439][  4]LogModuleManager: Shutting down and abandoning module InputCore (88)
[2019.03.12-14.18.22:439][  4]LogModuleManager: Shutting down and abandoning module Settings (86)
[2019.03.12-14.18.22:439][  4]LogModuleManager: Shutting down and abandoning module PhysXCooking (84)
[2019.03.12-14.18.22:439][  4]LogModuleManager: Shutting down and abandoning module SteamVR (82)
[2019.03.12-14.18.22:439][  4]LogModuleManager: Shutting down and abandoning module OculusHMD (80)
[2019.03.12-14.18.22:439][  4]LogModuleManager: Shutting down and abandoning module ExampleDeviceProfileSelector (78)
[2019.03.12-14.18.22:439][  4]LogModuleManager: Shutting down and abandoning module LauncherChunkInstaller (76)
[2019.03.12-14.18.22:439][  4]LogModuleManager: Shutting down and abandoning module OnlineBlueprintSupport (74)
[2019.03.12-14.18.22:439][  4]LogModuleManager: Shutting down and abandoning module OnlineSubsystem (70)
[2019.03.12-14.18.22:440][  4]LogModuleManager: Shutting down and abandoning module XMPP (65)
[2019.03.12-14.18.22:440][  4]LogModuleManager: Shutting down and abandoning module WebSockets (64)
[2019.03.12-14.18.22:472][  4]LogModuleManager: Shutting down and abandoning module HTTP (61)
[2019.03.12-14.18.22:502][  4]LogModuleManager: Shutting down and abandoning module SSL (60)
[2019.03.12-14.18.22:504][  4]LogModuleManager: Shutting down and abandoning module MagicLeapEmulator (56)
[2019.03.12-14.18.22:504][  4]LogModuleManager: Shutting down and abandoning module MagicLeapPrivileges (54)
[2019.03.12-14.18.22:504][  4]LogModuleManager: Shutting down and abandoning module MagicLeapIdentity (52)
[2019.03.12-14.18.22:504][  4]LogModuleManager: Shutting down and abandoning module MagicLeapHelperVulkan (50)
[2019.03.12-14.18.22:504][  4]LogModuleManager: Shutting down and abandoning module MagicLeapHelperOpenGL (48)
[2019.03.12-14.18.22:504][  4]LogModuleManager: Shutting down and abandoning module MagicLeapSecureStorage (46)
[2019.03.12-14.18.22:504][  4]LogModuleManager: Shutting down and abandoning module MagicLeapGestures (44)
[2019.03.12-14.18.22:504][  4]LogModuleManager: Shutting down and abandoning module MagicLeapEyeTracker (42)
[2019.03.12-14.18.22:504][  4]LogModuleManager: Shutting down and abandoning module MagicLeapController (40)
[2019.03.12-14.18.22:504][  4]LogSlate: Slate User Destroyed.  User Index 0, Is Virtual User: 0
[2019.03.12-14.18.22:504][  4]LogModuleManager: Shutting down and abandoning module MagicLeap (38)
[2019.03.12-14.18.22:505][  4]LogModuleManager: Shutting down and abandoning module AnimationModifiers (36)
[2019.03.12-14.18.22:505][  4]LogModuleManager: Shutting down and abandoning module PropertyEditor (35)
[2019.03.12-14.18.22:505][  4]LogModuleManager: Shutting down and abandoning module AudioEditor (32)
[2019.03.12-14.18.22:505][  4]LogModuleManager: Shutting down and abandoning module TextureCompressor (30)
[2019.03.12-14.18.22:505][  4]LogModuleManager: Shutting down and abandoning module ShaderCore (28)
[2019.03.12-14.18.22:505][  4]LogModuleManager: Shutting down and abandoning module Landscape (26)
[2019.03.12-14.18.22:505][  4]LogModuleManager: Shutting down and abandoning module SlateRHIRenderer (24)
[2019.03.12-14.18.22:505][  4]LogModuleManager: Shutting down and abandoning module OpenGLDrv (22)
[2019.03.12-14.18.22:505][  4]LogModuleManager: Shutting down and abandoning module D3D11RHI (20)
[2019.03.12-14.18.22:505][  4]LogModuleManager: Shutting down and abandoning module AnimGraphRuntime (18)
[2019.03.12-14.18.22:505][  4]LogModuleManager: Shutting down and abandoning module Renderer (16)
[2019.03.12-14.18.22:505][  4]LogModuleManager: Shutting down and abandoning module Engine (14)
[2019.03.12-14.18.22:505][  4]LogModuleManager: Shutting down and abandoning module CoreUObject (12)
[2019.03.12-14.18.22:505][  4]LogModuleManager: Shutting down and abandoning module NetworkFile (10)
[2019.03.12-14.18.22:505][  4]LogModuleManager: Shutting down and abandoning module CookedIterativeFile (8)
[2019.03.12-14.18.22:505][  4]LogModuleManager: Shutting down and abandoning module StreamingFile (6)
[2019.03.12-14.18.22:505][  4]LogModuleManager: Shutting down and abandoning module SandboxFile (4)
[2019.03.12-14.18.22:505][  4]LogModuleManager: Shutting down and abandoning module PakFile (2)
[2019.03.12-14.18.22:518][  4]LogExit: Exiting.
[2019.03.12-14.18.22:527][  4]Log file closed, 03/12/19 14:18:22
