Log file open, 04/25/19 12:58:35
LogWindows: Failed to load 'aqProf.dll' (GetLastError=126)
LogWindows: File 'aqProf.dll' does not exist
LogWindows: Failed to load 'VtuneApi.dll' (GetLastError=126)
LogWindows: File 'VtuneApi.dll' does not exist
LogWindows: Failed to load 'VtuneApi32e.dll' (GetLastError=126)
LogWindows: File 'VtuneApi32e.dll' does not exist
LogInit: Display: Running engine for game: KV6002
LogPlatformFile: Not using cached read wrapper
LogTaskGraph: Started task graph with 5 named threads and 23 total threads with 3 sets of task threads.
LogStats: Stats thread started at 0.264474
LogD3D11RHI: Loaded GFSDK_Aftermath_Lib.x64.dll
LogICUInternationalization: Display: ICU TimeZone Detection - Raw Offset: +0:00, Platform Override: ''
LogPluginManager: Mounting plugin Paper2D
LogPluginManager: Mounting plugin AISupport
LogPluginManager: Mounting plugin LightPropagationVolume
LogPluginManager: Mounting plugin CLionSourceCodeAccess
LogPluginManager: Mounting plugin CodeLiteSourceCodeAccess
LogPluginManager: Mounting plugin GitSourceControl
LogPluginManager: Mounting plugin KDevelopSourceCodeAccess
LogPluginManager: Mounting plugin NullSourceCodeAccess
LogPluginManager: Mounting plugin PerforceSourceControl
LogPluginManager: Mounting plugin SubversionSourceControl
LogPluginManager: Mounting plugin UObjectPlugin
LogPluginManager: Mounting plugin VisualStudioCodeSourceCodeAccess
LogPluginManager: Mounting plugin VisualStudioSourceCodeAccess
LogPluginManager: Mounting plugin XCodeSourceCodeAccess
LogPluginManager: Mounting plugin AssetManagerEditor
LogPluginManager: Mounting plugin CryptoKeys
LogPluginManager: Mounting plugin DataValidation
LogPluginManager: Mounting plugin FacialAnimation
LogPluginManager: Mounting plugin GameplayTagsEditor
LogPluginManager: Mounting plugin MacGraphicsSwitching
LogPluginManager: Mounting plugin MeshEditor
LogPluginManager: Mounting plugin MobileLauncherProfileWizard
LogPluginManager: Mounting plugin PluginBrowser
LogPluginManager: Mounting plugin SpeedTreeImporter
LogPluginManager: Mounting plugin DatasmithContent
LogPluginManager: Mounting plugin AlembicImporter
LogPluginManager: Mounting plugin AppleImageUtils
LogPluginManager: Mounting plugin AppleVision
LogPluginManager: Mounting plugin BackChannel
LogPluginManager: Mounting plugin CharacterAI
LogPluginManager: Mounting plugin GeometryCache
LogPluginManager: Mounting plugin HTML5Networking
LogPluginManager: Mounting plugin ProxyLODPlugin
LogPluginManager: Mounting plugin MagicLeap
LogPluginManager: Mounting plugin MagicLeapEmulator
LogPluginManager: Mounting plugin MagicLeapMedia
LogPluginManager: Mounting plugin AndroidMedia
LogPluginManager: Mounting plugin AvfMedia
LogPluginManager: Mounting plugin ImgMedia
LogPluginManager: Mounting plugin LinearTimecode
LogPluginManager: Mounting plugin MediaCompositing
LogPluginManager: Mounting plugin MediaPlayerEditor
LogPluginManager: Mounting plugin WmfMedia
LogPluginManager: Mounting plugin TcpMessaging
LogPluginManager: Mounting plugin UdpMessaging
LogPluginManager: Mounting plugin ActorSequence
LogPluginManager: Mounting plugin LevelSequenceEditor
LogPluginManager: Mounting plugin MatineeToLevelSequence
LogPluginManager: Mounting plugin NetcodeUnitTest
LogPluginManager: Mounting plugin NUTUnrealEngine4
LogPluginManager: Mounting plugin OnlineSubsystemGooglePlay
LogPluginManager: Mounting plugin OnlineSubsystemIOS
LogPluginManager: Mounting plugin OnlineSubsystem
LogPluginManager: Mounting plugin OnlineSubsystemNull
LogPluginManager: Mounting plugin OnlineSubsystemUtils
LogPluginManager: Mounting plugin LauncherChunkInstaller
LogPluginManager: Mounting plugin AndroidDeviceProfileSelector
LogPluginManager: Mounting plugin AndroidMoviePlayer
LogPluginManager: Mounting plugin AndroidPermission
LogPluginManager: Mounting plugin AppleMoviePlayer
LogPluginManager: Mounting plugin ArchVisCharacter
LogPluginManager: Mounting plugin AudioCapture
LogPluginManager: Mounting plugin CableComponent
LogPluginManager: Mounting plugin CustomMeshComponent
LogPluginManager: Mounting plugin EditableMesh
LogPluginManager: Mounting plugin ExampleDeviceProfileSelector
LogPluginManager: Mounting plugin GoogleCloudMessaging
LogPluginManager: Mounting plugin ImmediatePhysics
LogPluginManager: Mounting plugin IOSDeviceProfileSelector
LogPluginManager: Mounting plugin LinuxDeviceProfileSelector
LogPluginManager: Mounting plugin LocationServicesBPLibrary
LogPluginManager: Mounting plugin MobilePatchingUtils
LogPluginManager: Mounting plugin OculusVR
LogPluginManager: Plugin shader directory ../../../Engine/Plugins/Runtime/Oculus/OculusVR/Shaders found
LogPluginManager: Mapping shader source directory ../../../Engine/Plugins/Runtime/Oculus/OculusVR/Shaders to virtual directory /Plugin/OculusVR
LogPluginManager: Mounting plugin PhysXVehicles
LogPluginManager: Mounting plugin ProceduralMeshComponent
LogPluginManager: Mounting plugin RuntimePhysXCooking
LogPluginManager: Mounting plugin SteamVR
LogPluginManager: Mounting plugin WindowsMoviePlayer
LogStreaming: Display: Took  0.087s to configure plugins.
LogInit: Using libcurl 7.55.1-DEV
LogInit:  - built for x86_64-pc-win32
LogInit:  - supports SSL with OpenSSL/1.0.2h
LogInit:  - supports HTTP deflate (compression) using libz 1.2.8
LogInit:  - other features:
LogInit:      CURL_VERSION_SSL
LogInit:      CURL_VERSION_LIBZ
LogInit:      CURL_VERSION_IPV6
LogInit:      CURL_VERSION_ASYNCHDNS
LogInit:      CURL_VERSION_LARGEFILE
LogInit:      CURL_VERSION_IDN
LogInit:  CurlRequestOptions (configurable via config and command line):
LogInit:  - bVerifyPeer = false  - Libcurl will NOT verify peer certificate
LogInit:  - bUseHttpProxy = false  - Libcurl will NOT use HTTP proxy
LogInit:  - bDontReuseConnections = false  - Libcurl will reuse connections
LogInit:  - CertBundlePath = nullptr  - Libcurl will use whatever was configured at build time.
LogInit:  - MaxHostConnections = 16  - Libcurl will limit the number of connections to a host
LogInit:  - LocalHostAddr = Default
LogInit:  - BufferSize = 65536
LogInit: WinSock: version 1.1 (2.2), MaxSocks=32767, MaxUdp=65467
LogInit: Build: ++UE4+Release-4.20-CL-4233996
LogInit: Engine Version: 4.20.1-4233996+++UE4+Release-4.20
LogInit: Compatible Engine Version: 4.20.0-4212847+++UE4+Release-4.20
LogInit: Net CL: 4212847
LogInit: OS: Windows 10 (), CPU: Intel(R) Core(TM) i7-7700K CPU @ 4.20GHz, GPU: NVIDIA GeForce GTX 1080
LogInit: Compiled (64-bit): Jul 26 2018 10:07:30
LogInit: Compiled with Visual C++: 19.13.26129.00
LogInit: Build Configuration: Development
LogInit: Branch Name: ++UE4+Release-4.20
LogInit: Command Line:  
LogInit: Base Directory: D:/EpicGames/UE_4.20/Engine/Binaries/Win64/
LogInit: Installed Engine Build: 1
LogDevObjectVersion: Number of dev versions registered: 20
LogDevObjectVersion:   Dev-Blueprints (B0D832E4-1F89-4F0D-ACCF-7EB736FD4AA2): 10
LogDevObjectVersion:   Dev-Build (E1C64328-A22C-4D53-A36C-8E866417BD8C): 0
LogDevObjectVersion:   Dev-Core (375EC13C-06E4-48FB-B500-84F0262A717E): 2
LogDevObjectVersion:   Dev-Editor (E4B068ED-F494-42E9-A231-DA0B2E46BB41): 24
LogDevObjectVersion:   Dev-Framework (CFFC743F-43B0-4480-9391-14DF171D2073): 34
LogDevObjectVersion:   Dev-Mobile (B02B49B5-BB20-44E9-A304-32B752E40360): 2
LogDevObjectVersion:   Dev-Networking (A4E4105C-59A1-49B5-A7C5-40C4547EDFEE): 0
LogDevObjectVersion:   Dev-Online (39C831C9-5AE6-47DC-9A44-9C173E1C8E7C): 0
LogDevObjectVersion:   Dev-Physics (78F01B33-EBEA-4F98-B9B4-84EACCB95AA2): 0
LogDevObjectVersion:   Dev-Platform (6631380F-2D4D-43E0-8009-CF276956A95A): 0
LogDevObjectVersion:   Dev-Rendering (12F88B9F-8875-4AFC-A67C-D90C383ABD29): 26
LogDevObjectVersion:   Dev-Sequencer (7B5AE74C-D270-4C10-A958-57980B212A5A): 9
LogDevObjectVersion:   Dev-VR (D7296918-1DD6-4BDD-9DE2-64A83CC13884): 2
LogDevObjectVersion:   Dev-LoadTimes (C2A15278-BFE7-4AFE-6C17-90FF531DF755): 1
LogDevObjectVersion:   Private-Geometry (6EACA3D4-40EC-4CC1-B786-8BED09428FC5): 3
LogDevObjectVersion:   Dev-AnimPhys (29E575DD-E0A3-4627-9D10-D276232CDCEA): 17
LogDevObjectVersion:   Dev-ReflectionCapture (6B266CEC-1EC7-4B8F-A30B-E4D90942FC07): 1
LogDevObjectVersion:   Dev-Automation (0DF73D61-A23F-47EA-B727-89E90C41499A): 1
LogDevObjectVersion:   FortniteMain (601D1886-AC64-4F84-AA16-D3DE0DEAC7D6): 12
LogDevObjectVersion:   Dev-Enterprise (9DFFBCD6-494F-0158-E221-12823C92A888): 1
LogStreaming: Display: Took  0.007s to delete old logs.
LogInit: Presizing for max 8388607 objects, including 0 objects not considered by GC, pre-allocating 0 bytes for permanent pool.
LogInit: Object subsystem initialized
[2019.04.25-11.58.36:216][  0]LogInit: Selected Device Profile: [Windows]
[2019.04.25-11.58.36:216][  0]LogInit: Applying CVar settings loaded from the selected device profile: [Windows]
[2019.04.25-11.58.36:227][  0]LogHAL: Display: Platform has ~ 16 GB [17130676224 / 17179869184 / 16], which maps to Larger [LargestMinGB=32, LargerMinGB=12, DefaultMinGB=8, SmallerMinGB=6, SmallestMinGB=0)
[2019.04.25-11.58.36:227][  0]LogInit: Setting Device Profile CVar: [[r.Vulkan.UseRealUBs:1]]
[2019.04.25-11.58.36:227][  0]LogInit: Going up to parent DeviceProfile []
[2019.04.25-11.58.36:227][  0]LogInit: Computer: DESKTOP-5BMDBC3
[2019.04.25-11.58.36:227][  0]LogInit: User: User
[2019.04.25-11.58.36:227][  0]LogInit: CPU Page size=4096, Cores=4
[2019.04.25-11.58.36:227][  0]LogInit: High frequency timer resolution =4.101565 MHz
[2019.04.25-11.58.36:228][  0]LogMemory: Memory total: Physical=16.0GB (16GB approx)
[2019.04.25-11.58.36:228][  0]LogMemory: Platform Memory Stats for Windows
[2019.04.25-11.58.36:228][  0]LogMemory: Process Physical Memory: 100.17 MB used, 100.17 MB peak
[2019.04.25-11.58.36:228][  0]LogMemory: Process Virtual Memory: 91.00 MB used, 91.00 MB peak
[2019.04.25-11.58.36:228][  0]LogMemory: Physical Memory: 5462.64 MB used,  10874.45 MB free, 16337.09 MB total
[2019.04.25-11.58.36:228][  0]LogMemory: Virtual Memory: 4645.41 MB used,  10874.45 MB free, 134217728.00 MB total
[2019.04.25-11.58.36:250][  0]LogInit: Using OS detected language (en-GB).
[2019.04.25-11.58.36:250][  0]LogInit: Using OS detected locale (en-GB).
[2019.04.25-11.58.36:251][  0]LogTextLocalizationManager: No specific localization for 'en-GB' exists, so the 'en' localization will be used.
[2019.04.25-11.58.36:587][  0]LogStreaming: Display: Took  0.337s to InitEngineTextLocalization.
[2019.04.25-11.58.36:587][  0]LogInit: Setting process to per monitor DPI aware
[2019.04.25-11.58.36:608][  0]LogSlate: New Slate User Created.  User Index 0, Is Virtual User: 0
[2019.04.25-11.58.36:608][  0]LogSlate: Slate User Registered.  User Index 0, Is Virtual User: 0
[2019.04.25-11.58.36:770][  0]LogHMD: Failed to initialize OpenVR with code 110
[2019.04.25-11.58.36:770][  0]LogD3D11RHI: D3D11 adapters:
[2019.04.25-11.58.36:821][  0]LogD3D11RHI:    0. 'NVIDIA GeForce GTX 1080' (Feature Level 11_0)
[2019.04.25-11.58.36:821][  0]LogD3D11RHI:       8079/0/8168 MB DedicatedVideo/DedicatedSystem/SharedSystem, Outputs:2, VendorId:0x10de
[2019.04.25-11.58.36:823][  0]LogD3D11RHI:    1. 'Microsoft Basic Render Driver' (Feature Level 11_0)
[2019.04.25-11.58.36:823][  0]LogD3D11RHI:       0/0/8168 MB DedicatedVideo/DedicatedSystem/SharedSystem, Outputs:0, VendorId:0x1414
[2019.04.25-11.58.36:823][  0]LogD3D11RHI: Chosen D3D11 Adapter: 0
[2019.04.25-11.58.36:829][  0]LogD3D11RHI: Creating new Direct3DDevice
[2019.04.25-11.58.36:829][  0]LogD3D11RHI:     GPU DeviceId: 0x1b80 (for the marketing name, search the web for "GPU Device Id")
[2019.04.25-11.58.36:829][  0]LogWindows: EnumDisplayDevices:
[2019.04.25-11.58.36:830][  0]LogWindows:    0. 'NVIDIA GeForce GTX 1080' (P:0 D:1)
[2019.04.25-11.58.36:830][  0]LogWindows:    1. 'NVIDIA GeForce GTX 1080' (P:1 D:1)
[2019.04.25-11.58.36:830][  0]LogWindows:    2. 'NVIDIA GeForce GTX 1080' (P:0 D:0)
[2019.04.25-11.58.36:830][  0]LogWindows:    3. 'NVIDIA GeForce GTX 1080' (P:0 D:0)
[2019.04.25-11.58.36:830][  0]LogWindows: DebugString: FoundDriverCount:4 
[2019.04.25-11.58.36:830][  0]LogD3D11RHI:     Adapter Name: NVIDIA GeForce GTX 1080
[2019.04.25-11.58.36:830][  0]LogD3D11RHI:   Driver Version: 399.07 (internal:24.21.13.9907, unified:399.07)
[2019.04.25-11.58.36:830][  0]LogD3D11RHI:      Driver Date: 8-21-2018
[2019.04.25-11.58.36:830][  0]LogRHI: Texture pool is 5655 MB (70% of 8079 MB)
[2019.04.25-11.58.36:866][  0]LogD3D11RHI: Async texture creation enabled
[2019.04.25-11.58.36:888][  0]LogD3D11RHI: GPU Timing Frequency: 1000.000000 (Debug: 2 2)
[2019.04.25-11.58.36:987][  0]LogShaderCompilers: Guid format shader working directory is -13 characters bigger than the processId version (C:/Users/User/Documents/GitHub/KV6002-Team-Project/KV6002/Intermediate/Shaders/WorkingDirectory/23468/).
[2019.04.25-11.58.36:987][  0]LogShaderCompilers: Cleaned the shader compiler working directory 'C:/Users/User/AppData/Local/Temp/UnrealShaderWorkingDir/F45ED13D4CDFB1234739978A6EBEE4C3/'.
[2019.04.25-11.58.37:642][  0]LogTemp: Display: Loaded TP AllDesktopTargetPlatform
[2019.04.25-11.58.37:657][  0]LogTemp: Display: Loaded TP MacClientTargetPlatform
[2019.04.25-11.58.37:668][  0]LogTemp: Display: Loaded TP MacNoEditorTargetPlatform
[2019.04.25-11.58.37:681][  0]LogTemp: Display: Loaded TP MacServerTargetPlatform
[2019.04.25-11.58.37:695][  0]LogTemp: Display: Loaded TP MacTargetPlatform
[2019.04.25-11.58.37:707][  0]LogTemp: Display: Loaded TP WindowsClientTargetPlatform
[2019.04.25-11.58.37:723][  0]LogTemp: Display: Loaded TP WindowsNoEditorTargetPlatform
[2019.04.25-11.58.37:733][  0]LogTemp: Display: Loaded TP WindowsServerTargetPlatform
[2019.04.25-11.58.37:737][  0]LogTemp: Display: Loaded TP WindowsTargetPlatform
[2019.04.25-11.58.37:806][  0]LogTemp: Display: Loaded TP AndroidTargetPlatform
[2019.04.25-11.58.37:806][  0]LogTemp: Display: Loaded TP AndroidTargetPlatform
[2019.04.25-11.58.37:806][  0]LogTemp: Display: Loaded TP AndroidTargetPlatform
[2019.04.25-11.58.37:806][  0]LogTemp: Display: Loaded TP AndroidTargetPlatform
[2019.04.25-11.58.37:806][  0]LogTemp: Display: Loaded TP AndroidTargetPlatform
[2019.04.25-11.58.37:806][  0]LogTemp: Display: Loaded TP AndroidTargetPlatform
[2019.04.25-11.58.37:806][  0]LogTemp: Display: Loaded TP AndroidTargetPlatform
[2019.04.25-11.58.37:806][  0]LogTemp: Display: Loaded TP AndroidTargetPlatform
[2019.04.25-11.58.37:806][  0]LogTemp: Display: Loaded TP AndroidTargetPlatform
[2019.04.25-11.58.37:806][  0]LogTemp: Display: Loaded TP AndroidTargetPlatform
[2019.04.25-11.58.37:806][  0]LogTemp: Display: Loaded TP AndroidTargetPlatform
[2019.04.25-11.58.37:806][  0]LogTemp: Display: Loaded TP AndroidTargetPlatform
[2019.04.25-11.58.37:806][  0]LogTemp: Display: Loaded TP AndroidTargetPlatform
[2019.04.25-11.58.37:806][  0]LogTemp: Display: Loaded TP AndroidTargetPlatform
[2019.04.25-11.58.37:806][  0]LogTemp: Display: Loaded TP AndroidTargetPlatform
[2019.04.25-11.58.37:806][  0]LogTemp: Display: Loaded TP AndroidTargetPlatform
[2019.04.25-11.58.37:807][  0]LogTemp: Display: Loaded TP AndroidTargetPlatform
[2019.04.25-11.58.37:807][  0]LogTemp: Display: Loaded TP AndroidTargetPlatform
[2019.04.25-11.58.37:808][  0]LogTemp: Display: Loaded TP HTML5TargetPlatform
[2019.04.25-11.58.37:861][  0]LogTemp: Display: Loaded TP IOSTargetPlatform
[2019.04.25-11.58.37:861][  0]LogTemp: Display: Loaded TP IOSTargetPlatform
[2019.04.25-11.58.37:879][  0]LogTemp: Display: Loaded TP TVOSTargetPlatform
[2019.04.25-11.58.37:879][  0]LogTemp: Display: Loaded TP TVOSTargetPlatform
[2019.04.25-11.58.37:889][  0]LogTemp: Display: Loaded TP LinuxClientTargetPlatform
[2019.04.25-11.58.37:899][  0]LogTemp: Display: Loaded TP LinuxNoEditorTargetPlatform
[2019.04.25-11.58.37:909][  0]LogTemp: Display: Loaded TP LinuxServerTargetPlatform
[2019.04.25-11.58.37:919][  0]LogTemp: Display: Loaded TP LinuxTargetPlatform
[2019.04.25-11.58.37:930][  0]LogTemp: Display: Loaded TP LuminTargetPlatform
[2019.04.25-11.58.37:930][  0]LogTargetPlatformManager: Display: Building Assets For Windows
[2019.04.25-11.58.37:970][  0]LogXGEController: Cleaning working directory: C:/Users/User/AppData/Local/Temp/UnrealXGEWorkingDir/
[2019.04.25-11.58.37:971][  0]LogXGEController: Cannot use XGE Controller as Incredibuild is not installed on this machine.
[2019.04.25-11.58.37:971][  0]LogShaderCompilers: Cannot use XGE Shader Compiler as Incredibuild is not installed on this machine.
[2019.04.25-11.58.37:971][  0]LogShaderCompilers: Display: Using Local Shader Compiler.
[2019.04.25-11.58.38:640][  0]LogDerivedDataCache: Display: Max Cache Size: 512 MB
[2019.04.25-11.58.38:701][  0]LogDerivedDataCache: Loaded boot cache 0.06s 71MB C:/Users/User/AppData/Local/UnrealEngine/4.20/DerivedDataCache/Boot.ddc.
[2019.04.25-11.58.38:701][  0]LogDerivedDataCache: Display: Loaded Boot cache: C:/Users/User/AppData/Local/UnrealEngine/4.20/DerivedDataCache/Boot.ddc
[2019.04.25-11.58.38:701][  0]LogDerivedDataCache: FDerivedDataBackendGraph:  Pak pak cache file C:/Users/User/Documents/GitHub/KV6002-Team-Project/KV6002/DerivedDataCache/DDC.ddp not found, will not use a pak cache.
[2019.04.25-11.58.38:701][  0]LogDerivedDataCache: Unable to find inner node Pak for hierarchical cache Hierarchy.
[2019.04.25-11.58.38:701][  0]LogDerivedDataCache: FDerivedDataBackendGraph:  CompressedPak pak cache file C:/Users/User/Documents/GitHub/KV6002-Team-Project/KV6002/DerivedDataCache/Compressed.ddp not found, will not use a pak cache.
[2019.04.25-11.58.38:701][  0]LogDerivedDataCache: Unable to find inner node CompressedPak for hierarchical cache Hierarchy.
[2019.04.25-11.58.38:714][  0]LogDerivedDataCache: Display: Pak cache opened for reading ../../../Engine/DerivedDataCache/Compressed.ddp.
[2019.04.25-11.58.38:726][  0]LogDerivedDataCache: Using Local data cache path C:/Users/User/AppData/Local/UnrealEngine/Common/DerivedDataCache: Writable
[2019.04.25-11.58.38:726][  0]LogDerivedDataCache: Shared data cache path not found in *engine.ini, will not use an Shared cache.
[2019.04.25-11.58.38:726][  0]LogDerivedDataCache: Unable to find inner node Shared for hierarchical cache Hierarchy.
[2019.04.25-11.58.38:745][  0]LogMaterial: Verifying Global Shaders for PCD3D_SM5
[2019.04.25-11.58.38:746][  0]LogSlate: Using FreeType 2.6.0
[2019.04.25-11.58.38:747][  0]LogSlate: SlateFontServices - WITH_FREETYPE: 1, WITH_HARFBUZZ: 1
[2019.04.25-11.58.38:811][  0]LogAssetRegistry: FAssetRegistry took 0.0249 seconds to start up
[2019.04.25-11.58.39:060][  0]LogInit: Selected Device Profile: [Windows]
[2019.04.25-11.58.39:155][  0]LogSimplygon: Simplygon DLL not present - disabling.
[2019.04.25-11.58.39:157][  0]LogMeshReduction: Using SimplygonSwarm for distributed automatic mesh merging
[2019.04.25-11.58.39:157][  0]LogMeshReduction: Using ProxyLODMeshReduction for automatic mesh merging
[2019.04.25-11.58.39:157][  0]LogMeshReduction: Using QuadricMeshReduction for automatic static mesh reduction
[2019.04.25-11.58.39:157][  0]LogMeshReduction: No automatic skeletal mesh reduction module available
[2019.04.25-11.58.39:169][  0]LogNetVersion: KV6002 1.0.0, NetCL: 4212847, EngineNetVer: 5, GameNetVer: 0 (Checksum: 2502700519)
[2019.04.25-11.58.39:530][  0]LogPackageLocalizationCache: Processed 11 localized package path(s) for 2 prioritized culture(s) in 0.074506 seconds
[2019.04.25-11.58.39:535][  0]LogUObjectArray: 38425 objects as part of root set at end of initial load.
[2019.04.25-11.58.39:536][  0]LogUObjectAllocator: 6690872 out of 0 bytes used by permanent object pool.
[2019.04.25-11.58.39:536][  0]LogUObjectArray: CloseDisregardForGC: 0/0 objects in disregard for GC pool
[2019.04.25-11.58.40:133][  0]LogTcpMessaging: Initializing TcpMessaging bridge
[2019.04.25-11.58.40:145][  0]LogUdpMessaging: Initializing bridge on interface 0.0.0.0:0 to multicast group 230.0.0.1:6666.
[2019.04.25-11.58.40:299][  0]SourceControl: Source control is disabled
[2019.04.25-11.58.40:299][  0]SourceControl: Source control is disabled
[2019.04.25-11.58.40:300][  0]SourceControl: Source control is disabled
[2019.04.25-11.58.40:301][  0]SourceControl: Source control is disabled
[2019.04.25-11.58.40:457][  0]LogAndroidPermission: UAndroidPermissionCallbackProxy::GetInstance
[2019.04.25-11.58.40:557][  0]LogOcInput: OculusInput pre-init called
[2019.04.25-11.58.40:624][  0]LogEngine: Initializing Engine...
[2019.04.25-11.58.40:625][  0]LogHMD: Failed to initialize OpenVR with code 110
[2019.04.25-11.58.40:627][  0]LogStats: UGameplayTagsManager::ConstructGameplayTagTree: ImportINI prefixes -  0.000 s
[2019.04.25-11.58.40:627][  0]LogStats: UGameplayTagsManager::ConstructGameplayTagTree: Construct from data asset -  0.000 s
[2019.04.25-11.58.40:627][  0]LogStats: UGameplayTagsManager::ConstructGameplayTagTree: ImportINI -  0.000 s
[2019.04.25-11.58.40:627][  0]LogStats: UGameplayTagsManager::ConstructGameplayTagTree: GameplayTagTreeChangedEvent.Broadcast -  0.000 s
[2019.04.25-11.58.40:804][  0]LogInit: Initializing FReadOnlyCVARCache
[2019.04.25-11.58.40:811][  0]LogAIModule: Creating AISystem for world Untitled
[2019.04.25-11.58.40:876][  0]LogInit: XAudio2 using 'Speakers (2- USB Audio Device)' : 2 channels at 48 kHz using 16 bits per sample (channel mask 0x3)
[2019.04.25-11.58.40:891][  0]LogInit: FAudioDevice initialized.
[2019.04.25-11.58.40:891][  0]LogNetVersion: Set ProjectVersion to 1.0.0.0. Version Checksum will be recalculated on next use.
[2019.04.25-11.58.40:954][  0]LogDerivedDataCache: Saved boot cache 0.06s 71MB C:/Users/User/AppData/Local/UnrealEngine/4.20/DerivedDataCache/Boot.ddc.
[2019.04.25-11.58.40:960][  0]LogInit: Texture streaming: Enabled
[2019.04.25-11.58.40:973][  0]LogEngineSessionManager: EngineSessionManager initialized
[2019.04.25-11.58.40:981][  0]LogInit: Transaction tracking system initialized
[2019.04.25-11.58.40:992][  0]BlueprintLog: New page: Editor Load
[2019.04.25-11.58.41:036][  0]LocalizationService: Localization service is disabled
[2019.04.25-11.58.41:222][  0]LogCook: Display: Max memory allowance for cook 16384mb min free memory 0mb
[2019.04.25-11.58.41:222][  0]LogCook: Display: Mobile HDR setting 1
[2019.04.25-11.58.41:222][  0]LogGameplayTags: Display: UGameplayTagsManager::DoneAddingNativeTags. DelegateIsBound: 0
[2019.04.25-11.58.41:222][  0]LogStats: UGameplayTagsManager::ConstructGameplayTagTree: ImportINI prefixes -  0.000 s
[2019.04.25-11.58.41:222][  0]LogStats: UGameplayTagsManager::ConstructGameplayTagTree: Construct from data asset -  0.000 s
[2019.04.25-11.58.41:222][  0]LogStats: UGameplayTagsManager::ConstructGameplayTagTree: ImportINI -  0.000 s
[2019.04.25-11.58.41:222][  0]LogStats: UGameplayTagsManager::ConstructGameplayTagTree: GameplayTagTreeChangedEvent.Broadcast -  0.000 s
[2019.04.25-11.58.41:294][  0]LogFileCache: Scanning file cache for directory 'C:/Users/User/Documents/GitHub/KV6002-Team-Project/KV6002/Content/' took 0.02s
[2019.04.25-11.58.41:299][  0]SourceControl: Source control is disabled
[2019.04.25-11.58.41:299][  0]Cmd: MAP LOAD FILE="C:/Users/User/Documents/GitHub/KV6002-Team-Project/KV6002/Content/FirstPersonBP/Maps/FirstPersonExampleMap.umap" TEMPLATE=0 SHOWPROGRESS=1 FEATURELEVEL=3
[2019.04.25-11.58.41:300][  0]LightingResults: New page: Lighting Build
[2019.04.25-11.58.41:301][  0]MapCheck: New page: Map Check
[2019.04.25-11.58.41:301][  0]LightingResults: New page: Lighting Build
[2019.04.25-11.58.42:504][  0]LogLinker: Warning: Can't find file '/Game/scifi_kitbash/textures/T_Floor05_A'
[2019.04.25-11.58.42:505][  0]LogLinker: Warning: Can't find file for asset '/Game/scifi_kitbash/textures/T_Floor05_A' while loading C:/Users/User/Documents/GitHub/KV6002-Team-Project/KV6002/Content/scifi_kitbash/materials/MI_Floor05.uasset.
[2019.04.25-11.58.42:505][  0]LoadErrors: Error: /Game/scifi_kitbash/materials/MI_Floor05 : Can't find file for asset. /Game/scifi_kitbash/textures/T_Floor05_A
[2019.04.25-11.58.42:507][  0]LogLinker: Warning: Can't find file '/Game/scifi_kitbash/textures/T_Floor05_A'
[2019.04.25-11.58.42:508][  0]LogLinker: Warning: Can't find file for asset '/Game/scifi_kitbash/textures/T_Floor05_A' while loading C:/Users/User/Documents/GitHub/KV6002-Team-Project/KV6002/Content/scifi_kitbash/materials/MI_Floor05.uasset.
[2019.04.25-11.58.42:508][  0]LoadErrors: Error: /Game/scifi_kitbash/materials/MI_Floor05 : Can't find file for asset. /Game/scifi_kitbash/textures/T_Floor05_A
[2019.04.25-11.58.43:276][  0]LogLinker: Warning: Can't find file '/Game/scifi_kitbash/textures/T_Floor05_A'
[2019.04.25-11.58.43:276][  0]LoadErrors: Failed to load /Game/scifi_kitbash/textures/T_Floor05_A.T_Floor05_A Referenced by MI_Floor05
[2019.04.25-11.58.43:276][  0]LogLinker: Warning: Can't find file for asset '/Game/scifi_kitbash/textures/T_Floor05_A' while loading NULL.
[2019.04.25-11.58.43:276][  0]LoadErrors: Failed to load /Game/scifi_kitbash/textures/T_Floor05_A.T_Floor05_A Referenced by MI_Floor05
[2019.04.25-11.58.44:500][  0]LogAIModule: Creating AISystem for world FirstPersonExampleMap
[2019.04.25-11.58.44:622][  0]LogEditorServer: Finished looking for orphan Actors (0.000 secs)
[2019.04.25-11.58.44:678][  0]Cmd: MAP CHECKDEP NOCLEARLOG
[2019.04.25-11.58.44:814][  0]MapCheck: Map check complete: 0 Error(s), 0 Warning(s), took 135.696ms to complete.
[2019.04.25-11.58.44:814][  0]LogFileHelpers: Loading map 'FirstPersonExampleMap' took 3.514
[2019.04.25-11.58.44:939][  0]LogSlate: Updating window title bar state: overlay mode, drag disabled, window buttons hidden, title bar hidden
[2019.04.25-11.58.44:945][  0]LogSlate: Updating window title bar state: overlay mode, drag disabled, window buttons hidden, title bar hidden
[2019.04.25-11.58.44:951][  0]LogSlate: Updating window title bar state: overlay mode, drag disabled, window buttons hidden, title bar hidden
[2019.04.25-11.58.44:956][  0]LogSlate: Updating window title bar state: overlay mode, drag disabled, window buttons hidden, title bar hidden
[2019.04.25-11.58.44:960][  0]LogCollectionManager: Loaded 0 collections in 0.000731 seconds
[2019.04.25-11.58.45:009][  0]LogFileCache: Scanning file cache for directory 'C:/Users/User/Documents/GitHub/KV6002-Team-Project/KV6002/Saved/Collections/' took 0.01s
[2019.04.25-11.58.45:009][  0]LogFileCache: Scanning file cache for directory 'C:/Users/User/Documents/GitHub/KV6002-Team-Project/KV6002/Content/Developers/User/Collections/' took 0.01s
[2019.04.25-11.58.45:009][  0]LogFileCache: Scanning file cache for directory 'C:/Users/User/Documents/GitHub/KV6002-Team-Project/KV6002/Content/Collections/' took 0.01s
[2019.04.25-11.58.45:009][  0]LogCollectionManager: Rebuilt the GUID cache for 0 collections in 0.000000 seconds
[2019.04.25-11.58.45:027][  0]LogContentBrowser: Native class hierarchy populated in 0.0174 seconds. Added 2579 classes and 605 folders.
[2019.04.25-11.58.45:032][  0]LogContentBrowser: Native class hierarchy updated for 'WidgetCarousel' in 0.0002 seconds. Added 0 classes and 0 folders.
[2019.04.25-11.58.45:072][  0]LogContentBrowser: Native class hierarchy updated for 'AddContentDialog' in 0.0002 seconds. Added 0 classes and 0 folders.
[2019.04.25-11.58.45:076][  0]LogContentBrowser: Native class hierarchy updated for 'SceneOutliner' in 0.0003 seconds. Added 1 classes and 2 folders.
[2019.04.25-11.58.45:090][  0]LogSlate: Took 0.000199 seconds to synchronously load lazily loaded font '../../../Engine/Content/Slate/Fonts/Roboto-Regular.ttf' (155K)
[2019.04.25-11.58.45:091][  0]LogSlate: Took 0.000126 seconds to synchronously load lazily loaded font '../../../Engine/Content/Slate/Fonts/Roboto-Bold.ttf' (160K)
[2019.04.25-11.58.45:095][  0]LogSlate: Took 0.000193 seconds to synchronously load lazily loaded font '../../../Engine/Content/Editor/Slate/Fonts/FontAwesome.ttf' (139K)
[2019.04.25-11.58.45:157][  0]LogRenderer: Reallocating scene render targets to support 1252x632 Format 10 NumSamples 1 (Frame:1).
[2019.04.25-11.58.45:222][  0]LogSlate: Took 0.000129 seconds to synchronously load lazily loaded font '../../../Engine/Content/Slate/Fonts/Roboto-Light.ttf' (167K)
[2019.04.25-11.58.45:323][  0]LogContentBrowser: Native class hierarchy updated for 'HierarchicalLODOutliner' in 0.0002 seconds. Added 0 classes and 0 folders.
[2019.04.25-11.58.45:324][  0]LogLoad: (Engine Initialization) Total time: 10.45 seconds
[2019.04.25-11.58.45:324][  0]LogLoad: (Engine Initialization) Total Blueprint compile time: 0.00 seconds
[2019.04.25-11.58.45:371][  0]LogScript: Warning: Accessed None trying to read property CallFunc_GetBlackboard_ReturnValue
	RoboAnimBP_C /Game/FirstPersonBP/Maps/FirstPersonExampleMap.FirstPersonExampleMap:PersistentLevel.FLR_Patroller2_2.CharacterMesh0.RoboAnimBP_C_0
	Function /Game/FirstPersonBP/AI/FollowerAI/Animations/RoboAnimBP.RoboAnimBP_C:ExecuteUbergraph_RoboAnimBP:0186
[2019.04.25-11.58.45:371][  0]LogScript: Warning: Accessed None trying to read property CallFunc_GetBlackboard_ReturnValue
	RoboAnimBP_C /Game/FirstPersonBP/Maps/FirstPersonExampleMap.FirstPersonExampleMap:PersistentLevel.FLR_Patroller3_9.CharacterMesh0.RoboAnimBP_C_0
	Function /Game/FirstPersonBP/AI/FollowerAI/Animations/RoboAnimBP.RoboAnimBP_C:ExecuteUbergraph_RoboAnimBP:0186
[2019.04.25-11.58.45:371][  0]LogScript: Warning: Accessed None trying to read property CallFunc_GetBlackboard_ReturnValue
	RoboAnimBP_C /Game/FirstPersonBP/Maps/FirstPersonExampleMap.FirstPersonExampleMap:PersistentLevel.FLR_Patroller4_12.CharacterMesh0.RoboAnimBP_C_0
	Function /Game/FirstPersonBP/AI/FollowerAI/Animations/RoboAnimBP.RoboAnimBP_C:ExecuteUbergraph_RoboAnimBP:0186
[2019.04.25-11.58.45:371][  0]LogScript: Warning: Accessed None trying to read property CallFunc_GetBlackboard_ReturnValue
	RoboAnimBP_C /Game/FirstPersonBP/Maps/FirstPersonExampleMap.FirstPersonExampleMap:PersistentLevel.FLR_Patroller5.CharacterMesh0.RoboAnimBP_C_0
	Function /Game/FirstPersonBP/AI/FollowerAI/Animations/RoboAnimBP.RoboAnimBP_C:ExecuteUbergraph_RoboAnimBP:0186
[2019.04.25-11.58.45:371][  0]LogScript: Warning: Accessed None trying to read property CallFunc_GetBlackboard_ReturnValue
	RoboAnimBP_C /Game/FirstPersonBP/Maps/FirstPersonExampleMap.FirstPersonExampleMap:PersistentLevel.FLR_Patroller6_2.CharacterMesh0.RoboAnimBP_C_0
	Function /Game/FirstPersonBP/AI/FollowerAI/Animations/RoboAnimBP.RoboAnimBP_C:ExecuteUbergraph_RoboAnimBP:0186
[2019.04.25-11.58.45:372][  0]LogScript: Warning: Accessed None trying to read property CallFunc_GetBlackboard_ReturnValue
	RoboAnimBP_C /Game/FirstPersonBP/Maps/FirstPersonExampleMap.FirstPersonExampleMap:PersistentLevel.FLR_Patroller_15.CharacterMesh0.RoboAnimBP_C_0
	Function /Game/FirstPersonBP/AI/FollowerAI/Animations/RoboAnimBP.RoboAnimBP_C:ExecuteUbergraph_RoboAnimBP:0186
[2019.04.25-11.58.45:372][  0]LogScript: Warning: Accessed None trying to read property CallFunc_GetBlackboard_ReturnValue
	RoboAnimBP_C /Game/FirstPersonBP/Maps/FirstPersonExampleMap.FirstPersonExampleMap:PersistentLevel.FLR_Patroller7.CharacterMesh0.RoboAnimBP_C_0
	Function /Game/FirstPersonBP/AI/FollowerAI/Animations/RoboAnimBP.RoboAnimBP_C:ExecuteUbergraph_RoboAnimBP:0186
[2019.04.25-11.58.45:372][  0]LogScript: Warning: Accessed None trying to read property CallFunc_GetBlackboard_ReturnValue
	RoboAnimBP_C /Game/FirstPersonBP/Maps/FirstPersonExampleMap.FirstPersonExampleMap:PersistentLevel.FLR_Patroller8_3.CharacterMesh0.RoboAnimBP_C_0
	Function /Game/FirstPersonBP/AI/FollowerAI/Animations/RoboAnimBP.RoboAnimBP_C:ExecuteUbergraph_RoboAnimBP:0186
[2019.04.25-11.58.45:372][  0]LogScript: Warning: Accessed None trying to read property CallFunc_GetBlackboard_ReturnValue
	RoboAnimBP_C /Game/FirstPersonBP/Maps/FirstPersonExampleMap.FirstPersonExampleMap:PersistentLevel.FLR_Patroller9_6.CharacterMesh0.RoboAnimBP_C_0
	Function /Game/FirstPersonBP/AI/FollowerAI/Animations/RoboAnimBP.RoboAnimBP_C:ExecuteUbergraph_RoboAnimBP:0186
[2019.04.25-11.58.45:373][  0]LogContentStreaming: Texture pool size now 3000 MB
[2019.04.25-11.58.45:395][  0]LogSlate: FSceneViewport::OnFocusLost() reason 2
[2019.04.25-11.58.45:464][  1]LogFileCache: Retrieving MD5 hashes for directory 'C:/Users/User/Documents/GitHub/KV6002-Team-Project/KV6002/Content/' took 0.11s
[2019.04.25-11.58.45:549][  2]LogAssetRegistry: Asset discovery search completed in 6.7610 seconds
[2019.04.25-11.58.45:553][  2]LogCollectionManager: Rebuilt the object cache for 0 collections in 0.000000 seconds (found 0 objects)
[2019.04.25-11.58.45:553][  2]LogCollectionManager: Fixed up redirectors for 0 collections in 0.000080 seconds (updated 0 objects)
[2019.04.25-11.58.48:480][149]LogSlate: Window 'Message Log' being destroyed
[2019.04.25-11.58.48:482][149]LogSlate: Window 'Message Log' being destroyed
[2019.04.25-11.59.01:404][697]LogSlate: FSceneViewport::OnFocusLost() reason 0
[2019.04.25-11.59.01:534][712]LogSlate: Took 0.000132 seconds to synchronously load lazily loaded font '../../../Engine/Content/Slate/Fonts/Roboto-Light.ttf' (167K)
[2019.04.25-11.59.01:539][712]LogAssetEditorManager: Opening Asset editor for Blueprint /Game/FirstPersonBP/Blueprints/FirstPersonCharacter.FirstPersonCharacter
[2019.04.25-11.59.02:247][712]LogContentBrowser: Native class hierarchy updated for 'BlueprintGraph' in 0.0012 seconds. Added 116 classes and 0 folders.
[2019.04.25-11.59.03:752][712]LogSlate: Took 0.012054 seconds to synchronously load lazily loaded font '../../../Engine/Content/Slate/Fonts/Roboto-BoldCondensed.ttf' (158K)
[2019.04.25-11.59.04:019][713]LogSlate: Took 0.008733 seconds to synchronously load lazily loaded font '../../../Engine/Content/Slate/Fonts/Roboto-Italic.ttf' (157K)
[2019.04.25-11.59.23:677][869]BlueprintLog: New page: Compile FirstPersonCharacter
[2019.04.25-11.59.25:026][914]LogSavePackage: Moving 'C:/Users/User/Documents/GitHub/KV6002-Team-Project/KV6002/Saved/FirstPersonCharacter5F7B2734423E80DABDF01D9D12E257E8.tmp' to 'C:/Users/User/Documents/GitHub/KV6002-Team-Project/KV6002/Content/FirstPersonBP/Blueprints/FirstPersonCharacter.uasset'
[2019.04.25-11.59.57:055][614]LogSavePackage: Moving 'C:/Users/User/Documents/GitHub/KV6002-Team-Project/KV6002/Saved/FirstPersonCharacterBFFAE47C4A8741D2889AEE8B4B04C71F.tmp' to 'C:/Users/User/Documents/GitHub/KV6002-Team-Project/KV6002/Content/FirstPersonBP/Blueprints/FirstPersonCharacter.uasset'
[2019.04.25-12.00.05:366][579]LogSavePackage: Moving 'C:/Users/User/Documents/GitHub/KV6002-Team-Project/KV6002/Saved/FirstPersonCharacter5D4A7B1446AC073656F16290299544EF.tmp' to 'C:/Users/User/Documents/GitHub/KV6002-Team-Project/KV6002/Content/FirstPersonBP/Blueprints/FirstPersonCharacter.uasset'
