Log file open, 04/04/19 15:50:37
LogWindows: Failed to load 'aqProf.dll' (GetLastError=126)
LogWindows: File 'aqProf.dll' does not exist
LogWindows: Failed to load 'VtuneApi.dll' (GetLastError=126)
LogWindows: File 'VtuneApi.dll' does not exist
LogWindows: Failed to load 'VtuneApi32e.dll' (GetLastError=126)
LogWindows: File 'VtuneApi32e.dll' does not exist
LogInit: Display: Running engine for game: KV6002
LogPlatformFile: Not using cached read wrapper
LogTaskGraph: Started task graph with 5 named threads and 23 total threads with 3 sets of task threads.
LogStats: Stats thread started at 0.264780
LogD3D11RHI: Loaded GFSDK_Aftermath_Lib.x64.dll
LogICUInternationalization: Display: ICU TimeZone Detection - Raw Offset: +0:00, Platform Override: ''
LogPluginManager: Mounting plugin Paper2D
LogPluginManager: Mounting plugin AISupport
LogPluginManager: Mounting plugin LightPropagationVolume
LogPluginManager: Mounting plugin CLionSourceCodeAccess
LogPluginManager: Mounting plugin CodeLiteSourceCodeAccess
LogPluginManager: Mounting plugin GitSourceControl
LogPluginManager: Mounting plugin KDevelopSourceCodeAccess
LogPluginManager: Mounting plugin NullSourceCodeAccess
LogPluginManager: Mounting plugin PerforceSourceControl
LogPluginManager: Mounting plugin SubversionSourceControl
LogPluginManager: Mounting plugin UObjectPlugin
LogPluginManager: Mounting plugin VisualStudioCodeSourceCodeAccess
LogPluginManager: Mounting plugin VisualStudioSourceCodeAccess
LogPluginManager: Mounting plugin XCodeSourceCodeAccess
LogPluginManager: Mounting plugin AssetManagerEditor
LogPluginManager: Mounting plugin CryptoKeys
LogPluginManager: Mounting plugin DataValidation
LogPluginManager: Mounting plugin FacialAnimation
LogPluginManager: Mounting plugin GameplayTagsEditor
LogPluginManager: Mounting plugin MacGraphicsSwitching
LogPluginManager: Mounting plugin MeshEditor
LogPluginManager: Mounting plugin MobileLauncherProfileWizard
LogPluginManager: Mounting plugin PluginBrowser
LogPluginManager: Mounting plugin SpeedTreeImporter
LogPluginManager: Mounting plugin DatasmithContent
LogPluginManager: Mounting plugin AlembicImporter
LogPluginManager: Mounting plugin AppleImageUtils
LogPluginManager: Mounting plugin AppleVision
LogPluginManager: Mounting plugin BackChannel
LogPluginManager: Mounting plugin CharacterAI
LogPluginManager: Mounting plugin GeometryCache
LogPluginManager: Mounting plugin HTML5Networking
LogPluginManager: Mounting plugin ProxyLODPlugin
LogPluginManager: Mounting plugin MagicLeap
LogPluginManager: Mounting plugin MagicLeapEmulator
LogPluginManager: Mounting plugin MagicLeapMedia
LogPluginManager: Mounting plugin AndroidMedia
LogPluginManager: Mounting plugin AvfMedia
LogPluginManager: Mounting plugin ImgMedia
LogPluginManager: Mounting plugin LinearTimecode
LogPluginManager: Mounting plugin MediaCompositing
LogPluginManager: Mounting plugin MediaPlayerEditor
LogPluginManager: Mounting plugin WmfMedia
LogPluginManager: Mounting plugin TcpMessaging
LogPluginManager: Mounting plugin UdpMessaging
LogPluginManager: Mounting plugin ActorSequence
LogPluginManager: Mounting plugin LevelSequenceEditor
LogPluginManager: Mounting plugin MatineeToLevelSequence
LogPluginManager: Mounting plugin NetcodeUnitTest
LogPluginManager: Mounting plugin NUTUnrealEngine4
LogPluginManager: Mounting plugin OnlineSubsystemGooglePlay
LogPluginManager: Mounting plugin OnlineSubsystemIOS
LogPluginManager: Mounting plugin OnlineSubsystem
LogPluginManager: Mounting plugin OnlineSubsystemNull
LogPluginManager: Mounting plugin OnlineSubsystemUtils
LogPluginManager: Mounting plugin LauncherChunkInstaller
LogPluginManager: Mounting plugin AndroidDeviceProfileSelector
LogPluginManager: Mounting plugin AndroidMoviePlayer
LogPluginManager: Mounting plugin AndroidPermission
LogPluginManager: Mounting plugin AppleMoviePlayer
LogPluginManager: Mounting plugin ArchVisCharacter
LogPluginManager: Mounting plugin AudioCapture
LogPluginManager: Mounting plugin CableComponent
LogPluginManager: Mounting plugin CustomMeshComponent
LogPluginManager: Mounting plugin EditableMesh
LogPluginManager: Mounting plugin ExampleDeviceProfileSelector
LogPluginManager: Mounting plugin GoogleCloudMessaging
LogPluginManager: Mounting plugin ImmediatePhysics
LogPluginManager: Mounting plugin IOSDeviceProfileSelector
LogPluginManager: Mounting plugin LinuxDeviceProfileSelector
LogPluginManager: Mounting plugin LocationServicesBPLibrary
LogPluginManager: Mounting plugin MobilePatchingUtils
LogPluginManager: Mounting plugin OculusVR
LogPluginManager: Plugin shader directory ../../../Engine/Plugins/Runtime/Oculus/OculusVR/Shaders found
LogPluginManager: Mapping shader source directory ../../../Engine/Plugins/Runtime/Oculus/OculusVR/Shaders to virtual directory /Plugin/OculusVR
LogPluginManager: Mounting plugin PhysXVehicles
LogPluginManager: Mounting plugin ProceduralMeshComponent
LogPluginManager: Mounting plugin RuntimePhysXCooking
LogPluginManager: Mounting plugin SteamVR
LogPluginManager: Mounting plugin WindowsMoviePlayer
LogStreaming: Display: Took  0.037s to configure plugins.
LogInit: Using libcurl 7.55.1-DEV
LogInit:  - built for x86_64-pc-win32
LogInit:  - supports SSL with OpenSSL/1.0.2h
LogInit:  - supports HTTP deflate (compression) using libz 1.2.8
LogInit:  - other features:
LogInit:      CURL_VERSION_SSL
LogInit:      CURL_VERSION_LIBZ
LogInit:      CURL_VERSION_IPV6
LogInit:      CURL_VERSION_ASYNCHDNS
LogInit:      CURL_VERSION_LARGEFILE
LogInit:      CURL_VERSION_IDN
LogInit:  CurlRequestOptions (configurable via config and command line):
LogInit:  - bVerifyPeer = false  - Libcurl will NOT verify peer certificate
LogInit:  - bUseHttpProxy = false  - Libcurl will NOT use HTTP proxy
LogInit:  - bDontReuseConnections = false  - Libcurl will reuse connections
LogInit:  - CertBundlePath = nullptr  - Libcurl will use whatever was configured at build time.
LogInit:  - MaxHostConnections = 16  - Libcurl will limit the number of connections to a host
LogInit:  - LocalHostAddr = Default
LogInit:  - BufferSize = 65536
LogInit: WinSock: version 1.1 (2.2), MaxSocks=32767, MaxUdp=65467
LogInit: Build: ++UE4+Release-4.20-CL-4233996
LogInit: Engine Version: 4.20.1-4233996+++UE4+Release-4.20
LogInit: Compatible Engine Version: 4.20.0-4212847+++UE4+Release-4.20
LogInit: Net CL: 4212847
LogInit: OS: Windows 10 (), CPU: Intel(R) Core(TM) i7-7700K CPU @ 4.20GHz, GPU: NVIDIA GeForce GTX 1080
LogInit: Compiled (64-bit): Jul 26 2018 10:07:30
LogInit: Compiled with Visual C++: 19.13.26129.00
LogInit: Build Configuration: Development
LogInit: Branch Name: ++UE4+Release-4.20
LogInit: Command Line:  /Game/FirstPersonBP/Maps/FirstPersonExampleMap -game -PIEVIACONSOLE -ResX=1280 -ResY=720  -Multiprocess -messaging -SessionName="Play in Standalone Game" -windowed 
LogInit: Base Directory: D:/EpicGames/UE_4.20/Engine/Binaries/Win64/
LogInit: Installed Engine Build: 1
LogDevObjectVersion: Number of dev versions registered: 20
LogDevObjectVersion:   Dev-Blueprints (B0D832E4-1F89-4F0D-ACCF-7EB736FD4AA2): 10
LogDevObjectVersion:   Dev-Build (E1C64328-A22C-4D53-A36C-8E866417BD8C): 0
LogDevObjectVersion:   Dev-Core (375EC13C-06E4-48FB-B500-84F0262A717E): 2
LogDevObjectVersion:   Dev-Editor (E4B068ED-F494-42E9-A231-DA0B2E46BB41): 24
LogDevObjectVersion:   Dev-Framework (CFFC743F-43B0-4480-9391-14DF171D2073): 34
LogDevObjectVersion:   Dev-Mobile (B02B49B5-BB20-44E9-A304-32B752E40360): 2
LogDevObjectVersion:   Dev-Networking (A4E4105C-59A1-49B5-A7C5-40C4547EDFEE): 0
LogDevObjectVersion:   Dev-Online (39C831C9-5AE6-47DC-9A44-9C173E1C8E7C): 0
LogDevObjectVersion:   Dev-Physics (78F01B33-EBEA-4F98-B9B4-84EACCB95AA2): 0
LogDevObjectVersion:   Dev-Platform (6631380F-2D4D-43E0-8009-CF276956A95A): 0
LogDevObjectVersion:   Dev-Rendering (12F88B9F-8875-4AFC-A67C-D90C383ABD29): 26
LogDevObjectVersion:   Dev-Sequencer (7B5AE74C-D270-4C10-A958-57980B212A5A): 9
LogDevObjectVersion:   Dev-VR (D7296918-1DD6-4BDD-9DE2-64A83CC13884): 2
LogDevObjectVersion:   Dev-LoadTimes (C2A15278-BFE7-4AFE-6C17-90FF531DF755): 1
LogDevObjectVersion:   Private-Geometry (6EACA3D4-40EC-4CC1-B786-8BED09428FC5): 3
LogDevObjectVersion:   Dev-AnimPhys (29E575DD-E0A3-4627-9D10-D276232CDCEA): 17
LogDevObjectVersion:   Dev-ReflectionCapture (6B266CEC-1EC7-4B8F-A30B-E4D90942FC07): 1
LogDevObjectVersion:   Dev-Automation (0DF73D61-A23F-47EA-B727-89E90C41499A): 1
LogDevObjectVersion:   FortniteMain (601D1886-AC64-4F84-AA16-D3DE0DEAC7D6): 12
LogDevObjectVersion:   Dev-Enterprise (9DFFBCD6-494F-0158-E221-12823C92A888): 1
LogStreaming: Display: Took  0.004s to delete old logs.
LogInit: Presizing for max 8388607 objects, including 0 objects not considered by GC, pre-allocating 0 bytes for permanent pool.
LogInit: Object subsystem initialized
[2019.04.04-14.50.38:164][  0]LogInit: Selected Device Profile: [Windows]
[2019.04.04-14.50.38:164][  0]LogInit: Applying CVar settings loaded from the selected device profile: [Windows]
[2019.04.04-14.50.38:167][  0]LogHAL: Display: Platform has ~ 16 GB [17130676224 / 17179869184 / 16], which maps to Larger [LargestMinGB=32, LargerMinGB=12, DefaultMinGB=8, SmallerMinGB=6, SmallestMinGB=0)
[2019.04.04-14.50.38:167][  0]LogInit: Setting Device Profile CVar: [[r.Vulkan.UseRealUBs:1]]
[2019.04.04-14.50.38:167][  0]LogInit: Going up to parent DeviceProfile []
[2019.04.04-14.50.38:167][  0]LogInit: Computer: DESKTOP-5BMDBC3
[2019.04.04-14.50.38:167][  0]LogInit: User: User
[2019.04.04-14.50.38:167][  0]LogInit: CPU Page size=4096, Cores=4
[2019.04.04-14.50.38:167][  0]LogInit: High frequency timer resolution =4.101561 MHz
[2019.04.04-14.50.38:167][  0]LogMemory: Memory total: Physical=16.0GB (16GB approx)
[2019.04.04-14.50.38:167][  0]LogMemory: Platform Memory Stats for Windows
[2019.04.04-14.50.38:167][  0]LogMemory: Process Physical Memory: 101.02 MB used, 101.02 MB peak
[2019.04.04-14.50.38:167][  0]LogMemory: Process Virtual Memory: 89.38 MB used, 89.38 MB peak
[2019.04.04-14.50.38:167][  0]LogMemory: Physical Memory: 4979.45 MB used,  11357.64 MB free, 16337.09 MB total
[2019.04.04-14.50.38:167][  0]LogMemory: Virtual Memory: 4643.85 MB used,  11357.64 MB free, 134217728.00 MB total
[2019.04.04-14.50.38:182][  0]LogInit: Using OS detected language (en-GB).
[2019.04.04-14.50.38:182][  0]LogInit: Using OS detected locale (en-GB).
[2019.04.04-14.50.38:183][  0]LogTextLocalizationManager: No specific localization for 'en-GB' exists, so the 'en' localization will be used.
[2019.04.04-14.50.38:473][  0]LogStreaming: Display: Took  0.291s to InitEngineTextLocalization.
[2019.04.04-14.50.38:488][  0]LogSlate: New Slate User Created.  User Index 0, Is Virtual User: 0
[2019.04.04-14.50.38:488][  0]LogSlate: Slate User Registered.  User Index 0, Is Virtual User: 0
[2019.04.04-14.50.38:493][  0]LogHMD: Failed to initialize OpenVR with code 110
[2019.04.04-14.50.38:493][  0]LogD3D11RHI: D3D11 adapters:
[2019.04.04-14.50.38:540][  0]LogD3D11RHI:    0. 'NVIDIA GeForce GTX 1080' (Feature Level 11_0)
[2019.04.04-14.50.38:540][  0]LogD3D11RHI:       8079/0/8168 MB DedicatedVideo/DedicatedSystem/SharedSystem, Outputs:2, VendorId:0x10de
[2019.04.04-14.50.38:542][  0]LogD3D11RHI:    1. 'Microsoft Basic Render Driver' (Feature Level 11_0)
[2019.04.04-14.50.38:542][  0]LogD3D11RHI:       0/0/8168 MB DedicatedVideo/DedicatedSystem/SharedSystem, Outputs:0, VendorId:0x1414
[2019.04.04-14.50.38:542][  0]LogD3D11RHI: Chosen D3D11 Adapter: 0
[2019.04.04-14.50.38:559][  0]LogD3D11RHI: Creating new Direct3DDevice
[2019.04.04-14.50.38:559][  0]LogD3D11RHI:     GPU DeviceId: 0x1b80 (for the marketing name, search the web for "GPU Device Id")
[2019.04.04-14.50.38:559][  0]LogWindows: EnumDisplayDevices:
[2019.04.04-14.50.38:559][  0]LogWindows:    0. 'NVIDIA GeForce GTX 1080' (P:0 D:1)
[2019.04.04-14.50.38:560][  0]LogWindows:    1. 'NVIDIA GeForce GTX 1080' (P:1 D:1)
[2019.04.04-14.50.38:560][  0]LogWindows:    2. 'NVIDIA GeForce GTX 1080' (P:0 D:0)
[2019.04.04-14.50.38:560][  0]LogWindows:    3. 'NVIDIA GeForce GTX 1080' (P:0 D:0)
[2019.04.04-14.50.38:560][  0]LogWindows: DebugString: FoundDriverCount:4 
[2019.04.04-14.50.38:560][  0]LogD3D11RHI:     Adapter Name: NVIDIA GeForce GTX 1080
[2019.04.04-14.50.38:560][  0]LogD3D11RHI:   Driver Version: 399.07 (internal:24.21.13.9907, unified:399.07)
[2019.04.04-14.50.38:560][  0]LogD3D11RHI:      Driver Date: 8-21-2018
[2019.04.04-14.50.38:560][  0]LogRHI: Texture pool is 5655 MB (70% of 8079 MB)
[2019.04.04-14.50.38:594][  0]LogD3D11RHI: Async texture creation enabled
[2019.04.04-14.50.38:613][  0]LogD3D11RHI: GPU Timing Frequency: 1000.000000 (Debug: 2 2)
[2019.04.04-14.50.38:709][  0]LogShaderCompilers: Guid format shader working directory is -13 characters bigger than the processId version (C:/Users/User/Documents/GitHub/KV6002-Team-Project/KV6002/Intermediate/Shaders/WorkingDirectory/10384/).
[2019.04.04-14.50.38:709][  0]LogShaderCompilers: Cleaned the shader compiler working directory 'C:/Users/User/AppData/Local/Temp/UnrealShaderWorkingDir/D4404EE440BA0A5273F116BDFC21A621/'.
[2019.04.04-14.50.38:907][  0]LogTemp: Display: Loaded TP WindowsClientTargetPlatform
[2019.04.04-14.50.38:916][  0]LogTemp: Display: Loaded TP WindowsNoEditorTargetPlatform
[2019.04.04-14.50.38:926][  0]LogTemp: Display: Loaded TP WindowsServerTargetPlatform
[2019.04.04-14.50.38:930][  0]LogTemp: Display: Loaded TP WindowsTargetPlatform
[2019.04.04-14.50.38:930][  0]LogTargetPlatformManager: Display: Building Assets For Windows
[2019.04.04-14.50.38:963][  0]LogXGEController: Cannot use XGE Controller as Incredibuild is not installed on this machine.
[2019.04.04-14.50.38:963][  0]LogShaderCompilers: Cannot use XGE Shader Compiler as Incredibuild is not installed on this machine.
[2019.04.04-14.50.38:963][  0]LogShaderCompilers: Display: Using Local Shader Compiler.
[2019.04.04-14.50.39:470][  0]LogDerivedDataCache: Display: Max Cache Size: 512 MB
[2019.04.04-14.50.39:515][  0]LogDerivedDataCache: Loaded boot cache 0.04s 71MB C:/Users/User/AppData/Local/UnrealEngine/4.20/DerivedDataCache/Boot.ddc.
[2019.04.04-14.50.39:516][  0]LogDerivedDataCache: Display: Loaded Boot cache: C:/Users/User/AppData/Local/UnrealEngine/4.20/DerivedDataCache/Boot.ddc
[2019.04.04-14.50.39:516][  0]LogDerivedDataCache: FDerivedDataBackendGraph:  Pak pak cache file C:/Users/User/Documents/GitHub/KV6002-Team-Project/KV6002/DerivedDataCache/DDC.ddp not found, will not use a pak cache.
[2019.04.04-14.50.39:516][  0]LogDerivedDataCache: Unable to find inner node Pak for hierarchical cache Hierarchy.
[2019.04.04-14.50.39:516][  0]LogDerivedDataCache: FDerivedDataBackendGraph:  CompressedPak pak cache file C:/Users/User/Documents/GitHub/KV6002-Team-Project/KV6002/DerivedDataCache/Compressed.ddp not found, will not use a pak cache.
[2019.04.04-14.50.39:516][  0]LogDerivedDataCache: Unable to find inner node CompressedPak for hierarchical cache Hierarchy.
[2019.04.04-14.50.39:527][  0]LogDerivedDataCache: Display: Pak cache opened for reading ../../../Engine/DerivedDataCache/Compressed.ddp.
[2019.04.04-14.50.39:539][  0]LogDerivedDataCache: Using Local data cache path C:/Users/User/AppData/Local/UnrealEngine/Common/DerivedDataCache: Writable
[2019.04.04-14.50.39:539][  0]LogDerivedDataCache: Shared data cache path not found in *engine.ini, will not use an Shared cache.
[2019.04.04-14.50.39:539][  0]LogDerivedDataCache: Unable to find inner node Shared for hierarchical cache Hierarchy.
[2019.04.04-14.50.39:553][  0]LogMaterial: Verifying Global Shaders for PCD3D_SM5
[2019.04.04-14.50.39:554][  0]LogSlate: Using FreeType 2.6.0
[2019.04.04-14.50.39:554][  0]LogSlate: SlateFontServices - WITH_FREETYPE: 1, WITH_HARFBUZZ: 1
[2019.04.04-14.50.39:585][  0]LogInit: Using OS detected language (en-GB).
[2019.04.04-14.50.39:585][  0]LogInit: Using OS detected locale (en-GB).
[2019.04.04-14.50.39:585][  0]LogTextLocalizationManager: No localization for 'en-GB' exists, so 'en' will be used for the language.
[2019.04.04-14.50.39:585][  0]LogTextLocalizationManager: No localization for 'en-GB' exists, so 'en' will be used for the locale.
[2019.04.04-14.50.39:847][  0]LogStreaming: Display: Took  0.262s to InitGameTextLocalization.
[2019.04.04-14.50.39:851][  0]LogAssetRegistry: FAssetRegistry took 0.0030 seconds to start up
[2019.04.04-14.50.39:990][  0]LogPackageLocalizationCache: Processed 11 localized package path(s) for 1 prioritized culture(s) in 0.009814 seconds
[2019.04.04-14.50.40:065][  0]LogInit: Selected Device Profile: [Windows]
[2019.04.04-14.50.40:146][  0]LogSimplygon: Simplygon DLL not present - disabling.
[2019.04.04-14.50.40:148][  0]LogMeshReduction: Using SimplygonSwarm for distributed automatic mesh merging
[2019.04.04-14.50.40:148][  0]LogMeshReduction: Using ProxyLODMeshReduction for automatic mesh merging
[2019.04.04-14.50.40:148][  0]LogMeshReduction: Using QuadricMeshReduction for automatic static mesh reduction
[2019.04.04-14.50.40:148][  0]LogMeshReduction: No automatic skeletal mesh reduction module available
[2019.04.04-14.50.40:159][  0]LogNetVersion: KV6002 1.0.0, NetCL: 4212847, EngineNetVer: 5, GameNetVer: 0 (Checksum: 2502700519)
[2019.04.04-14.50.40:464][  0]LogMoviePlayer: Initializing movie player
[2019.04.04-14.50.40:595][  0]LogTcpMessaging: Initializing TcpMessaging bridge
[2019.04.04-14.50.40:607][  0]LogUdpMessaging: Initializing bridge on interface 0.0.0.0:0 to multicast group 230.0.0.1:6666.
[2019.04.04-14.50.40:703][  0]SourceControl: Source control is disabled
[2019.04.04-14.50.40:703][  0]SourceControl: Source control is disabled
[2019.04.04-14.50.40:704][  0]SourceControl: Source control is disabled
[2019.04.04-14.50.40:814][  0]LogAndroidPermission: UAndroidPermissionCallbackProxy::GetInstance
[2019.04.04-14.50.40:892][  0]LogOcInput: OculusInput pre-init called
[2019.04.04-14.50.40:898][  0]LogUObjectArray: 42168 objects as part of root set at end of initial load.
[2019.04.04-14.50.40:898][  0]LogUObjectAllocator: 7432344 out of 0 bytes used by permanent object pool.
[2019.04.04-14.50.40:898][  0]LogUObjectArray: CloseDisregardForGC: 0/0 objects in disregard for GC pool
[2019.04.04-14.50.40:956][  0]LogEngine: Initializing Engine...
[2019.04.04-14.50.40:957][  0]LogHMD: Failed to initialize OpenVR with code 110
[2019.04.04-14.50.40:969][  0]LogStats: UGameplayTagsManager::ConstructGameplayTagTree: ImportINI prefixes -  0.000 s
[2019.04.04-14.50.40:969][  0]LogStats: UGameplayTagsManager::ConstructGameplayTagTree: Construct from data asset -  0.000 s
[2019.04.04-14.50.40:969][  0]LogStats: UGameplayTagsManager::ConstructGameplayTagTree: ImportINI -  0.000 s
[2019.04.04-14.50.40:969][  0]LogStats: UGameplayTagsManager::ConstructGameplayTagTree: GameplayTagTreeChangedEvent.Broadcast -  0.000 s
[2019.04.04-14.50.41:082][  0]LogInit: Initializing FReadOnlyCVARCache
[2019.04.04-14.50.41:104][  0]LogInit: XAudio2 using 'Speakers (2- USB Audio Device)' : 2 channels at 48 kHz using 16 bits per sample (channel mask 0x3)
[2019.04.04-14.50.41:115][  0]LogInit: FAudioDevice initialized.
[2019.04.04-14.50.41:126][  0]LogNetVersion: Set ProjectVersion to 1.0.0.0. Version Checksum will be recalculated on next use.
[2019.04.04-14.50.41:138][  0]LogInit: Texture streaming: Enabled
[2019.04.04-14.50.41:352][  0]LogSlate: Updating window title bar state: overlay mode, drag disabled, window buttons hidden, title bar hidden
[2019.04.04-14.50.41:352][  0]LogInit: Display: Game Engine Initialized.
[2019.04.04-14.50.41:352][  0]LogGameplayTags: Display: UGameplayTagsManager::DoneAddingNativeTags. DelegateIsBound: 0
[2019.04.04-14.50.41:352][  0]LogStats: UGameplayTagsManager::ConstructGameplayTagTree: ImportINI prefixes -  0.000 s
[2019.04.04-14.50.41:352][  0]LogStats: UGameplayTagsManager::ConstructGameplayTagTree: Construct from data asset -  0.000 s
[2019.04.04-14.50.41:352][  0]LogStats: UGameplayTagsManager::ConstructGameplayTagTree: ImportINI -  0.000 s
[2019.04.04-14.50.41:352][  0]LogStats: UGameplayTagsManager::ConstructGameplayTagTree: GameplayTagTreeChangedEvent.Broadcast -  0.000 s
[2019.04.04-14.50.41:362][  0]LogInit: Display: Starting Game.
[2019.04.04-14.50.41:371][  0]LogNet: Browse: /Game/FirstPersonBP/Maps/FirstPersonExampleMap?Name=Player
[2019.04.04-14.50.41:371][  0]LogLoad: LoadMap: /Game/FirstPersonBP/Maps/FirstPersonExampleMap?Name=Player
[2019.04.04-14.50.41:823][  0]LogAIModule: Creating AISystem for world FirstPersonExampleMap
[2019.04.04-14.50.41:823][  0]LogLoad: Game class is 'FirstPersonGameMode_C'
[2019.04.04-14.50.41:855][  0]LogWorld: Bringing World /Game/FirstPersonBP/Maps/FirstPersonExampleMap.FirstPersonExampleMap up for play (max tick rate 0) at 2019.04.04-15.50.41
[2019.04.04-14.50.41:872][  0]LogWorld: Bringing up level for play took: 0.048099
[2019.04.04-14.50.41:964][  0]LogLoad: Took 0.592530 seconds to LoadMap(/Game/FirstPersonBP/Maps/FirstPersonExampleMap)
[2019.04.04-14.50.41:992][  0]LogScript: Warning: Accessed None trying to read property FPHUD
	Radial_C /Engine/Transient.GameEngine_0:GameInstance_0.Radial_C_0
	Function /Game/FirstPersonBP/Blueprints/Radial.Radial_C:Get_Circle_Brush_0:00BC
[2019.04.04-14.50.41:992][  0]LogScript: Warning: Script call stack:
	Function /Game/FirstPersonBP/Blueprints/Radial.Radial_C:Get_Circle_Brush_0

[2019.04.04-14.50.41:993][  0]LogBlueprintUserMessages: [Radial_C_0] 
[2019.04.04-14.50.42:088][  0]LogRenderer: Reallocating scene render targets to support 1280x720 Format 10 NumSamples 1 (Frame:1).
[2019.04.04-14.50.42:088][  0]LogLoad: (Engine Initialization) Total time: 5.10 seconds
[2019.04.04-14.50.42:088][  0]LogLoad: (Engine Initialization) Total Blueprint compile time: 0.00 seconds
[2019.04.04-14.50.42:105][  0]LogWindowsTextInputMethodSystem: Display: IME system now deactivated.
[2019.04.04-14.50.42:118][  0]LogContentStreaming: Texture pool size now 3000 MB
[2019.04.04-14.50.42:120][  0]LogScript: Warning: Accessed None trying to read property FPHUD
	Radial_C /Engine/Transient.GameEngine_0:GameInstance_0.Radial_C_0
	Function /Game/FirstPersonBP/Blueprints/Radial.Radial_C:Get_Circle_Brush_0:00BC
[2019.04.04-14.50.42:120][  0]LogScript: Warning: Script call stack:
	Function /Game/FirstPersonBP/Blueprints/Radial.Radial_C:Get_Circle_Brush_0

[2019.04.04-14.50.42:120][  0]LogBlueprintUserMessages: [Radial_C_0] 
[2019.04.04-14.50.42:121][  0]LogScript: Warning: Accessed None trying to read property FPHUD
	Radial_C /Engine/Transient.GameEngine_0:GameInstance_0.Radial_C_0
	Function /Game/FirstPersonBP/Blueprints/Radial.Radial_C:Get_Circle_Brush_0:00BC
[2019.04.04-14.50.42:121][  0]LogScript: Warning: Script call stack:
	Function /Game/FirstPersonBP/Blueprints/Radial.Radial_C:Get_Circle_Brush_0

[2019.04.04-14.50.42:121][  0]LogBlueprintUserMessages: [Radial_C_0] 
[2019.04.04-14.50.42:204][  1]LogScript: Warning: Accessed None trying to read property FPHUD
	Radial_C /Engine/Transient.GameEngine_0:GameInstance_0.Radial_C_0
	Function /Game/FirstPersonBP/Blueprints/Radial.Radial_C:Get_Circle_Brush_0:00BC
[2019.04.04-14.50.42:204][  1]LogScript: Warning: Script call stack:
	Function /Game/FirstPersonBP/Blueprints/Radial.Radial_C:Get_Circle_Brush_0

[2019.04.04-14.50.42:204][  1]LogBlueprintUserMessages: [Radial_C_0] 
[2019.04.04-14.50.42:204][  1]LogScript: Warning: Accessed None trying to read property FPHUD
	Radial_C /Engine/Transient.GameEngine_0:GameInstance_0.Radial_C_0
	Function /Game/FirstPersonBP/Blueprints/Radial.Radial_C:Get_Circle_Brush_0:00BC
[2019.04.04-14.50.42:204][  1]LogScript: Warning: Script call stack:
	Function /Game/FirstPersonBP/Blueprints/Radial.Radial_C:Get_Circle_Brush_0

[2019.04.04-14.50.42:204][  1]LogBlueprintUserMessages: [Radial_C_0] 
[2019.04.04-14.50.42:205][  2]LogScript: Warning: Accessed None trying to read property FPHUD
	Radial_C /Engine/Transient.GameEngine_0:GameInstance_0.Radial_C_0
	Function /Game/FirstPersonBP/Blueprints/Radial.Radial_C:Get_Circle_Brush_0:00BC
[2019.04.04-14.50.42:205][  2]LogScript: Warning: Script call stack:
	Function /Game/FirstPersonBP/Blueprints/Radial.Radial_C:Get_Circle_Brush_0

[2019.04.04-14.50.42:205][  2]LogBlueprintUserMessages: [Radial_C_0] 
[2019.04.04-14.50.42:205][  2]LogScript: Warning: Accessed None trying to read property FPHUD
	Radial_C /Engine/Transient.GameEngine_0:GameInstance_0.Radial_C_0
	Function /Game/FirstPersonBP/Blueprints/Radial.Radial_C:Get_Circle_Brush_0:00BC
[2019.04.04-14.50.42:205][  2]LogScript: Warning: Script call stack:
	Function /Game/FirstPersonBP/Blueprints/Radial.Radial_C:Get_Circle_Brush_0

[2019.04.04-14.50.42:205][  2]LogBlueprintUserMessages: [Radial_C_0] 
[2019.04.04-14.50.42:221][  3]LogScript: Warning: Accessed None trying to read property FPHUD
	Radial_C /Engine/Transient.GameEngine_0:GameInstance_0.Radial_C_0
	Function /Game/FirstPersonBP/Blueprints/Radial.Radial_C:Get_Circle_Brush_0:00BC
[2019.04.04-14.50.42:221][  3]LogScript: Warning: Script call stack:
	Function /Game/FirstPersonBP/Blueprints/Radial.Radial_C:Get_Circle_Brush_0

[2019.04.04-14.50.42:221][  3]LogBlueprintUserMessages: [Radial_C_0] 
[2019.04.04-14.50.42:221][  3]LogScript: Warning: Accessed None trying to read property FPHUD
	Radial_C /Engine/Transient.GameEngine_0:GameInstance_0.Radial_C_0
	Function /Game/FirstPersonBP/Blueprints/Radial.Radial_C:Get_Circle_Brush_0:00BC
[2019.04.04-14.50.42:221][  3]LogScript: Warning: Script call stack:
	Function /Game/FirstPersonBP/Blueprints/Radial.Radial_C:Get_Circle_Brush_0

[2019.04.04-14.50.42:221][  3]LogBlueprintUserMessages: [Radial_C_0] 
[2019.04.04-14.50.42:238][  4]LogScript: Warning: Accessed None trying to read property FPHUD
	Radial_C /Engine/Transient.GameEngine_0:GameInstance_0.Radial_C_0
	Function /Game/FirstPersonBP/Blueprints/Radial.Radial_C:Get_Circle_Brush_0:00BC
[2019.04.04-14.50.42:238][  4]LogScript: Warning: Script call stack:
	Function /Game/FirstPersonBP/Blueprints/Radial.Radial_C:Get_Circle_Brush_0

[2019.04.04-14.50.42:238][  4]LogBlueprintUserMessages: [Radial_C_0] 
[2019.04.04-14.50.42:238][  4]LogScript: Warning: Accessed None trying to read property FPHUD
	Radial_C /Engine/Transient.GameEngine_0:GameInstance_0.Radial_C_0
	Function /Game/FirstPersonBP/Blueprints/Radial.Radial_C:Get_Circle_Brush_0:00BC
[2019.04.04-14.50.42:238][  4]LogScript: Warning: Script call stack:
	Function /Game/FirstPersonBP/Blueprints/Radial.Radial_C:Get_Circle_Brush_0

[2019.04.04-14.50.42:238][  4]LogBlueprintUserMessages: [Radial_C_0] 
[2019.04.04-14.50.42:254][  5]LogScript: Warning: Accessed None trying to read property FPHUD
	Radial_C /Engine/Transient.GameEngine_0:GameInstance_0.Radial_C_0
	Function /Game/FirstPersonBP/Blueprints/Radial.Radial_C:Get_Circle_Brush_0:00BC
[2019.04.04-14.50.42:254][  5]LogScript: Warning: Script call stack:
	Function /Game/FirstPersonBP/Blueprints/Radial.Radial_C:Get_Circle_Brush_0

[2019.04.04-14.50.42:254][  5]LogBlueprintUserMessages: [Radial_C_0] 
[2019.04.04-14.50.42:254][  5]LogScript: Warning: Accessed None trying to read property FPHUD
	Radial_C /Engine/Transient.GameEngine_0:GameInstance_0.Radial_C_0
	Function /Game/FirstPersonBP/Blueprints/Radial.Radial_C:Get_Circle_Brush_0:00BC
[2019.04.04-14.50.42:254][  5]LogScript: Warning: Script call stack:
	Function /Game/FirstPersonBP/Blueprints/Radial.Radial_C:Get_Circle_Brush_0

[2019.04.04-14.50.42:254][  5]LogBlueprintUserMessages: [Radial_C_0] 
[2019.04.04-14.50.42:271][  6]LogScript: Warning: Accessed None trying to read property FPHUD
	Radial_C /Engine/Transient.GameEngine_0:GameInstance_0.Radial_C_0
	Function /Game/FirstPersonBP/Blueprints/Radial.Radial_C:Get_Circle_Brush_0:00BC
[2019.04.04-14.50.42:271][  6]LogScript: Warning: Script call stack:
	Function /Game/FirstPersonBP/Blueprints/Radial.Radial_C:Get_Circle_Brush_0

[2019.04.04-14.50.42:271][  6]LogBlueprintUserMessages: [Radial_C_0] 
[2019.04.04-14.50.42:271][  6]LogScript: Warning: Accessed None trying to read property FPHUD
	Radial_C /Engine/Transient.GameEngine_0:GameInstance_0.Radial_C_0
	Function /Game/FirstPersonBP/Blueprints/Radial.Radial_C:Get_Circle_Brush_0:00BC
[2019.04.04-14.50.42:271][  6]LogScript: Warning: Script call stack:
	Function /Game/FirstPersonBP/Blueprints/Radial.Radial_C:Get_Circle_Brush_0

[2019.04.04-14.50.42:271][  6]LogBlueprintUserMessages: [Radial_C_0] 
[2019.04.04-14.50.42:287][  7]LogScript: Warning: Accessed None trying to read property FPHUD
	Radial_C /Engine/Transient.GameEngine_0:GameInstance_0.Radial_C_0
	Function /Game/FirstPersonBP/Blueprints/Radial.Radial_C:Get_Circle_Brush_0:00BC
[2019.04.04-14.50.42:288][  7]LogScript: Warning: Script call stack:
	Function /Game/FirstPersonBP/Blueprints/Radial.Radial_C:Get_Circle_Brush_0

[2019.04.04-14.50.42:288][  7]LogBlueprintUserMessages: [Radial_C_0] 
[2019.04.04-14.50.42:288][  7]LogScript: Warning: Accessed None trying to read property FPHUD
	Radial_C /Engine/Transient.GameEngine_0:GameInstance_0.Radial_C_0
	Function /Game/FirstPersonBP/Blueprints/Radial.Radial_C:Get_Circle_Brush_0:00BC
[2019.04.04-14.50.42:288][  7]LogScript: Warning: Script call stack:
	Function /Game/FirstPersonBP/Blueprints/Radial.Radial_C:Get_Circle_Brush_0

[2019.04.04-14.50.42:288][  7]LogBlueprintUserMessages: [Radial_C_0] 
[2019.04.04-14.50.42:302][  8]LogBlueprintUserMessages: [Radial_C_0] 
[2019.04.04-14.50.42:302][  8]LogBlueprintUserMessages: [Radial_C_0] 
[2019.04.04-14.50.42:318][  9]LogBlueprintUserMessages: [Radial_C_0] 
[2019.04.04-14.50.42:318][  9]LogBlueprintUserMessages: [Radial_C_0] 
[2019.04.04-14.50.42:334][ 10]LogBlueprintUserMessages: [Radial_C_0] 
[2019.04.04-14.50.42:335][ 10]LogBlueprintUserMessages: [Radial_C_0] 
[2019.04.04-14.50.42:350][ 11]LogBlueprintUserMessages: [Radial_C_0] 
[2019.04.04-14.50.42:351][ 11]LogBlueprintUserMessages: [Radial_C_0] 
[2019.04.04-14.50.42:367][ 12]LogBlueprintUserMessages: [Radial_C_0] 
[2019.04.04-14.50.42:367][ 12]LogBlueprintUserMessages: [Radial_C_0] 
[2019.04.04-14.50.42:383][ 13]LogBlueprintUserMessages: [Radial_C_0] 
[2019.04.04-14.50.42:383][ 13]LogBlueprintUserMessages: [Radial_C_0] 
[2019.04.04-14.50.42:399][ 14]LogBlueprintUserMessages: [Radial_C_0] 
[2019.04.04-14.50.42:399][ 14]LogBlueprintUserMessages: [Radial_C_0] 
[2019.04.04-14.50.42:416][ 15]LogBlueprintUserMessages: [Radial_C_0] 
[2019.04.04-14.50.42:416][ 15]LogBlueprintUserMessages: [Radial_C_0] 
[2019.04.04-14.50.42:432][ 16]LogBlueprintUserMessages: [Radial_C_0] 
[2019.04.04-14.50.42:432][ 16]LogBlueprintUserMessages: [Radial_C_0] 
[2019.04.04-14.50.42:448][ 17]LogBlueprintUserMessages: [Radial_C_0] 
[2019.04.04-14.50.42:449][ 17]LogBlueprintUserMessages: [Radial_C_0] 
[2019.04.04-14.50.42:464][ 18]LogBlueprintUserMessages: [Radial_C_0] 
[2019.04.04-14.50.42:465][ 18]LogBlueprintUserMessages: [Radial_C_0] 
[2019.04.04-14.50.42:480][ 19]LogBlueprintUserMessages: [Radial_C_0] 
[2019.04.04-14.50.42:480][ 19]LogBlueprintUserMessages: [Radial_C_0] 
[2019.04.04-14.50.42:496][ 20]LogBlueprintUserMessages: [Radial_C_0] 
[2019.04.04-14.50.42:496][ 20]LogBlueprintUserMessages: [Radial_C_0] 
[2019.04.04-14.50.42:512][ 21]LogBlueprintUserMessages: [Radial_C_0] 
[2019.04.04-14.50.42:512][ 21]LogBlueprintUserMessages: [Radial_C_0] 
[2019.04.04-14.50.42:529][ 22]LogBlueprintUserMessages: [Radial_C_0] 
[2019.04.04-14.50.42:529][ 22]LogBlueprintUserMessages: [Radial_C_0] 
[2019.04.04-14.50.42:545][ 23]LogBlueprintUserMessages: [Radial_C_0] 
[2019.04.04-14.50.42:545][ 23]LogBlueprintUserMessages: [Radial_C_0] 
[2019.04.04-14.50.42:561][ 24]LogBlueprintUserMessages: [Radial_C_0] 
[2019.04.04-14.50.42:561][ 24]LogBlueprintUserMessages: [Radial_C_0] 
[2019.04.04-14.50.42:576][ 25]LogBlueprintUserMessages: [Radial_C_0] 
[2019.04.04-14.50.42:576][ 25]LogBlueprintUserMessages: [Radial_C_0] 
[2019.04.04-14.50.42:592][ 26]LogBlueprintUserMessages: [Radial_C_0] 
[2019.04.04-14.50.42:592][ 26]LogBlueprintUserMessages: [Radial_C_0] 
[2019.04.04-14.50.42:608][ 27]LogBlueprintUserMessages: [Radial_C_0] 
[2019.04.04-14.50.42:608][ 27]LogBlueprintUserMessages: [Radial_C_0] 
[2019.04.04-14.50.42:625][ 28]LogBlueprintUserMessages: [Radial_C_0] 
[2019.04.04-14.50.42:626][ 28]LogBlueprintUserMessages: [Radial_C_0] 
[2019.04.04-14.50.42:642][ 29]LogBlueprintUserMessages: [Radial_C_0] 
[2019.04.04-14.50.42:642][ 29]LogBlueprintUserMessages: [Radial_C_0] 
[2019.04.04-14.50.42:658][ 30]LogBlueprintUserMessages: [Radial_C_0] 
[2019.04.04-14.50.42:658][ 30]LogBlueprintUserMessages: [Radial_C_0] 
[2019.04.04-14.50.42:674][ 31]LogBlueprintUserMessages: [Radial_C_0] 
[2019.04.04-14.50.42:674][ 31]LogBlueprintUserMessages: [Radial_C_0] 
[2019.04.04-14.50.42:690][ 32]LogBlueprintUserMessages: [Radial_C_0] 
[2019.04.04-14.50.42:691][ 32]LogBlueprintUserMessages: [Radial_C_0] 
[2019.04.04-14.50.42:707][ 33]LogBlueprintUserMessages: [Radial_C_0] 
[2019.04.04-14.50.42:707][ 33]LogBlueprintUserMessages: [Radial_C_0] 
[2019.04.04-14.50.42:723][ 34]LogBlueprintUserMessages: [Radial_C_0] 
[2019.04.04-14.50.42:723][ 34]LogBlueprintUserMessages: [Radial_C_0] 
[2019.04.04-14.50.42:740][ 35]LogBlueprintUserMessages: [Radial_C_0] 
[2019.04.04-14.50.42:741][ 35]LogBlueprintUserMessages: [Radial_C_0] 
[2019.04.04-14.50.42:758][ 36]LogBlueprintUserMessages: [Radial_C_0] 
[2019.04.04-14.50.42:758][ 36]LogBlueprintUserMessages: [Radial_C_0] 
[2019.04.04-14.50.42:773][ 37]LogBlueprintUserMessages: [Radial_C_0] 
[2019.04.04-14.50.42:773][ 37]LogBlueprintUserMessages: [Radial_C_0] 
[2019.04.04-14.50.42:786][ 38]LogBlueprintUserMessages: [Radial_C_0] 
[2019.04.04-14.50.42:787][ 38]LogBlueprintUserMessages: [Radial_C_0] 
[2019.04.04-14.50.42:803][ 39]LogBlueprintUserMessages: [Radial_C_0] 
[2019.04.04-14.50.42:803][ 39]LogBlueprintUserMessages: [Radial_C_0] 
[2019.04.04-14.50.42:819][ 40]LogBlueprintUserMessages: [Radial_C_0] 
[2019.04.04-14.50.42:819][ 40]LogBlueprintUserMessages: [Radial_C_0] 
[2019.04.04-14.50.42:843][ 41]LogBlueprintUserMessages: [Radial_C_0] 
[2019.04.04-14.50.42:844][ 41]LogBlueprintUserMessages: [Radial_C_0] 
[2019.04.04-14.50.42:851][ 42]LogBlueprintUserMessages: [Radial_C_0] 
[2019.04.04-14.50.42:852][ 42]LogBlueprintUserMessages: [Radial_C_0] 
[2019.04.04-14.50.42:867][ 43]LogBlueprintUserMessages: [Radial_C_0] 
[2019.04.04-14.50.42:867][ 43]LogBlueprintUserMessages: [Radial_C_0] 
[2019.04.04-14.50.42:927][ 44]LogBlueprintUserMessages: [Radial_C_0] 
[2019.04.04-14.50.42:927][ 44]LogBlueprintUserMessages: [Radial_C_0] 
[2019.04.04-14.50.42:942][ 45]LogBlueprintUserMessages: [Radial_C_0] 
[2019.04.04-14.50.42:943][ 45]LogBlueprintUserMessages: [Radial_C_0] 
[2019.04.04-14.50.42:958][ 46]LogBlueprintUserMessages: [Radial_C_0] 
[2019.04.04-14.50.42:958][ 46]LogBlueprintUserMessages: [Radial_C_0] 
[2019.04.04-14.50.42:974][ 47]LogBlueprintUserMessages: [Radial_C_0] 
[2019.04.04-14.50.42:974][ 47]LogBlueprintUserMessages: [Radial_C_0] 
[2019.04.04-14.50.42:990][ 48]LogBlueprintUserMessages: [Radial_C_0] 
[2019.04.04-14.50.42:990][ 48]LogBlueprintUserMessages: [Radial_C_0] 
[2019.04.04-14.50.43:006][ 49]LogBlueprintUserMessages: [Radial_C_0] 
[2019.04.04-14.50.43:006][ 49]LogBlueprintUserMessages: [Radial_C_0] 
[2019.04.04-14.50.43:022][ 50]LogBlueprintUserMessages: [Radial_C_0] 
[2019.04.04-14.50.43:023][ 50]LogBlueprintUserMessages: [Radial_C_0] 
[2019.04.04-14.50.43:038][ 51]LogBlueprintUserMessages: [Radial_C_0] 
[2019.04.04-14.50.43:038][ 51]LogBlueprintUserMessages: [Radial_C_0] 
[2019.04.04-14.50.43:054][ 52]LogBlueprintUserMessages: [Radial_C_0] 
[2019.04.04-14.50.43:054][ 52]LogBlueprintUserMessages: [Radial_C_0] 
[2019.04.04-14.50.43:071][ 53]LogBlueprintUserMessages: [Radial_C_0] 
[2019.04.04-14.50.43:071][ 53]LogBlueprintUserMessages: [Radial_C_0] 
[2019.04.04-14.50.43:087][ 54]LogBlueprintUserMessages: [Radial_C_0] 
[2019.04.04-14.50.43:087][ 54]LogBlueprintUserMessages: [Radial_C_0] 
[2019.04.04-14.50.43:103][ 55]LogBlueprintUserMessages: [Radial_C_0] 
[2019.04.04-14.50.43:103][ 55]LogBlueprintUserMessages: [Radial_C_0] 
[2019.04.04-14.50.43:119][ 56]LogBlueprintUserMessages: [Radial_C_0] 
[2019.04.04-14.50.43:119][ 56]LogBlueprintUserMessages: [Radial_C_0] 
[2019.04.04-14.50.43:135][ 57]LogBlueprintUserMessages: [Radial_C_0] 
[2019.04.04-14.50.43:135][ 57]LogBlueprintUserMessages: [Radial_C_0] 
[2019.04.04-14.50.43:152][ 58]LogBlueprintUserMessages: [Radial_C_0] 
[2019.04.04-14.50.43:152][ 58]LogBlueprintUserMessages: [Radial_C_0] 
[2019.04.04-14.50.43:168][ 59]LogBlueprintUserMessages: [Radial_C_0] 
[2019.04.04-14.50.43:168][ 59]LogBlueprintUserMessages: [Radial_C_0] 
[2019.04.04-14.50.43:184][ 60]LogBlueprintUserMessages: [Radial_C_0] 
[2019.04.04-14.50.43:184][ 60]LogBlueprintUserMessages: [Radial_C_0] 
[2019.04.04-14.50.43:200][ 61]LogBlueprintUserMessages: [Radial_C_0] 
[2019.04.04-14.50.43:200][ 61]LogBlueprintUserMessages: [Radial_C_0] 
[2019.04.04-14.50.43:216][ 62]LogBlueprintUserMessages: [Radial_C_0] 
[2019.04.04-14.50.43:216][ 62]LogBlueprintUserMessages: [Radial_C_0] 
[2019.04.04-14.50.43:232][ 63]LogBlueprintUserMessages: [Radial_C_0] 
[2019.04.04-14.50.43:232][ 63]LogBlueprintUserMessages: [Radial_C_0] 
[2019.04.04-14.50.43:248][ 64]LogBlueprintUserMessages: [Radial_C_0] 
[2019.04.04-14.50.43:248][ 64]LogBlueprintUserMessages: [Radial_C_0] 
[2019.04.04-14.50.43:264][ 65]LogBlueprintUserMessages: [Radial_C_0] 
[2019.04.04-14.50.43:264][ 65]LogBlueprintUserMessages: [Radial_C_0] 
[2019.04.04-14.50.43:280][ 66]LogBlueprintUserMessages: [Radial_C_0] 
[2019.04.04-14.50.43:280][ 66]LogBlueprintUserMessages: [Radial_C_0] 
[2019.04.04-14.50.43:296][ 67]LogBlueprintUserMessages: [Radial_C_0] 
[2019.04.04-14.50.43:296][ 67]LogBlueprintUserMessages: [Radial_C_0] 
[2019.04.04-14.50.43:312][ 68]LogBlueprintUserMessages: [Radial_C_0] 
[2019.04.04-14.50.43:312][ 68]LogBlueprintUserMessages: [Radial_C_0] 
[2019.04.04-14.50.43:328][ 69]LogBlueprintUserMessages: [Radial_C_0] 
[2019.04.04-14.50.43:328][ 69]LogBlueprintUserMessages: [Radial_C_0] 
[2019.04.04-14.50.43:345][ 70]LogBlueprintUserMessages: [Radial_C_0] 
[2019.04.04-14.50.43:346][ 70]LogBlueprintUserMessages: [Radial_C_0] 
[2019.04.04-14.50.43:362][ 71]LogBlueprintUserMessages: [Radial_C_0] 
[2019.04.04-14.50.43:362][ 71]LogBlueprintUserMessages: [Radial_C_0] 
[2019.04.04-14.50.43:378][ 72]LogBlueprintUserMessages: [Radial_C_0] 
[2019.04.04-14.50.43:378][ 72]LogBlueprintUserMessages: [Radial_C_0] 
[2019.04.04-14.50.43:394][ 73]LogBlueprintUserMessages: [Radial_C_0] 
[2019.04.04-14.50.43:395][ 73]LogBlueprintUserMessages: [Radial_C_0] 
[2019.04.04-14.50.43:410][ 74]LogBlueprintUserMessages: [Radial_C_0] 
[2019.04.04-14.50.43:410][ 74]LogBlueprintUserMessages: [Radial_C_0] 
[2019.04.04-14.50.43:426][ 75]LogBlueprintUserMessages: [Radial_C_0] 
[2019.04.04-14.50.43:426][ 75]LogBlueprintUserMessages: [Radial_C_0] 
[2019.04.04-14.50.43:443][ 76]LogBlueprintUserMessages: [Radial_C_0] 
[2019.04.04-14.50.43:443][ 76]LogBlueprintUserMessages: [Radial_C_0] 
[2019.04.04-14.50.43:459][ 77]LogBlueprintUserMessages: [Radial_C_0] 
[2019.04.04-14.50.43:459][ 77]LogBlueprintUserMessages: [Radial_C_0] 
[2019.04.04-14.50.43:476][ 78]LogBlueprintUserMessages: [Radial_C_0] 
[2019.04.04-14.50.43:476][ 78]LogBlueprintUserMessages: [Radial_C_0] 
[2019.04.04-14.50.43:492][ 79]LogBlueprintUserMessages: [Radial_C_0] 
[2019.04.04-14.50.43:492][ 79]LogBlueprintUserMessages: [Radial_C_0] 
[2019.04.04-14.50.43:508][ 80]LogBlueprintUserMessages: [Radial_C_0] 
[2019.04.04-14.50.43:508][ 80]LogBlueprintUserMessages: [Radial_C_0] 
[2019.04.04-14.50.43:525][ 81]LogBlueprintUserMessages: [Radial_C_0] 
[2019.04.04-14.50.43:525][ 81]LogBlueprintUserMessages: [Radial_C_0] 
[2019.04.04-14.50.43:541][ 82]LogBlueprintUserMessages: [Radial_C_0] 
[2019.04.04-14.50.43:541][ 82]LogBlueprintUserMessages: [Radial_C_0] 
[2019.04.04-14.50.43:556][ 83]LogBlueprintUserMessages: [Radial_C_0] 
[2019.04.04-14.50.43:557][ 83]LogBlueprintUserMessages: [Radial_C_0] 
[2019.04.04-14.50.43:573][ 84]LogBlueprintUserMessages: [Radial_C_0] 
[2019.04.04-14.50.43:573][ 84]LogBlueprintUserMessages: [Radial_C_0] 
[2019.04.04-14.50.43:589][ 85]LogBlueprintUserMessages: [Radial_C_0] 
[2019.04.04-14.50.43:589][ 85]LogBlueprintUserMessages: [Radial_C_0] 
[2019.04.04-14.50.43:604][ 86]LogBlueprintUserMessages: [Radial_C_0] 
[2019.04.04-14.50.43:605][ 86]LogBlueprintUserMessages: [Radial_C_0] 
[2019.04.04-14.50.43:619][ 87]LogBlueprintUserMessages: [Radial_C_0] 
[2019.04.04-14.50.43:620][ 87]LogBlueprintUserMessages: [Radial_C_0] 
[2019.04.04-14.50.43:635][ 88]LogBlueprintUserMessages: [Radial_C_0] 
[2019.04.04-14.50.43:636][ 88]LogBlueprintUserMessages: [Radial_C_0] 
[2019.04.04-14.50.43:652][ 89]LogBlueprintUserMessages: [Radial_C_0] 
[2019.04.04-14.50.43:652][ 89]LogBlueprintUserMessages: [Radial_C_0] 
[2019.04.04-14.50.43:687][ 90]LogBlueprintUserMessages: [Radial_C_0] 
[2019.04.04-14.50.43:687][ 90]LogBlueprintUserMessages: [Radial_C_0] 
[2019.04.04-14.50.43:690][ 91]LogBlueprintUserMessages: [Radial_C_0] 
[2019.04.04-14.50.43:690][ 91]LogBlueprintUserMessages: [Radial_C_0] 
[2019.04.04-14.50.43:706][ 92]LogBlueprintUserMessages: [Radial_C_0] 
[2019.04.04-14.50.43:706][ 92]LogBlueprintUserMessages: [Radial_C_0] 
[2019.04.04-14.50.43:722][ 93]LogBlueprintUserMessages: [Radial_C_0] 
[2019.04.04-14.50.43:723][ 93]LogBlueprintUserMessages: [Radial_C_0] 
[2019.04.04-14.50.43:738][ 94]LogBlueprintUserMessages: [Radial_C_0] 
[2019.04.04-14.50.43:739][ 94]LogBlueprintUserMessages: [Radial_C_0] 
[2019.04.04-14.50.43:755][ 95]LogBlueprintUserMessages: [Radial_C_0] 
[2019.04.04-14.50.43:755][ 95]LogBlueprintUserMessages: [Radial_C_0] 
[2019.04.04-14.50.43:771][ 96]LogBlueprintUserMessages: [Radial_C_0] 
[2019.04.04-14.50.43:771][ 96]LogBlueprintUserMessages: [Radial_C_0] 
[2019.04.04-14.50.43:787][ 97]LogBlueprintUserMessages: [Radial_C_0] 
[2019.04.04-14.50.43:787][ 97]LogBlueprintUserMessages: [Radial_C_0] 
[2019.04.04-14.50.43:803][ 98]LogBlueprintUserMessages: [Radial_C_0] 
[2019.04.04-14.50.43:803][ 98]LogBlueprintUserMessages: [Radial_C_0] 
[2019.04.04-14.50.43:819][ 99]LogBlueprintUserMessages: [Radial_C_0] 
[2019.04.04-14.50.43:819][ 99]LogBlueprintUserMessages: [Radial_C_0] 
[2019.04.04-14.50.43:835][100]LogBlueprintUserMessages: [Radial_C_0] 
[2019.04.04-14.50.43:836][100]LogBlueprintUserMessages: [Radial_C_0] 
[2019.04.04-14.50.43:852][101]LogBlueprintUserMessages: [Radial_C_0] 
[2019.04.04-14.50.43:852][101]LogBlueprintUserMessages: [Radial_C_0] 
[2019.04.04-14.50.43:868][102]LogBlueprintUserMessages: [Radial_C_0] 
[2019.04.04-14.50.43:868][102]LogBlueprintUserMessages: [Radial_C_0] 
[2019.04.04-14.50.43:884][103]LogBlueprintUserMessages: [Radial_C_0] 
[2019.04.04-14.50.43:884][103]LogBlueprintUserMessages: [Radial_C_0] 
[2019.04.04-14.50.43:900][104]LogBlueprintUserMessages: [Radial_C_0] 
[2019.04.04-14.50.43:901][104]LogBlueprintUserMessages: [Radial_C_0] 
[2019.04.04-14.50.43:916][105]LogBlueprintUserMessages: [Radial_C_0] 
[2019.04.04-14.50.43:917][105]LogBlueprintUserMessages: [Radial_C_0] 
[2019.04.04-14.50.44:040][106]LogScript: Warning: Runaway loop detected (over 1,000,000 iterations) - see log for stack trace
	Inventory_C /Engine/Transient.GameEngine_0:GameInstance_0.Inventory_C_0
	Function /Game/FirstPersonBP/Blueprints/Inventory.Inventory_C:Toggle:01C0
[2019.04.04-14.50.44:040][106]LogScript: Warning: Script call stack:
	Function /Game/Geometry/EnableInventory.EnableInventory_C:ReceiveActorBeginOverlap
	Function /Game/Geometry/EnableInventory.EnableInventory_C:ExecuteUbergraph_EnableInventory
	Function /Game/FirstPersonBP/Blueprints/Inventory.Inventory_C:Toggle

[2019.04.04-14.50.44:041][106]LogBlueprintUserMessages: [Radial_C_0] 
[2019.04.04-14.50.44:041][106]LogBlueprintUserMessages: [Radial_C_0] 
[2019.04.04-14.50.44:043][107]LogBlueprintUserMessages: [Radial_C_0] 
[2019.04.04-14.50.44:043][107]LogBlueprintUserMessages: [Radial_C_0] 
[2019.04.04-14.50.44:059][108]LogBlueprintUserMessages: [Radial_C_0] 
[2019.04.04-14.50.44:059][108]LogBlueprintUserMessages: [Radial_C_0] 
[2019.04.04-14.50.44:075][109]LogBlueprintUserMessages: [Radial_C_0] 
[2019.04.04-14.50.44:075][109]LogBlueprintUserMessages: [Radial_C_0] 
[2019.04.04-14.50.44:091][110]LogBlueprintUserMessages: [Radial_C_0] 
[2019.04.04-14.50.44:091][110]LogBlueprintUserMessages: [Radial_C_0] 
[2019.04.04-14.50.44:108][111]LogBlueprintUserMessages: [Radial_C_0] 
[2019.04.04-14.50.44:108][111]LogBlueprintUserMessages: [Radial_C_0] 
[2019.04.04-14.50.44:124][112]LogBlueprintUserMessages: [Radial_C_0] 
[2019.04.04-14.50.44:124][112]LogBlueprintUserMessages: [Radial_C_0] 
[2019.04.04-14.50.44:140][113]LogBlueprintUserMessages: [Radial_C_0] 
[2019.04.04-14.50.44:141][113]LogBlueprintUserMessages: [Radial_C_0] 
[2019.04.04-14.50.44:157][114]LogBlueprintUserMessages: [Radial_C_0] 
[2019.04.04-14.50.44:157][114]LogBlueprintUserMessages: [Radial_C_0] 
[2019.04.04-14.50.44:173][115]LogBlueprintUserMessages: [Radial_C_0] 
[2019.04.04-14.50.44:174][115]LogBlueprintUserMessages: [Radial_C_0] 
[2019.04.04-14.50.44:190][116]LogBlueprintUserMessages: [Radial_C_0] 
[2019.04.04-14.50.44:190][116]LogBlueprintUserMessages: [Radial_C_0] 
[2019.04.04-14.50.44:205][117]LogBlueprintUserMessages: [Radial_C_0] 
[2019.04.04-14.50.44:206][117]LogBlueprintUserMessages: [Radial_C_0] 
[2019.04.04-14.50.44:223][118]LogBlueprintUserMessages: [Radial_C_0] 
[2019.04.04-14.50.44:223][118]LogBlueprintUserMessages: [Radial_C_0] 
[2019.04.04-14.50.44:238][119]LogBlueprintUserMessages: [Radial_C_0] 
[2019.04.04-14.50.44:239][119]LogBlueprintUserMessages: [Radial_C_0] 
[2019.04.04-14.50.44:254][120]LogBlueprintUserMessages: [Radial_C_0] 
[2019.04.04-14.50.44:254][120]LogBlueprintUserMessages: [Radial_C_0] 
[2019.04.04-14.50.44:270][121]LogBlueprintUserMessages: [Radial_C_0] 
[2019.04.04-14.50.44:271][121]LogBlueprintUserMessages: [Radial_C_0] 
[2019.04.04-14.50.44:286][122]LogBlueprintUserMessages: [Radial_C_0] 
[2019.04.04-14.50.44:286][122]LogBlueprintUserMessages: [Radial_C_0] 
[2019.04.04-14.50.44:302][123]LogBlueprintUserMessages: [Radial_C_0] 
[2019.04.04-14.50.44:303][123]LogBlueprintUserMessages: [Radial_C_0] 
[2019.04.04-14.50.44:319][124]LogBlueprintUserMessages: [Radial_C_0] 
[2019.04.04-14.50.44:319][124]LogBlueprintUserMessages: [Radial_C_0] 
[2019.04.04-14.50.44:334][125]LogBlueprintUserMessages: [Radial_C_0] 
[2019.04.04-14.50.44:335][125]LogBlueprintUserMessages: [Radial_C_0] 
[2019.04.04-14.50.44:351][126]LogBlueprintUserMessages: [Radial_C_0] 
[2019.04.04-14.50.44:351][126]LogBlueprintUserMessages: [Radial_C_0] 
[2019.04.04-14.50.44:366][127]LogBlueprintUserMessages: [Radial_C_0] 
[2019.04.04-14.50.44:366][127]LogBlueprintUserMessages: [Radial_C_0] 
[2019.04.04-14.50.44:383][128]LogBlueprintUserMessages: [Radial_C_0] 
[2019.04.04-14.50.44:384][128]LogBlueprintUserMessages: [Radial_C_0] 
[2019.04.04-14.50.44:398][129]LogBlueprintUserMessages: [Radial_C_0] 
[2019.04.04-14.50.44:398][129]LogBlueprintUserMessages: [Radial_C_0] 
[2019.04.04-14.50.44:414][130]LogBlueprintUserMessages: [Radial_C_0] 
[2019.04.04-14.50.44:414][130]LogBlueprintUserMessages: [Radial_C_0] 
[2019.04.04-14.50.44:430][131]LogBlueprintUserMessages: [Radial_C_0] 
[2019.04.04-14.50.44:430][131]LogBlueprintUserMessages: [Radial_C_0] 
[2019.04.04-14.50.44:447][132]LogBlueprintUserMessages: [Radial_C_0] 
[2019.04.04-14.50.44:447][132]LogBlueprintUserMessages: [Radial_C_0] 
[2019.04.04-14.50.44:463][133]LogBlueprintUserMessages: [Radial_C_0] 
[2019.04.04-14.50.44:463][133]LogBlueprintUserMessages: [Radial_C_0] 
[2019.04.04-14.50.44:479][134]LogBlueprintUserMessages: [Radial_C_0] 
[2019.04.04-14.50.44:479][134]LogBlueprintUserMessages: [Radial_C_0] 
[2019.04.04-14.50.44:495][135]LogBlueprintUserMessages: [Radial_C_0] 
[2019.04.04-14.50.44:496][135]LogBlueprintUserMessages: [Radial_C_0] 
[2019.04.04-14.50.44:512][136]LogBlueprintUserMessages: [Radial_C_0] 
[2019.04.04-14.50.44:512][136]LogBlueprintUserMessages: [Radial_C_0] 
[2019.04.04-14.50.44:528][137]LogBlueprintUserMessages: [Radial_C_0] 
[2019.04.04-14.50.44:528][137]LogBlueprintUserMessages: [Radial_C_0] 
[2019.04.04-14.50.44:543][138]LogBlueprintUserMessages: [Radial_C_0] 
[2019.04.04-14.50.44:544][138]LogBlueprintUserMessages: [Radial_C_0] 
[2019.04.04-14.50.44:560][139]LogBlueprintUserMessages: [Radial_C_0] 
[2019.04.04-14.50.44:561][139]LogBlueprintUserMessages: [Radial_C_0] 
[2019.04.04-14.50.44:576][140]LogBlueprintUserMessages: [Radial_C_0] 
[2019.04.04-14.50.44:577][140]LogBlueprintUserMessages: [Radial_C_0] 
[2019.04.04-14.50.44:593][141]LogBlueprintUserMessages: [Radial_C_0] 
[2019.04.04-14.50.44:593][141]LogBlueprintUserMessages: [Radial_C_0] 
[2019.04.04-14.50.44:609][142]LogBlueprintUserMessages: [Radial_C_0] 
[2019.04.04-14.50.44:609][142]LogBlueprintUserMessages: [Radial_C_0] 
[2019.04.04-14.50.44:625][143]LogBlueprintUserMessages: [Radial_C_0] 
[2019.04.04-14.50.44:626][143]LogBlueprintUserMessages: [Radial_C_0] 
[2019.04.04-14.50.44:641][144]LogBlueprintUserMessages: [Radial_C_0] 
[2019.04.04-14.50.44:642][144]LogBlueprintUserMessages: [Radial_C_0] 
[2019.04.04-14.50.44:658][145]LogBlueprintUserMessages: [Radial_C_0] 
[2019.04.04-14.50.44:658][145]LogBlueprintUserMessages: [Radial_C_0] 
[2019.04.04-14.50.44:674][146]LogBlueprintUserMessages: [Radial_C_0] 
[2019.04.04-14.50.44:675][146]LogBlueprintUserMessages: [Radial_C_0] 
[2019.04.04-14.50.44:690][147]LogBlueprintUserMessages: [Radial_C_0] 
[2019.04.04-14.50.44:691][147]LogBlueprintUserMessages: [Radial_C_0] 
[2019.04.04-14.50.44:706][148]LogBlueprintUserMessages: [Radial_C_0] 
[2019.04.04-14.50.44:707][148]LogBlueprintUserMessages: [Radial_C_0] 
[2019.04.04-14.50.44:722][149]LogBlueprintUserMessages: [Radial_C_0] 
[2019.04.04-14.50.44:723][149]LogBlueprintUserMessages: [Radial_C_0] 
[2019.04.04-14.50.44:739][150]LogBlueprintUserMessages: [Radial_C_0] 
[2019.04.04-14.50.44:740][150]LogBlueprintUserMessages: [Radial_C_0] 
[2019.04.04-14.50.44:754][151]LogBlueprintUserMessages: [Radial_C_0] 
[2019.04.04-14.50.44:754][151]LogBlueprintUserMessages: [Radial_C_0] 
[2019.04.04-14.50.44:771][152]LogBlueprintUserMessages: [Radial_C_0] 
[2019.04.04-14.50.44:772][152]LogBlueprintUserMessages: [Radial_C_0] 
[2019.04.04-14.50.44:786][153]LogBlueprintUserMessages: [Radial_C_0] 
[2019.04.04-14.50.44:787][153]LogBlueprintUserMessages: [Radial_C_0] 
[2019.04.04-14.50.44:802][154]LogBlueprintUserMessages: [Radial_C_0] 
[2019.04.04-14.50.44:803][154]LogBlueprintUserMessages: [Radial_C_0] 
[2019.04.04-14.50.44:819][155]LogBlueprintUserMessages: [Radial_C_0] 
[2019.04.04-14.50.44:819][155]LogBlueprintUserMessages: [Radial_C_0] 
[2019.04.04-14.50.44:835][156]LogBlueprintUserMessages: [Radial_C_0] 
[2019.04.04-14.50.44:835][156]LogBlueprintUserMessages: [Radial_C_0] 
[2019.04.04-14.50.44:851][157]LogBlueprintUserMessages: [Radial_C_0] 
[2019.04.04-14.50.44:851][157]LogBlueprintUserMessages: [Radial_C_0] 
[2019.04.04-14.50.44:867][158]LogBlueprintUserMessages: [Radial_C_0] 
[2019.04.04-14.50.44:867][158]LogBlueprintUserMessages: [Radial_C_0] 
[2019.04.04-14.50.44:883][159]LogBlueprintUserMessages: [Radial_C_0] 
[2019.04.04-14.50.44:883][159]LogBlueprintUserMessages: [Radial_C_0] 
[2019.04.04-14.50.44:899][160]LogBlueprintUserMessages: [Radial_C_0] 
[2019.04.04-14.50.44:900][160]LogBlueprintUserMessages: [Radial_C_0] 
[2019.04.04-14.50.44:915][161]LogBlueprintUserMessages: [Radial_C_0] 
[2019.04.04-14.50.44:916][161]LogBlueprintUserMessages: [Radial_C_0] 
[2019.04.04-14.50.44:932][162]LogBlueprintUserMessages: [Radial_C_0] 
[2019.04.04-14.50.44:932][162]LogBlueprintUserMessages: [Radial_C_0] 
[2019.04.04-14.50.44:948][163]LogBlueprintUserMessages: [Radial_C_0] 
[2019.04.04-14.50.44:948][163]LogBlueprintUserMessages: [Radial_C_0] 
[2019.04.04-14.50.44:964][164]LogBlueprintUserMessages: [Radial_C_0] 
[2019.04.04-14.50.44:965][164]LogBlueprintUserMessages: [Radial_C_0] 
[2019.04.04-14.50.44:981][165]LogBlueprintUserMessages: [Radial_C_0] 
[2019.04.04-14.50.44:981][165]LogBlueprintUserMessages: [Radial_C_0] 
[2019.04.04-14.50.44:996][166]LogBlueprintUserMessages: [Radial_C_0] 
[2019.04.04-14.50.44:997][166]LogBlueprintUserMessages: [Radial_C_0] 
[2019.04.04-14.50.45:013][167]LogBlueprintUserMessages: [Radial_C_0] 
[2019.04.04-14.50.45:013][167]LogBlueprintUserMessages: [Radial_C_0] 
[2019.04.04-14.50.45:029][168]LogBlueprintUserMessages: [Radial_C_0] 
[2019.04.04-14.50.45:029][168]LogBlueprintUserMessages: [Radial_C_0] 
[2019.04.04-14.50.45:046][169]LogBlueprintUserMessages: [Radial_C_0] 
[2019.04.04-14.50.45:046][169]LogBlueprintUserMessages: [Radial_C_0] 
[2019.04.04-14.50.45:060][170]LogBlueprintUserMessages: [Radial_C_0] 
[2019.04.04-14.50.45:060][170]LogBlueprintUserMessages: [Radial_C_0] 
[2019.04.04-14.50.45:076][171]LogBlueprintUserMessages: [Radial_C_0] 
[2019.04.04-14.50.45:077][171]LogBlueprintUserMessages: [Radial_C_0] 
[2019.04.04-14.50.45:092][172]LogBlueprintUserMessages: [Radial_C_0] 
[2019.04.04-14.50.45:093][172]LogBlueprintUserMessages: [Radial_C_0] 
[2019.04.04-14.50.45:108][173]LogBlueprintUserMessages: [Radial_C_0] 
[2019.04.04-14.50.45:108][173]LogBlueprintUserMessages: [Radial_C_0] 
[2019.04.04-14.50.45:124][174]LogBlueprintUserMessages: [Radial_C_0] 
[2019.04.04-14.50.45:125][174]LogBlueprintUserMessages: [Radial_C_0] 
[2019.04.04-14.50.45:141][175]LogBlueprintUserMessages: [Radial_C_0] 
[2019.04.04-14.50.45:141][175]LogBlueprintUserMessages: [Radial_C_0] 
[2019.04.04-14.50.45:157][176]LogBlueprintUserMessages: [Radial_C_0] 
[2019.04.04-14.50.45:157][176]LogBlueprintUserMessages: [Radial_C_0] 
[2019.04.04-14.50.45:174][177]LogBlueprintUserMessages: [Radial_C_0] 
[2019.04.04-14.50.45:174][177]LogBlueprintUserMessages: [Radial_C_0] 
[2019.04.04-14.50.45:192][178]LogBlueprintUserMessages: [Radial_C_0] 
[2019.04.04-14.50.45:192][178]LogBlueprintUserMessages: [Radial_C_0] 
[2019.04.04-14.50.45:206][179]LogBlueprintUserMessages: [Radial_C_0] 
[2019.04.04-14.50.45:206][179]LogBlueprintUserMessages: [Radial_C_0] 
[2019.04.04-14.50.45:224][180]LogBlueprintUserMessages: [Radial_C_0] 
[2019.04.04-14.50.45:224][180]LogBlueprintUserMessages: [Radial_C_0] 
[2019.04.04-14.50.45:239][181]LogBlueprintUserMessages: [Radial_C_0] 
[2019.04.04-14.50.45:239][181]LogBlueprintUserMessages: [Radial_C_0] 
[2019.04.04-14.50.45:255][182]LogBlueprintUserMessages: [Radial_C_0] 
[2019.04.04-14.50.45:255][182]LogBlueprintUserMessages: [Radial_C_0] 
[2019.04.04-14.50.45:271][183]LogBlueprintUserMessages: [Radial_C_0] 
[2019.04.04-14.50.45:271][183]LogBlueprintUserMessages: [Radial_C_0] 
[2019.04.04-14.50.45:287][184]LogBlueprintUserMessages: [Radial_C_0] 
[2019.04.04-14.50.45:287][184]LogBlueprintUserMessages: [Radial_C_0] 
[2019.04.04-14.50.45:302][185]LogBlueprintUserMessages: [Radial_C_0] 
[2019.04.04-14.50.45:303][185]LogBlueprintUserMessages: [Radial_C_0] 
[2019.04.04-14.50.45:319][186]LogBlueprintUserMessages: [Radial_C_0] 
[2019.04.04-14.50.45:319][186]LogBlueprintUserMessages: [Radial_C_0] 
[2019.04.04-14.50.45:335][187]LogBlueprintUserMessages: [Radial_C_0] 
[2019.04.04-14.50.45:335][187]LogBlueprintUserMessages: [Radial_C_0] 
[2019.04.04-14.50.45:351][188]LogBlueprintUserMessages: [Radial_C_0] 
[2019.04.04-14.50.45:351][188]LogBlueprintUserMessages: [Radial_C_0] 
[2019.04.04-14.50.45:367][189]LogBlueprintUserMessages: [Radial_C_0] 
[2019.04.04-14.50.45:367][189]LogBlueprintUserMessages: [Radial_C_0] 
[2019.04.04-14.50.45:384][190]LogBlueprintUserMessages: [Radial_C_0] 
[2019.04.04-14.50.45:385][190]LogBlueprintUserMessages: [Radial_C_0] 
[2019.04.04-14.50.45:399][191]LogBlueprintUserMessages: [Radial_C_0] 
[2019.04.04-14.50.45:400][191]LogBlueprintUserMessages: [Radial_C_0] 
[2019.04.04-14.50.45:414][192]LogBlueprintUserMessages: [Radial_C_0] 
[2019.04.04-14.50.45:415][192]LogBlueprintUserMessages: [Radial_C_0] 
[2019.04.04-14.50.45:430][193]LogBlueprintUserMessages: [Radial_C_0] 
[2019.04.04-14.50.45:430][193]LogBlueprintUserMessages: [Radial_C_0] 
[2019.04.04-14.50.45:447][194]LogBlueprintUserMessages: [Radial_C_0] 
[2019.04.04-14.50.45:447][194]LogBlueprintUserMessages: [Radial_C_0] 
[2019.04.04-14.50.45:462][195]LogBlueprintUserMessages: [Radial_C_0] 
[2019.04.04-14.50.45:463][195]LogBlueprintUserMessages: [Radial_C_0] 
[2019.04.04-14.50.45:479][196]LogBlueprintUserMessages: [Radial_C_0] 
[2019.04.04-14.50.45:479][196]LogBlueprintUserMessages: [Radial_C_0] 
[2019.04.04-14.50.45:495][197]LogBlueprintUserMessages: [Radial_C_0] 
[2019.04.04-14.50.45:495][197]LogBlueprintUserMessages: [Radial_C_0] 
[2019.04.04-14.50.45:510][198]LogBlueprintUserMessages: [Radial_C_0] 
[2019.04.04-14.50.45:510][198]LogBlueprintUserMessages: [Radial_C_0] 
[2019.04.04-14.50.45:526][199]LogBlueprintUserMessages: [Radial_C_0] 
[2019.04.04-14.50.45:526][199]LogBlueprintUserMessages: [Radial_C_0] 
[2019.04.04-14.50.45:542][200]LogBlueprintUserMessages: [Radial_C_0] 
[2019.04.04-14.50.45:543][200]LogBlueprintUserMessages: [Radial_C_0] 
[2019.04.04-14.50.45:559][201]LogBlueprintUserMessages: [Radial_C_0] 
[2019.04.04-14.50.45:559][201]LogBlueprintUserMessages: [Radial_C_0] 
[2019.04.04-14.50.45:575][202]LogBlueprintUserMessages: [Radial_C_0] 
[2019.04.04-14.50.45:575][202]LogBlueprintUserMessages: [Radial_C_0] 
[2019.04.04-14.50.45:591][203]LogBlueprintUserMessages: [Radial_C_0] 
[2019.04.04-14.50.45:591][203]LogBlueprintUserMessages: [Radial_C_0] 
[2019.04.04-14.50.45:607][204]LogBlueprintUserMessages: [Radial_C_0] 
[2019.04.04-14.50.45:607][204]LogBlueprintUserMessages: [Radial_C_0] 
[2019.04.04-14.50.45:623][205]LogBlueprintUserMessages: [Radial_C_0] 
[2019.04.04-14.50.45:624][205]LogBlueprintUserMessages: [Radial_C_0] 
[2019.04.04-14.50.45:640][206]LogBlueprintUserMessages: [Radial_C_0] 
[2019.04.04-14.50.45:641][206]LogBlueprintUserMessages: [Radial_C_0] 
[2019.04.04-14.50.45:656][207]LogBlueprintUserMessages: [Radial_C_0] 
[2019.04.04-14.50.45:657][207]LogBlueprintUserMessages: [Radial_C_0] 
[2019.04.04-14.50.45:673][208]LogBlueprintUserMessages: [Radial_C_0] 
[2019.04.04-14.50.45:673][208]LogBlueprintUserMessages: [Radial_C_0] 
[2019.04.04-14.50.45:689][209]LogBlueprintUserMessages: [Radial_C_0] 
[2019.04.04-14.50.45:689][209]LogBlueprintUserMessages: [Radial_C_0] 
[2019.04.04-14.50.45:705][210]LogBlueprintUserMessages: [Radial_C_0] 
[2019.04.04-14.50.45:706][210]LogBlueprintUserMessages: [Radial_C_0] 
[2019.04.04-14.50.45:721][211]LogBlueprintUserMessages: [Radial_C_0] 
[2019.04.04-14.50.45:722][211]LogBlueprintUserMessages: [Radial_C_0] 
[2019.04.04-14.50.45:737][212]LogBlueprintUserMessages: [Radial_C_0] 
[2019.04.04-14.50.45:738][212]LogBlueprintUserMessages: [Radial_C_0] 
[2019.04.04-14.50.45:754][213]LogBlueprintUserMessages: [Radial_C_0] 
[2019.04.04-14.50.45:754][213]LogBlueprintUserMessages: [Radial_C_0] 
[2019.04.04-14.50.45:770][214]LogBlueprintUserMessages: [Radial_C_0] 
[2019.04.04-14.50.45:771][214]LogBlueprintUserMessages: [Radial_C_0] 
[2019.04.04-14.50.45:786][215]LogBlueprintUserMessages: [Radial_C_0] 
[2019.04.04-14.50.45:786][215]LogBlueprintUserMessages: [Radial_C_0] 
[2019.04.04-14.50.45:803][216]LogBlueprintUserMessages: [Radial_C_0] 
[2019.04.04-14.50.45:804][216]LogBlueprintUserMessages: [Radial_C_0] 
[2019.04.04-14.50.45:818][217]LogBlueprintUserMessages: [Radial_C_0] 
[2019.04.04-14.50.45:819][217]LogBlueprintUserMessages: [Radial_C_0] 
[2019.04.04-14.50.45:834][218]LogBlueprintUserMessages: [Radial_C_0] 
[2019.04.04-14.50.45:834][218]LogBlueprintUserMessages: [Radial_C_0] 
[2019.04.04-14.50.45:851][219]LogBlueprintUserMessages: [Radial_C_0] 
[2019.04.04-14.50.45:852][219]LogBlueprintUserMessages: [Radial_C_0] 
[2019.04.04-14.50.45:868][220]LogBlueprintUserMessages: [Radial_C_0] 
[2019.04.04-14.50.45:868][220]LogBlueprintUserMessages: [Radial_C_0] 
[2019.04.04-14.50.45:882][221]LogBlueprintUserMessages: [Radial_C_0] 
[2019.04.04-14.50.45:883][221]LogBlueprintUserMessages: [Radial_C_0] 
[2019.04.04-14.50.45:898][222]LogBlueprintUserMessages: [Radial_C_0] 
[2019.04.04-14.50.45:899][222]LogBlueprintUserMessages: [Radial_C_0] 
[2019.04.04-14.50.45:915][223]LogBlueprintUserMessages: [Radial_C_0] 
[2019.04.04-14.50.45:916][223]LogBlueprintUserMessages: [Radial_C_0] 
[2019.04.04-14.50.45:931][224]LogBlueprintUserMessages: [Radial_C_0] 
[2019.04.04-14.50.45:932][224]LogBlueprintUserMessages: [Radial_C_0] 
[2019.04.04-14.50.45:947][225]LogBlueprintUserMessages: [Radial_C_0] 
[2019.04.04-14.50.45:948][225]LogBlueprintUserMessages: [Radial_C_0] 
[2019.04.04-14.50.45:964][226]LogBlueprintUserMessages: [Radial_C_0] 
[2019.04.04-14.50.45:964][226]LogBlueprintUserMessages: [Radial_C_0] 
[2019.04.04-14.50.45:980][227]LogBlueprintUserMessages: [Radial_C_0] 
[2019.04.04-14.50.45:980][227]LogBlueprintUserMessages: [Radial_C_0] 
[2019.04.04-14.50.45:996][228]LogBlueprintUserMessages: [Radial_C_0] 
[2019.04.04-14.50.45:996][228]LogBlueprintUserMessages: [Radial_C_0] 
[2019.04.04-14.50.46:012][229]LogBlueprintUserMessages: [Radial_C_0] 
[2019.04.04-14.50.46:013][229]LogBlueprintUserMessages: [Radial_C_0] 
[2019.04.04-14.50.46:028][230]LogBlueprintUserMessages: [Radial_C_0] 
[2019.04.04-14.50.46:029][230]LogBlueprintUserMessages: [Radial_C_0] 
[2019.04.04-14.50.46:045][231]LogBlueprintUserMessages: [Radial_C_0] 
[2019.04.04-14.50.46:045][231]LogBlueprintUserMessages: [Radial_C_0] 
[2019.04.04-14.50.46:061][232]LogBlueprintUserMessages: [Radial_C_0] 
[2019.04.04-14.50.46:061][232]LogBlueprintUserMessages: [Radial_C_0] 
[2019.04.04-14.50.46:077][233]LogBlueprintUserMessages: [Radial_C_0] 
[2019.04.04-14.50.46:077][233]LogBlueprintUserMessages: [Radial_C_0] 
[2019.04.04-14.50.46:093][234]LogBlueprintUserMessages: [Radial_C_0] 
[2019.04.04-14.50.46:093][234]LogBlueprintUserMessages: [Radial_C_0] 
[2019.04.04-14.50.46:108][235]LogBlueprintUserMessages: [Radial_C_0] 
[2019.04.04-14.50.46:109][235]LogBlueprintUserMessages: [Radial_C_0] 
[2019.04.04-14.50.46:125][236]LogBlueprintUserMessages: [Radial_C_0] 
[2019.04.04-14.50.46:125][236]LogBlueprintUserMessages: [Radial_C_0] 
[2019.04.04-14.50.46:141][237]LogBlueprintUserMessages: [Radial_C_0] 
[2019.04.04-14.50.46:142][237]LogBlueprintUserMessages: [Radial_C_0] 
[2019.04.04-14.50.46:157][238]LogBlueprintUserMessages: [Radial_C_0] 
[2019.04.04-14.50.46:158][238]LogBlueprintUserMessages: [Radial_C_0] 
[2019.04.04-14.50.46:174][239]LogBlueprintUserMessages: [Radial_C_0] 
[2019.04.04-14.50.46:174][239]LogBlueprintUserMessages: [Radial_C_0] 
[2019.04.04-14.50.46:191][240]LogBlueprintUserMessages: [Radial_C_0] 
[2019.04.04-14.50.46:192][240]LogBlueprintUserMessages: [Radial_C_0] 
[2019.04.04-14.50.46:207][241]LogBlueprintUserMessages: [Radial_C_0] 
[2019.04.04-14.50.46:207][241]LogBlueprintUserMessages: [Radial_C_0] 
[2019.04.04-14.50.46:223][242]LogBlueprintUserMessages: [Radial_C_0] 
[2019.04.04-14.50.46:224][242]LogBlueprintUserMessages: [Radial_C_0] 
[2019.04.04-14.50.46:238][243]LogBlueprintUserMessages: [Radial_C_0] 
[2019.04.04-14.50.46:238][243]LogBlueprintUserMessages: [Radial_C_0] 
[2019.04.04-14.50.46:254][244]LogBlueprintUserMessages: [Radial_C_0] 
[2019.04.04-14.50.46:255][244]LogBlueprintUserMessages: [Radial_C_0] 
[2019.04.04-14.50.46:270][245]LogBlueprintUserMessages: [Radial_C_0] 
[2019.04.04-14.50.46:270][245]LogBlueprintUserMessages: [Radial_C_0] 
[2019.04.04-14.50.46:286][246]LogBlueprintUserMessages: [Radial_C_0] 
[2019.04.04-14.50.46:286][246]LogBlueprintUserMessages: [Radial_C_0] 
[2019.04.04-14.50.46:302][247]LogBlueprintUserMessages: [Radial_C_0] 
[2019.04.04-14.50.46:303][247]LogBlueprintUserMessages: [Radial_C_0] 
[2019.04.04-14.50.46:318][248]LogBlueprintUserMessages: [Radial_C_0] 
[2019.04.04-14.50.46:318][248]LogBlueprintUserMessages: [Radial_C_0] 
[2019.04.04-14.50.46:334][249]LogBlueprintUserMessages: [Radial_C_0] 
[2019.04.04-14.50.46:334][249]LogBlueprintUserMessages: [Radial_C_0] 
[2019.04.04-14.50.46:351][250]LogBlueprintUserMessages: [Radial_C_0] 
[2019.04.04-14.50.46:351][250]LogBlueprintUserMessages: [Radial_C_0] 
[2019.04.04-14.50.46:366][251]LogBlueprintUserMessages: [Radial_C_0] 
[2019.04.04-14.50.46:367][251]LogBlueprintUserMessages: [Radial_C_0] 
[2019.04.04-14.50.46:383][252]LogBlueprintUserMessages: [Radial_C_0] 
[2019.04.04-14.50.46:383][252]LogBlueprintUserMessages: [Radial_C_0] 
[2019.04.04-14.50.46:399][253]LogBlueprintUserMessages: [Radial_C_0] 
[2019.04.04-14.50.46:399][253]LogBlueprintUserMessages: [Radial_C_0] 
[2019.04.04-14.50.46:416][254]LogBlueprintUserMessages: [Radial_C_0] 
[2019.04.04-14.50.46:417][254]LogBlueprintUserMessages: [Radial_C_0] 
[2019.04.04-14.50.46:432][255]LogBlueprintUserMessages: [Radial_C_0] 
[2019.04.04-14.50.46:433][255]LogBlueprintUserMessages: [Radial_C_0] 
[2019.04.04-14.50.46:446][256]LogBlueprintUserMessages: [Radial_C_0] 
[2019.04.04-14.50.46:446][256]LogBlueprintUserMessages: [Radial_C_0] 
[2019.04.04-14.50.46:462][257]LogBlueprintUserMessages: [Radial_C_0] 
[2019.04.04-14.50.46:463][257]LogBlueprintUserMessages: [Radial_C_0] 
[2019.04.04-14.50.46:479][258]LogBlueprintUserMessages: [Radial_C_0] 
[2019.04.04-14.50.46:479][258]LogBlueprintUserMessages: [Radial_C_0] 
[2019.04.04-14.50.46:495][259]LogBlueprintUserMessages: [Radial_C_0] 
[2019.04.04-14.50.46:495][259]LogBlueprintUserMessages: [Radial_C_0] 
[2019.04.04-14.50.46:511][260]LogBlueprintUserMessages: [Radial_C_0] 
[2019.04.04-14.50.46:511][260]LogBlueprintUserMessages: [Radial_C_0] 
[2019.04.04-14.50.46:527][261]LogBlueprintUserMessages: [Radial_C_0] 
[2019.04.04-14.50.46:528][261]LogBlueprintUserMessages: [Radial_C_0] 
[2019.04.04-14.50.46:543][262]LogBlueprintUserMessages: [Radial_C_0] 
[2019.04.04-14.50.46:543][262]LogBlueprintUserMessages: [Radial_C_0] 
[2019.04.04-14.50.46:559][263]LogBlueprintUserMessages: [Radial_C_0] 
[2019.04.04-14.50.46:560][263]LogBlueprintUserMessages: [Radial_C_0] 
[2019.04.04-14.50.46:576][264]LogBlueprintUserMessages: [Radial_C_0] 
[2019.04.04-14.50.46:576][264]LogBlueprintUserMessages: [Radial_C_0] 
[2019.04.04-14.50.46:592][265]LogBlueprintUserMessages: [Radial_C_0] 
[2019.04.04-14.50.46:592][265]LogBlueprintUserMessages: [Radial_C_0] 
[2019.04.04-14.50.46:608][266]LogBlueprintUserMessages: [Radial_C_0] 
[2019.04.04-14.50.46:608][266]LogBlueprintUserMessages: [Radial_C_0] 
[2019.04.04-14.50.46:624][267]LogBlueprintUserMessages: [Radial_C_0] 
[2019.04.04-14.50.46:624][267]LogBlueprintUserMessages: [Radial_C_0] 
[2019.04.04-14.50.46:640][268]LogBlueprintUserMessages: [Radial_C_0] 
[2019.04.04-14.50.46:640][268]LogBlueprintUserMessages: [Radial_C_0] 
[2019.04.04-14.50.46:656][269]LogBlueprintUserMessages: [Radial_C_0] 
[2019.04.04-14.50.46:656][269]LogBlueprintUserMessages: [Radial_C_0] 
[2019.04.04-14.50.46:673][270]LogBlueprintUserMessages: [Radial_C_0] 
[2019.04.04-14.50.46:673][270]LogBlueprintUserMessages: [Radial_C_0] 
[2019.04.04-14.50.46:688][271]LogBlueprintUserMessages: [Radial_C_0] 
[2019.04.04-14.50.46:689][271]LogBlueprintUserMessages: [Radial_C_0] 
[2019.04.04-14.50.46:705][272]LogBlueprintUserMessages: [Radial_C_0] 
[2019.04.04-14.50.46:705][272]LogBlueprintUserMessages: [Radial_C_0] 
[2019.04.04-14.50.46:721][273]LogSlate: FSceneViewport::OnFocusLost() reason 0
[2019.04.04-14.50.46:723][273]LogBlueprintUserMessages: [Radial_C_0] 
[2019.04.04-14.50.46:723][273]LogBlueprintUserMessages: [Radial_C_0] 
[2019.04.04-14.50.46:737][274]LogBlueprintUserMessages: [Radial_C_0] 
[2019.04.04-14.50.46:738][274]LogBlueprintUserMessages: [Radial_C_0] 
[2019.04.04-14.50.46:753][275]LogBlueprintUserMessages: [Radial_C_0] 
[2019.04.04-14.50.46:754][275]LogBlueprintUserMessages: [Radial_C_0] 
[2019.04.04-14.50.46:768][276]Closing by request
[2019.04.04-14.50.46:791][276]LogWindows: FPlatformMisc::RequestExit(0)
[2019.04.04-14.50.46:792][276]LogBlueprintUserMessages: [Radial_C_0] 
[2019.04.04-14.50.46:792][276]LogBlueprintUserMessages: [Radial_C_0] 
[2019.04.04-14.50.46:989][277]LogSlate: Window 'KV6002 (64-bit Development PCD3D_SM5) ' being destroyed
[2019.04.04-14.50.46:990][277]LogWindowsTextInputMethodSystem: Display: IME system now deactivated.
[2019.04.04-14.50.46:993][277]LogWindowsTextInputMethodSystem: Display: IME system now deactivated.
[2019.04.04-14.50.46:995][277]LogExit: Preparing to exit.
[2019.04.04-14.50.46:995][277]LogMoviePlayer: Shutting down movie player
[2019.04.04-14.50.47:634][277]LogSlate: Updating window title bar state: overlay mode, drag disabled, window buttons hidden, title bar hidden
[2019.04.04-14.50.47:648][277]LogExit: Game engine shut down
[2019.04.04-14.50.47:952][277]LogExit: Object subsystem successfully closed.
[2019.04.04-14.50.47:966][277]LogShaderCompilers: Display: Shaders left to compile 0
[2019.04.04-14.50.47:969][277]LogD3D11RHI: Shutdown
[2019.04.04-14.50.47:969][277]LogD3D11RHI: CleanupD3DDevice
[2019.04.04-14.50.47:970][277]LogD3D11RHI: ~FD3D11DynamicRHI
[2019.04.04-14.50.47:979][277]LogModuleManager: Shutting down and abandoning module SequenceRecorderSections (376)
[2019.04.04-14.50.47:979][277]LogModuleManager: Shutting down and abandoning module SequenceRecorder (374)
[2019.04.04-14.50.47:979][277]LogModuleManager: Shutting down and abandoning module AutomationController (372)
[2019.04.04-14.50.47:979][277]LogModuleManager: Shutting down and abandoning module AutomationWorker (370)
[2019.04.04-14.50.47:979][277]LogModuleManager: Shutting down and abandoning module Voice (368)
[2019.04.04-14.50.47:979][277]LogModuleManager: Shutting down and abandoning module AIModule (366)
[2019.04.04-14.50.47:979][277]LogModuleManager: Shutting down and abandoning module GameplayDebugger (365)
[2019.04.04-14.50.47:979][277]LogModuleManager: Shutting down and abandoning module AITestSuite (363)
[2019.04.04-14.50.47:979][277]LogModuleManager: Shutting down and abandoning module NavigationSystem (361)
[2019.04.04-14.50.47:979][277]LogModuleManager: Shutting down and abandoning module WmfMediaFactory (358)
[2019.04.04-14.50.47:979][277]LogModuleManager: Shutting down and abandoning module OpenExrWrapper (356)
[2019.04.04-14.50.47:979][277]LogModuleManager: Shutting down and abandoning module ImgMediaFactory (354)
[2019.04.04-14.50.47:979][277]LogModuleManager: Shutting down and abandoning module AvfMediaFactory (352)
[2019.04.04-14.50.47:979][277]LogModuleManager: Shutting down and abandoning module MagicLeapCameraPreviewFactory (350)
[2019.04.04-14.50.47:979][277]LogModuleManager: Shutting down and abandoning module MagicLeapMediaFactory (348)
[2019.04.04-14.50.47:979][277]LogModuleManager: Shutting down and abandoning module CharacterAI (346)
[2019.04.04-14.50.47:979][277]LogModuleManager: Shutting down and abandoning module SessionServices (344)
[2019.04.04-14.50.47:979][277]LogModuleManager: Shutting down and abandoning module MovieSceneCapture (342)
[2019.04.04-14.50.47:979][277]LogModuleManager: Shutting down and abandoning module MovieSceneTracks (340)
[2019.04.04-14.50.47:979][277]LogModuleManager: Shutting down and abandoning module MovieScene (338)
[2019.04.04-14.50.47:979][277]LogModuleManager: Shutting down and abandoning module StreamingPauseRendering (336)
[2019.04.04-14.50.47:979][277]LogModuleManager: Shutting down and abandoning module PortalServices (334)
[2019.04.04-14.50.47:979][277]LogModuleManager: Shutting down and abandoning module PortalRpc (332)
[2019.04.04-14.50.47:979][277]LogModuleManager: Shutting down and abandoning module MessagingRpc (330)
[2019.04.04-14.50.47:979][277]LogModuleManager: Shutting down and abandoning module ProfilerService (328)
[2019.04.04-14.50.48:165][277]LogModuleManager: Shutting down and abandoning module TaskGraph (326)
[2019.04.04-14.50.48:165][277]LogModuleManager: Shutting down and abandoning module SteamVRController (324)
[2019.04.04-14.50.48:165][277]LogModuleManager: Shutting down and abandoning module ProceduralMeshComponent (322)
[2019.04.04-14.50.48:165][277]LogModuleManager: Shutting down and abandoning module OculusInput (320)
[2019.04.04-14.50.48:165][277]LogModuleManager: Shutting down and abandoning module MobilePatchingUtils (318)
[2019.04.04-14.50.48:165][277]LogModuleManager: Shutting down and abandoning module EditableMesh (316)
[2019.04.04-14.50.48:165][277]LogModuleManager: Shutting down and abandoning module CustomMeshComponent (314)
[2019.04.04-14.50.48:165][277]LogModuleManager: Shutting down and abandoning module CableComponent (312)
[2019.04.04-14.50.48:165][277]LogModuleManager: Shutting down and abandoning module AudioCapture (310)
[2019.04.04-14.50.48:165][277]LogModuleManager: Shutting down and abandoning module ArchVisCharacter (308)
[2019.04.04-14.50.48:165][277]LogModuleManager: Shutting down and abandoning module AndroidPermission (306)
[2019.04.04-14.50.48:165][277]LogModuleManager: Shutting down and abandoning module NUTUnrealEngine4 (304)
[2019.04.04-14.50.48:165][277]LogModuleManager: Shutting down and abandoning module NetcodeUnitTest (302)
[2019.04.04-14.50.48:165][277]LogModuleManager: Shutting down and abandoning module MediaCompositing (300)
[2019.04.04-14.50.48:165][277]LogModuleManager: Shutting down and abandoning module LinearTimecode (298)
[2019.04.04-14.50.48:165][277]LogModuleManager: Shutting down and abandoning module ImgMedia (296)
[2019.04.04-14.50.48:168][277]LogModuleManager: Shutting down and abandoning module HTML5Networking (294)
[2019.04.04-14.50.48:168][277]LogModuleManager: Shutting down and abandoning module GeometryCacheTracks (292)
[2019.04.04-14.50.48:168][277]LogModuleManager: Shutting down and abandoning module GeometryCacheSequencer (291)
[2019.04.04-14.50.48:168][277]LogModuleManager: Shutting down and abandoning module GeometryCache (288)
[2019.04.04-14.50.48:168][277]LogModuleManager: Shutting down and abandoning module GeometryCacheEd (287)
[2019.04.04-14.50.48:168][277]LogModuleManager: Shutting down and abandoning module BackChannel (284)
[2019.04.04-14.50.48:168][277]LogModuleManager: Shutting down and abandoning module AppleVision (282)
[2019.04.04-14.50.48:168][277]LogModuleManager: Shutting down and abandoning module AppleImageUtils (280)
[2019.04.04-14.50.48:168][277]LogModuleManager: Shutting down and abandoning module DatasmithContent (278)
[2019.04.04-14.50.48:169][277]LogModuleManager: Shutting down and abandoning module CryptoKeysOpenSSL (276)
[2019.04.04-14.50.48:169][277]LogModuleManager: Shutting down and abandoning module CryptoKeys (274)
[2019.04.04-14.50.48:169][277]LogModuleManager: Shutting down and abandoning module VisualStudioSourceCodeAccess (272)
[2019.04.04-14.50.48:169][277]LogModuleManager: Shutting down and abandoning module HotReload (271)
[2019.04.04-14.50.48:169][277]LogModuleManager: Shutting down and abandoning module DirectoryWatcher (270)
[2019.04.04-14.50.48:169][277]LogModuleManager: Shutting down and abandoning module VisualStudioCodeSourceCodeAccess (266)
[2019.04.04-14.50.48:169][277]LogModuleManager: Shutting down and abandoning module UObjectPlugin (264)
[2019.04.04-14.50.48:169][277]LogModuleManager: Shutting down and abandoning module SubversionSourceControl (262)
[2019.04.04-14.50.48:169][277]LogModuleManager: Shutting down and abandoning module PerforceSourceControl (260)
[2019.04.04-14.50.48:169][277]LogModuleManager: Shutting down and abandoning module SourceControl (259)
[2019.04.04-14.50.48:169][277]LogModuleManager: Shutting down and abandoning module CLionSourceCodeAccess (256)
[2019.04.04-14.50.48:169][277]LogModuleManager: Shutting down and abandoning module RuntimePhysXCooking (254)
[2019.04.04-14.50.48:169][277]LogModuleManager: Shutting down and abandoning module PhysXVehiclesEditor (252)
[2019.04.04-14.50.48:169][277]LogModuleManager: Shutting down and abandoning module PhysXVehicles (250)
[2019.04.04-14.50.48:169][277]LogModuleManager: Shutting down and abandoning module LocationServicesBPLibrary (248)
[2019.04.04-14.50.48:169][277]LogModuleManager: Shutting down and abandoning module ImmediatePhysicsEditor (246)
[2019.04.04-14.50.48:169][277]LogModuleManager: Shutting down and abandoning module ImmediatePhysics (244)
[2019.04.04-14.50.48:169][277]LogModuleManager: Shutting down and abandoning module ActorSequence (242)
[2019.04.04-14.50.48:169][277]LogModuleManager: Shutting down and abandoning module UdpMessaging (240)
[2019.04.04-14.50.48:270][277]LogModuleManager: Shutting down and abandoning module TcpMessaging (238)
[2019.04.04-14.50.48:599][277]LogModuleManager: Shutting down and abandoning module MagicLeapAudio (236)
[2019.04.04-14.50.48:599][277]LogModuleManager: Shutting down and abandoning module GameplayTagsEditor (234)
[2019.04.04-14.50.48:599][277]LogModuleManager: Shutting down and abandoning module FacialAnimation (232)
[2019.04.04-14.50.48:599][277]LogModuleManager: Shutting down and abandoning module DataValidation (230)
[2019.04.04-14.50.48:599][277]LogModuleManager: Shutting down and abandoning module AssetManagerEditor (228)
[2019.04.04-14.50.48:599][277]LogModuleManager: Shutting down and abandoning module TreeMap (227)
[2019.04.04-14.50.48:599][277]LogModuleManager: Shutting down and abandoning module LightPropagationVolumeRuntime (224)
[2019.04.04-14.50.48:599][277]LogModuleManager: Shutting down and abandoning module AISupportModule (222)
[2019.04.04-14.50.48:599][277]LogModuleManager: Shutting down and abandoning module Paper2D (220)
[2019.04.04-14.50.48:599][277]LogModuleManager: Shutting down and abandoning module PIEPreviewDeviceProfileSelector (218)
[2019.04.04-14.50.48:599][277]LogModuleManager: Shutting down and abandoning module WindowsMoviePlayer (216)
[2019.04.04-14.50.48:599][277]LogModuleManager: Shutting down and abandoning module WmfMedia (214)
[2019.04.04-14.50.48:600][277]LogModuleManager: Shutting down and abandoning module Media (213)
[2019.04.04-14.50.48:606][277]LogModuleManager: Shutting down and abandoning module PacketHandler (210)
[2019.04.04-14.50.48:606][277]LogModuleManager: Shutting down and abandoning module ClothingSystemEditor (208)
[2019.04.04-14.50.48:606][277]LogModuleManager: Shutting down and abandoning module ClothingSystemRuntime (206)
[2019.04.04-14.50.48:606][277]LogModuleManager: Shutting down and abandoning module MediaAssets (204)
[2019.04.04-14.50.48:606][277]LogModuleManager: Shutting down and abandoning module Overlay (202)
[2019.04.04-14.50.48:606][277]LogModuleManager: Shutting down and abandoning module OverlayEditor (201)
[2019.04.04-14.50.48:606][277]LogModuleManager: Shutting down and abandoning module VREditor (198)
[2019.04.04-14.50.48:606][277]LogModuleManager: Shutting down and abandoning module StringTableEditor (196)
[2019.04.04-14.50.48:606][277]LogModuleManager: Shutting down and abandoning module GameplayTasksEditor (194)
[2019.04.04-14.50.48:606][277]LogModuleManager: Shutting down and abandoning module BehaviorTreeEditor (192)
[2019.04.04-14.50.48:606][277]LogModuleManager: Shutting down and abandoning module FunctionalTesting (190)
[2019.04.04-14.50.48:606][277]LogModuleManager: Shutting down and abandoning module CollisionAnalyzer (188)
[2019.04.04-14.50.48:606][277]LogModuleManager: Shutting down and abandoning module WorkspaceMenuStructure (187)
[2019.04.04-14.50.48:606][277]LogModuleManager: Shutting down and abandoning module UMG (184)
[2019.04.04-14.50.48:606][277]LogModuleManager: Shutting down and abandoning module UMGEditor (183)
[2019.04.04-14.50.48:606][277]LogModuleManager: Shutting down and abandoning module Sequencer (182)
[2019.04.04-14.50.48:606][277]LogModuleManager: Shutting down and abandoning module MessageLog (179)
[2019.04.04-14.50.48:606][277]LogModuleManager: Shutting down and abandoning module SlateReflector (174)
[2019.04.04-14.50.48:606][277]LogModuleManager: Shutting down and abandoning module Slate (172)
[2019.04.04-14.50.48:606][277]LogModuleManager: Shutting down and abandoning module EditorStyle (170)
[2019.04.04-14.50.48:607][277]LogModuleManager: Shutting down and abandoning module MRMesh (168)
[2019.04.04-14.50.48:607][277]LogModuleManager: Shutting down and abandoning module Messaging (166)
[2019.04.04-14.50.48:607][277]LogModuleManager: Shutting down and abandoning module SourceCodeAccess (164)
[2019.04.04-14.50.48:607][277]LogModuleManager: Shutting down and abandoning module HeadMountedDisplay (162)
[2019.04.04-14.50.48:607][277]LogModuleManager: Shutting down and abandoning module XAudio2 (160)
[2019.04.04-14.50.48:607][277]LogModuleManager: Shutting down and abandoning module Networking (158)
[2019.04.04-14.50.48:607][277]LogModuleManager: Shutting down and abandoning module Core (156)
[2019.04.04-14.50.48:607][277]LogModuleManager: Shutting down and abandoning module LevelSequence (154)
[2019.04.04-14.50.48:607][277]LogModuleManager: Shutting down and abandoning module KismetCompiler (152)
[2019.04.04-14.50.48:607][277]LogModuleManager: Shutting down and abandoning module MeshUtilities (150)
[2019.04.04-14.50.48:607][277]LogModuleManager: Shutting down and abandoning module MeshMergeUtilities (149)
[2019.04.04-14.50.48:607][277]LogModuleManager: Shutting down and abandoning module MeshReductionInterface (148)
[2019.04.04-14.50.48:607][277]LogModuleManager: Shutting down and abandoning module SimplygonSwarm (147)
[2019.04.04-14.50.48:607][277]LogModuleManager: Shutting down and abandoning module ProxyLODMeshReduction (145)
[2019.04.04-14.50.48:607][277]LogModuleManager: Shutting down and abandoning module SimplygonMeshReduction (143)
[2019.04.04-14.50.48:607][277]LogModuleManager: Shutting down and abandoning module QuadricMeshReduction (141)
[2019.04.04-14.50.48:607][277]LogModuleManager: Shutting down and abandoning module MaterialBaking (137)
[2019.04.04-14.50.48:607][277]LogModuleManager: Shutting down and abandoning module DerivedDataCache (132)
[2019.04.04-14.50.49:039][277]LogDerivedDataCache: Shutdown
[2019.04.04-14.50.49:039][277]LogModuleManager: Shutting down and abandoning module XGEController (130)
[2019.04.04-14.50.49:039][277]LogModuleManager: Shutting down and abandoning module TargetPlatform (128)
[2019.04.04-14.50.49:039][277]LogModuleManager: Shutting down and abandoning module VulkanShaderFormat (127)
[2019.04.04-14.50.49:039][277]LogModuleManager: Shutting down and abandoning module ShaderFormatVectorVM (125)
[2019.04.04-14.50.49:039][277]LogModuleManager: Shutting down and abandoning module ShaderFormatOpenGL (123)
[2019.04.04-14.50.49:039][277]LogModuleManager: Shutting down and abandoning module ShaderFormatD3D (121)
[2019.04.04-14.50.49:039][277]LogModuleManager: Shutting down and abandoning module MetalShaderFormat (119)
[2019.04.04-14.50.49:039][277]LogModuleManager: Shutting down and abandoning module TextureFormatUncompressed (117)
[2019.04.04-14.50.49:039][277]LogModuleManager: Shutting down and abandoning module TextureFormatPVR (115)
[2019.04.04-14.50.49:039][277]LogModuleManager: Shutting down and abandoning module TextureFormatDXT (113)
[2019.04.04-14.50.49:039][277]LogModuleManager: Shutting down and abandoning module TextureFormatIntelISPCTexComp (111)
[2019.04.04-14.50.49:039][277]LogModuleManager: Shutting down and abandoning module TextureFormatASTC (109)
[2019.04.04-14.50.49:039][277]LogModuleManager: Shutting down and abandoning module ImageWrapper (108)
[2019.04.04-14.50.49:039][277]LogModuleManager: Shutting down and abandoning module TextureFormatAndroid (105)
[2019.04.04-14.50.49:039][277]LogModuleManager: Shutting down and abandoning module AudioFormatOpus (103)
[2019.04.04-14.50.49:039][277]LogModuleManager: Shutting down and abandoning module AudioFormatOgg (101)
[2019.04.04-14.50.49:039][277]LogModuleManager: Shutting down and abandoning module AudioFormatADPCM (99)
[2019.04.04-14.50.49:039][277]LogModuleManager: Shutting down and abandoning module WindowsTargetPlatform (97)
[2019.04.04-14.50.49:039][277]LogModuleManager: Shutting down and abandoning module WindowsServerTargetPlatform (95)
[2019.04.04-14.50.49:039][277]LogModuleManager: Shutting down and abandoning module WindowsNoEditorTargetPlatform (93)
[2019.04.04-14.50.49:039][277]LogModuleManager: Shutting down and abandoning module WindowsClientTargetPlatform (91)
[2019.04.04-14.50.49:040][277]LogModuleManager: Shutting down and abandoning module InputCore (88)
[2019.04.04-14.50.49:040][277]LogModuleManager: Shutting down and abandoning module Settings (86)
[2019.04.04-14.50.49:040][277]LogModuleManager: Shutting down and abandoning module PhysXCooking (84)
[2019.04.04-14.50.49:040][277]LogModuleManager: Shutting down and abandoning module SteamVR (82)
[2019.04.04-14.50.49:040][277]LogModuleManager: Shutting down and abandoning module OculusHMD (80)
[2019.04.04-14.50.49:040][277]LogModuleManager: Shutting down and abandoning module ExampleDeviceProfileSelector (78)
[2019.04.04-14.50.49:040][277]LogModuleManager: Shutting down and abandoning module LauncherChunkInstaller (76)
[2019.04.04-14.50.49:040][277]LogModuleManager: Shutting down and abandoning module OnlineBlueprintSupport (74)
[2019.04.04-14.50.49:040][277]LogModuleManager: Shutting down and abandoning module OnlineSubsystem (70)
[2019.04.04-14.50.49:040][277]LogModuleManager: Shutting down and abandoning module XMPP (65)
[2019.04.04-14.50.49:040][277]LogModuleManager: Shutting down and abandoning module WebSockets (64)
[2019.04.04-14.50.49:042][277]LogModuleManager: Shutting down and abandoning module HTTP (61)
[2019.04.04-14.50.49:063][277]LogModuleManager: Shutting down and abandoning module SSL (60)
[2019.04.04-14.50.49:064][277]LogModuleManager: Shutting down and abandoning module MagicLeapEmulator (56)
[2019.04.04-14.50.49:064][277]LogModuleManager: Shutting down and abandoning module MagicLeapPrivileges (54)
[2019.04.04-14.50.49:064][277]LogModuleManager: Shutting down and abandoning module MagicLeapIdentity (52)
[2019.04.04-14.50.49:064][277]LogModuleManager: Shutting down and abandoning module MagicLeapHelperVulkan (50)
[2019.04.04-14.50.49:064][277]LogModuleManager: Shutting down and abandoning module MagicLeapHelperOpenGL (48)
[2019.04.04-14.50.49:064][277]LogModuleManager: Shutting down and abandoning module MagicLeapSecureStorage (46)
[2019.04.04-14.50.49:064][277]LogModuleManager: Shutting down and abandoning module MagicLeapGestures (44)
[2019.04.04-14.50.49:064][277]LogModuleManager: Shutting down and abandoning module MagicLeapEyeTracker (42)
[2019.04.04-14.50.49:064][277]LogModuleManager: Shutting down and abandoning module MagicLeapController (40)
[2019.04.04-14.50.49:064][277]LogSlate: Slate User Destroyed.  User Index 0, Is Virtual User: 0
[2019.04.04-14.50.49:064][277]LogModuleManager: Shutting down and abandoning module MagicLeap (38)
[2019.04.04-14.50.49:064][277]LogModuleManager: Shutting down and abandoning module AnimationModifiers (36)
[2019.04.04-14.50.49:064][277]LogModuleManager: Shutting down and abandoning module PropertyEditor (35)
[2019.04.04-14.50.49:064][277]LogModuleManager: Shutting down and abandoning module AudioEditor (32)
[2019.04.04-14.50.49:064][277]LogModuleManager: Shutting down and abandoning module TextureCompressor (30)
[2019.04.04-14.50.49:064][277]LogModuleManager: Shutting down and abandoning module ShaderCore (28)
[2019.04.04-14.50.49:064][277]LogModuleManager: Shutting down and abandoning module Landscape (26)
[2019.04.04-14.50.49:064][277]LogModuleManager: Shutting down and abandoning module SlateRHIRenderer (24)
[2019.04.04-14.50.49:064][277]LogModuleManager: Shutting down and abandoning module OpenGLDrv (22)
[2019.04.04-14.50.49:064][277]LogModuleManager: Shutting down and abandoning module D3D11RHI (20)
[2019.04.04-14.50.49:064][277]LogModuleManager: Shutting down and abandoning module AnimGraphRuntime (18)
[2019.04.04-14.50.49:064][277]LogModuleManager: Shutting down and abandoning module Renderer (16)
[2019.04.04-14.50.49:064][277]LogModuleManager: Shutting down and abandoning module Engine (14)
[2019.04.04-14.50.49:064][277]LogModuleManager: Shutting down and abandoning module CoreUObject (12)
[2019.04.04-14.50.49:064][277]LogModuleManager: Shutting down and abandoning module NetworkFile (10)
[2019.04.04-14.50.49:064][277]LogModuleManager: Shutting down and abandoning module CookedIterativeFile (8)
[2019.04.04-14.50.49:064][277]LogModuleManager: Shutting down and abandoning module StreamingFile (6)
[2019.04.04-14.50.49:064][277]LogModuleManager: Shutting down and abandoning module SandboxFile (4)
[2019.04.04-14.50.49:064][277]LogModuleManager: Shutting down and abandoning module PakFile (2)
[2019.04.04-14.50.49:068][277]LogExit: Exiting.
[2019.04.04-14.50.49:073][277]Log file closed, 04/04/19 15:50:49
